{"$message_type":"diagnostic","message":"can't find crate for `std`","code":{"code":"E0463","explanation":"A crate was declared but cannot be found.\n\nErroneous code example:\n\n```compile_fail,E0463\nextern crate foo; // error: can't find crate\n```\n\nYou need to link your code to the relevant crate in order to be able to use it\n(through Cargo or the `-L` option of rustc, for example).\n\n## Common causes\n\n- The crate is not present at all. If using Cargo, add it to `[dependencies]`\n  in Cargo.toml.\n- The crate is present, but under a different name. If using Cargo, look for\n  `package = ` under `[dependencies]` in Cargo.toml.\n\n## Common causes for missing `std` or `core`\n\n- You are cross-compiling for a target which doesn't have `std` prepackaged.\n  Consider one of the following:\n  + Adding a pre-compiled version of std with `rustup target add`\n  + Building std from source with `cargo build -Z build-std`\n  + Using `#![no_std]` at the crate root, so you won't need `std` in the first\n    place.\n- You are developing the compiler itself and haven't built libstd from source.\n  You can usually build it with `x.py build library/std`. More information\n  about x.py is available in the [rustc-dev-guide].\n\n[rustc-dev-guide]: https://rustc-dev-guide.rust-lang.org/building/how-to-build-and-run.html#building-the-compiler\n"},"level":"error","spans":[{"file_name":"/home/jkfussy/.cargo/registry/src/index.crates.io-1949cf8c6b5b557f/option-ext-0.2.0/src/lib.rs","byte_start":0,"byte_end":0,"line_start":1,"line_end":1,"column_start":1,"column_end":1,"is_primary":true,"text":[],"label":"can't find crate","suggested_replacement":null,"suggestion_applicability":null,"expansion":null}],"children":[{"message":"the `aarch64-unknown-none` target may not support the standard library","code":null,"level":"note","spans":[],"children":[],"rendered":null},{"message":"`std` is required by `option_ext` because it does not declare `#![no_std]`","code":null,"level":"note","spans":[],"children":[],"rendered":null},{"message":"consider building the standard library from source with `cargo build -Zbuild-std`","code":null,"level":"help","spans":[],"children":[],"rendered":null}],"rendered":"\u001b[1m\u001b[91merror[E0463]\u001b[0m\u001b[1m: can't find crate for `std`\u001b[0m\n  \u001b[1m\u001b[94m|\u001b[0m\n  \u001b[1m\u001b[94m= \u001b[0m\u001b[1mnote\u001b[0m: the `aarch64-unknown-none` target may not support the standard library\n  \u001b[1m\u001b[94m= \u001b[0m\u001b[1mnote\u001b[0m: `std` is required by `option_ext` because it does not declare `#![no_std]`\n  \u001b[1m\u001b[94m= \u001b[0m\u001b[1mhelp\u001b[0m: consider building the standard library from source with `cargo build -Zbuild-std`\n\n"}
{"$message_type":"diagnostic","message":"cannot resolve a prelude import","code":null,"level":"error","spans":[{"file_name":"/home/jkfussy/.cargo/registry/src/index.crates.io-1949cf8c6b5b557f/option-ext-0.2.0/src/lib.rs","byte_start":0,"byte_end":0,"line_start":1,"line_end":1,"column_start":1,"column_end":1,"is_primary":true,"text":[],"label":null,"suggested_replacement":null,"suggestion_applicability":null,"expansion":null}],"children":[],"rendered":"\u001b[1m\u001b[91merror\u001b[0m\u001b[1m: cannot resolve a prelude import\u001b[0m\n\n"}
{"$message_type":"diagnostic","message":"cannot find type `Option` in this scope","code":{"code":"E0412","explanation":"A used type name is not in scope.\n\nErroneous code examples:\n\n```compile_fail,E0412\nimpl Something {} // error: type name `Something` is not in scope\n\n// or:\n\ntrait Foo {\n    fn bar(N); // error: type name `N` is not in scope\n}\n\n// or:\n\nfn foo(x: T) {} // type name `T` is not in scope\n```\n\nTo fix this error, please verify you didn't misspell the type name, you did\ndeclare it or imported it into the scope. Examples:\n\n```\nstruct Something;\n\nimpl Something {} // ok!\n\n// or:\n\ntrait Foo {\n    type N;\n\n    fn bar(_: Self::N); // ok!\n}\n\n// or:\n\nfn foo<T>(x: T) {} // ok!\n```\n\nAnother case that causes this error is when a type is imported into a parent\nmodule. To fix this, you can follow the suggestion and use File directly or\n`use super::File;` which will import the types from the parent namespace. An\nexample that causes this error is below:\n\n```compile_fail,E0412\nuse std::fs::File;\n\nmod foo {\n    fn some_function(f: File) {}\n}\n```\n\n```\nuse std::fs::File;\n\nmod foo {\n    // either\n    use super::File;\n    // or\n    // use std::fs::File;\n    fn foo(f: File) {}\n}\n# fn main() {} // don't insert it for us; that'll break imports\n```\n"},"level":"error","spans":[{"file_name":"/home/jkfussy/.cargo/registry/src/index.crates.io-1949cf8c6b5b557f/option-ext-0.2.0/src/impl.rs","byte_start":41,"byte_end":47,"line_start":3,"line_end":3,"column_start":26,"column_end":32,"is_primary":true,"text":[{"text":"impl<T> OptionExt<T> for Option<T> {","highlight_start":26,"highlight_end":32}],"label":"not found in this scope","suggested_replacement":null,"suggestion_applicability":null,"expansion":null}],"children":[],"rendered":"\u001b[1m\u001b[91merror[E0412]\u001b[0m\u001b[1m: cannot find type `Option` in this scope\u001b[0m\n \u001b[1m\u001b[94m--> \u001b[0m/home/jkfussy/.cargo/registry/src/index.crates.io-1949cf8c6b5b557f/option-ext-0.2.0/src/impl.rs:3:26\n  \u001b[1m\u001b[94m|\u001b[0m\n\u001b[1m\u001b[94m3\u001b[0m \u001b[1m\u001b[94m|\u001b[0m impl<T> OptionExt<T> for Option<T> {\n  \u001b[1m\u001b[94m|\u001b[0m                          \u001b[1m\u001b[91m^^^^^^\u001b[0m \u001b[1m\u001b[91mnot found in this scope\u001b[0m\n\n"}
{"$message_type":"diagnostic","message":"cannot find trait `PartialEq` in this scope","code":{"code":"E0405","explanation":"The code refers to a trait that is not in scope.\n\nErroneous code example:\n\n```compile_fail,E0405\nstruct Foo;\n\nimpl SomeTrait for Foo {} // error: trait `SomeTrait` is not in scope\n```\n\nPlease verify that the name of the trait wasn't misspelled and ensure that it\nwas imported. Example:\n\n```\n# #[cfg(for_demonstration_only)]\n// solution 1:\nuse some_file::SomeTrait;\n\n// solution 2:\ntrait SomeTrait {\n    // some functions\n}\n\nstruct Foo;\n\nimpl SomeTrait for Foo { // ok!\n    // implements functions\n}\n```\n"},"level":"error","spans":[{"file_name":"/home/jkfussy/.cargo/registry/src/index.crates.io-1949cf8c6b5b557f/option-ext-0.2.0/src/impl.rs","byte_start":103,"byte_end":112,"line_start":4,"line_end":4,"column_start":51,"column_end":60,"is_primary":true,"text":[{"text":"    fn contains<U>(&self, x: &U) -> bool where U: PartialEq<T> {","highlight_start":51,"highlight_end":60}],"label":"not found in this scope","suggested_replacement":null,"suggestion_applicability":null,"expansion":null}],"children":[],"rendered":"\u001b[1m\u001b[91merror[E0405]\u001b[0m\u001b[1m: cannot find trait `PartialEq` in this scope\u001b[0m\n \u001b[1m\u001b[94m--> \u001b[0m/home/jkfussy/.cargo/registry/src/index.crates.io-1949cf8c6b5b557f/option-ext-0.2.0/src/impl.rs:4:51\n  \u001b[1m\u001b[94m|\u001b[0m\n\u001b[1m\u001b[94m4\u001b[0m \u001b[1m\u001b[94m|\u001b[0m     fn contains<U>(&self, x: &U) -> bool where U: PartialEq<T> {\n  \u001b[1m\u001b[94m|\u001b[0m                                                   \u001b[1m\u001b[91m^^^^^^^^^\u001b[0m \u001b[1m\u001b[91mnot found in this scope\u001b[0m\n\n"}
{"$message_type":"diagnostic","message":"cannot find tuple struct or tuple variant `Some` in this scope","code":{"code":"E0531","explanation":"An unknown tuple struct/variant has been used.\n\nErroneous code example:\n\n```compile_fail,E0531\nlet Type(x) = Type(12); // error!\nmatch Bar(12) {\n    Bar(x) => {} // error!\n    _ => {}\n}\n```\n\nIn most cases, it's either a forgotten import or a typo. However, let's look at\nhow you can have such a type:\n\n```edition2018\nstruct Type(u32); // this is a tuple struct\n\nenum Foo {\n    Bar(u32), // this is a tuple variant\n}\n\nuse Foo::*; // To use Foo's variant directly, we need to import them in\n            // the scope.\n```\n\nEither way, it should work fine with our previous code:\n\n```edition2018\nstruct Type(u32);\n\nenum Foo {\n    Bar(u32),\n}\nuse Foo::*;\n\nlet Type(x) = Type(12); // ok!\nmatch Type(12) {\n    Type(x) => {} // ok!\n    _ => {}\n}\n```\n"},"level":"error","spans":[{"file_name":"/home/jkfussy/.cargo/registry/src/index.crates.io-1949cf8c6b5b557f/option-ext-0.2.0/src/impl.rs","byte_start":152,"byte_end":156,"line_start":6,"line_end":6,"column_start":13,"column_end":17,"is_primary":true,"text":[{"text":"            Some(ref y) => x == y,","highlight_start":13,"highlight_end":17}],"label":"not found in this scope","suggested_replacement":null,"suggestion_applicability":null,"expansion":null}],"children":[],"rendered":"\u001b[1m\u001b[91merror[E0531]\u001b[0m\u001b[1m: cannot find tuple struct or tuple variant `Some` in this scope\u001b[0m\n \u001b[1m\u001b[94m--> \u001b[0m/home/jkfussy/.cargo/registry/src/index.crates.io-1949cf8c6b5b557f/option-ext-0.2.0/src/impl.rs:6:13\n  \u001b[1m\u001b[94m|\u001b[0m\n\u001b[1m\u001b[94m6\u001b[0m \u001b[1m\u001b[94m|\u001b[0m             Some(ref y) => x == y,\n  \u001b[1m\u001b[94m|\u001b[0m             \u001b[1m\u001b[91m^^^^\u001b[0m \u001b[1m\u001b[91mnot found in this scope\u001b[0m\n\n"}
{"$message_type":"diagnostic","message":"cannot find trait `FnOnce` in this scope","code":{"code":"E0405","explanation":"The code refers to a trait that is not in scope.\n\nErroneous code example:\n\n```compile_fail,E0405\nstruct Foo;\n\nimpl SomeTrait for Foo {} // error: trait `SomeTrait` is not in scope\n```\n\nPlease verify that the name of the trait wasn't misspelled and ensure that it\nwas imported. Example:\n\n```\n# #[cfg(for_demonstration_only)]\n// solution 1:\nuse some_file::SomeTrait;\n\n// solution 2:\ntrait SomeTrait {\n    // some functions\n}\n\nstruct Foo;\n\nimpl SomeTrait for Foo { // ok!\n    // implements functions\n}\n```\n"},"level":"error","spans":[{"file_name":"/home/jkfussy/.cargo/registry/src/index.crates.io-1949cf8c6b5b557f/option-ext-0.2.0/src/impl.rs","byte_start":254,"byte_end":260,"line_start":12,"line_end":12,"column_start":22,"column_end":28,"is_primary":true,"text":[{"text":"    fn map_or2<U, F: FnOnce(T) -> U>(self, f: F, default: U) -> U {","highlight_start":22,"highlight_end":28}],"label":"not found in this scope","suggested_replacement":null,"suggestion_applicability":null,"expansion":null}],"children":[],"rendered":"\u001b[1m\u001b[91merror[E0405]\u001b[0m\u001b[1m: cannot find trait `FnOnce` in this scope\u001b[0m\n  \u001b[1m\u001b[94m--> \u001b[0m/home/jkfussy/.cargo/registry/src/index.crates.io-1949cf8c6b5b557f/option-ext-0.2.0/src/impl.rs:12:22\n   \u001b[1m\u001b[94m|\u001b[0m\n\u001b[1m\u001b[94m12\u001b[0m \u001b[1m\u001b[94m|\u001b[0m     fn map_or2<U, F: FnOnce(T) -> U>(self, f: F, default: U) -> U {\n   \u001b[1m\u001b[94m|\u001b[0m                      \u001b[1m\u001b[91m^^^^^^\u001b[0m \u001b[1m\u001b[91mnot found in this scope\u001b[0m\n\n"}
{"$message_type":"diagnostic","message":"cannot find trait `FnOnce` in this scope","code":{"code":"E0405","explanation":"The code refers to a trait that is not in scope.\n\nErroneous code example:\n\n```compile_fail,E0405\nstruct Foo;\n\nimpl SomeTrait for Foo {} // error: trait `SomeTrait` is not in scope\n```\n\nPlease verify that the name of the trait wasn't misspelled and ensure that it\nwas imported. Example:\n\n```\n# #[cfg(for_demonstration_only)]\n// solution 1:\nuse some_file::SomeTrait;\n\n// solution 2:\ntrait SomeTrait {\n    // some functions\n}\n\nstruct Foo;\n\nimpl SomeTrait for Foo { // ok!\n    // implements functions\n}\n```\n"},"level":"error","spans":[{"file_name":"/home/jkfussy/.cargo/registry/src/index.crates.io-1949cf8c6b5b557f/option-ext-0.2.0/src/impl.rs","byte_start":380,"byte_end":386,"line_start":17,"line_end":17,"column_start":27,"column_end":33,"is_primary":true,"text":[{"text":"    fn map_or_else2<U, F: FnOnce(T) -> U, D: FnOnce() -> U>(self, f: F, default: D) -> U {","highlight_start":27,"highlight_end":33}],"label":"not found in this scope","suggested_replacement":null,"suggestion_applicability":null,"expansion":null}],"children":[],"rendered":"\u001b[1m\u001b[91merror[E0405]\u001b[0m\u001b[1m: cannot find trait `FnOnce` in this scope\u001b[0m\n  \u001b[1m\u001b[94m--> \u001b[0m/home/jkfussy/.cargo/registry/src/index.crates.io-1949cf8c6b5b557f/option-ext-0.2.0/src/impl.rs:17:27\n   \u001b[1m\u001b[94m|\u001b[0m\n\u001b[1m\u001b[94m17\u001b[0m \u001b[1m\u001b[94m|\u001b[0m     fn map_or_else2<U, F: FnOnce(T) -> U, D: FnOnce() -> U>(self, f: F, default: D) -> U {\n   \u001b[1m\u001b[94m|\u001b[0m                           \u001b[1m\u001b[91m^^^^^^\u001b[0m \u001b[1m\u001b[91mnot found in this scope\u001b[0m\n\n"}
{"$message_type":"diagnostic","message":"cannot find trait `FnOnce` in this scope","code":{"code":"E0405","explanation":"The code refers to a trait that is not in scope.\n\nErroneous code example:\n\n```compile_fail,E0405\nstruct Foo;\n\nimpl SomeTrait for Foo {} // error: trait `SomeTrait` is not in scope\n```\n\nPlease verify that the name of the trait wasn't misspelled and ensure that it\nwas imported. Example:\n\n```\n# #[cfg(for_demonstration_only)]\n// solution 1:\nuse some_file::SomeTrait;\n\n// solution 2:\ntrait SomeTrait {\n    // some functions\n}\n\nstruct Foo;\n\nimpl SomeTrait for Foo { // ok!\n    // implements functions\n}\n```\n"},"level":"error","spans":[{"file_name":"/home/jkfussy/.cargo/registry/src/index.crates.io-1949cf8c6b5b557f/option-ext-0.2.0/src/impl.rs","byte_start":399,"byte_end":405,"line_start":17,"line_end":17,"column_start":46,"column_end":52,"is_primary":true,"text":[{"text":"    fn map_or_else2<U, F: FnOnce(T) -> U, D: FnOnce() -> U>(self, f: F, default: D) -> U {","highlight_start":46,"highlight_end":52}],"label":"not found in this scope","suggested_replacement":null,"suggestion_applicability":null,"expansion":null}],"children":[],"rendered":"\u001b[1m\u001b[91merror[E0405]\u001b[0m\u001b[1m: cannot find trait `FnOnce` in this scope\u001b[0m\n  \u001b[1m\u001b[94m--> \u001b[0m/home/jkfussy/.cargo/registry/src/index.crates.io-1949cf8c6b5b557f/option-ext-0.2.0/src/impl.rs:17:46\n   \u001b[1m\u001b[94m|\u001b[0m\n\u001b[1m\u001b[94m17\u001b[0m \u001b[1m\u001b[94m|\u001b[0m     fn map_or_else2<U, F: FnOnce(T) -> U, D: FnOnce() -> U>(self, f: F, default: D) -> U {\n   \u001b[1m\u001b[94m|\u001b[0m                                              \u001b[1m\u001b[91m^^^^^^\u001b[0m \u001b[1m\u001b[91mnot found in this scope\u001b[0m\n\n"}
{"$message_type":"diagnostic","message":"cannot find trait `PartialEq` in this scope","code":{"code":"E0405","explanation":"The code refers to a trait that is not in scope.\n\nErroneous code example:\n\n```compile_fail,E0405\nstruct Foo;\n\nimpl SomeTrait for Foo {} // error: trait `SomeTrait` is not in scope\n```\n\nPlease verify that the name of the trait wasn't misspelled and ensure that it\nwas imported. Example:\n\n```\n# #[cfg(for_demonstration_only)]\n// solution 1:\nuse some_file::SomeTrait;\n\n// solution 2:\ntrait SomeTrait {\n    // some functions\n}\n\nstruct Foo;\n\nimpl SomeTrait for Foo { // ok!\n    // implements functions\n}\n```\n"},"level":"error","spans":[{"file_name":"/home/jkfussy/.cargo/registry/src/index.crates.io-1949cf8c6b5b557f/option-ext-0.2.0/src/lib.rs","byte_start":609,"byte_end":618,"line_start":22,"line_end":22,"column_start":51,"column_end":60,"is_primary":true,"text":[{"text":"    fn contains<U>(&self, x: &U) -> bool where U: PartialEq<T>;","highlight_start":51,"highlight_end":60}],"label":"not found in this scope","suggested_replacement":null,"suggestion_applicability":null,"expansion":null}],"children":[],"rendered":"\u001b[1m\u001b[91merror[E0405]\u001b[0m\u001b[1m: cannot find trait `PartialEq` in this scope\u001b[0m\n  \u001b[1m\u001b[94m--> \u001b[0m/home/jkfussy/.cargo/registry/src/index.crates.io-1949cf8c6b5b557f/option-ext-0.2.0/src/lib.rs:22:51\n   \u001b[1m\u001b[94m|\u001b[0m\n\u001b[1m\u001b[94m22\u001b[0m \u001b[1m\u001b[94m|\u001b[0m     fn contains<U>(&self, x: &U) -> bool where U: PartialEq<T>;\n   \u001b[1m\u001b[94m|\u001b[0m                                                   \u001b[1m\u001b[91m^^^^^^^^^\u001b[0m \u001b[1m\u001b[91mnot found in this scope\u001b[0m\n\n"}
{"$message_type":"diagnostic","message":"cannot find trait `FnOnce` in this scope","code":{"code":"E0405","explanation":"The code refers to a trait that is not in scope.\n\nErroneous code example:\n\n```compile_fail,E0405\nstruct Foo;\n\nimpl SomeTrait for Foo {} // error: trait `SomeTrait` is not in scope\n```\n\nPlease verify that the name of the trait wasn't misspelled and ensure that it\nwas imported. Example:\n\n```\n# #[cfg(for_demonstration_only)]\n// solution 1:\nuse some_file::SomeTrait;\n\n// solution 2:\ntrait SomeTrait {\n    // some functions\n}\n\nstruct Foo;\n\nimpl SomeTrait for Foo { // ok!\n    // implements functions\n}\n```\n"},"level":"error","spans":[{"file_name":"/home/jkfussy/.cargo/registry/src/index.crates.io-1949cf8c6b5b557f/option-ext-0.2.0/src/lib.rs","byte_start":1405,"byte_end":1411,"line_start":45,"line_end":45,"column_start":22,"column_end":28,"is_primary":true,"text":[{"text":"    fn map_or2<U, F: FnOnce(T) -> U>(self, f: F, default: U) -> U;","highlight_start":22,"highlight_end":28}],"label":"not found in this scope","suggested_replacement":null,"suggestion_applicability":null,"expansion":null}],"children":[],"rendered":"\u001b[1m\u001b[91merror[E0405]\u001b[0m\u001b[1m: cannot find trait `FnOnce` in this scope\u001b[0m\n  \u001b[1m\u001b[94m--> \u001b[0m/home/jkfussy/.cargo/registry/src/index.crates.io-1949cf8c6b5b557f/option-ext-0.2.0/src/lib.rs:45:22\n   \u001b[1m\u001b[94m|\u001b[0m\n\u001b[1m\u001b[94m45\u001b[0m \u001b[1m\u001b[94m|\u001b[0m     fn map_or2<U, F: FnOnce(T) -> U>(self, f: F, default: U) -> U;\n   \u001b[1m\u001b[94m|\u001b[0m                      \u001b[1m\u001b[91m^^^^^^\u001b[0m \u001b[1m\u001b[91mnot found in this scope\u001b[0m\n\n"}
{"$message_type":"diagnostic","message":"cannot find trait `FnOnce` in this scope","code":{"code":"E0405","explanation":"The code refers to a trait that is not in scope.\n\nErroneous code example:\n\n```compile_fail,E0405\nstruct Foo;\n\nimpl SomeTrait for Foo {} // error: trait `SomeTrait` is not in scope\n```\n\nPlease verify that the name of the trait wasn't misspelled and ensure that it\nwas imported. Example:\n\n```\n# #[cfg(for_demonstration_only)]\n// solution 1:\nuse some_file::SomeTrait;\n\n// solution 2:\ntrait SomeTrait {\n    // some functions\n}\n\nstruct Foo;\n\nimpl SomeTrait for Foo { // ok!\n    // implements functions\n}\n```\n"},"level":"error","spans":[{"file_name":"/home/jkfussy/.cargo/registry/src/index.crates.io-1949cf8c6b5b557f/option-ext-0.2.0/src/lib.rs","byte_start":2331,"byte_end":2337,"line_start":70,"line_end":70,"column_start":27,"column_end":33,"is_primary":true,"text":[{"text":"    fn map_or_else2<U, F: FnOnce(T) -> U, D: FnOnce() -> U>(self, f: F, default: D) -> U;","highlight_start":27,"highlight_end":33}],"label":"not found in this scope","suggested_replacement":null,"suggestion_applicability":null,"expansion":null}],"children":[],"rendered":"\u001b[1m\u001b[91merror[E0405]\u001b[0m\u001b[1m: cannot find trait `FnOnce` in this scope\u001b[0m\n  \u001b[1m\u001b[94m--> \u001b[0m/home/jkfussy/.cargo/registry/src/index.crates.io-1949cf8c6b5b557f/option-ext-0.2.0/src/lib.rs:70:27\n   \u001b[1m\u001b[94m|\u001b[0m\n\u001b[1m\u001b[94m70\u001b[0m \u001b[1m\u001b[94m|\u001b[0m     fn map_or_else2<U, F: FnOnce(T) -> U, D: FnOnce() -> U>(self, f: F, default: D) -> U;\n   \u001b[1m\u001b[94m|\u001b[0m                           \u001b[1m\u001b[91m^^^^^^\u001b[0m \u001b[1m\u001b[91mnot found in this scope\u001b[0m\n\n"}
{"$message_type":"diagnostic","message":"cannot find trait `FnOnce` in this scope","code":{"code":"E0405","explanation":"The code refers to a trait that is not in scope.\n\nErroneous code example:\n\n```compile_fail,E0405\nstruct Foo;\n\nimpl SomeTrait for Foo {} // error: trait `SomeTrait` is not in scope\n```\n\nPlease verify that the name of the trait wasn't misspelled and ensure that it\nwas imported. Example:\n\n```\n# #[cfg(for_demonstration_only)]\n// solution 1:\nuse some_file::SomeTrait;\n\n// solution 2:\ntrait SomeTrait {\n    // some functions\n}\n\nstruct Foo;\n\nimpl SomeTrait for Foo { // ok!\n    // implements functions\n}\n```\n"},"level":"error","spans":[{"file_name":"/home/jkfussy/.cargo/registry/src/index.crates.io-1949cf8c6b5b557f/option-ext-0.2.0/src/lib.rs","byte_start":2350,"byte_end":2356,"line_start":70,"line_end":70,"column_start":46,"column_end":52,"is_primary":true,"text":[{"text":"    fn map_or_else2<U, F: FnOnce(T) -> U, D: FnOnce() -> U>(self, f: F, default: D) -> U;","highlight_start":46,"highlight_end":52}],"label":"not found in this scope","suggested_replacement":null,"suggestion_applicability":null,"expansion":null}],"children":[],"rendered":"\u001b[1m\u001b[91merror[E0405]\u001b[0m\u001b[1m: cannot find trait `FnOnce` in this scope\u001b[0m\n  \u001b[1m\u001b[94m--> \u001b[0m/home/jkfussy/.cargo/registry/src/index.crates.io-1949cf8c6b5b557f/option-ext-0.2.0/src/lib.rs:70:46\n   \u001b[1m\u001b[94m|\u001b[0m\n\u001b[1m\u001b[94m70\u001b[0m \u001b[1m\u001b[94m|\u001b[0m     fn map_or_else2<U, F: FnOnce(T) -> U, D: FnOnce() -> U>(self, f: F, default: D) -> U;\n   \u001b[1m\u001b[94m|\u001b[0m                                              \u001b[1m\u001b[91m^^^^^^\u001b[0m \u001b[1m\u001b[91mnot found in this scope\u001b[0m\n\n"}
{"$message_type":"diagnostic","message":"aborting due to 12 previous errors","code":null,"level":"error","spans":[],"children":[],"rendered":"\u001b[1m\u001b[91merror\u001b[0m\u001b[1m: aborting due to 12 previous errors\u001b[0m\n\n"}
{"$message_type":"diagnostic","message":"Some errors have detailed explanations: E0405, E0412, E0463, E0531.","code":null,"level":"failure-note","spans":[],"children":[],"rendered":"\u001b[1mSome errors have detailed explanations: E0405, E0412, E0463, E0531.\u001b[0m\n"}
{"$message_type":"diagnostic","message":"For more information about an error, try `rustc --explain E0405`.","code":null,"level":"failure-note","spans":[],"children":[],"rendered":"\u001b[1mFor more information about an error, try `rustc --explain E0405`.\u001b[0m\n"}
