{"$message_type":"diagnostic","message":"can't find crate for `std`","code":{"code":"E0463","explanation":"A crate was declared but cannot be found.\n\nErroneous code example:\n\n```compile_fail,E0463\nextern crate foo; // error: can't find crate\n```\n\nYou need to link your code to the relevant crate in order to be able to use it\n(through Cargo or the `-L` option of rustc, for example).\n\n## Common causes\n\n- The crate is not present at all. If using Cargo, add it to `[dependencies]`\n  in Cargo.toml.\n- The crate is present, but under a different name. If using Cargo, look for\n  `package = ` under `[dependencies]` in Cargo.toml.\n\n## Common causes for missing `std` or `core`\n\n- You are cross-compiling for a target which doesn't have `std` prepackaged.\n  Consider one of the following:\n  + Adding a pre-compiled version of std with `rustup target add`\n  + Building std from source with `cargo build -Z build-std`\n  + Using `#![no_std]` at the crate root, so you won't need `std` in the first\n    place.\n- You are developing the compiler itself and haven't built libstd from source.\n  You can usually build it with `x.py build library/std`. More information\n  about x.py is available in the [rustc-dev-guide].\n\n[rustc-dev-guide]: https://rustc-dev-guide.rust-lang.org/building/how-to-build-and-run.html#building-the-compiler\n"},"level":"error","spans":[{"file_name":"/home/jkfussy/.cargo/registry/src/index.crates.io-1949cf8c6b5b557f/strum-0.26.3/src/lib.rs","byte_start":0,"byte_end":0,"line_start":1,"line_end":1,"column_start":1,"column_end":1,"is_primary":true,"text":[],"label":"can't find crate","suggested_replacement":null,"suggestion_applicability":null,"expansion":null}],"children":[{"message":"the `aarch64-unknown-none` target may not support the standard library","code":null,"level":"note","spans":[],"children":[],"rendered":null},{"message":"`std` is required by `strum` because it does not declare `#![no_std]`","code":null,"level":"note","spans":[],"children":[],"rendered":null},{"message":"consider building the standard library from source with `cargo build -Zbuild-std`","code":null,"level":"help","spans":[],"children":[],"rendered":null}],"rendered":"\u001b[1m\u001b[91merror[E0463]\u001b[0m\u001b[1m: can't find crate for `std`\u001b[0m\n  \u001b[1m\u001b[94m|\u001b[0m\n  \u001b[1m\u001b[94m= \u001b[0m\u001b[1mnote\u001b[0m: the `aarch64-unknown-none` target may not support the standard library\n  \u001b[1m\u001b[94m= \u001b[0m\u001b[1mnote\u001b[0m: `std` is required by `strum` because it does not declare `#![no_std]`\n  \u001b[1m\u001b[94m= \u001b[0m\u001b[1mhelp\u001b[0m: consider building the standard library from source with `cargo build -Zbuild-std`\n\n"}
{"$message_type":"diagnostic","message":"cannot resolve a prelude import","code":null,"level":"error","spans":[{"file_name":"/home/jkfussy/.cargo/registry/src/index.crates.io-1949cf8c6b5b557f/strum-0.26.3/src/lib.rs","byte_start":0,"byte_end":0,"line_start":1,"line_end":1,"column_start":1,"column_end":1,"is_primary":true,"text":[],"label":null,"suggested_replacement":null,"suggestion_applicability":null,"expansion":null}],"children":[],"rendered":"\u001b[1m\u001b[91merror\u001b[0m\u001b[1m: cannot resolve a prelude import\u001b[0m\n\n"}
{"$message_type":"diagnostic","message":"cannot find attribute `derive` in this scope","code":null,"level":"error","spans":[{"file_name":"/home/jkfussy/.cargo/registry/src/index.crates.io-1949cf8c6b5b557f/strum-0.26.3/src/lib.rs","byte_start":1406,"byte_end":1412,"line_start":41,"line_end":41,"column_start":3,"column_end":9,"is_primary":true,"text":[{"text":"#[derive(Debug, Clone, Copy, Eq, PartialEq, Hash)]","highlight_start":3,"highlight_end":9}],"label":null,"suggested_replacement":null,"suggestion_applicability":null,"expansion":null}],"children":[{"message":"consider importing this attribute macro","code":null,"level":"help","spans":[{"file_name":"/home/jkfussy/.cargo/registry/src/index.crates.io-1949cf8c6b5b557f/strum-0.26.3/src/lib.rs","byte_start":1154,"byte_end":1154,"line_start":33,"line_end":33,"column_start":1,"column_end":1,"is_primary":true,"text":[{"text":"use core::iter::FusedIterator;","highlight_start":1,"highlight_end":1}],"label":null,"suggested_replacement":"use core::prelude::rust_2024::derive;\n","suggestion_applicability":"MaybeIncorrect","expansion":null}],"children":[],"rendered":null}],"rendered":"\u001b[1m\u001b[91merror\u001b[0m\u001b[1m: cannot find attribute `derive` in this scope\u001b[0m\n  \u001b[1m\u001b[94m--> \u001b[0m/home/jkfussy/.cargo/registry/src/index.crates.io-1949cf8c6b5b557f/strum-0.26.3/src/lib.rs:41:3\n   \u001b[1m\u001b[94m|\u001b[0m\n\u001b[1m\u001b[94m41\u001b[0m \u001b[1m\u001b[94m|\u001b[0m #[derive(Debug, Clone, Copy, Eq, PartialEq, Hash)]\n   \u001b[1m\u001b[94m|\u001b[0m   \u001b[1m\u001b[91m^^^^^^\u001b[0m\n   \u001b[1m\u001b[94m|\u001b[0m\n\u001b[1m\u001b[96mhelp\u001b[0m: consider importing this attribute macro\n   \u001b[1m\u001b[94m|\u001b[0m\n\u001b[1m\u001b[94m33\u001b[0m \u001b[92m+ use core::prelude::rust_2024::derive;\u001b[0m\n   \u001b[1m\u001b[94m|\u001b[0m\n\n"}
{"$message_type":"diagnostic","message":"cannot find macro `write` in this scope","code":null,"level":"error","spans":[{"file_name":"/home/jkfussy/.cargo/registry/src/index.crates.io-1949cf8c6b5b557f/strum-0.26.3/src/lib.rs","byte_start":1821,"byte_end":1826,"line_start":52,"line_end":52,"column_start":44,"column_end":49,"is_primary":true,"text":[{"text":"            ParseError::VariantNotFound => write!(f, \"Matching variant not found\"),","highlight_start":44,"highlight_end":49}],"label":null,"suggested_replacement":null,"suggestion_applicability":null,"expansion":null}],"children":[{"message":"consider importing this macro","code":null,"level":"help","spans":[{"file_name":"/home/jkfussy/.cargo/registry/src/index.crates.io-1949cf8c6b5b557f/strum-0.26.3/src/lib.rs","byte_start":1154,"byte_end":1154,"line_start":33,"line_end":33,"column_start":1,"column_end":1,"is_primary":true,"text":[{"text":"use core::iter::FusedIterator;","highlight_start":1,"highlight_end":1}],"label":null,"suggested_replacement":"use core::write;\n","suggestion_applicability":"MaybeIncorrect","expansion":null}],"children":[],"rendered":null}],"rendered":"\u001b[1m\u001b[91merror\u001b[0m\u001b[1m: cannot find macro `write` in this scope\u001b[0m\n  \u001b[1m\u001b[94m--> \u001b[0m/home/jkfussy/.cargo/registry/src/index.crates.io-1949cf8c6b5b557f/strum-0.26.3/src/lib.rs:52:44\n   \u001b[1m\u001b[94m|\u001b[0m\n\u001b[1m\u001b[94m52\u001b[0m \u001b[1m\u001b[94m|\u001b[0m             ParseError::VariantNotFound => write!(f, \"Matching variant not found\"),\n   \u001b[1m\u001b[94m|\u001b[0m                                            \u001b[1m\u001b[91m^^^^^\u001b[0m\n   \u001b[1m\u001b[94m|\u001b[0m\n\u001b[1m\u001b[96mhelp\u001b[0m: consider importing this macro\n   \u001b[1m\u001b[94m|\u001b[0m\n\u001b[1m\u001b[94m33\u001b[0m \u001b[92m+ use core::write;\u001b[0m\n   \u001b[1m\u001b[94m|\u001b[0m\n\n"}
{"$message_type":"diagnostic","message":"can't find crate for `std`","code":{"code":"E0463","explanation":"A crate was declared but cannot be found.\n\nErroneous code example:\n\n```compile_fail,E0463\nextern crate foo; // error: can't find crate\n```\n\nYou need to link your code to the relevant crate in order to be able to use it\n(through Cargo or the `-L` option of rustc, for example).\n\n## Common causes\n\n- The crate is not present at all. If using Cargo, add it to `[dependencies]`\n  in Cargo.toml.\n- The crate is present, but under a different name. If using Cargo, look for\n  `package = ` under `[dependencies]` in Cargo.toml.\n\n## Common causes for missing `std` or `core`\n\n- You are cross-compiling for a target which doesn't have `std` prepackaged.\n  Consider one of the following:\n  + Adding a pre-compiled version of std with `rustup target add`\n  + Building std from source with `cargo build -Z build-std`\n  + Using `#![no_std]` at the crate root, so you won't need `std` in the first\n    place.\n- You are developing the compiler itself and haven't built libstd from source.\n  You can usually build it with `x.py build library/std`. More information\n  about x.py is available in the [rustc-dev-guide].\n\n[rustc-dev-guide]: https://rustc-dev-guide.rust-lang.org/building/how-to-build-and-run.html#building-the-compiler\n"},"level":"error","spans":[{"file_name":"/home/jkfussy/.cargo/registry/src/index.crates.io-1949cf8c6b5b557f/strum-0.26.3/src/lib.rs","byte_start":1530,"byte_end":1533,"line_start":47,"line_end":47,"column_start":6,"column_end":9,"is_primary":true,"text":[{"text":"impl std::fmt::Display for ParseError {","highlight_start":6,"highlight_end":9}],"label":"can't find crate","suggested_replacement":null,"suggestion_applicability":null,"expansion":null}],"children":[{"message":"the `aarch64-unknown-none` target may not support the standard library","code":null,"level":"note","spans":[],"children":[],"rendered":null},{"message":"consider building the standard library from source with `cargo build -Zbuild-std`","code":null,"level":"help","spans":[],"children":[],"rendered":null}],"rendered":"\u001b[1m\u001b[91merror[E0463]\u001b[0m\u001b[1m: can't find crate for `std`\u001b[0m\n  \u001b[1m\u001b[94m--> \u001b[0m/home/jkfussy/.cargo/registry/src/index.crates.io-1949cf8c6b5b557f/strum-0.26.3/src/lib.rs:47:6\n   \u001b[1m\u001b[94m|\u001b[0m\n\u001b[1m\u001b[94m47\u001b[0m \u001b[1m\u001b[94m|\u001b[0m impl std::fmt::Display for ParseError {\n   \u001b[1m\u001b[94m|\u001b[0m      \u001b[1m\u001b[91m^^^\u001b[0m \u001b[1m\u001b[91mcan't find crate\u001b[0m\n   \u001b[1m\u001b[94m|\u001b[0m\n   \u001b[1m\u001b[94m= \u001b[0m\u001b[1mnote\u001b[0m: the `aarch64-unknown-none` target may not support the standard library\n   \u001b[1m\u001b[94m= \u001b[0m\u001b[1mhelp\u001b[0m: consider building the standard library from source with `cargo build -Zbuild-std`\n\n"}
{"$message_type":"diagnostic","message":"cannot find type `Result` in this scope","code":{"code":"E0412","explanation":"A used type name is not in scope.\n\nErroneous code examples:\n\n```compile_fail,E0412\nimpl Something {} // error: type name `Something` is not in scope\n\n// or:\n\ntrait Foo {\n    fn bar(N); // error: type name `N` is not in scope\n}\n\n// or:\n\nfn foo(x: T) {} // type name `T` is not in scope\n```\n\nTo fix this error, please verify you didn't misspell the type name, you did\ndeclare it or imported it into the scope. Examples:\n\n```\nstruct Something;\n\nimpl Something {} // ok!\n\n// or:\n\ntrait Foo {\n    type N;\n\n    fn bar(_: Self::N); // ok!\n}\n\n// or:\n\nfn foo<T>(x: T) {} // ok!\n```\n\nAnother case that causes this error is when a type is imported into a parent\nmodule. To fix this, you can follow the suggestion and use File directly or\n`use super::File;` which will import the types from the parent namespace. An\nexample that causes this error is below:\n\n```compile_fail,E0412\nuse std::fs::File;\n\nmod foo {\n    fn some_function(f: File) {}\n}\n```\n\n```\nuse std::fs::File;\n\nmod foo {\n    // either\n    use super::File;\n    // or\n    // use std::fs::File;\n    fn foo(f: File) {}\n}\n# fn main() {} // don't insert it for us; that'll break imports\n```\n"},"level":"error","spans":[{"file_name":"/home/jkfussy/.cargo/registry/src/index.crates.io-1949cf8c6b5b557f/strum-0.26.3/src/lib.rs","byte_start":1615,"byte_end":1621,"line_start":48,"line_end":48,"column_start":51,"column_end":57,"is_primary":true,"text":[{"text":"    fn fmt(&self, f: &mut std::fmt::Formatter) -> Result<(), std::fmt::Error> {","highlight_start":51,"highlight_end":57}],"label":"not found in this scope","suggested_replacement":null,"suggestion_applicability":null,"expansion":null}],"children":[{"message":"consider importing one of these items","code":null,"level":"help","spans":[{"file_name":"/home/jkfussy/.cargo/registry/src/index.crates.io-1949cf8c6b5b557f/strum-0.26.3/src/lib.rs","byte_start":1154,"byte_end":1154,"line_start":33,"line_end":33,"column_start":1,"column_end":1,"is_primary":true,"text":[{"text":"use core::iter::FusedIterator;","highlight_start":1,"highlight_end":1}],"label":null,"suggested_replacement":"use core::fmt::Result;\n","suggestion_applicability":"MaybeIncorrect","expansion":null},{"file_name":"/home/jkfussy/.cargo/registry/src/index.crates.io-1949cf8c6b5b557f/strum-0.26.3/src/lib.rs","byte_start":1154,"byte_end":1154,"line_start":33,"line_end":33,"column_start":1,"column_end":1,"is_primary":true,"text":[{"text":"use core::iter::FusedIterator;","highlight_start":1,"highlight_end":1}],"label":null,"suggested_replacement":"use core::result::Result;\n","suggestion_applicability":"MaybeIncorrect","expansion":null}],"children":[],"rendered":null}],"rendered":"\u001b[1m\u001b[91merror[E0412]\u001b[0m\u001b[1m: cannot find type `Result` in this scope\u001b[0m\n  \u001b[1m\u001b[94m--> \u001b[0m/home/jkfussy/.cargo/registry/src/index.crates.io-1949cf8c6b5b557f/strum-0.26.3/src/lib.rs:48:51\n   \u001b[1m\u001b[94m|\u001b[0m\n\u001b[1m\u001b[94m48\u001b[0m \u001b[1m\u001b[94m|\u001b[0m     fn fmt(&self, f: &mut std::fmt::Formatter) -> Result<(), std::fmt::Error> {\n   \u001b[1m\u001b[94m|\u001b[0m                                                   \u001b[1m\u001b[91m^^^^^^\u001b[0m \u001b[1m\u001b[91mnot found in this scope\u001b[0m\n   \u001b[1m\u001b[94m|\u001b[0m\n\u001b[1m\u001b[96mhelp\u001b[0m: consider importing one of these items\n   \u001b[1m\u001b[94m|\u001b[0m\n\u001b[1m\u001b[94m33\u001b[0m \u001b[92m+ use core::fmt::Result;\u001b[0m\n   \u001b[1m\u001b[94m|\u001b[0m\n\u001b[1m\u001b[94m33\u001b[0m \u001b[92m+ use core::result::Result;\u001b[0m\n   \u001b[1m\u001b[94m|\u001b[0m\n\n"}
{"$message_type":"diagnostic","message":"cannot find trait `Sized` in this scope","code":{"code":"E0405","explanation":"The code refers to a trait that is not in scope.\n\nErroneous code example:\n\n```compile_fail,E0405\nstruct Foo;\n\nimpl SomeTrait for Foo {} // error: trait `SomeTrait` is not in scope\n```\n\nPlease verify that the name of the trait wasn't misspelled and ensure that it\nwas imported. Example:\n\n```\n# #[cfg(for_demonstration_only)]\n// solution 1:\nuse some_file::SomeTrait;\n\n// solution 2:\ntrait SomeTrait {\n    // some functions\n}\n\nstruct Foo;\n\nimpl SomeTrait for Foo { // ok!\n    // implements functions\n}\n```\n"},"level":"error","spans":[{"file_name":"/home/jkfussy/.cargo/registry/src/index.crates.io-1949cf8c6b5b557f/strum-0.26.3/src/lib.rs","byte_start":3073,"byte_end":3078,"line_start":100,"line_end":100,"column_start":29,"column_end":34,"is_primary":true,"text":[{"text":"pub trait IntoEnumIterator: Sized {","highlight_start":29,"highlight_end":34}],"label":"not found in this scope","suggested_replacement":null,"suggestion_applicability":null,"expansion":null}],"children":[{"message":"consider importing this trait","code":null,"level":"help","spans":[{"file_name":"/home/jkfussy/.cargo/registry/src/index.crates.io-1949cf8c6b5b557f/strum-0.26.3/src/lib.rs","byte_start":1154,"byte_end":1154,"line_start":33,"line_end":33,"column_start":1,"column_end":1,"is_primary":true,"text":[{"text":"use core::iter::FusedIterator;","highlight_start":1,"highlight_end":1}],"label":null,"suggested_replacement":"use core::marker::Sized;\n","suggestion_applicability":"MaybeIncorrect","expansion":null}],"children":[],"rendered":null}],"rendered":"\u001b[1m\u001b[91merror[E0405]\u001b[0m\u001b[1m: cannot find trait `Sized` in this scope\u001b[0m\n   \u001b[1m\u001b[94m--> \u001b[0m/home/jkfussy/.cargo/registry/src/index.crates.io-1949cf8c6b5b557f/strum-0.26.3/src/lib.rs:100:29\n    \u001b[1m\u001b[94m|\u001b[0m\n\u001b[1m\u001b[94m100\u001b[0m \u001b[1m\u001b[94m|\u001b[0m pub trait IntoEnumIterator: Sized {\n    \u001b[1m\u001b[94m|\u001b[0m                             \u001b[1m\u001b[91m^^^^^\u001b[0m \u001b[1m\u001b[91mnot found in this scope\u001b[0m\n    \u001b[1m\u001b[94m|\u001b[0m\n\u001b[1m\u001b[96mhelp\u001b[0m: consider importing this trait\n    \u001b[1m\u001b[94m|\u001b[0m\n\u001b[1m\u001b[94m 33\u001b[0m \u001b[92m+ use core::marker::Sized;\u001b[0m\n    \u001b[1m\u001b[94m|\u001b[0m\n\n"}
{"$message_type":"diagnostic","message":"cannot find trait `Iterator` in this scope","code":{"code":"E0405","explanation":"The code refers to a trait that is not in scope.\n\nErroneous code example:\n\n```compile_fail,E0405\nstruct Foo;\n\nimpl SomeTrait for Foo {} // error: trait `SomeTrait` is not in scope\n```\n\nPlease verify that the name of the trait wasn't misspelled and ensure that it\nwas imported. Example:\n\n```\n# #[cfg(for_demonstration_only)]\n// solution 1:\nuse some_file::SomeTrait;\n\n// solution 2:\ntrait SomeTrait {\n    // some functions\n}\n\nstruct Foo;\n\nimpl SomeTrait for Foo { // ok!\n    // implements functions\n}\n```\n"},"level":"error","spans":[{"file_name":"/home/jkfussy/.cargo/registry/src/index.crates.io-1949cf8c6b5b557f/strum-0.26.3/src/lib.rs","byte_start":3100,"byte_end":3108,"line_start":101,"line_end":101,"column_start":20,"column_end":28,"is_primary":true,"text":[{"text":"    type Iterator: Iterator<Item = Self>","highlight_start":20,"highlight_end":28}],"label":null,"suggested_replacement":null,"suggestion_applicability":null,"expansion":null}],"children":[{"message":"you might have meant to use the associated type","code":null,"level":"help","spans":[{"file_name":"/home/jkfussy/.cargo/registry/src/index.crates.io-1949cf8c6b5b557f/strum-0.26.3/src/lib.rs","byte_start":3100,"byte_end":3100,"line_start":101,"line_end":101,"column_start":20,"column_end":20,"is_primary":true,"text":[{"text":"    type Iterator: Iterator<Item = Self>","highlight_start":20,"highlight_end":20}],"label":null,"suggested_replacement":"Self::","suggestion_applicability":"MachineApplicable","expansion":null}],"children":[],"rendered":null},{"message":"consider importing this trait","code":null,"level":"help","spans":[{"file_name":"/home/jkfussy/.cargo/registry/src/index.crates.io-1949cf8c6b5b557f/strum-0.26.3/src/lib.rs","byte_start":1154,"byte_end":1154,"line_start":33,"line_end":33,"column_start":1,"column_end":1,"is_primary":true,"text":[{"text":"use core::iter::FusedIterator;","highlight_start":1,"highlight_end":1}],"label":null,"suggested_replacement":"use core::iter::Iterator;\n","suggestion_applicability":"MaybeIncorrect","expansion":null}],"children":[],"rendered":null}],"rendered":"\u001b[1m\u001b[91merror[E0405]\u001b[0m\u001b[1m: cannot find trait `Iterator` in this scope\u001b[0m\n   \u001b[1m\u001b[94m--> \u001b[0m/home/jkfussy/.cargo/registry/src/index.crates.io-1949cf8c6b5b557f/strum-0.26.3/src/lib.rs:101:20\n    \u001b[1m\u001b[94m|\u001b[0m\n\u001b[1m\u001b[94m101\u001b[0m \u001b[1m\u001b[94m|\u001b[0m     type Iterator: Iterator<Item = Self>\n    \u001b[1m\u001b[94m|\u001b[0m                    \u001b[1m\u001b[91m^^^^^^^^\u001b[0m\n    \u001b[1m\u001b[94m|\u001b[0m\n\u001b[1m\u001b[96mhelp\u001b[0m: you might have meant to use the associated type\n    \u001b[1m\u001b[94m|\u001b[0m\n\u001b[1m\u001b[94m101\u001b[0m \u001b[1m\u001b[94m| \u001b[0m    type Iterator: \u001b[92mSelf::\u001b[0mIterator<Item = Self>\n    \u001b[1m\u001b[94m|\u001b[0m                    \u001b[92m++++++\u001b[0m\n\u001b[1m\u001b[96mhelp\u001b[0m: consider importing this trait\n    \u001b[1m\u001b[94m|\u001b[0m\n\u001b[1m\u001b[94m 33\u001b[0m \u001b[92m+ use core::iter::Iterator;\u001b[0m\n    \u001b[1m\u001b[94m|\u001b[0m\n\n"}
{"$message_type":"diagnostic","message":"cannot find trait `Clone` in this scope","code":{"code":"E0405","explanation":"The code refers to a trait that is not in scope.\n\nErroneous code example:\n\n```compile_fail,E0405\nstruct Foo;\n\nimpl SomeTrait for Foo {} // error: trait `SomeTrait` is not in scope\n```\n\nPlease verify that the name of the trait wasn't misspelled and ensure that it\nwas imported. Example:\n\n```\n# #[cfg(for_demonstration_only)]\n// solution 1:\nuse some_file::SomeTrait;\n\n// solution 2:\ntrait SomeTrait {\n    // some functions\n}\n\nstruct Foo;\n\nimpl SomeTrait for Foo { // ok!\n    // implements functions\n}\n```\n"},"level":"error","spans":[{"file_name":"/home/jkfussy/.cargo/registry/src/index.crates.io-1949cf8c6b5b557f/strum-0.26.3/src/lib.rs","byte_start":3132,"byte_end":3137,"line_start":102,"line_end":102,"column_start":11,"column_end":16,"is_primary":true,"text":[{"text":"        + Clone","highlight_start":11,"highlight_end":16}],"label":"not found in this scope","suggested_replacement":null,"suggestion_applicability":null,"expansion":null}],"children":[{"message":"consider importing this trait","code":null,"level":"help","spans":[{"file_name":"/home/jkfussy/.cargo/registry/src/index.crates.io-1949cf8c6b5b557f/strum-0.26.3/src/lib.rs","byte_start":1154,"byte_end":1154,"line_start":33,"line_end":33,"column_start":1,"column_end":1,"is_primary":true,"text":[{"text":"use core::iter::FusedIterator;","highlight_start":1,"highlight_end":1}],"label":null,"suggested_replacement":"use core::clone::Clone;\n","suggestion_applicability":"MaybeIncorrect","expansion":null}],"children":[],"rendered":null}],"rendered":"\u001b[1m\u001b[91merror[E0405]\u001b[0m\u001b[1m: cannot find trait `Clone` in this scope\u001b[0m\n   \u001b[1m\u001b[94m--> \u001b[0m/home/jkfussy/.cargo/registry/src/index.crates.io-1949cf8c6b5b557f/strum-0.26.3/src/lib.rs:102:11\n    \u001b[1m\u001b[94m|\u001b[0m\n\u001b[1m\u001b[94m102\u001b[0m \u001b[1m\u001b[94m|\u001b[0m         + Clone\n    \u001b[1m\u001b[94m|\u001b[0m           \u001b[1m\u001b[91m^^^^^\u001b[0m \u001b[1m\u001b[91mnot found in this scope\u001b[0m\n    \u001b[1m\u001b[94m|\u001b[0m\n\u001b[1m\u001b[96mhelp\u001b[0m: consider importing this trait\n    \u001b[1m\u001b[94m|\u001b[0m\n\u001b[1m\u001b[94m 33\u001b[0m \u001b[92m+ use core::clone::Clone;\u001b[0m\n    \u001b[1m\u001b[94m|\u001b[0m\n\n"}
{"$message_type":"diagnostic","message":"cannot find trait `DoubleEndedIterator` in this scope","code":{"code":"E0405","explanation":"The code refers to a trait that is not in scope.\n\nErroneous code example:\n\n```compile_fail,E0405\nstruct Foo;\n\nimpl SomeTrait for Foo {} // error: trait `SomeTrait` is not in scope\n```\n\nPlease verify that the name of the trait wasn't misspelled and ensure that it\nwas imported. Example:\n\n```\n# #[cfg(for_demonstration_only)]\n// solution 1:\nuse some_file::SomeTrait;\n\n// solution 2:\ntrait SomeTrait {\n    // some functions\n}\n\nstruct Foo;\n\nimpl SomeTrait for Foo { // ok!\n    // implements functions\n}\n```\n"},"level":"error","spans":[{"file_name":"/home/jkfussy/.cargo/registry/src/index.crates.io-1949cf8c6b5b557f/strum-0.26.3/src/lib.rs","byte_start":3148,"byte_end":3167,"line_start":103,"line_end":103,"column_start":11,"column_end":30,"is_primary":true,"text":[{"text":"        + DoubleEndedIterator","highlight_start":11,"highlight_end":30}],"label":"not found in this scope","suggested_replacement":null,"suggestion_applicability":null,"expansion":null}],"children":[{"message":"consider importing this trait","code":null,"level":"help","spans":[{"file_name":"/home/jkfussy/.cargo/registry/src/index.crates.io-1949cf8c6b5b557f/strum-0.26.3/src/lib.rs","byte_start":1154,"byte_end":1154,"line_start":33,"line_end":33,"column_start":1,"column_end":1,"is_primary":true,"text":[{"text":"use core::iter::FusedIterator;","highlight_start":1,"highlight_end":1}],"label":null,"suggested_replacement":"use core::iter::DoubleEndedIterator;\n","suggestion_applicability":"MaybeIncorrect","expansion":null}],"children":[],"rendered":null}],"rendered":"\u001b[1m\u001b[91merror[E0405]\u001b[0m\u001b[1m: cannot find trait `DoubleEndedIterator` in this scope\u001b[0m\n   \u001b[1m\u001b[94m--> \u001b[0m/home/jkfussy/.cargo/registry/src/index.crates.io-1949cf8c6b5b557f/strum-0.26.3/src/lib.rs:103:11\n    \u001b[1m\u001b[94m|\u001b[0m\n\u001b[1m\u001b[94m103\u001b[0m \u001b[1m\u001b[94m|\u001b[0m         + DoubleEndedIterator\n    \u001b[1m\u001b[94m|\u001b[0m           \u001b[1m\u001b[91m^^^^^^^^^^^^^^^^^^^\u001b[0m \u001b[1m\u001b[91mnot found in this scope\u001b[0m\n    \u001b[1m\u001b[94m|\u001b[0m\n\u001b[1m\u001b[96mhelp\u001b[0m: consider importing this trait\n    \u001b[1m\u001b[94m|\u001b[0m\n\u001b[1m\u001b[94m 33\u001b[0m \u001b[92m+ use core::iter::DoubleEndedIterator;\u001b[0m\n    \u001b[1m\u001b[94m|\u001b[0m\n\n"}
{"$message_type":"diagnostic","message":"cannot find trait `ExactSizeIterator` in this scope","code":{"code":"E0405","explanation":"The code refers to a trait that is not in scope.\n\nErroneous code example:\n\n```compile_fail,E0405\nstruct Foo;\n\nimpl SomeTrait for Foo {} // error: trait `SomeTrait` is not in scope\n```\n\nPlease verify that the name of the trait wasn't misspelled and ensure that it\nwas imported. Example:\n\n```\n# #[cfg(for_demonstration_only)]\n// solution 1:\nuse some_file::SomeTrait;\n\n// solution 2:\ntrait SomeTrait {\n    // some functions\n}\n\nstruct Foo;\n\nimpl SomeTrait for Foo { // ok!\n    // implements functions\n}\n```\n"},"level":"error","spans":[{"file_name":"/home/jkfussy/.cargo/registry/src/index.crates.io-1949cf8c6b5b557f/strum-0.26.3/src/lib.rs","byte_start":3178,"byte_end":3195,"line_start":104,"line_end":104,"column_start":11,"column_end":28,"is_primary":true,"text":[{"text":"        + ExactSizeIterator","highlight_start":11,"highlight_end":28}],"label":"not found in this scope","suggested_replacement":null,"suggestion_applicability":null,"expansion":null}],"children":[{"message":"consider importing this trait","code":null,"level":"help","spans":[{"file_name":"/home/jkfussy/.cargo/registry/src/index.crates.io-1949cf8c6b5b557f/strum-0.26.3/src/lib.rs","byte_start":1154,"byte_end":1154,"line_start":33,"line_end":33,"column_start":1,"column_end":1,"is_primary":true,"text":[{"text":"use core::iter::FusedIterator;","highlight_start":1,"highlight_end":1}],"label":null,"suggested_replacement":"use core::iter::ExactSizeIterator;\n","suggestion_applicability":"MaybeIncorrect","expansion":null}],"children":[],"rendered":null}],"rendered":"\u001b[1m\u001b[91merror[E0405]\u001b[0m\u001b[1m: cannot find trait `ExactSizeIterator` in this scope\u001b[0m\n   \u001b[1m\u001b[94m--> \u001b[0m/home/jkfussy/.cargo/registry/src/index.crates.io-1949cf8c6b5b557f/strum-0.26.3/src/lib.rs:104:11\n    \u001b[1m\u001b[94m|\u001b[0m\n\u001b[1m\u001b[94m104\u001b[0m \u001b[1m\u001b[94m|\u001b[0m         + ExactSizeIterator\n    \u001b[1m\u001b[94m|\u001b[0m           \u001b[1m\u001b[91m^^^^^^^^^^^^^^^^^\u001b[0m \u001b[1m\u001b[91mnot found in this scope\u001b[0m\n    \u001b[1m\u001b[94m|\u001b[0m\n\u001b[1m\u001b[96mhelp\u001b[0m: consider importing this trait\n    \u001b[1m\u001b[94m|\u001b[0m\n\u001b[1m\u001b[94m 33\u001b[0m \u001b[92m+ use core::iter::ExactSizeIterator;\u001b[0m\n    \u001b[1m\u001b[94m|\u001b[0m\n\n"}
{"$message_type":"diagnostic","message":"cannot find trait `Sized` in this scope","code":{"code":"E0405","explanation":"The code refers to a trait that is not in scope.\n\nErroneous code example:\n\n```compile_fail,E0405\nstruct Foo;\n\nimpl SomeTrait for Foo {} // error: trait `SomeTrait` is not in scope\n```\n\nPlease verify that the name of the trait wasn't misspelled and ensure that it\nwas imported. Example:\n\n```\n# #[cfg(for_demonstration_only)]\n// solution 1:\nuse some_file::SomeTrait;\n\n// solution 2:\ntrait SomeTrait {\n    // some functions\n}\n\nstruct Foo;\n\nimpl SomeTrait for Foo { // ok!\n    // implements functions\n}\n```\n"},"level":"error","spans":[{"file_name":"/home/jkfussy/.cargo/registry/src/index.crates.io-1949cf8c6b5b557f/strum-0.26.3/src/lib.rs","byte_start":3285,"byte_end":3290,"line_start":110,"line_end":110,"column_start":28,"column_end":33,"is_primary":true,"text":[{"text":"pub trait VariantIterator: Sized {","highlight_start":28,"highlight_end":33}],"label":"not found in this scope","suggested_replacement":null,"suggestion_applicability":null,"expansion":null}],"children":[{"message":"consider importing this trait","code":null,"level":"help","spans":[{"file_name":"/home/jkfussy/.cargo/registry/src/index.crates.io-1949cf8c6b5b557f/strum-0.26.3/src/lib.rs","byte_start":1154,"byte_end":1154,"line_start":33,"line_end":33,"column_start":1,"column_end":1,"is_primary":true,"text":[{"text":"use core::iter::FusedIterator;","highlight_start":1,"highlight_end":1}],"label":null,"suggested_replacement":"use core::marker::Sized;\n","suggestion_applicability":"MaybeIncorrect","expansion":null}],"children":[],"rendered":null}],"rendered":"\u001b[1m\u001b[91merror[E0405]\u001b[0m\u001b[1m: cannot find trait `Sized` in this scope\u001b[0m\n   \u001b[1m\u001b[94m--> \u001b[0m/home/jkfussy/.cargo/registry/src/index.crates.io-1949cf8c6b5b557f/strum-0.26.3/src/lib.rs:110:28\n    \u001b[1m\u001b[94m|\u001b[0m\n\u001b[1m\u001b[94m110\u001b[0m \u001b[1m\u001b[94m|\u001b[0m pub trait VariantIterator: Sized {\n    \u001b[1m\u001b[94m|\u001b[0m                            \u001b[1m\u001b[91m^^^^^\u001b[0m \u001b[1m\u001b[91mnot found in this scope\u001b[0m\n    \u001b[1m\u001b[94m|\u001b[0m\n\u001b[1m\u001b[96mhelp\u001b[0m: consider importing this trait\n    \u001b[1m\u001b[94m|\u001b[0m\n\u001b[1m\u001b[94m 33\u001b[0m \u001b[92m+ use core::marker::Sized;\u001b[0m\n    \u001b[1m\u001b[94m|\u001b[0m\n\n"}
{"$message_type":"diagnostic","message":"cannot find trait `Iterator` in this scope","code":{"code":"E0405","explanation":"The code refers to a trait that is not in scope.\n\nErroneous code example:\n\n```compile_fail,E0405\nstruct Foo;\n\nimpl SomeTrait for Foo {} // error: trait `SomeTrait` is not in scope\n```\n\nPlease verify that the name of the trait wasn't misspelled and ensure that it\nwas imported. Example:\n\n```\n# #[cfg(for_demonstration_only)]\n// solution 1:\nuse some_file::SomeTrait;\n\n// solution 2:\ntrait SomeTrait {\n    // some functions\n}\n\nstruct Foo;\n\nimpl SomeTrait for Foo { // ok!\n    // implements functions\n}\n```\n"},"level":"error","spans":[{"file_name":"/home/jkfussy/.cargo/registry/src/index.crates.io-1949cf8c6b5b557f/strum-0.26.3/src/lib.rs","byte_start":3312,"byte_end":3320,"line_start":111,"line_end":111,"column_start":20,"column_end":28,"is_primary":true,"text":[{"text":"    type Iterator: Iterator<Item = Self>;","highlight_start":20,"highlight_end":28}],"label":null,"suggested_replacement":null,"suggestion_applicability":null,"expansion":null}],"children":[{"message":"you might have meant to use the associated type","code":null,"level":"help","spans":[{"file_name":"/home/jkfussy/.cargo/registry/src/index.crates.io-1949cf8c6b5b557f/strum-0.26.3/src/lib.rs","byte_start":3312,"byte_end":3312,"line_start":111,"line_end":111,"column_start":20,"column_end":20,"is_primary":true,"text":[{"text":"    type Iterator: Iterator<Item = Self>;","highlight_start":20,"highlight_end":20}],"label":null,"suggested_replacement":"Self::","suggestion_applicability":"MachineApplicable","expansion":null}],"children":[],"rendered":null},{"message":"consider importing this trait","code":null,"level":"help","spans":[{"file_name":"/home/jkfussy/.cargo/registry/src/index.crates.io-1949cf8c6b5b557f/strum-0.26.3/src/lib.rs","byte_start":1154,"byte_end":1154,"line_start":33,"line_end":33,"column_start":1,"column_end":1,"is_primary":true,"text":[{"text":"use core::iter::FusedIterator;","highlight_start":1,"highlight_end":1}],"label":null,"suggested_replacement":"use core::iter::Iterator;\n","suggestion_applicability":"MaybeIncorrect","expansion":null}],"children":[],"rendered":null}],"rendered":"\u001b[1m\u001b[91merror[E0405]\u001b[0m\u001b[1m: cannot find trait `Iterator` in this scope\u001b[0m\n   \u001b[1m\u001b[94m--> \u001b[0m/home/jkfussy/.cargo/registry/src/index.crates.io-1949cf8c6b5b557f/strum-0.26.3/src/lib.rs:111:20\n    \u001b[1m\u001b[94m|\u001b[0m\n\u001b[1m\u001b[94m111\u001b[0m \u001b[1m\u001b[94m|\u001b[0m     type Iterator: Iterator<Item = Self>;\n    \u001b[1m\u001b[94m|\u001b[0m                    \u001b[1m\u001b[91m^^^^^^^^\u001b[0m\n    \u001b[1m\u001b[94m|\u001b[0m\n\u001b[1m\u001b[96mhelp\u001b[0m: you might have meant to use the associated type\n    \u001b[1m\u001b[94m|\u001b[0m\n\u001b[1m\u001b[94m111\u001b[0m \u001b[1m\u001b[94m| \u001b[0m    type Iterator: \u001b[92mSelf::\u001b[0mIterator<Item = Self>;\n    \u001b[1m\u001b[94m|\u001b[0m                    \u001b[92m++++++\u001b[0m\n\u001b[1m\u001b[96mhelp\u001b[0m: consider importing this trait\n    \u001b[1m\u001b[94m|\u001b[0m\n\u001b[1m\u001b[94m 33\u001b[0m \u001b[92m+ use core::iter::Iterator;\u001b[0m\n    \u001b[1m\u001b[94m|\u001b[0m\n\n"}
{"$message_type":"diagnostic","message":"cannot find type `Option` in this scope","code":{"code":"E0412","explanation":"A used type name is not in scope.\n\nErroneous code examples:\n\n```compile_fail,E0412\nimpl Something {} // error: type name `Something` is not in scope\n\n// or:\n\ntrait Foo {\n    fn bar(N); // error: type name `N` is not in scope\n}\n\n// or:\n\nfn foo(x: T) {} // type name `T` is not in scope\n```\n\nTo fix this error, please verify you didn't misspell the type name, you did\ndeclare it or imported it into the scope. Examples:\n\n```\nstruct Something;\n\nimpl Something {} // ok!\n\n// or:\n\ntrait Foo {\n    type N;\n\n    fn bar(_: Self::N); // ok!\n}\n\n// or:\n\nfn foo<T>(x: T) {} // ok!\n```\n\nAnother case that causes this error is when a type is imported into a parent\nmodule. To fix this, you can follow the suggestion and use File directly or\n`use super::File;` which will import the types from the parent namespace. An\nexample that causes this error is below:\n\n```compile_fail,E0412\nuse std::fs::File;\n\nmod foo {\n    fn some_function(f: File) {}\n}\n```\n\n```\nuse std::fs::File;\n\nmod foo {\n    // either\n    use super::File;\n    // or\n    // use std::fs::File;\n    fn foo(f: File) {}\n}\n# fn main() {} // don't insert it for us; that'll break imports\n```\n"},"level":"error","spans":[{"file_name":"/home/jkfussy/.cargo/registry/src/index.crates.io-1949cf8c6b5b557f/strum-0.26.3/src/lib.rs","byte_start":4294,"byte_end":4300,"line_start":148,"line_end":148,"column_start":30,"column_end":36,"is_primary":true,"text":[{"text":"    fn get_message(&self) -> Option<&'static str>;","highlight_start":30,"highlight_end":36}],"label":"not found in this scope","suggested_replacement":null,"suggestion_applicability":null,"expansion":null}],"children":[{"message":"consider importing this enum","code":null,"level":"help","spans":[{"file_name":"/home/jkfussy/.cargo/registry/src/index.crates.io-1949cf8c6b5b557f/strum-0.26.3/src/lib.rs","byte_start":1154,"byte_end":1154,"line_start":33,"line_end":33,"column_start":1,"column_end":1,"is_primary":true,"text":[{"text":"use core::iter::FusedIterator;","highlight_start":1,"highlight_end":1}],"label":null,"suggested_replacement":"use core::option::Option;\n","suggestion_applicability":"MaybeIncorrect","expansion":null}],"children":[],"rendered":null}],"rendered":"\u001b[1m\u001b[91merror[E0412]\u001b[0m\u001b[1m: cannot find type `Option` in this scope\u001b[0m\n   \u001b[1m\u001b[94m--> \u001b[0m/home/jkfussy/.cargo/registry/src/index.crates.io-1949cf8c6b5b557f/strum-0.26.3/src/lib.rs:148:30\n    \u001b[1m\u001b[94m|\u001b[0m\n\u001b[1m\u001b[94m148\u001b[0m \u001b[1m\u001b[94m|\u001b[0m     fn get_message(&self) -> Option<&'static str>;\n    \u001b[1m\u001b[94m|\u001b[0m                              \u001b[1m\u001b[91m^^^^^^\u001b[0m \u001b[1m\u001b[91mnot found in this scope\u001b[0m\n    \u001b[1m\u001b[94m|\u001b[0m\n\u001b[1m\u001b[96mhelp\u001b[0m: consider importing this enum\n    \u001b[1m\u001b[94m|\u001b[0m\n\u001b[1m\u001b[94m 33\u001b[0m \u001b[92m+ use core::option::Option;\u001b[0m\n    \u001b[1m\u001b[94m|\u001b[0m\n\n"}
{"$message_type":"diagnostic","message":"cannot find type `Option` in this scope","code":{"code":"E0412","explanation":"A used type name is not in scope.\n\nErroneous code examples:\n\n```compile_fail,E0412\nimpl Something {} // error: type name `Something` is not in scope\n\n// or:\n\ntrait Foo {\n    fn bar(N); // error: type name `N` is not in scope\n}\n\n// or:\n\nfn foo(x: T) {} // type name `T` is not in scope\n```\n\nTo fix this error, please verify you didn't misspell the type name, you did\ndeclare it or imported it into the scope. Examples:\n\n```\nstruct Something;\n\nimpl Something {} // ok!\n\n// or:\n\ntrait Foo {\n    type N;\n\n    fn bar(_: Self::N); // ok!\n}\n\n// or:\n\nfn foo<T>(x: T) {} // ok!\n```\n\nAnother case that causes this error is when a type is imported into a parent\nmodule. To fix this, you can follow the suggestion and use File directly or\n`use super::File;` which will import the types from the parent namespace. An\nexample that causes this error is below:\n\n```compile_fail,E0412\nuse std::fs::File;\n\nmod foo {\n    fn some_function(f: File) {}\n}\n```\n\n```\nuse std::fs::File;\n\nmod foo {\n    // either\n    use super::File;\n    // or\n    // use std::fs::File;\n    fn foo(f: File) {}\n}\n# fn main() {} // don't insert it for us; that'll break imports\n```\n"},"level":"error","spans":[{"file_name":"/home/jkfussy/.cargo/registry/src/index.crates.io-1949cf8c6b5b557f/strum-0.26.3/src/lib.rs","byte_start":4354,"byte_end":4360,"line_start":149,"line_end":149,"column_start":39,"column_end":45,"is_primary":true,"text":[{"text":"    fn get_detailed_message(&self) -> Option<&'static str>;","highlight_start":39,"highlight_end":45}],"label":"not found in this scope","suggested_replacement":null,"suggestion_applicability":null,"expansion":null}],"children":[{"message":"consider importing this enum","code":null,"level":"help","spans":[{"file_name":"/home/jkfussy/.cargo/registry/src/index.crates.io-1949cf8c6b5b557f/strum-0.26.3/src/lib.rs","byte_start":1154,"byte_end":1154,"line_start":33,"line_end":33,"column_start":1,"column_end":1,"is_primary":true,"text":[{"text":"use core::iter::FusedIterator;","highlight_start":1,"highlight_end":1}],"label":null,"suggested_replacement":"use core::option::Option;\n","suggestion_applicability":"MaybeIncorrect","expansion":null}],"children":[],"rendered":null}],"rendered":"\u001b[1m\u001b[91merror[E0412]\u001b[0m\u001b[1m: cannot find type `Option` in this scope\u001b[0m\n   \u001b[1m\u001b[94m--> \u001b[0m/home/jkfussy/.cargo/registry/src/index.crates.io-1949cf8c6b5b557f/strum-0.26.3/src/lib.rs:149:39\n    \u001b[1m\u001b[94m|\u001b[0m\n\u001b[1m\u001b[94m149\u001b[0m \u001b[1m\u001b[94m|\u001b[0m     fn get_detailed_message(&self) -> Option<&'static str>;\n    \u001b[1m\u001b[94m|\u001b[0m                                       \u001b[1m\u001b[91m^^^^^^\u001b[0m \u001b[1m\u001b[91mnot found in this scope\u001b[0m\n    \u001b[1m\u001b[94m|\u001b[0m\n\u001b[1m\u001b[96mhelp\u001b[0m: consider importing this enum\n    \u001b[1m\u001b[94m|\u001b[0m\n\u001b[1m\u001b[94m 33\u001b[0m \u001b[92m+ use core::option::Option;\u001b[0m\n    \u001b[1m\u001b[94m|\u001b[0m\n\n"}
{"$message_type":"diagnostic","message":"cannot find type `Option` in this scope","code":{"code":"E0412","explanation":"A used type name is not in scope.\n\nErroneous code examples:\n\n```compile_fail,E0412\nimpl Something {} // error: type name `Something` is not in scope\n\n// or:\n\ntrait Foo {\n    fn bar(N); // error: type name `N` is not in scope\n}\n\n// or:\n\nfn foo(x: T) {} // type name `T` is not in scope\n```\n\nTo fix this error, please verify you didn't misspell the type name, you did\ndeclare it or imported it into the scope. Examples:\n\n```\nstruct Something;\n\nimpl Something {} // ok!\n\n// or:\n\ntrait Foo {\n    type N;\n\n    fn bar(_: Self::N); // ok!\n}\n\n// or:\n\nfn foo<T>(x: T) {} // ok!\n```\n\nAnother case that causes this error is when a type is imported into a parent\nmodule. To fix this, you can follow the suggestion and use File directly or\n`use super::File;` which will import the types from the parent namespace. An\nexample that causes this error is below:\n\n```compile_fail,E0412\nuse std::fs::File;\n\nmod foo {\n    fn some_function(f: File) {}\n}\n```\n\n```\nuse std::fs::File;\n\nmod foo {\n    // either\n    use super::File;\n    // or\n    // use std::fs::File;\n    fn foo(f: File) {}\n}\n# fn main() {} // don't insert it for us; that'll break imports\n```\n"},"level":"error","spans":[{"file_name":"/home/jkfussy/.cargo/registry/src/index.crates.io-1949cf8c6b5b557f/strum-0.26.3/src/lib.rs","byte_start":4480,"byte_end":4486,"line_start":152,"line_end":152,"column_start":36,"column_end":42,"is_primary":true,"text":[{"text":"    fn get_documentation(&self) -> Option<&'static str>;","highlight_start":36,"highlight_end":42}],"label":"not found in this scope","suggested_replacement":null,"suggestion_applicability":null,"expansion":null}],"children":[{"message":"consider importing this enum","code":null,"level":"help","spans":[{"file_name":"/home/jkfussy/.cargo/registry/src/index.crates.io-1949cf8c6b5b557f/strum-0.26.3/src/lib.rs","byte_start":1154,"byte_end":1154,"line_start":33,"line_end":33,"column_start":1,"column_end":1,"is_primary":true,"text":[{"text":"use core::iter::FusedIterator;","highlight_start":1,"highlight_end":1}],"label":null,"suggested_replacement":"use core::option::Option;\n","suggestion_applicability":"MaybeIncorrect","expansion":null}],"children":[],"rendered":null}],"rendered":"\u001b[1m\u001b[91merror[E0412]\u001b[0m\u001b[1m: cannot find type `Option` in this scope\u001b[0m\n   \u001b[1m\u001b[94m--> \u001b[0m/home/jkfussy/.cargo/registry/src/index.crates.io-1949cf8c6b5b557f/strum-0.26.3/src/lib.rs:152:36\n    \u001b[1m\u001b[94m|\u001b[0m\n\u001b[1m\u001b[94m152\u001b[0m \u001b[1m\u001b[94m|\u001b[0m     fn get_documentation(&self) -> Option<&'static str>;\n    \u001b[1m\u001b[94m|\u001b[0m                                    \u001b[1m\u001b[91m^^^^^^\u001b[0m \u001b[1m\u001b[91mnot found in this scope\u001b[0m\n    \u001b[1m\u001b[94m|\u001b[0m\n\u001b[1m\u001b[96mhelp\u001b[0m: consider importing this enum\n    \u001b[1m\u001b[94m|\u001b[0m\n\u001b[1m\u001b[94m 33\u001b[0m \u001b[92m+ use core::option::Option;\u001b[0m\n    \u001b[1m\u001b[94m|\u001b[0m\n\n"}
{"$message_type":"diagnostic","message":"cannot find type `Option` in this scope","code":{"code":"E0412","explanation":"A used type name is not in scope.\n\nErroneous code examples:\n\n```compile_fail,E0412\nimpl Something {} // error: type name `Something` is not in scope\n\n// or:\n\ntrait Foo {\n    fn bar(N); // error: type name `N` is not in scope\n}\n\n// or:\n\nfn foo(x: T) {} // type name `T` is not in scope\n```\n\nTo fix this error, please verify you didn't misspell the type name, you did\ndeclare it or imported it into the scope. Examples:\n\n```\nstruct Something;\n\nimpl Something {} // ok!\n\n// or:\n\ntrait Foo {\n    type N;\n\n    fn bar(_: Self::N); // ok!\n}\n\n// or:\n\nfn foo<T>(x: T) {} // ok!\n```\n\nAnother case that causes this error is when a type is imported into a parent\nmodule. To fix this, you can follow the suggestion and use File directly or\n`use super::File;` which will import the types from the parent namespace. An\nexample that causes this error is below:\n\n```compile_fail,E0412\nuse std::fs::File;\n\nmod foo {\n    fn some_function(f: File) {}\n}\n```\n\n```\nuse std::fs::File;\n\nmod foo {\n    // either\n    use super::File;\n    // or\n    // use std::fs::File;\n    fn foo(f: File) {}\n}\n# fn main() {} // don't insert it for us; that'll break imports\n```\n"},"level":"error","spans":[{"file_name":"/home/jkfussy/.cargo/registry/src/index.crates.io-1949cf8c6b5b557f/strum-0.26.3/src/lib.rs","byte_start":5564,"byte_end":5570,"line_start":184,"line_end":184,"column_start":38,"column_end":44,"is_primary":true,"text":[{"text":"    fn get_str(&self, prop: &str) -> Option<&'static str>;","highlight_start":38,"highlight_end":44}],"label":"not found in this scope","suggested_replacement":null,"suggestion_applicability":null,"expansion":null}],"children":[{"message":"consider importing this enum","code":null,"level":"help","spans":[{"file_name":"/home/jkfussy/.cargo/registry/src/index.crates.io-1949cf8c6b5b557f/strum-0.26.3/src/lib.rs","byte_start":1154,"byte_end":1154,"line_start":33,"line_end":33,"column_start":1,"column_end":1,"is_primary":true,"text":[{"text":"use core::iter::FusedIterator;","highlight_start":1,"highlight_end":1}],"label":null,"suggested_replacement":"use core::option::Option;\n","suggestion_applicability":"MaybeIncorrect","expansion":null}],"children":[],"rendered":null}],"rendered":"\u001b[1m\u001b[91merror[E0412]\u001b[0m\u001b[1m: cannot find type `Option` in this scope\u001b[0m\n   \u001b[1m\u001b[94m--> \u001b[0m/home/jkfussy/.cargo/registry/src/index.crates.io-1949cf8c6b5b557f/strum-0.26.3/src/lib.rs:184:38\n    \u001b[1m\u001b[94m|\u001b[0m\n\u001b[1m\u001b[94m184\u001b[0m \u001b[1m\u001b[94m|\u001b[0m     fn get_str(&self, prop: &str) -> Option<&'static str>;\n    \u001b[1m\u001b[94m|\u001b[0m                                      \u001b[1m\u001b[91m^^^^^^\u001b[0m \u001b[1m\u001b[91mnot found in this scope\u001b[0m\n    \u001b[1m\u001b[94m|\u001b[0m\n\u001b[1m\u001b[96mhelp\u001b[0m: consider importing this enum\n    \u001b[1m\u001b[94m|\u001b[0m\n\u001b[1m\u001b[94m 33\u001b[0m \u001b[92m+ use core::option::Option;\u001b[0m\n    \u001b[1m\u001b[94m|\u001b[0m\n\n"}
{"$message_type":"diagnostic","message":"cannot find type `Option` in this scope","code":{"code":"E0412","explanation":"A used type name is not in scope.\n\nErroneous code examples:\n\n```compile_fail,E0412\nimpl Something {} // error: type name `Something` is not in scope\n\n// or:\n\ntrait Foo {\n    fn bar(N); // error: type name `N` is not in scope\n}\n\n// or:\n\nfn foo(x: T) {} // type name `T` is not in scope\n```\n\nTo fix this error, please verify you didn't misspell the type name, you did\ndeclare it or imported it into the scope. Examples:\n\n```\nstruct Something;\n\nimpl Something {} // ok!\n\n// or:\n\ntrait Foo {\n    type N;\n\n    fn bar(_: Self::N); // ok!\n}\n\n// or:\n\nfn foo<T>(x: T) {} // ok!\n```\n\nAnother case that causes this error is when a type is imported into a parent\nmodule. To fix this, you can follow the suggestion and use File directly or\n`use super::File;` which will import the types from the parent namespace. An\nexample that causes this error is below:\n\n```compile_fail,E0412\nuse std::fs::File;\n\nmod foo {\n    fn some_function(f: File) {}\n}\n```\n\n```\nuse std::fs::File;\n\nmod foo {\n    // either\n    use super::File;\n    // or\n    // use std::fs::File;\n    fn foo(f: File) {}\n}\n# fn main() {} // don't insert it for us; that'll break imports\n```\n"},"level":"error","spans":[{"file_name":"/home/jkfussy/.cargo/registry/src/index.crates.io-1949cf8c6b5b557f/strum-0.26.3/src/lib.rs","byte_start":5624,"byte_end":5630,"line_start":185,"line_end":185,"column_start":39,"column_end":45,"is_primary":true,"text":[{"text":"    fn get_int(&self, _prop: &str) -> Option<usize> {","highlight_start":39,"highlight_end":45}],"label":"not found in this scope","suggested_replacement":null,"suggestion_applicability":null,"expansion":null}],"children":[{"message":"consider importing this enum","code":null,"level":"help","spans":[{"file_name":"/home/jkfussy/.cargo/registry/src/index.crates.io-1949cf8c6b5b557f/strum-0.26.3/src/lib.rs","byte_start":1154,"byte_end":1154,"line_start":33,"line_end":33,"column_start":1,"column_end":1,"is_primary":true,"text":[{"text":"use core::iter::FusedIterator;","highlight_start":1,"highlight_end":1}],"label":null,"suggested_replacement":"use core::option::Option;\n","suggestion_applicability":"MaybeIncorrect","expansion":null}],"children":[],"rendered":null}],"rendered":"\u001b[1m\u001b[91merror[E0412]\u001b[0m\u001b[1m: cannot find type `Option` in this scope\u001b[0m\n   \u001b[1m\u001b[94m--> \u001b[0m/home/jkfussy/.cargo/registry/src/index.crates.io-1949cf8c6b5b557f/strum-0.26.3/src/lib.rs:185:39\n    \u001b[1m\u001b[94m|\u001b[0m\n\u001b[1m\u001b[94m185\u001b[0m \u001b[1m\u001b[94m|\u001b[0m     fn get_int(&self, _prop: &str) -> Option<usize> {\n    \u001b[1m\u001b[94m|\u001b[0m                                       \u001b[1m\u001b[91m^^^^^^\u001b[0m \u001b[1m\u001b[91mnot found in this scope\u001b[0m\n    \u001b[1m\u001b[94m|\u001b[0m\n\u001b[1m\u001b[96mhelp\u001b[0m: consider importing this enum\n    \u001b[1m\u001b[94m|\u001b[0m\n\u001b[1m\u001b[94m 33\u001b[0m \u001b[92m+ use core::option::Option;\u001b[0m\n    \u001b[1m\u001b[94m|\u001b[0m\n\n"}
{"$message_type":"diagnostic","message":"failed to resolve: use of undeclared type `Option`","code":{"code":"E0433","explanation":"An undeclared crate, module, or type was used.\n\nErroneous code example:\n\n```compile_fail,E0433\nlet map = HashMap::new();\n// error: failed to resolve: use of undeclared type `HashMap`\n```\n\nPlease verify you didn't misspell the type/module's name or that you didn't\nforget to import it:\n\n```\nuse std::collections::HashMap; // HashMap has been imported.\nlet map: HashMap<u32, u32> = HashMap::new(); // So it can be used!\n```\n\nIf you've expected to use a crate name:\n\n```compile_fail\nuse ferris_wheel::BigO;\n// error: failed to resolve: use of undeclared module or unlinked crate\n```\n\nMake sure the crate has been added as a dependency in `Cargo.toml`.\n\nTo use a module from your current crate, add the `crate::` prefix to the path.\n"},"level":"error","spans":[{"file_name":"/home/jkfussy/.cargo/registry/src/index.crates.io-1949cf8c6b5b557f/strum-0.26.3/src/lib.rs","byte_start":5648,"byte_end":5654,"line_start":186,"line_end":186,"column_start":9,"column_end":15,"is_primary":true,"text":[{"text":"        Option::None","highlight_start":9,"highlight_end":15}],"label":"use of undeclared type `Option`","suggested_replacement":null,"suggestion_applicability":null,"expansion":null}],"children":[{"message":"consider importing this enum","code":null,"level":"help","spans":[{"file_name":"/home/jkfussy/.cargo/registry/src/index.crates.io-1949cf8c6b5b557f/strum-0.26.3/src/lib.rs","byte_start":1154,"byte_end":1154,"line_start":33,"line_end":33,"column_start":1,"column_end":1,"is_primary":true,"text":[{"text":"use core::iter::FusedIterator;","highlight_start":1,"highlight_end":1}],"label":null,"suggested_replacement":"use core::option::Option;\n","suggestion_applicability":"MaybeIncorrect","expansion":null}],"children":[],"rendered":null}],"rendered":"\u001b[1m\u001b[91merror[E0433]\u001b[0m\u001b[1m: failed to resolve: use of undeclared type `Option`\u001b[0m\n   \u001b[1m\u001b[94m--> \u001b[0m/home/jkfussy/.cargo/registry/src/index.crates.io-1949cf8c6b5b557f/strum-0.26.3/src/lib.rs:186:9\n    \u001b[1m\u001b[94m|\u001b[0m\n\u001b[1m\u001b[94m186\u001b[0m \u001b[1m\u001b[94m|\u001b[0m         Option::None\n    \u001b[1m\u001b[94m|\u001b[0m         \u001b[1m\u001b[91m^^^^^^\u001b[0m \u001b[1m\u001b[91muse of undeclared type `Option`\u001b[0m\n    \u001b[1m\u001b[94m|\u001b[0m\n\u001b[1m\u001b[96mhelp\u001b[0m: consider importing this enum\n    \u001b[1m\u001b[94m|\u001b[0m\n\u001b[1m\u001b[94m 33\u001b[0m \u001b[92m+ use core::option::Option;\u001b[0m\n    \u001b[1m\u001b[94m|\u001b[0m\n\n"}
{"$message_type":"diagnostic","message":"cannot find type `Option` in this scope","code":{"code":"E0412","explanation":"A used type name is not in scope.\n\nErroneous code examples:\n\n```compile_fail,E0412\nimpl Something {} // error: type name `Something` is not in scope\n\n// or:\n\ntrait Foo {\n    fn bar(N); // error: type name `N` is not in scope\n}\n\n// or:\n\nfn foo(x: T) {} // type name `T` is not in scope\n```\n\nTo fix this error, please verify you didn't misspell the type name, you did\ndeclare it or imported it into the scope. Examples:\n\n```\nstruct Something;\n\nimpl Something {} // ok!\n\n// or:\n\ntrait Foo {\n    type N;\n\n    fn bar(_: Self::N); // ok!\n}\n\n// or:\n\nfn foo<T>(x: T) {} // ok!\n```\n\nAnother case that causes this error is when a type is imported into a parent\nmodule. To fix this, you can follow the suggestion and use File directly or\n`use super::File;` which will import the types from the parent namespace. An\nexample that causes this error is below:\n\n```compile_fail,E0412\nuse std::fs::File;\n\nmod foo {\n    fn some_function(f: File) {}\n}\n```\n\n```\nuse std::fs::File;\n\nmod foo {\n    // either\n    use super::File;\n    // or\n    // use std::fs::File;\n    fn foo(f: File) {}\n}\n# fn main() {} // don't insert it for us; that'll break imports\n```\n"},"level":"error","spans":[{"file_name":"/home/jkfussy/.cargo/registry/src/index.crates.io-1949cf8c6b5b557f/strum-0.26.3/src/lib.rs","byte_start":5707,"byte_end":5713,"line_start":189,"line_end":189,"column_start":40,"column_end":46,"is_primary":true,"text":[{"text":"    fn get_bool(&self, _prop: &str) -> Option<bool> {","highlight_start":40,"highlight_end":46}],"label":"not found in this scope","suggested_replacement":null,"suggestion_applicability":null,"expansion":null}],"children":[{"message":"consider importing this enum","code":null,"level":"help","spans":[{"file_name":"/home/jkfussy/.cargo/registry/src/index.crates.io-1949cf8c6b5b557f/strum-0.26.3/src/lib.rs","byte_start":1154,"byte_end":1154,"line_start":33,"line_end":33,"column_start":1,"column_end":1,"is_primary":true,"text":[{"text":"use core::iter::FusedIterator;","highlight_start":1,"highlight_end":1}],"label":null,"suggested_replacement":"use core::option::Option;\n","suggestion_applicability":"MaybeIncorrect","expansion":null}],"children":[],"rendered":null}],"rendered":"\u001b[1m\u001b[91merror[E0412]\u001b[0m\u001b[1m: cannot find type `Option` in this scope\u001b[0m\n   \u001b[1m\u001b[94m--> \u001b[0m/home/jkfussy/.cargo/registry/src/index.crates.io-1949cf8c6b5b557f/strum-0.26.3/src/lib.rs:189:40\n    \u001b[1m\u001b[94m|\u001b[0m\n\u001b[1m\u001b[94m189\u001b[0m \u001b[1m\u001b[94m|\u001b[0m     fn get_bool(&self, _prop: &str) -> Option<bool> {\n    \u001b[1m\u001b[94m|\u001b[0m                                        \u001b[1m\u001b[91m^^^^^^\u001b[0m \u001b[1m\u001b[91mnot found in this scope\u001b[0m\n    \u001b[1m\u001b[94m|\u001b[0m\n\u001b[1m\u001b[96mhelp\u001b[0m: consider importing this enum\n    \u001b[1m\u001b[94m|\u001b[0m\n\u001b[1m\u001b[94m 33\u001b[0m \u001b[92m+ use core::option::Option;\u001b[0m\n    \u001b[1m\u001b[94m|\u001b[0m\n\n"}
{"$message_type":"diagnostic","message":"failed to resolve: use of undeclared type `Option`","code":{"code":"E0433","explanation":"An undeclared crate, module, or type was used.\n\nErroneous code example:\n\n```compile_fail,E0433\nlet map = HashMap::new();\n// error: failed to resolve: use of undeclared type `HashMap`\n```\n\nPlease verify you didn't misspell the type/module's name or that you didn't\nforget to import it:\n\n```\nuse std::collections::HashMap; // HashMap has been imported.\nlet map: HashMap<u32, u32> = HashMap::new(); // So it can be used!\n```\n\nIf you've expected to use a crate name:\n\n```compile_fail\nuse ferris_wheel::BigO;\n// error: failed to resolve: use of undeclared module or unlinked crate\n```\n\nMake sure the crate has been added as a dependency in `Cargo.toml`.\n\nTo use a module from your current crate, add the `crate::` prefix to the path.\n"},"level":"error","spans":[{"file_name":"/home/jkfussy/.cargo/registry/src/index.crates.io-1949cf8c6b5b557f/strum-0.26.3/src/lib.rs","byte_start":5730,"byte_end":5736,"line_start":190,"line_end":190,"column_start":9,"column_end":15,"is_primary":true,"text":[{"text":"        Option::None","highlight_start":9,"highlight_end":15}],"label":"use of undeclared type `Option`","suggested_replacement":null,"suggestion_applicability":null,"expansion":null}],"children":[{"message":"consider importing this enum","code":null,"level":"help","spans":[{"file_name":"/home/jkfussy/.cargo/registry/src/index.crates.io-1949cf8c6b5b557f/strum-0.26.3/src/lib.rs","byte_start":1154,"byte_end":1154,"line_start":33,"line_end":33,"column_start":1,"column_end":1,"is_primary":true,"text":[{"text":"use core::iter::FusedIterator;","highlight_start":1,"highlight_end":1}],"label":null,"suggested_replacement":"use core::option::Option;\n","suggestion_applicability":"MaybeIncorrect","expansion":null}],"children":[],"rendered":null}],"rendered":"\u001b[1m\u001b[91merror[E0433]\u001b[0m\u001b[1m: failed to resolve: use of undeclared type `Option`\u001b[0m\n   \u001b[1m\u001b[94m--> \u001b[0m/home/jkfussy/.cargo/registry/src/index.crates.io-1949cf8c6b5b557f/strum-0.26.3/src/lib.rs:190:9\n    \u001b[1m\u001b[94m|\u001b[0m\n\u001b[1m\u001b[94m190\u001b[0m \u001b[1m\u001b[94m|\u001b[0m         Option::None\n    \u001b[1m\u001b[94m|\u001b[0m         \u001b[1m\u001b[91m^^^^^^\u001b[0m \u001b[1m\u001b[91muse of undeclared type `Option`\u001b[0m\n    \u001b[1m\u001b[94m|\u001b[0m\n\u001b[1m\u001b[96mhelp\u001b[0m: consider importing this enum\n    \u001b[1m\u001b[94m|\u001b[0m\n\u001b[1m\u001b[94m 33\u001b[0m \u001b[92m+ use core::option::Option;\u001b[0m\n    \u001b[1m\u001b[94m|\u001b[0m\n\n"}
{"$message_type":"diagnostic","message":"cannot find trait `Sized` in this scope","code":{"code":"E0405","explanation":"The code refers to a trait that is not in scope.\n\nErroneous code example:\n\n```compile_fail,E0405\nstruct Foo;\n\nimpl SomeTrait for Foo {} // error: trait `SomeTrait` is not in scope\n```\n\nPlease verify that the name of the trait wasn't misspelled and ensure that it\nwas imported. Example:\n\n```\n# #[cfg(for_demonstration_only)]\n// solution 1:\nuse some_file::SomeTrait;\n\n// solution 2:\ntrait SomeTrait {\n    // some functions\n}\n\nstruct Foo;\n\nimpl SomeTrait for Foo { // ok!\n    // implements functions\n}\n```\n"},"level":"error","spans":[{"file_name":"/home/jkfussy/.cargo/registry/src/index.crates.io-1949cf8c6b5b557f/strum-0.26.3/src/lib.rs","byte_start":6030,"byte_end":6035,"line_start":202,"line_end":202,"column_start":9,"column_end":14,"is_primary":true,"text":[{"text":"    T: ?Sized,","highlight_start":9,"highlight_end":14}],"label":"not found in this scope","suggested_replacement":null,"suggestion_applicability":null,"expansion":null}],"children":[{"message":"consider importing this trait","code":null,"level":"help","spans":[{"file_name":"/home/jkfussy/.cargo/registry/src/index.crates.io-1949cf8c6b5b557f/strum-0.26.3/src/lib.rs","byte_start":1154,"byte_end":1154,"line_start":33,"line_end":33,"column_start":1,"column_end":1,"is_primary":true,"text":[{"text":"use core::iter::FusedIterator;","highlight_start":1,"highlight_end":1}],"label":null,"suggested_replacement":"use core::marker::Sized;\n","suggestion_applicability":"MaybeIncorrect","expansion":null}],"children":[],"rendered":null}],"rendered":"\u001b[1m\u001b[91merror[E0405]\u001b[0m\u001b[1m: cannot find trait `Sized` in this scope\u001b[0m\n   \u001b[1m\u001b[94m--> \u001b[0m/home/jkfussy/.cargo/registry/src/index.crates.io-1949cf8c6b5b557f/strum-0.26.3/src/lib.rs:202:9\n    \u001b[1m\u001b[94m|\u001b[0m\n\u001b[1m\u001b[94m202\u001b[0m \u001b[1m\u001b[94m|\u001b[0m     T: ?Sized,\n    \u001b[1m\u001b[94m|\u001b[0m         \u001b[1m\u001b[91m^^^^^\u001b[0m \u001b[1m\u001b[91mnot found in this scope\u001b[0m\n    \u001b[1m\u001b[94m|\u001b[0m\n\u001b[1m\u001b[96mhelp\u001b[0m: consider importing this trait\n    \u001b[1m\u001b[94m|\u001b[0m\n\u001b[1m\u001b[94m 33\u001b[0m \u001b[92m+ use core::marker::Sized;\u001b[0m\n    \u001b[1m\u001b[94m|\u001b[0m\n\n"}
{"$message_type":"diagnostic","message":"aborting due to 22 previous errors","code":null,"level":"error","spans":[],"children":[],"rendered":"\u001b[1m\u001b[91merror\u001b[0m\u001b[1m: aborting due to 22 previous errors\u001b[0m\n\n"}
{"$message_type":"diagnostic","message":"Some errors have detailed explanations: E0405, E0412, E0433, E0463.","code":null,"level":"failure-note","spans":[],"children":[],"rendered":"\u001b[1mSome errors have detailed explanations: E0405, E0412, E0433, E0463.\u001b[0m\n"}
{"$message_type":"diagnostic","message":"For more information about an error, try `rustc --explain E0405`.","code":null,"level":"failure-note","spans":[],"children":[],"rendered":"\u001b[1mFor more information about an error, try `rustc --explain E0405`.\u001b[0m\n"}
