{"$message_type":"diagnostic","message":"can't find crate for `std`","code":{"code":"E0463","explanation":"A crate was declared but cannot be found.\n\nErroneous code example:\n\n```compile_fail,E0463\nextern crate foo; // error: can't find crate\n```\n\nYou need to link your code to the relevant crate in order to be able to use it\n(through Cargo or the `-L` option of rustc, for example).\n\n## Common causes\n\n- The crate is not present at all. If using Cargo, add it to `[dependencies]`\n  in Cargo.toml.\n- The crate is present, but under a different name. If using Cargo, look for\n  `package = ` under `[dependencies]` in Cargo.toml.\n\n## Common causes for missing `std` or `core`\n\n- You are cross-compiling for a target which doesn't have `std` prepackaged.\n  Consider one of the following:\n  + Adding a pre-compiled version of std with `rustup target add`\n  + Building std from source with `cargo build -Z build-std`\n  + Using `#![no_std]` at the crate root, so you won't need `std` in the first\n    place.\n- You are developing the compiler itself and haven't built libstd from source.\n  You can usually build it with `x.py build library/std`. More information\n  about x.py is available in the [rustc-dev-guide].\n\n[rustc-dev-guide]: https://rustc-dev-guide.rust-lang.org/building/how-to-build-and-run.html#building-the-compiler\n"},"level":"error","spans":[{"file_name":"/home/jkfussy/.cargo/registry/src/index.crates.io-1949cf8c6b5b557f/anstyle-query-1.1.4/src/lib.rs","byte_start":0,"byte_end":0,"line_start":1,"line_end":1,"column_start":1,"column_end":1,"is_primary":true,"text":[],"label":"can't find crate","suggested_replacement":null,"suggestion_applicability":null,"expansion":null}],"children":[{"message":"the `aarch64-unknown-none` target may not support the standard library","code":null,"level":"note","spans":[],"children":[],"rendered":null},{"message":"`std` is required by `anstyle_query` because it does not declare `#![no_std]`","code":null,"level":"note","spans":[],"children":[],"rendered":null},{"message":"consider building the standard library from source with `cargo build -Zbuild-std`","code":null,"level":"help","spans":[],"children":[],"rendered":null}],"rendered":"\u001b[1m\u001b[91merror[E0463]\u001b[0m\u001b[1m: can't find crate for `std`\u001b[0m\n  \u001b[1m\u001b[94m|\u001b[0m\n  \u001b[1m\u001b[94m= \u001b[0m\u001b[1mnote\u001b[0m: the `aarch64-unknown-none` target may not support the standard library\n  \u001b[1m\u001b[94m= \u001b[0m\u001b[1mnote\u001b[0m: `std` is required by `anstyle_query` because it does not declare `#![no_std]`\n  \u001b[1m\u001b[94m= \u001b[0m\u001b[1mhelp\u001b[0m: consider building the standard library from source with `cargo build -Zbuild-std`\n\n"}
{"$message_type":"diagnostic","message":"cannot resolve a prelude import","code":null,"level":"error","spans":[{"file_name":"/home/jkfussy/.cargo/registry/src/index.crates.io-1949cf8c6b5b557f/anstyle-query-1.1.4/src/lib.rs","byte_start":0,"byte_end":0,"line_start":1,"line_end":1,"column_start":1,"column_end":1,"is_primary":true,"text":[],"label":null,"suggested_replacement":null,"suggestion_applicability":null,"expansion":null}],"children":[],"rendered":"\u001b[1m\u001b[91merror\u001b[0m\u001b[1m: cannot resolve a prelude import\u001b[0m\n\n"}
{"$message_type":"diagnostic","message":"can't find crate for `std`","code":{"code":"E0463","explanation":"A crate was declared but cannot be found.\n\nErroneous code example:\n\n```compile_fail,E0463\nextern crate foo; // error: can't find crate\n```\n\nYou need to link your code to the relevant crate in order to be able to use it\n(through Cargo or the `-L` option of rustc, for example).\n\n## Common causes\n\n- The crate is not present at all. If using Cargo, add it to `[dependencies]`\n  in Cargo.toml.\n- The crate is present, but under a different name. If using Cargo, look for\n  `package = ` under `[dependencies]` in Cargo.toml.\n\n## Common causes for missing `std` or `core`\n\n- You are cross-compiling for a target which doesn't have `std` prepackaged.\n  Consider one of the following:\n  + Adding a pre-compiled version of std with `rustup target add`\n  + Building std from source with `cargo build -Z build-std`\n  + Using `#![no_std]` at the crate root, so you won't need `std` in the first\n    place.\n- You are developing the compiler itself and haven't built libstd from source.\n  You can usually build it with `x.py build library/std`. More information\n  about x.py is available in the [rustc-dev-guide].\n\n[rustc-dev-guide]: https://rustc-dev-guide.rust-lang.org/building/how-to-build-and-run.html#building-the-compiler\n"},"level":"error","spans":[{"file_name":"/home/jkfussy/.cargo/registry/src/index.crates.io-1949cf8c6b5b557f/anstyle-query-1.1.4/src/lib.rs","byte_start":773,"byte_end":776,"line_start":24,"line_end":24,"column_start":17,"column_end":20,"is_primary":true,"text":[{"text":"    let value = std::env::var_os(\"CLICOLOR\")?;","highlight_start":17,"highlight_end":20}],"label":"can't find crate","suggested_replacement":null,"suggestion_applicability":null,"expansion":null}],"children":[{"message":"the `aarch64-unknown-none` target may not support the standard library","code":null,"level":"note","spans":[],"children":[],"rendered":null},{"message":"consider building the standard library from source with `cargo build -Zbuild-std`","code":null,"level":"help","spans":[],"children":[],"rendered":null}],"rendered":"\u001b[1m\u001b[91merror[E0463]\u001b[0m\u001b[1m: can't find crate for `std`\u001b[0m\n  \u001b[1m\u001b[94m--> \u001b[0m/home/jkfussy/.cargo/registry/src/index.crates.io-1949cf8c6b5b557f/anstyle-query-1.1.4/src/lib.rs:24:17\n   \u001b[1m\u001b[94m|\u001b[0m\n\u001b[1m\u001b[94m24\u001b[0m \u001b[1m\u001b[94m|\u001b[0m     let value = std::env::var_os(\"CLICOLOR\")?;\n   \u001b[1m\u001b[94m|\u001b[0m                 \u001b[1m\u001b[91m^^^\u001b[0m \u001b[1m\u001b[91mcan't find crate\u001b[0m\n   \u001b[1m\u001b[94m|\u001b[0m\n   \u001b[1m\u001b[94m= \u001b[0m\u001b[1mnote\u001b[0m: the `aarch64-unknown-none` target may not support the standard library\n   \u001b[1m\u001b[94m= \u001b[0m\u001b[1mhelp\u001b[0m: consider building the standard library from source with `cargo build -Zbuild-std`\n\n"}
{"$message_type":"diagnostic","message":"cannot find type `Option` in this scope","code":{"code":"E0412","explanation":"A used type name is not in scope.\n\nErroneous code examples:\n\n```compile_fail,E0412\nimpl Something {} // error: type name `Something` is not in scope\n\n// or:\n\ntrait Foo {\n    fn bar(N); // error: type name `N` is not in scope\n}\n\n// or:\n\nfn foo(x: T) {} // type name `T` is not in scope\n```\n\nTo fix this error, please verify you didn't misspell the type name, you did\ndeclare it or imported it into the scope. Examples:\n\n```\nstruct Something;\n\nimpl Something {} // ok!\n\n// or:\n\ntrait Foo {\n    type N;\n\n    fn bar(_: Self::N); // ok!\n}\n\n// or:\n\nfn foo<T>(x: T) {} // ok!\n```\n\nAnother case that causes this error is when a type is imported into a parent\nmodule. To fix this, you can follow the suggestion and use File directly or\n`use super::File;` which will import the types from the parent namespace. An\nexample that causes this error is below:\n\n```compile_fail,E0412\nuse std::fs::File;\n\nmod foo {\n    fn some_function(f: File) {}\n}\n```\n\n```\nuse std::fs::File;\n\nmod foo {\n    // either\n    use super::File;\n    // or\n    // use std::fs::File;\n    fn foo(f: File) {}\n}\n# fn main() {} // don't insert it for us; that'll break imports\n```\n"},"level":"error","spans":[{"file_name":"/home/jkfussy/.cargo/registry/src/index.crates.io-1949cf8c6b5b557f/anstyle-query-1.1.4/src/windows.rs","byte_start":1900,"byte_end":1906,"line_start":63,"line_end":63,"column_start":43,"column_end":49,"is_primary":true,"text":[{"text":"    pub(crate) fn enable_ansi_colors() -> Option<bool> {","highlight_start":43,"highlight_end":49}],"label":"not found in this scope","suggested_replacement":null,"suggestion_applicability":null,"expansion":null}],"children":[{"message":"consider importing this enum","code":null,"level":"help","spans":[{"file_name":"/home/jkfussy/.cargo/registry/src/index.crates.io-1949cf8c6b5b557f/anstyle-query-1.1.4/src/windows.rs","byte_start":1848,"byte_end":1848,"line_start":62,"line_end":62,"column_start":5,"column_end":5,"is_primary":true,"text":[{"text":"    #[inline]","highlight_start":5,"highlight_end":5}],"label":null,"suggested_replacement":"use core::option::Option;\n\n","suggestion_applicability":"MaybeIncorrect","expansion":null}],"children":[],"rendered":null}],"rendered":"\u001b[1m\u001b[91merror[E0412]\u001b[0m\u001b[1m: cannot find type `Option` in this scope\u001b[0m\n  \u001b[1m\u001b[94m--> \u001b[0m/home/jkfussy/.cargo/registry/src/index.crates.io-1949cf8c6b5b557f/anstyle-query-1.1.4/src/windows.rs:63:43\n   \u001b[1m\u001b[94m|\u001b[0m\n\u001b[1m\u001b[94m63\u001b[0m \u001b[1m\u001b[94m|\u001b[0m     pub(crate) fn enable_ansi_colors() -> Option<bool> {\n   \u001b[1m\u001b[94m|\u001b[0m                                           \u001b[1m\u001b[91m^^^^^^\u001b[0m \u001b[1m\u001b[91mnot found in this scope\u001b[0m\n   \u001b[1m\u001b[94m|\u001b[0m\n\u001b[1m\u001b[96mhelp\u001b[0m: consider importing this enum\n   \u001b[1m\u001b[94m|\u001b[0m\n\u001b[1m\u001b[94m62\u001b[0m \u001b[92m+ \u001b[0m    \u001b[92muse core::option::Option;\u001b[0m\n   \u001b[1m\u001b[94m|\u001b[0m\n\n"}
{"$message_type":"diagnostic","message":"cannot find value `None` in this scope","code":{"code":"E0425","explanation":"An unresolved name was used.\n\nErroneous code examples:\n\n```compile_fail,E0425\nsomething_that_doesnt_exist::foo;\n// error: unresolved name `something_that_doesnt_exist::foo`\n\n// or:\n\ntrait Foo {\n    fn bar() {\n        Self; // error: unresolved name `Self`\n    }\n}\n\n// or:\n\nlet x = unknown_variable;  // error: unresolved name `unknown_variable`\n```\n\nPlease verify that the name wasn't misspelled and ensure that the\nidentifier being referred to is valid for the given situation. Example:\n\n```\nenum something_that_does_exist {\n    Foo,\n}\n```\n\nOr:\n\n```\nmod something_that_does_exist {\n    pub static foo : i32 = 0i32;\n}\n\nsomething_that_does_exist::foo; // ok!\n```\n\nOr:\n\n```\nlet unknown_variable = 12u32;\nlet x = unknown_variable; // ok!\n```\n\nIf the item is not defined in the current module, it must be imported using a\n`use` statement, like so:\n\n```\n# mod foo { pub fn bar() {} }\n# fn main() {\nuse foo::bar;\nbar();\n# }\n```\n\nIf the item you are importing is not defined in some super-module of the\ncurrent module, then it must also be declared as public (e.g., `pub fn`).\n"},"level":"error","spans":[{"file_name":"/home/jkfussy/.cargo/registry/src/index.crates.io-1949cf8c6b5b557f/anstyle-query-1.1.4/src/windows.rs","byte_start":1923,"byte_end":1927,"line_start":64,"line_end":64,"column_start":9,"column_end":13,"is_primary":true,"text":[{"text":"        None","highlight_start":9,"highlight_end":13}],"label":"not found in this scope","suggested_replacement":null,"suggestion_applicability":null,"expansion":null}],"children":[{"message":"consider importing this unit variant","code":null,"level":"help","spans":[{"file_name":"/home/jkfussy/.cargo/registry/src/index.crates.io-1949cf8c6b5b557f/anstyle-query-1.1.4/src/windows.rs","byte_start":1848,"byte_end":1848,"line_start":62,"line_end":62,"column_start":5,"column_end":5,"is_primary":true,"text":[{"text":"    #[inline]","highlight_start":5,"highlight_end":5}],"label":null,"suggested_replacement":"use core::option::Option::None;\n\n","suggestion_applicability":"MaybeIncorrect","expansion":null}],"children":[],"rendered":null}],"rendered":"\u001b[1m\u001b[91merror[E0425]\u001b[0m\u001b[1m: cannot find value `None` in this scope\u001b[0m\n  \u001b[1m\u001b[94m--> \u001b[0m/home/jkfussy/.cargo/registry/src/index.crates.io-1949cf8c6b5b557f/anstyle-query-1.1.4/src/windows.rs:64:9\n   \u001b[1m\u001b[94m|\u001b[0m\n\u001b[1m\u001b[94m64\u001b[0m \u001b[1m\u001b[94m|\u001b[0m         None\n   \u001b[1m\u001b[94m|\u001b[0m         \u001b[1m\u001b[91m^^^^\u001b[0m \u001b[1m\u001b[91mnot found in this scope\u001b[0m\n   \u001b[1m\u001b[94m|\u001b[0m\n\u001b[1m\u001b[96mhelp\u001b[0m: consider importing this unit variant\n   \u001b[1m\u001b[94m|\u001b[0m\n\u001b[1m\u001b[94m62\u001b[0m \u001b[92m+ \u001b[0m    \u001b[92muse core::option::Option::None;\u001b[0m\n   \u001b[1m\u001b[94m|\u001b[0m\n\n"}
{"$message_type":"diagnostic","message":"cannot find type `Option` in this scope","code":{"code":"E0412","explanation":"A used type name is not in scope.\n\nErroneous code examples:\n\n```compile_fail,E0412\nimpl Something {} // error: type name `Something` is not in scope\n\n// or:\n\ntrait Foo {\n    fn bar(N); // error: type name `N` is not in scope\n}\n\n// or:\n\nfn foo(x: T) {} // type name `T` is not in scope\n```\n\nTo fix this error, please verify you didn't misspell the type name, you did\ndeclare it or imported it into the scope. Examples:\n\n```\nstruct Something;\n\nimpl Something {} // ok!\n\n// or:\n\ntrait Foo {\n    type N;\n\n    fn bar(_: Self::N); // ok!\n}\n\n// or:\n\nfn foo<T>(x: T) {} // ok!\n```\n\nAnother case that causes this error is when a type is imported into a parent\nmodule. To fix this, you can follow the suggestion and use File directly or\n`use super::File;` which will import the types from the parent namespace. An\nexample that causes this error is below:\n\n```compile_fail,E0412\nuse std::fs::File;\n\nmod foo {\n    fn some_function(f: File) {}\n}\n```\n\n```\nuse std::fs::File;\n\nmod foo {\n    // either\n    use super::File;\n    // or\n    // use std::fs::File;\n    fn foo(f: File) {}\n}\n# fn main() {} // don't insert it for us; that'll break imports\n```\n"},"level":"error","spans":[{"file_name":"/home/jkfussy/.cargo/registry/src/index.crates.io-1949cf8c6b5b557f/anstyle-query-1.1.4/src/windows.rs","byte_start":2189,"byte_end":2195,"line_start":71,"line_end":71,"column_start":32,"column_end":38,"is_primary":true,"text":[{"text":"pub fn enable_ansi_colors() -> Option<bool> {","highlight_start":32,"highlight_end":38}],"label":"not found in this scope","suggested_replacement":null,"suggestion_applicability":null,"expansion":null}],"children":[{"message":"consider importing this enum","code":null,"level":"help","spans":[{"file_name":"/home/jkfussy/.cargo/registry/src/index.crates.io-1949cf8c6b5b557f/anstyle-query-1.1.4/src/windows.rs","byte_start":36,"byte_end":36,"line_start":3,"line_end":3,"column_start":1,"column_end":1,"is_primary":true,"text":[{"text":"#[cfg(windows)]","highlight_start":1,"highlight_end":1}],"label":null,"suggested_replacement":"use core::option::Option;\n\n","suggestion_applicability":"MaybeIncorrect","expansion":null}],"children":[],"rendered":null}],"rendered":"\u001b[1m\u001b[91merror[E0412]\u001b[0m\u001b[1m: cannot find type `Option` in this scope\u001b[0m\n  \u001b[1m\u001b[94m--> \u001b[0m/home/jkfussy/.cargo/registry/src/index.crates.io-1949cf8c6b5b557f/anstyle-query-1.1.4/src/windows.rs:71:32\n   \u001b[1m\u001b[94m|\u001b[0m\n\u001b[1m\u001b[94m71\u001b[0m \u001b[1m\u001b[94m|\u001b[0m pub fn enable_ansi_colors() -> Option<bool> {\n   \u001b[1m\u001b[94m|\u001b[0m                                \u001b[1m\u001b[91m^^^^^^\u001b[0m \u001b[1m\u001b[91mnot found in this scope\u001b[0m\n   \u001b[1m\u001b[94m|\u001b[0m\n\u001b[1m\u001b[96mhelp\u001b[0m: consider importing this enum\n   \u001b[1m\u001b[94m|\u001b[0m\n\u001b[1m\u001b[94m 3\u001b[0m \u001b[92m+ use core::option::Option;\u001b[0m\n   \u001b[1m\u001b[94m|\u001b[0m\n\n"}
{"$message_type":"diagnostic","message":"cannot find type `Option` in this scope","code":{"code":"E0412","explanation":"A used type name is not in scope.\n\nErroneous code examples:\n\n```compile_fail,E0412\nimpl Something {} // error: type name `Something` is not in scope\n\n// or:\n\ntrait Foo {\n    fn bar(N); // error: type name `N` is not in scope\n}\n\n// or:\n\nfn foo(x: T) {} // type name `T` is not in scope\n```\n\nTo fix this error, please verify you didn't misspell the type name, you did\ndeclare it or imported it into the scope. Examples:\n\n```\nstruct Something;\n\nimpl Something {} // ok!\n\n// or:\n\ntrait Foo {\n    type N;\n\n    fn bar(_: Self::N); // ok!\n}\n\n// or:\n\nfn foo<T>(x: T) {} // ok!\n```\n\nAnother case that causes this error is when a type is imported into a parent\nmodule. To fix this, you can follow the suggestion and use File directly or\n`use super::File;` which will import the types from the parent namespace. An\nexample that causes this error is below:\n\n```compile_fail,E0412\nuse std::fs::File;\n\nmod foo {\n    fn some_function(f: File) {}\n}\n```\n\n```\nuse std::fs::File;\n\nmod foo {\n    // either\n    use super::File;\n    // or\n    // use std::fs::File;\n    fn foo(f: File) {}\n}\n# fn main() {} // don't insert it for us; that'll break imports\n```\n"},"level":"error","spans":[{"file_name":"/home/jkfussy/.cargo/registry/src/index.crates.io-1949cf8c6b5b557f/anstyle-query-1.1.4/src/lib.rs","byte_start":742,"byte_end":748,"line_start":23,"line_end":23,"column_start":22,"column_end":28,"is_primary":true,"text":[{"text":"pub fn clicolor() -> Option<bool> {","highlight_start":22,"highlight_end":28}],"label":"not found in this scope","suggested_replacement":null,"suggestion_applicability":null,"expansion":null}],"children":[{"message":"consider importing this enum","code":null,"level":"help","spans":[{"file_name":"/home/jkfussy/.cargo/registry/src/index.crates.io-1949cf8c6b5b557f/anstyle-query-1.1.4/src/lib.rs","byte_start":173,"byte_end":173,"line_start":8,"line_end":8,"column_start":1,"column_end":1,"is_primary":true,"text":[{"text":"pub mod windows;","highlight_start":1,"highlight_end":1}],"label":null,"suggested_replacement":"use core::option::Option;\n\n","suggestion_applicability":"MaybeIncorrect","expansion":null}],"children":[],"rendered":null}],"rendered":"\u001b[1m\u001b[91merror[E0412]\u001b[0m\u001b[1m: cannot find type `Option` in this scope\u001b[0m\n  \u001b[1m\u001b[94m--> \u001b[0m/home/jkfussy/.cargo/registry/src/index.crates.io-1949cf8c6b5b557f/anstyle-query-1.1.4/src/lib.rs:23:22\n   \u001b[1m\u001b[94m|\u001b[0m\n\u001b[1m\u001b[94m23\u001b[0m \u001b[1m\u001b[94m|\u001b[0m pub fn clicolor() -> Option<bool> {\n   \u001b[1m\u001b[94m|\u001b[0m                      \u001b[1m\u001b[91m^^^^^^\u001b[0m \u001b[1m\u001b[91mnot found in this scope\u001b[0m\n   \u001b[1m\u001b[94m|\u001b[0m\n\u001b[1m\u001b[96mhelp\u001b[0m: consider importing this enum\n   \u001b[1m\u001b[94m|\u001b[0m\n\u001b[1m\u001b[94m 8\u001b[0m \u001b[92m+ use core::option::Option;\u001b[0m\n   \u001b[1m\u001b[94m|\u001b[0m\n\n"}
{"$message_type":"diagnostic","message":"cannot find function, tuple struct or tuple variant `Some` in this scope","code":{"code":"E0425","explanation":"An unresolved name was used.\n\nErroneous code examples:\n\n```compile_fail,E0425\nsomething_that_doesnt_exist::foo;\n// error: unresolved name `something_that_doesnt_exist::foo`\n\n// or:\n\ntrait Foo {\n    fn bar() {\n        Self; // error: unresolved name `Self`\n    }\n}\n\n// or:\n\nlet x = unknown_variable;  // error: unresolved name `unknown_variable`\n```\n\nPlease verify that the name wasn't misspelled and ensure that the\nidentifier being referred to is valid for the given situation. Example:\n\n```\nenum something_that_does_exist {\n    Foo,\n}\n```\n\nOr:\n\n```\nmod something_that_does_exist {\n    pub static foo : i32 = 0i32;\n}\n\nsomething_that_does_exist::foo; // ok!\n```\n\nOr:\n\n```\nlet unknown_variable = 12u32;\nlet x = unknown_variable; // ok!\n```\n\nIf the item is not defined in the current module, it must be imported using a\n`use` statement, like so:\n\n```\n# mod foo { pub fn bar() {} }\n# fn main() {\nuse foo::bar;\nbar();\n# }\n```\n\nIf the item you are importing is not defined in some super-module of the\ncurrent module, then it must also be declared as public (e.g., `pub fn`).\n"},"level":"error","spans":[{"file_name":"/home/jkfussy/.cargo/registry/src/index.crates.io-1949cf8c6b5b557f/anstyle-query-1.1.4/src/lib.rs","byte_start":808,"byte_end":812,"line_start":25,"line_end":25,"column_start":5,"column_end":9,"is_primary":true,"text":[{"text":"    Some(value != \"0\")","highlight_start":5,"highlight_end":9}],"label":"not found in this scope","suggested_replacement":null,"suggestion_applicability":null,"expansion":null}],"children":[{"message":"consider importing this tuple variant","code":null,"level":"help","spans":[{"file_name":"/home/jkfussy/.cargo/registry/src/index.crates.io-1949cf8c6b5b557f/anstyle-query-1.1.4/src/lib.rs","byte_start":173,"byte_end":173,"line_start":8,"line_end":8,"column_start":1,"column_end":1,"is_primary":true,"text":[{"text":"pub mod windows;","highlight_start":1,"highlight_end":1}],"label":null,"suggested_replacement":"use core::option::Option::Some;\n\n","suggestion_applicability":"MaybeIncorrect","expansion":null}],"children":[],"rendered":null}],"rendered":"\u001b[1m\u001b[91merror[E0425]\u001b[0m\u001b[1m: cannot find function, tuple struct or tuple variant `Some` in this scope\u001b[0m\n  \u001b[1m\u001b[94m--> \u001b[0m/home/jkfussy/.cargo/registry/src/index.crates.io-1949cf8c6b5b557f/anstyle-query-1.1.4/src/lib.rs:25:5\n   \u001b[1m\u001b[94m|\u001b[0m\n\u001b[1m\u001b[94m25\u001b[0m \u001b[1m\u001b[94m|\u001b[0m     Some(value != \"0\")\n   \u001b[1m\u001b[94m|\u001b[0m     \u001b[1m\u001b[91m^^^^\u001b[0m \u001b[1m\u001b[91mnot found in this scope\u001b[0m\n   \u001b[1m\u001b[94m|\u001b[0m\n\u001b[1m\u001b[96mhelp\u001b[0m: consider importing this tuple variant\n   \u001b[1m\u001b[94m|\u001b[0m\n\u001b[1m\u001b[94m 8\u001b[0m \u001b[92m+ use core::option::Option::Some;\u001b[0m\n   \u001b[1m\u001b[94m|\u001b[0m\n\n"}
{"$message_type":"diagnostic","message":"cannot find tuple struct or tuple variant `Some` in this scope","code":{"code":"E0531","explanation":"An unknown tuple struct/variant has been used.\n\nErroneous code example:\n\n```compile_fail,E0531\nlet Type(x) = Type(12); // error!\nmatch Bar(12) {\n    Bar(x) => {} // error!\n    _ => {}\n}\n```\n\nIn most cases, it's either a forgotten import or a typo. However, let's look at\nhow you can have such a type:\n\n```edition2018\nstruct Type(u32); // this is a tuple struct\n\nenum Foo {\n    Bar(u32), // this is a tuple variant\n}\n\nuse Foo::*; // To use Foo's variant directly, we need to import them in\n            // the scope.\n```\n\nEither way, it should work fine with our previous code:\n\n```edition2018\nstruct Type(u32);\n\nenum Foo {\n    Bar(u32),\n}\nuse Foo::*;\n\nlet Type(x) = Type(12); // ok!\nmatch Type(12) {\n    Type(x) => {} // ok!\n    _ => {}\n}\n```\n"},"level":"error","spans":[{"file_name":"/home/jkfussy/.cargo/registry/src/index.crates.io-1949cf8c6b5b557f/anstyle-query-1.1.4/src/lib.rs","byte_start":1937,"byte_end":1941,"line_start":62,"line_end":62,"column_start":13,"column_end":17,"is_primary":true,"text":[{"text":"            Some(k) => {","highlight_start":13,"highlight_end":17}],"label":"not found in this scope","suggested_replacement":null,"suggestion_applicability":null,"expansion":null}],"children":[{"message":"consider importing this tuple variant","code":null,"level":"help","spans":[{"file_name":"/home/jkfussy/.cargo/registry/src/index.crates.io-1949cf8c6b5b557f/anstyle-query-1.1.4/src/lib.rs","byte_start":173,"byte_end":173,"line_start":8,"line_end":8,"column_start":1,"column_end":1,"is_primary":true,"text":[{"text":"pub mod windows;","highlight_start":1,"highlight_end":1}],"label":null,"suggested_replacement":"use core::option::Option::Some;\n\n","suggestion_applicability":"MaybeIncorrect","expansion":null}],"children":[],"rendered":null}],"rendered":"\u001b[1m\u001b[91merror[E0531]\u001b[0m\u001b[1m: cannot find tuple struct or tuple variant `Some` in this scope\u001b[0m\n  \u001b[1m\u001b[94m--> \u001b[0m/home/jkfussy/.cargo/registry/src/index.crates.io-1949cf8c6b5b557f/anstyle-query-1.1.4/src/lib.rs:62:13\n   \u001b[1m\u001b[94m|\u001b[0m\n\u001b[1m\u001b[94m62\u001b[0m \u001b[1m\u001b[94m|\u001b[0m             Some(k) => {\n   \u001b[1m\u001b[94m|\u001b[0m             \u001b[1m\u001b[91m^^^^\u001b[0m \u001b[1m\u001b[91mnot found in this scope\u001b[0m\n   \u001b[1m\u001b[94m|\u001b[0m\n\u001b[1m\u001b[96mhelp\u001b[0m: consider importing this tuple variant\n   \u001b[1m\u001b[94m|\u001b[0m\n\u001b[1m\u001b[94m 8\u001b[0m \u001b[92m+ use core::option::Option::Some;\u001b[0m\n   \u001b[1m\u001b[94m|\u001b[0m\n\n"}
{"$message_type":"diagnostic","message":"cannot find type `Option` in this scope","code":{"code":"E0412","explanation":"A used type name is not in scope.\n\nErroneous code examples:\n\n```compile_fail,E0412\nimpl Something {} // error: type name `Something` is not in scope\n\n// or:\n\ntrait Foo {\n    fn bar(N); // error: type name `N` is not in scope\n}\n\n// or:\n\nfn foo(x: T) {} // type name `T` is not in scope\n```\n\nTo fix this error, please verify you didn't misspell the type name, you did\ndeclare it or imported it into the scope. Examples:\n\n```\nstruct Something;\n\nimpl Something {} // ok!\n\n// or:\n\ntrait Foo {\n    type N;\n\n    fn bar(_: Self::N); // ok!\n}\n\n// or:\n\nfn foo<T>(x: T) {} // ok!\n```\n\nAnother case that causes this error is when a type is imported into a parent\nmodule. To fix this, you can follow the suggestion and use File directly or\n`use super::File;` which will import the types from the parent namespace. An\nexample that causes this error is below:\n\n```compile_fail,E0412\nuse std::fs::File;\n\nmod foo {\n    fn some_function(f: File) {}\n}\n```\n\n```\nuse std::fs::File;\n\nmod foo {\n    // either\n    use super::File;\n    // or\n    // use std::fs::File;\n    fn foo(f: File) {}\n}\n# fn main() {} // don't insert it for us; that'll break imports\n```\n"},"level":"error","spans":[{"file_name":"/home/jkfussy/.cargo/registry/src/index.crates.io-1949cf8c6b5b557f/anstyle-query-1.1.4/src/lib.rs","byte_start":4131,"byte_end":4137,"line_start":137,"line_end":137,"column_start":19,"column_end":25,"is_primary":true,"text":[{"text":"fn non_empty(var: Option<&std::ffi::OsStr>) -> bool {","highlight_start":19,"highlight_end":25}],"label":"not found in this scope","suggested_replacement":null,"suggestion_applicability":null,"expansion":null}],"children":[{"message":"consider importing this enum","code":null,"level":"help","spans":[{"file_name":"/home/jkfussy/.cargo/registry/src/index.crates.io-1949cf8c6b5b557f/anstyle-query-1.1.4/src/lib.rs","byte_start":173,"byte_end":173,"line_start":8,"line_end":8,"column_start":1,"column_end":1,"is_primary":true,"text":[{"text":"pub mod windows;","highlight_start":1,"highlight_end":1}],"label":null,"suggested_replacement":"use core::option::Option;\n\n","suggestion_applicability":"MaybeIncorrect","expansion":null}],"children":[],"rendered":null}],"rendered":"\u001b[1m\u001b[91merror[E0412]\u001b[0m\u001b[1m: cannot find type `Option` in this scope\u001b[0m\n   \u001b[1m\u001b[94m--> \u001b[0m/home/jkfussy/.cargo/registry/src/index.crates.io-1949cf8c6b5b557f/anstyle-query-1.1.4/src/lib.rs:137:19\n    \u001b[1m\u001b[94m|\u001b[0m\n\u001b[1m\u001b[94m137\u001b[0m \u001b[1m\u001b[94m|\u001b[0m fn non_empty(var: Option<&std::ffi::OsStr>) -> bool {\n    \u001b[1m\u001b[94m|\u001b[0m                   \u001b[1m\u001b[91m^^^^^^\u001b[0m \u001b[1m\u001b[91mnot found in this scope\u001b[0m\n    \u001b[1m\u001b[94m|\u001b[0m\n\u001b[1m\u001b[96mhelp\u001b[0m: consider importing this enum\n    \u001b[1m\u001b[94m|\u001b[0m\n\u001b[1m\u001b[94m  8\u001b[0m \u001b[92m+ use core::option::Option;\u001b[0m\n    \u001b[1m\u001b[94m|\u001b[0m\n\n"}
{"$message_type":"diagnostic","message":"aborting due to 10 previous errors","code":null,"level":"error","spans":[],"children":[],"rendered":"\u001b[1m\u001b[91merror\u001b[0m\u001b[1m: aborting due to 10 previous errors\u001b[0m\n\n"}
{"$message_type":"diagnostic","message":"Some errors have detailed explanations: E0412, E0425, E0463, E0531.","code":null,"level":"failure-note","spans":[],"children":[],"rendered":"\u001b[1mSome errors have detailed explanations: E0412, E0425, E0463, E0531.\u001b[0m\n"}
{"$message_type":"diagnostic","message":"For more information about an error, try `rustc --explain E0412`.","code":null,"level":"failure-note","spans":[],"children":[],"rendered":"\u001b[1mFor more information about an error, try `rustc --explain E0412`.\u001b[0m\n"}
