{"$message_type":"diagnostic","message":"can't find crate for `std`","code":{"code":"E0463","explanation":"A crate was declared but cannot be found.\n\nErroneous code example:\n\n```compile_fail,E0463\nextern crate foo; // error: can't find crate\n```\n\nYou need to link your code to the relevant crate in order to be able to use it\n(through Cargo or the `-L` option of rustc, for example).\n\n## Common causes\n\n- The crate is not present at all. If using Cargo, add it to `[dependencies]`\n  in Cargo.toml.\n- The crate is present, but under a different name. If using Cargo, look for\n  `package = ` under `[dependencies]` in Cargo.toml.\n\n## Common causes for missing `std` or `core`\n\n- You are cross-compiling for a target which doesn't have `std` prepackaged.\n  Consider one of the following:\n  + Adding a pre-compiled version of std with `rustup target add`\n  + Building std from source with `cargo build -Z build-std`\n  + Using `#![no_std]` at the crate root, so you won't need `std` in the first\n    place.\n- You are developing the compiler itself and haven't built libstd from source.\n  You can usually build it with `x.py build library/std`. More information\n  about x.py is available in the [rustc-dev-guide].\n\n[rustc-dev-guide]: https://rustc-dev-guide.rust-lang.org/building/how-to-build-and-run.html#building-the-compiler\n"},"level":"error","spans":[{"file_name":"/home/jkfussy/.cargo/registry/src/index.crates.io-1949cf8c6b5b557f/tower-service-0.3.3/src/lib.rs","byte_start":0,"byte_end":0,"line_start":1,"line_end":1,"column_start":1,"column_end":1,"is_primary":true,"text":[],"label":"can't find crate","suggested_replacement":null,"suggestion_applicability":null,"expansion":null}],"children":[{"message":"the `aarch64-unknown-none` target may not support the standard library","code":null,"level":"note","spans":[],"children":[],"rendered":null},{"message":"`std` is required by `tower_service` because it does not declare `#![no_std]`","code":null,"level":"note","spans":[],"children":[],"rendered":null},{"message":"consider building the standard library from source with `cargo build -Zbuild-std`","code":null,"level":"help","spans":[],"children":[],"rendered":null}],"rendered":"\u001b[1m\u001b[91merror[E0463]\u001b[0m\u001b[1m: can't find crate for `std`\u001b[0m\n  \u001b[1m\u001b[94m|\u001b[0m\n  \u001b[1m\u001b[94m= \u001b[0m\u001b[1mnote\u001b[0m: the `aarch64-unknown-none` target may not support the standard library\n  \u001b[1m\u001b[94m= \u001b[0m\u001b[1mnote\u001b[0m: `std` is required by `tower_service` because it does not declare `#![no_std]`\n  \u001b[1m\u001b[94m= \u001b[0m\u001b[1mhelp\u001b[0m: consider building the standard library from source with `cargo build -Zbuild-std`\n\n"}
{"$message_type":"diagnostic","message":"cannot resolve a prelude import","code":null,"level":"error","spans":[{"file_name":"/home/jkfussy/.cargo/registry/src/index.crates.io-1949cf8c6b5b557f/tower-service-0.3.3/src/lib.rs","byte_start":0,"byte_end":0,"line_start":1,"line_end":1,"column_start":1,"column_end":1,"is_primary":true,"text":[],"label":null,"suggested_replacement":null,"suggestion_applicability":null,"expansion":null}],"children":[],"rendered":"\u001b[1m\u001b[91merror\u001b[0m\u001b[1m: cannot resolve a prelude import\u001b[0m\n\n"}
{"$message_type":"diagnostic","message":"can't find crate for `std`","code":{"code":"E0463","explanation":"A crate was declared but cannot be found.\n\nErroneous code example:\n\n```compile_fail,E0463\nextern crate foo; // error: can't find crate\n```\n\nYou need to link your code to the relevant crate in order to be able to use it\n(through Cargo or the `-L` option of rustc, for example).\n\n## Common causes\n\n- The crate is not present at all. If using Cargo, add it to `[dependencies]`\n  in Cargo.toml.\n- The crate is present, but under a different name. If using Cargo, look for\n  `package = ` under `[dependencies]` in Cargo.toml.\n\n## Common causes for missing `std` or `core`\n\n- You are cross-compiling for a target which doesn't have `std` prepackaged.\n  Consider one of the following:\n  + Adding a pre-compiled version of std with `rustup target add`\n  + Building std from source with `cargo build -Z build-std`\n  + Using `#![no_std]` at the crate root, so you won't need `std` in the first\n    place.\n- You are developing the compiler itself and haven't built libstd from source.\n  You can usually build it with `x.py build library/std`. More information\n  about x.py is available in the [rustc-dev-guide].\n\n[rustc-dev-guide]: https://rustc-dev-guide.rust-lang.org/building/how-to-build-and-run.html#building-the-compiler\n"},"level":"error","spans":[{"file_name":"/home/jkfussy/.cargo/registry/src/index.crates.io-1949cf8c6b5b557f/tower-service-0.3.3/src/lib.rs","byte_start":449,"byte_end":452,"line_start":16,"line_end":16,"column_start":5,"column_end":8,"is_primary":true,"text":[{"text":"use std::future::Future;","highlight_start":5,"highlight_end":8}],"label":"can't find crate","suggested_replacement":null,"suggestion_applicability":null,"expansion":null}],"children":[{"message":"the `aarch64-unknown-none` target may not support the standard library","code":null,"level":"note","spans":[],"children":[],"rendered":null},{"message":"consider building the standard library from source with `cargo build -Zbuild-std`","code":null,"level":"help","spans":[],"children":[],"rendered":null}],"rendered":"\u001b[1m\u001b[91merror[E0463]\u001b[0m\u001b[1m: can't find crate for `std`\u001b[0m\n  \u001b[1m\u001b[94m--> \u001b[0m/home/jkfussy/.cargo/registry/src/index.crates.io-1949cf8c6b5b557f/tower-service-0.3.3/src/lib.rs:16:5\n   \u001b[1m\u001b[94m|\u001b[0m\n\u001b[1m\u001b[94m16\u001b[0m \u001b[1m\u001b[94m|\u001b[0m use std::future::Future;\n   \u001b[1m\u001b[94m|\u001b[0m     \u001b[1m\u001b[91m^^^\u001b[0m \u001b[1m\u001b[91mcan't find crate\u001b[0m\n   \u001b[1m\u001b[94m|\u001b[0m\n   \u001b[1m\u001b[94m= \u001b[0m\u001b[1mnote\u001b[0m: the `aarch64-unknown-none` target may not support the standard library\n   \u001b[1m\u001b[94m= \u001b[0m\u001b[1mhelp\u001b[0m: consider building the standard library from source with `cargo build -Zbuild-std`\n\n"}
{"$message_type":"diagnostic","message":"cannot find type `Result` in this scope","code":{"code":"E0412","explanation":"A used type name is not in scope.\n\nErroneous code examples:\n\n```compile_fail,E0412\nimpl Something {} // error: type name `Something` is not in scope\n\n// or:\n\ntrait Foo {\n    fn bar(N); // error: type name `N` is not in scope\n}\n\n// or:\n\nfn foo(x: T) {} // type name `T` is not in scope\n```\n\nTo fix this error, please verify you didn't misspell the type name, you did\ndeclare it or imported it into the scope. Examples:\n\n```\nstruct Something;\n\nimpl Something {} // ok!\n\n// or:\n\ntrait Foo {\n    type N;\n\n    fn bar(_: Self::N); // ok!\n}\n\n// or:\n\nfn foo<T>(x: T) {} // ok!\n```\n\nAnother case that causes this error is when a type is imported into a parent\nmodule. To fix this, you can follow the suggestion and use File directly or\n`use super::File;` which will import the types from the parent namespace. An\nexample that causes this error is below:\n\n```compile_fail,E0412\nuse std::fs::File;\n\nmod foo {\n    fn some_function(f: File) {}\n}\n```\n\n```\nuse std::fs::File;\n\nmod foo {\n    // either\n    use super::File;\n    // or\n    // use std::fs::File;\n    fn foo(f: File) {}\n}\n# fn main() {} // don't insert it for us; that'll break imports\n```\n"},"level":"error","spans":[{"file_name":"/home/jkfussy/.cargo/registry/src/index.crates.io-1949cf8c6b5b557f/tower-service-0.3.3/src/lib.rs","byte_start":10776,"byte_end":10782,"line_start":319,"line_end":319,"column_start":34,"column_end":40,"is_primary":true,"text":[{"text":"    type Future: Future<Output = Result<Self::Response, Self::Error>>;","highlight_start":34,"highlight_end":40}],"label":"not found in this scope","suggested_replacement":null,"suggestion_applicability":null,"expansion":null}],"children":[{"message":"consider importing one of these items","code":null,"level":"help","spans":[{"file_name":"/home/jkfussy/.cargo/registry/src/index.crates.io-1949cf8c6b5b557f/tower-service-0.3.3/src/lib.rs","byte_start":445,"byte_end":445,"line_start":16,"line_end":16,"column_start":1,"column_end":1,"is_primary":true,"text":[{"text":"use std::future::Future;","highlight_start":1,"highlight_end":1}],"label":null,"suggested_replacement":"use core::fmt::Result;\n","suggestion_applicability":"MaybeIncorrect","expansion":null},{"file_name":"/home/jkfussy/.cargo/registry/src/index.crates.io-1949cf8c6b5b557f/tower-service-0.3.3/src/lib.rs","byte_start":445,"byte_end":445,"line_start":16,"line_end":16,"column_start":1,"column_end":1,"is_primary":true,"text":[{"text":"use std::future::Future;","highlight_start":1,"highlight_end":1}],"label":null,"suggested_replacement":"use core::result::Result;\n","suggestion_applicability":"MaybeIncorrect","expansion":null}],"children":[],"rendered":null}],"rendered":"\u001b[1m\u001b[91merror[E0412]\u001b[0m\u001b[1m: cannot find type `Result` in this scope\u001b[0m\n   \u001b[1m\u001b[94m--> \u001b[0m/home/jkfussy/.cargo/registry/src/index.crates.io-1949cf8c6b5b557f/tower-service-0.3.3/src/lib.rs:319:34\n    \u001b[1m\u001b[94m|\u001b[0m\n\u001b[1m\u001b[94m319\u001b[0m \u001b[1m\u001b[94m|\u001b[0m     type Future: Future<Output = Result<Self::Response, Self::Error>>;\n    \u001b[1m\u001b[94m|\u001b[0m                                  \u001b[1m\u001b[91m^^^^^^\u001b[0m \u001b[1m\u001b[91mnot found in this scope\u001b[0m\n    \u001b[1m\u001b[94m|\u001b[0m\n\u001b[1m\u001b[96mhelp\u001b[0m: consider importing one of these items\n    \u001b[1m\u001b[94m|\u001b[0m\n\u001b[1m\u001b[94m 16\u001b[0m \u001b[92m+ use core::fmt::Result;\u001b[0m\n    \u001b[1m\u001b[94m|\u001b[0m\n\u001b[1m\u001b[94m 16\u001b[0m \u001b[92m+ use core::result::Result;\u001b[0m\n    \u001b[1m\u001b[94m|\u001b[0m\n\n"}
{"$message_type":"diagnostic","message":"cannot find type `Result` in this scope","code":{"code":"E0412","explanation":"A used type name is not in scope.\n\nErroneous code examples:\n\n```compile_fail,E0412\nimpl Something {} // error: type name `Something` is not in scope\n\n// or:\n\ntrait Foo {\n    fn bar(N); // error: type name `N` is not in scope\n}\n\n// or:\n\nfn foo(x: T) {} // type name `T` is not in scope\n```\n\nTo fix this error, please verify you didn't misspell the type name, you did\ndeclare it or imported it into the scope. Examples:\n\n```\nstruct Something;\n\nimpl Something {} // ok!\n\n// or:\n\ntrait Foo {\n    type N;\n\n    fn bar(_: Self::N); // ok!\n}\n\n// or:\n\nfn foo<T>(x: T) {} // ok!\n```\n\nAnother case that causes this error is when a type is imported into a parent\nmodule. To fix this, you can follow the suggestion and use File directly or\n`use super::File;` which will import the types from the parent namespace. An\nexample that causes this error is below:\n\n```compile_fail,E0412\nuse std::fs::File;\n\nmod foo {\n    fn some_function(f: File) {}\n}\n```\n\n```\nuse std::fs::File;\n\nmod foo {\n    // either\n    use super::File;\n    // or\n    // use std::fs::File;\n    fn foo(f: File) {}\n}\n# fn main() {} // don't insert it for us; that'll break imports\n```\n"},"level":"error","spans":[{"file_name":"/home/jkfussy/.cargo/registry/src/index.crates.io-1949cf8c6b5b557f/tower-service-0.3.3/src/lib.rs","byte_start":12096,"byte_end":12102,"line_start":340,"line_end":340,"column_start":60,"column_end":66,"is_primary":true,"text":[{"text":"    fn poll_ready(&mut self, cx: &mut Context<'_>) -> Poll<Result<(), Self::Error>>;","highlight_start":60,"highlight_end":66}],"label":"not found in this scope","suggested_replacement":null,"suggestion_applicability":null,"expansion":null}],"children":[{"message":"consider importing one of these items","code":null,"level":"help","spans":[{"file_name":"/home/jkfussy/.cargo/registry/src/index.crates.io-1949cf8c6b5b557f/tower-service-0.3.3/src/lib.rs","byte_start":445,"byte_end":445,"line_start":16,"line_end":16,"column_start":1,"column_end":1,"is_primary":true,"text":[{"text":"use std::future::Future;","highlight_start":1,"highlight_end":1}],"label":null,"suggested_replacement":"use core::fmt::Result;\n","suggestion_applicability":"MaybeIncorrect","expansion":null},{"file_name":"/home/jkfussy/.cargo/registry/src/index.crates.io-1949cf8c6b5b557f/tower-service-0.3.3/src/lib.rs","byte_start":445,"byte_end":445,"line_start":16,"line_end":16,"column_start":1,"column_end":1,"is_primary":true,"text":[{"text":"use std::future::Future;","highlight_start":1,"highlight_end":1}],"label":null,"suggested_replacement":"use core::result::Result;\n","suggestion_applicability":"MaybeIncorrect","expansion":null}],"children":[],"rendered":null}],"rendered":"\u001b[1m\u001b[91merror[E0412]\u001b[0m\u001b[1m: cannot find type `Result` in this scope\u001b[0m\n   \u001b[1m\u001b[94m--> \u001b[0m/home/jkfussy/.cargo/registry/src/index.crates.io-1949cf8c6b5b557f/tower-service-0.3.3/src/lib.rs:340:60\n    \u001b[1m\u001b[94m|\u001b[0m\n\u001b[1m\u001b[94m340\u001b[0m \u001b[1m\u001b[94m|\u001b[0m     fn poll_ready(&mut self, cx: &mut Context<'_>) -> Poll<Result<(), Self::Error>>;\n    \u001b[1m\u001b[94m|\u001b[0m                                                            \u001b[1m\u001b[91m^^^^^^\u001b[0m \u001b[1m\u001b[91mnot found in this scope\u001b[0m\n    \u001b[1m\u001b[94m|\u001b[0m\n\u001b[1m\u001b[96mhelp\u001b[0m: consider importing one of these items\n    \u001b[1m\u001b[94m|\u001b[0m\n\u001b[1m\u001b[94m 16\u001b[0m \u001b[92m+ use core::fmt::Result;\u001b[0m\n    \u001b[1m\u001b[94m|\u001b[0m\n\u001b[1m\u001b[94m 16\u001b[0m \u001b[92m+ use core::result::Result;\u001b[0m\n    \u001b[1m\u001b[94m|\u001b[0m\n\n"}
{"$message_type":"diagnostic","message":"cannot find type `Result` in this scope","code":{"code":"E0412","explanation":"A used type name is not in scope.\n\nErroneous code examples:\n\n```compile_fail,E0412\nimpl Something {} // error: type name `Something` is not in scope\n\n// or:\n\ntrait Foo {\n    fn bar(N); // error: type name `N` is not in scope\n}\n\n// or:\n\nfn foo(x: T) {} // type name `T` is not in scope\n```\n\nTo fix this error, please verify you didn't misspell the type name, you did\ndeclare it or imported it into the scope. Examples:\n\n```\nstruct Something;\n\nimpl Something {} // ok!\n\n// or:\n\ntrait Foo {\n    type N;\n\n    fn bar(_: Self::N); // ok!\n}\n\n// or:\n\nfn foo<T>(x: T) {} // ok!\n```\n\nAnother case that causes this error is when a type is imported into a parent\nmodule. To fix this, you can follow the suggestion and use File directly or\n`use super::File;` which will import the types from the parent namespace. An\nexample that causes this error is below:\n\n```compile_fail,E0412\nuse std::fs::File;\n\nmod foo {\n    fn some_function(f: File) {}\n}\n```\n\n```\nuse std::fs::File;\n\nmod foo {\n    // either\n    use super::File;\n    // or\n    // use std::fs::File;\n    fn foo(f: File) {}\n}\n# fn main() {} // don't insert it for us; that'll break imports\n```\n"},"level":"error","spans":[{"file_name":"/home/jkfussy/.cargo/registry/src/index.crates.io-1949cf8c6b5b557f/tower-service-0.3.3/src/lib.rs","byte_start":12986,"byte_end":12992,"line_start":366,"line_end":366,"column_start":60,"column_end":66,"is_primary":true,"text":[{"text":"    fn poll_ready(&mut self, cx: &mut Context<'_>) -> Poll<Result<(), S::Error>> {","highlight_start":60,"highlight_end":66}],"label":"not found in this scope","suggested_replacement":null,"suggestion_applicability":null,"expansion":null}],"children":[{"message":"consider importing one of these items","code":null,"level":"help","spans":[{"file_name":"/home/jkfussy/.cargo/registry/src/index.crates.io-1949cf8c6b5b557f/tower-service-0.3.3/src/lib.rs","byte_start":445,"byte_end":445,"line_start":16,"line_end":16,"column_start":1,"column_end":1,"is_primary":true,"text":[{"text":"use std::future::Future;","highlight_start":1,"highlight_end":1}],"label":null,"suggested_replacement":"use core::fmt::Result;\n","suggestion_applicability":"MaybeIncorrect","expansion":null},{"file_name":"/home/jkfussy/.cargo/registry/src/index.crates.io-1949cf8c6b5b557f/tower-service-0.3.3/src/lib.rs","byte_start":445,"byte_end":445,"line_start":16,"line_end":16,"column_start":1,"column_end":1,"is_primary":true,"text":[{"text":"use std::future::Future;","highlight_start":1,"highlight_end":1}],"label":null,"suggested_replacement":"use core::result::Result;\n","suggestion_applicability":"MaybeIncorrect","expansion":null}],"children":[],"rendered":null}],"rendered":"\u001b[1m\u001b[91merror[E0412]\u001b[0m\u001b[1m: cannot find type `Result` in this scope\u001b[0m\n   \u001b[1m\u001b[94m--> \u001b[0m/home/jkfussy/.cargo/registry/src/index.crates.io-1949cf8c6b5b557f/tower-service-0.3.3/src/lib.rs:366:60\n    \u001b[1m\u001b[94m|\u001b[0m\n\u001b[1m\u001b[94m366\u001b[0m \u001b[1m\u001b[94m|\u001b[0m     fn poll_ready(&mut self, cx: &mut Context<'_>) -> Poll<Result<(), S::Error>> {\n    \u001b[1m\u001b[94m|\u001b[0m                                                            \u001b[1m\u001b[91m^^^^^^\u001b[0m \u001b[1m\u001b[91mnot found in this scope\u001b[0m\n    \u001b[1m\u001b[94m|\u001b[0m\n\u001b[1m\u001b[96mhelp\u001b[0m: consider importing one of these items\n    \u001b[1m\u001b[94m|\u001b[0m\n\u001b[1m\u001b[94m 16\u001b[0m \u001b[92m+ use core::fmt::Result;\u001b[0m\n    \u001b[1m\u001b[94m|\u001b[0m\n\u001b[1m\u001b[94m 16\u001b[0m \u001b[92m+ use core::result::Result;\u001b[0m\n    \u001b[1m\u001b[94m|\u001b[0m\n\n"}
{"$message_type":"diagnostic","message":"cannot find type `Box` in this scope","code":{"code":"E0412","explanation":"A used type name is not in scope.\n\nErroneous code examples:\n\n```compile_fail,E0412\nimpl Something {} // error: type name `Something` is not in scope\n\n// or:\n\ntrait Foo {\n    fn bar(N); // error: type name `N` is not in scope\n}\n\n// or:\n\nfn foo(x: T) {} // type name `T` is not in scope\n```\n\nTo fix this error, please verify you didn't misspell the type name, you did\ndeclare it or imported it into the scope. Examples:\n\n```\nstruct Something;\n\nimpl Something {} // ok!\n\n// or:\n\ntrait Foo {\n    type N;\n\n    fn bar(_: Self::N); // ok!\n}\n\n// or:\n\nfn foo<T>(x: T) {} // ok!\n```\n\nAnother case that causes this error is when a type is imported into a parent\nmodule. To fix this, you can follow the suggestion and use File directly or\n`use super::File;` which will import the types from the parent namespace. An\nexample that causes this error is below:\n\n```compile_fail,E0412\nuse std::fs::File;\n\nmod foo {\n    fn some_function(f: File) {}\n}\n```\n\n```\nuse std::fs::File;\n\nmod foo {\n    // either\n    use super::File;\n    // or\n    // use std::fs::File;\n    fn foo(f: File) {}\n}\n# fn main() {} // don't insert it for us; that'll break imports\n```\n"},"level":"error","spans":[{"file_name":"/home/jkfussy/.cargo/registry/src/index.crates.io-1949cf8c6b5b557f/tower-service-0.3.3/src/lib.rs","byte_start":13183,"byte_end":13186,"line_start":375,"line_end":375,"column_start":39,"column_end":42,"is_primary":true,"text":[{"text":"impl<S, Request> Service<Request> for Box<S>","highlight_start":39,"highlight_end":42}],"label":"not found in this scope","suggested_replacement":null,"suggestion_applicability":null,"expansion":null}],"children":[],"rendered":"\u001b[1m\u001b[91merror[E0412]\u001b[0m\u001b[1m: cannot find type `Box` in this scope\u001b[0m\n   \u001b[1m\u001b[94m--> \u001b[0m/home/jkfussy/.cargo/registry/src/index.crates.io-1949cf8c6b5b557f/tower-service-0.3.3/src/lib.rs:375:39\n    \u001b[1m\u001b[94m|\u001b[0m\n\u001b[1m\u001b[94m375\u001b[0m \u001b[1m\u001b[94m|\u001b[0m impl<S, Request> Service<Request> for Box<S>\n    \u001b[1m\u001b[94m|\u001b[0m                                       \u001b[1m\u001b[91m^^^\u001b[0m \u001b[1m\u001b[91mnot found in this scope\u001b[0m\n\n"}
{"$message_type":"diagnostic","message":"cannot find trait `Sized` in this scope","code":{"code":"E0405","explanation":"The code refers to a trait that is not in scope.\n\nErroneous code example:\n\n```compile_fail,E0405\nstruct Foo;\n\nimpl SomeTrait for Foo {} // error: trait `SomeTrait` is not in scope\n```\n\nPlease verify that the name of the trait wasn't misspelled and ensure that it\nwas imported. Example:\n\n```\n# #[cfg(for_demonstration_only)]\n// solution 1:\nuse some_file::SomeTrait;\n\n// solution 2:\ntrait SomeTrait {\n    // some functions\n}\n\nstruct Foo;\n\nimpl SomeTrait for Foo { // ok!\n    // implements functions\n}\n```\n"},"level":"error","spans":[{"file_name":"/home/jkfussy/.cargo/registry/src/index.crates.io-1949cf8c6b5b557f/tower-service-0.3.3/src/lib.rs","byte_start":13223,"byte_end":13228,"line_start":377,"line_end":377,"column_start":28,"column_end":33,"is_primary":true,"text":[{"text":"    S: Service<Request> + ?Sized,","highlight_start":28,"highlight_end":33}],"label":"not found in this scope","suggested_replacement":null,"suggestion_applicability":null,"expansion":null}],"children":[{"message":"consider importing this trait","code":null,"level":"help","spans":[{"file_name":"/home/jkfussy/.cargo/registry/src/index.crates.io-1949cf8c6b5b557f/tower-service-0.3.3/src/lib.rs","byte_start":445,"byte_end":445,"line_start":16,"line_end":16,"column_start":1,"column_end":1,"is_primary":true,"text":[{"text":"use std::future::Future;","highlight_start":1,"highlight_end":1}],"label":null,"suggested_replacement":"use core::marker::Sized;\n","suggestion_applicability":"MaybeIncorrect","expansion":null}],"children":[],"rendered":null}],"rendered":"\u001b[1m\u001b[91merror[E0405]\u001b[0m\u001b[1m: cannot find trait `Sized` in this scope\u001b[0m\n   \u001b[1m\u001b[94m--> \u001b[0m/home/jkfussy/.cargo/registry/src/index.crates.io-1949cf8c6b5b557f/tower-service-0.3.3/src/lib.rs:377:28\n    \u001b[1m\u001b[94m|\u001b[0m\n\u001b[1m\u001b[94m377\u001b[0m \u001b[1m\u001b[94m|\u001b[0m     S: Service<Request> + ?Sized,\n    \u001b[1m\u001b[94m|\u001b[0m                            \u001b[1m\u001b[91m^^^^^\u001b[0m \u001b[1m\u001b[91mnot found in this scope\u001b[0m\n    \u001b[1m\u001b[94m|\u001b[0m\n\u001b[1m\u001b[96mhelp\u001b[0m: consider importing this trait\n    \u001b[1m\u001b[94m|\u001b[0m\n\u001b[1m\u001b[94m 16\u001b[0m \u001b[92m+ use core::marker::Sized;\u001b[0m\n    \u001b[1m\u001b[94m|\u001b[0m\n\n"}
{"$message_type":"diagnostic","message":"cannot find type `Result` in this scope","code":{"code":"E0412","explanation":"A used type name is not in scope.\n\nErroneous code examples:\n\n```compile_fail,E0412\nimpl Something {} // error: type name `Something` is not in scope\n\n// or:\n\ntrait Foo {\n    fn bar(N); // error: type name `N` is not in scope\n}\n\n// or:\n\nfn foo(x: T) {} // type name `T` is not in scope\n```\n\nTo fix this error, please verify you didn't misspell the type name, you did\ndeclare it or imported it into the scope. Examples:\n\n```\nstruct Something;\n\nimpl Something {} // ok!\n\n// or:\n\ntrait Foo {\n    type N;\n\n    fn bar(_: Self::N); // ok!\n}\n\n// or:\n\nfn foo<T>(x: T) {} // ok!\n```\n\nAnother case that causes this error is when a type is imported into a parent\nmodule. To fix this, you can follow the suggestion and use File directly or\n`use super::File;` which will import the types from the parent namespace. An\nexample that causes this error is below:\n\n```compile_fail,E0412\nuse std::fs::File;\n\nmod foo {\n    fn some_function(f: File) {}\n}\n```\n\n```\nuse std::fs::File;\n\nmod foo {\n    // either\n    use super::File;\n    // or\n    // use std::fs::File;\n    fn foo(f: File) {}\n}\n# fn main() {} // don't insert it for us; that'll break imports\n```\n"},"level":"error","spans":[{"file_name":"/home/jkfussy/.cargo/registry/src/index.crates.io-1949cf8c6b5b557f/tower-service-0.3.3/src/lib.rs","byte_start":13381,"byte_end":13387,"line_start":383,"line_end":383,"column_start":60,"column_end":66,"is_primary":true,"text":[{"text":"    fn poll_ready(&mut self, cx: &mut Context<'_>) -> Poll<Result<(), S::Error>> {","highlight_start":60,"highlight_end":66}],"label":"not found in this scope","suggested_replacement":null,"suggestion_applicability":null,"expansion":null}],"children":[{"message":"consider importing one of these items","code":null,"level":"help","spans":[{"file_name":"/home/jkfussy/.cargo/registry/src/index.crates.io-1949cf8c6b5b557f/tower-service-0.3.3/src/lib.rs","byte_start":445,"byte_end":445,"line_start":16,"line_end":16,"column_start":1,"column_end":1,"is_primary":true,"text":[{"text":"use std::future::Future;","highlight_start":1,"highlight_end":1}],"label":null,"suggested_replacement":"use core::fmt::Result;\n","suggestion_applicability":"MaybeIncorrect","expansion":null},{"file_name":"/home/jkfussy/.cargo/registry/src/index.crates.io-1949cf8c6b5b557f/tower-service-0.3.3/src/lib.rs","byte_start":445,"byte_end":445,"line_start":16,"line_end":16,"column_start":1,"column_end":1,"is_primary":true,"text":[{"text":"use std::future::Future;","highlight_start":1,"highlight_end":1}],"label":null,"suggested_replacement":"use core::result::Result;\n","suggestion_applicability":"MaybeIncorrect","expansion":null}],"children":[],"rendered":null}],"rendered":"\u001b[1m\u001b[91merror[E0412]\u001b[0m\u001b[1m: cannot find type `Result` in this scope\u001b[0m\n   \u001b[1m\u001b[94m--> \u001b[0m/home/jkfussy/.cargo/registry/src/index.crates.io-1949cf8c6b5b557f/tower-service-0.3.3/src/lib.rs:383:60\n    \u001b[1m\u001b[94m|\u001b[0m\n\u001b[1m\u001b[94m383\u001b[0m \u001b[1m\u001b[94m|\u001b[0m     fn poll_ready(&mut self, cx: &mut Context<'_>) -> Poll<Result<(), S::Error>> {\n    \u001b[1m\u001b[94m|\u001b[0m                                                            \u001b[1m\u001b[91m^^^^^^\u001b[0m \u001b[1m\u001b[91mnot found in this scope\u001b[0m\n    \u001b[1m\u001b[94m|\u001b[0m\n\u001b[1m\u001b[96mhelp\u001b[0m: consider importing one of these items\n    \u001b[1m\u001b[94m|\u001b[0m\n\u001b[1m\u001b[94m 16\u001b[0m \u001b[92m+ use core::fmt::Result;\u001b[0m\n    \u001b[1m\u001b[94m|\u001b[0m\n\u001b[1m\u001b[94m 16\u001b[0m \u001b[92m+ use core::result::Result;\u001b[0m\n    \u001b[1m\u001b[94m|\u001b[0m\n\n"}
{"$message_type":"diagnostic","message":"aborting due to 9 previous errors","code":null,"level":"error","spans":[],"children":[],"rendered":"\u001b[1m\u001b[91merror\u001b[0m\u001b[1m: aborting due to 9 previous errors\u001b[0m\n\n"}
{"$message_type":"diagnostic","message":"Some errors have detailed explanations: E0405, E0412, E0463.","code":null,"level":"failure-note","spans":[],"children":[],"rendered":"\u001b[1mSome errors have detailed explanations: E0405, E0412, E0463.\u001b[0m\n"}
{"$message_type":"diagnostic","message":"For more information about an error, try `rustc --explain E0405`.","code":null,"level":"failure-note","spans":[],"children":[],"rendered":"\u001b[1mFor more information about an error, try `rustc --explain E0405`.\u001b[0m\n"}
