{"$message_type":"diagnostic","message":"can't find crate for `std`","code":{"code":"E0463","explanation":"A crate was declared but cannot be found.\n\nErroneous code example:\n\n```compile_fail,E0463\nextern crate foo; // error: can't find crate\n```\n\nYou need to link your code to the relevant crate in order to be able to use it\n(through Cargo or the `-L` option of rustc, for example).\n\n## Common causes\n\n- The crate is not present at all. If using Cargo, add it to `[dependencies]`\n  in Cargo.toml.\n- The crate is present, but under a different name. If using Cargo, look for\n  `package = ` under `[dependencies]` in Cargo.toml.\n\n## Common causes for missing `std` or `core`\n\n- You are cross-compiling for a target which doesn't have `std` prepackaged.\n  Consider one of the following:\n  + Adding a pre-compiled version of std with `rustup target add`\n  + Building std from source with `cargo build -Z build-std`\n  + Using `#![no_std]` at the crate root, so you won't need `std` in the first\n    place.\n- You are developing the compiler itself and haven't built libstd from source.\n  You can usually build it with `x.py build library/std`. More information\n  about x.py is available in the [rustc-dev-guide].\n\n[rustc-dev-guide]: https://rustc-dev-guide.rust-lang.org/building/how-to-build-and-run.html#building-the-compiler\n"},"level":"error","spans":[{"file_name":"/home/jkfussy/.cargo/registry/src/index.crates.io-1949cf8c6b5b557f/cassowary-0.3.0/src/lib.rs","byte_start":0,"byte_end":0,"line_start":1,"line_end":1,"column_start":1,"column_end":1,"is_primary":true,"text":[],"label":"can't find crate","suggested_replacement":null,"suggestion_applicability":null,"expansion":null}],"children":[{"message":"the `aarch64-unknown-none` target may not support the standard library","code":null,"level":"note","spans":[],"children":[],"rendered":null},{"message":"`std` is required by `cassowary` because it does not declare `#![no_std]`","code":null,"level":"note","spans":[],"children":[],"rendered":null},{"message":"consider building the standard library from source with `cargo build -Zbuild-std`","code":null,"level":"help","spans":[],"children":[],"rendered":null}],"rendered":"\u001b[1m\u001b[91merror[E0463]\u001b[0m\u001b[1m: can't find crate for `std`\u001b[0m\n  \u001b[1m\u001b[94m|\u001b[0m\n  \u001b[1m\u001b[94m= \u001b[0m\u001b[1mnote\u001b[0m: the `aarch64-unknown-none` target may not support the standard library\n  \u001b[1m\u001b[94m= \u001b[0m\u001b[1mnote\u001b[0m: `std` is required by `cassowary` because it does not declare `#![no_std]`\n  \u001b[1m\u001b[94m= \u001b[0m\u001b[1mhelp\u001b[0m: consider building the standard library from source with `cargo build -Zbuild-std`\n\n"}
{"$message_type":"diagnostic","message":"cannot resolve a prelude import","code":null,"level":"error","spans":[{"file_name":"/home/jkfussy/.cargo/registry/src/index.crates.io-1949cf8c6b5b557f/cassowary-0.3.0/src/lib.rs","byte_start":0,"byte_end":0,"line_start":1,"line_end":1,"column_start":1,"column_end":1,"is_primary":true,"text":[],"label":null,"suggested_replacement":null,"suggestion_applicability":null,"expansion":null}],"children":[],"rendered":"\u001b[1m\u001b[91merror\u001b[0m\u001b[1m: cannot resolve a prelude import\u001b[0m\n\n"}
{"$message_type":"diagnostic","message":"cannot find attribute `derive` in this scope","code":null,"level":"error","spans":[{"file_name":"/home/jkfussy/.cargo/registry/src/index.crates.io-1949cf8c6b5b557f/cassowary-0.3.0/src/lib.rs","byte_start":23126,"byte_end":23132,"line_start":620,"line_end":620,"column_start":3,"column_end":9,"is_primary":true,"text":[{"text":"#[derive(Debug, Copy, Clone)]","highlight_start":3,"highlight_end":9}],"label":null,"suggested_replacement":null,"suggestion_applicability":null,"expansion":null}],"children":[],"rendered":"\u001b[1m\u001b[91merror\u001b[0m\u001b[1m: cannot find attribute `derive` in this scope\u001b[0m\n   \u001b[1m\u001b[94m--> \u001b[0m/home/jkfussy/.cargo/registry/src/index.crates.io-1949cf8c6b5b557f/cassowary-0.3.0/src/lib.rs:620:3\n    \u001b[1m\u001b[94m|\u001b[0m\n\u001b[1m\u001b[94m620\u001b[0m \u001b[1m\u001b[94m|\u001b[0m #[derive(Debug, Copy, Clone)]\n    \u001b[1m\u001b[94m|\u001b[0m   \u001b[1m\u001b[91m^^^^^^\u001b[0m\n\n"}
{"$message_type":"diagnostic","message":"cannot find attribute `derive` in this scope","code":null,"level":"error","spans":[{"file_name":"/home/jkfussy/.cargo/registry/src/index.crates.io-1949cf8c6b5b557f/cassowary-0.3.0/src/lib.rs","byte_start":22737,"byte_end":22743,"line_start":611,"line_end":611,"column_start":3,"column_end":9,"is_primary":true,"text":[{"text":"#[derive(Debug, Copy, Clone)]","highlight_start":3,"highlight_end":9}],"label":null,"suggested_replacement":null,"suggestion_applicability":null,"expansion":null}],"children":[],"rendered":"\u001b[1m\u001b[91merror\u001b[0m\u001b[1m: cannot find attribute `derive` in this scope\u001b[0m\n   \u001b[1m\u001b[94m--> \u001b[0m/home/jkfussy/.cargo/registry/src/index.crates.io-1949cf8c6b5b557f/cassowary-0.3.0/src/lib.rs:611:3\n    \u001b[1m\u001b[94m|\u001b[0m\n\u001b[1m\u001b[94m611\u001b[0m \u001b[1m\u001b[94m|\u001b[0m #[derive(Debug, Copy, Clone)]\n    \u001b[1m\u001b[94m|\u001b[0m   \u001b[1m\u001b[91m^^^^^^\u001b[0m\n\n"}
{"$message_type":"diagnostic","message":"cannot find attribute `derive` in this scope","code":null,"level":"error","spans":[{"file_name":"/home/jkfussy/.cargo/registry/src/index.crates.io-1949cf8c6b5b557f/cassowary-0.3.0/src/lib.rs","byte_start":22277,"byte_end":22283,"line_start":601,"line_end":601,"column_start":3,"column_end":9,"is_primary":true,"text":[{"text":"#[derive(Debug, Copy, Clone)]","highlight_start":3,"highlight_end":9}],"label":null,"suggested_replacement":null,"suggestion_applicability":null,"expansion":null}],"children":[],"rendered":"\u001b[1m\u001b[91merror\u001b[0m\u001b[1m: cannot find attribute `derive` in this scope\u001b[0m\n   \u001b[1m\u001b[94m--> \u001b[0m/home/jkfussy/.cargo/registry/src/index.crates.io-1949cf8c6b5b557f/cassowary-0.3.0/src/lib.rs:601:3\n    \u001b[1m\u001b[94m|\u001b[0m\n\u001b[1m\u001b[94m601\u001b[0m \u001b[1m\u001b[94m|\u001b[0m #[derive(Debug, Copy, Clone)]\n    \u001b[1m\u001b[94m|\u001b[0m   \u001b[1m\u001b[91m^^^^^^\u001b[0m\n\n"}
{"$message_type":"diagnostic","message":"cannot find attribute `derive` in this scope","code":null,"level":"error","spans":[{"file_name":"/home/jkfussy/.cargo/registry/src/index.crates.io-1949cf8c6b5b557f/cassowary-0.3.0/src/lib.rs","byte_start":21891,"byte_end":21897,"line_start":592,"line_end":592,"column_start":3,"column_end":9,"is_primary":true,"text":[{"text":"#[derive(Debug, Copy, Clone)]","highlight_start":3,"highlight_end":9}],"label":null,"suggested_replacement":null,"suggestion_applicability":null,"expansion":null}],"children":[],"rendered":"\u001b[1m\u001b[91merror\u001b[0m\u001b[1m: cannot find attribute `derive` in this scope\u001b[0m\n   \u001b[1m\u001b[94m--> \u001b[0m/home/jkfussy/.cargo/registry/src/index.crates.io-1949cf8c6b5b557f/cassowary-0.3.0/src/lib.rs:592:3\n    \u001b[1m\u001b[94m|\u001b[0m\n\u001b[1m\u001b[94m592\u001b[0m \u001b[1m\u001b[94m|\u001b[0m #[derive(Debug, Copy, Clone)]\n    \u001b[1m\u001b[94m|\u001b[0m   \u001b[1m\u001b[91m^^^^^^\u001b[0m\n\n"}
{"$message_type":"diagnostic","message":"cannot find attribute `derive` in this scope","code":null,"level":"error","spans":[{"file_name":"/home/jkfussy/.cargo/registry/src/index.crates.io-1949cf8c6b5b557f/cassowary-0.3.0/src/lib.rs","byte_start":21438,"byte_end":21444,"line_start":582,"line_end":582,"column_start":3,"column_end":9,"is_primary":true,"text":[{"text":"#[derive(Debug, Copy, Clone)]","highlight_start":3,"highlight_end":9}],"label":null,"suggested_replacement":null,"suggestion_applicability":null,"expansion":null}],"children":[],"rendered":"\u001b[1m\u001b[91merror\u001b[0m\u001b[1m: cannot find attribute `derive` in this scope\u001b[0m\n   \u001b[1m\u001b[94m--> \u001b[0m/home/jkfussy/.cargo/registry/src/index.crates.io-1949cf8c6b5b557f/cassowary-0.3.0/src/lib.rs:582:3\n    \u001b[1m\u001b[94m|\u001b[0m\n\u001b[1m\u001b[94m582\u001b[0m \u001b[1m\u001b[94m|\u001b[0m #[derive(Debug, Copy, Clone)]\n    \u001b[1m\u001b[94m|\u001b[0m   \u001b[1m\u001b[91m^^^^^^\u001b[0m\n\n"}
{"$message_type":"diagnostic","message":"cannot find attribute `derive` in this scope","code":null,"level":"error","spans":[{"file_name":"/home/jkfussy/.cargo/registry/src/index.crates.io-1949cf8c6b5b557f/cassowary-0.3.0/src/lib.rs","byte_start":20864,"byte_end":20870,"line_start":570,"line_end":570,"column_start":3,"column_end":9,"is_primary":true,"text":[{"text":"#[derive(Debug, Copy, Clone)]","highlight_start":3,"highlight_end":9}],"label":null,"suggested_replacement":null,"suggestion_applicability":null,"expansion":null}],"children":[],"rendered":"\u001b[1m\u001b[91merror\u001b[0m\u001b[1m: cannot find attribute `derive` in this scope\u001b[0m\n   \u001b[1m\u001b[94m--> \u001b[0m/home/jkfussy/.cargo/registry/src/index.crates.io-1949cf8c6b5b557f/cassowary-0.3.0/src/lib.rs:570:3\n    \u001b[1m\u001b[94m|\u001b[0m\n\u001b[1m\u001b[94m570\u001b[0m \u001b[1m\u001b[94m|\u001b[0m #[derive(Debug, Copy, Clone)]\n    \u001b[1m\u001b[94m|\u001b[0m   \u001b[1m\u001b[91m^^^^^^\u001b[0m\n\n"}
{"$message_type":"diagnostic","message":"cannot find macro `unreachable` in this scope","code":null,"level":"error","spans":[{"file_name":"/home/jkfussy/.cargo/registry/src/index.crates.io-1949cf8c6b5b557f/cassowary-0.3.0/src/lib.rs","byte_start":20154,"byte_end":20165,"line_start":543,"line_end":543,"column_start":33,"column_end":44,"is_primary":true,"text":[{"text":"            Entry::Vacant(_) => unreachable!()","highlight_start":33,"highlight_end":44}],"label":null,"suggested_replacement":null,"suggestion_applicability":null,"expansion":null}],"children":[],"rendered":"\u001b[1m\u001b[91merror\u001b[0m\u001b[1m: cannot find macro `unreachable` in this scope\u001b[0m\n   \u001b[1m\u001b[94m--> \u001b[0m/home/jkfussy/.cargo/registry/src/index.crates.io-1949cf8c6b5b557f/cassowary-0.3.0/src/lib.rs:543:33\n    \u001b[1m\u001b[94m|\u001b[0m\n\u001b[1m\u001b[94m543\u001b[0m \u001b[1m\u001b[94m|\u001b[0m             Entry::Vacant(_) => unreachable!()\n    \u001b[1m\u001b[94m|\u001b[0m                                 \u001b[1m\u001b[91m^^^^^^^^^^^\u001b[0m\n\n"}
{"$message_type":"diagnostic","message":"cannot find attribute `derive` in this scope","code":null,"level":"error","spans":[{"file_name":"/home/jkfussy/.cargo/registry/src/index.crates.io-1949cf8c6b5b557f/cassowary-0.3.0/src/lib.rs","byte_start":18456,"byte_end":18462,"line_start":480,"line_end":480,"column_start":3,"column_end":9,"is_primary":true,"text":[{"text":"#[derive(Clone)]","highlight_start":3,"highlight_end":9}],"label":null,"suggested_replacement":null,"suggestion_applicability":null,"expansion":null}],"children":[],"rendered":"\u001b[1m\u001b[91merror\u001b[0m\u001b[1m: cannot find attribute `derive` in this scope\u001b[0m\n   \u001b[1m\u001b[94m--> \u001b[0m/home/jkfussy/.cargo/registry/src/index.crates.io-1949cf8c6b5b557f/cassowary-0.3.0/src/lib.rs:480:3\n    \u001b[1m\u001b[94m|\u001b[0m\n\u001b[1m\u001b[94m480\u001b[0m \u001b[1m\u001b[94m|\u001b[0m #[derive(Clone)]\n    \u001b[1m\u001b[94m|\u001b[0m   \u001b[1m\u001b[91m^^^^^^\u001b[0m\n\n"}
{"$message_type":"diagnostic","message":"cannot find attribute `derive` in this scope","code":null,"level":"error","spans":[{"file_name":"/home/jkfussy/.cargo/registry/src/index.crates.io-1949cf8c6b5b557f/cassowary-0.3.0/src/lib.rs","byte_start":18228,"byte_end":18234,"line_start":472,"line_end":472,"column_start":3,"column_end":9,"is_primary":true,"text":[{"text":"#[derive(Copy, Clone, PartialEq, Eq, PartialOrd, Ord, Hash)]","highlight_start":3,"highlight_end":9}],"label":null,"suggested_replacement":null,"suggestion_applicability":null,"expansion":null}],"children":[],"rendered":"\u001b[1m\u001b[91merror\u001b[0m\u001b[1m: cannot find attribute `derive` in this scope\u001b[0m\n   \u001b[1m\u001b[94m--> \u001b[0m/home/jkfussy/.cargo/registry/src/index.crates.io-1949cf8c6b5b557f/cassowary-0.3.0/src/lib.rs:472:3\n    \u001b[1m\u001b[94m|\u001b[0m\n\u001b[1m\u001b[94m472\u001b[0m \u001b[1m\u001b[94m|\u001b[0m #[derive(Copy, Clone, PartialEq, Eq, PartialOrd, Ord, Hash)]\n    \u001b[1m\u001b[94m|\u001b[0m   \u001b[1m\u001b[91m^^^^^^\u001b[0m\n\n"}
{"$message_type":"diagnostic","message":"cannot find attribute `derive` in this scope","code":null,"level":"error","spans":[{"file_name":"/home/jkfussy/.cargo/registry/src/index.crates.io-1949cf8c6b5b557f/cassowary-0.3.0/src/lib.rs","byte_start":18078,"byte_end":18084,"line_start":463,"line_end":463,"column_start":3,"column_end":9,"is_primary":true,"text":[{"text":"#[derive(Copy, Clone, PartialEq, Eq, PartialOrd, Ord, Hash)]","highlight_start":3,"highlight_end":9}],"label":null,"suggested_replacement":null,"suggestion_applicability":null,"expansion":null}],"children":[],"rendered":"\u001b[1m\u001b[91merror\u001b[0m\u001b[1m: cannot find attribute `derive` in this scope\u001b[0m\n   \u001b[1m\u001b[94m--> \u001b[0m/home/jkfussy/.cargo/registry/src/index.crates.io-1949cf8c6b5b557f/cassowary-0.3.0/src/lib.rs:463:3\n    \u001b[1m\u001b[94m|\u001b[0m\n\u001b[1m\u001b[94m463\u001b[0m \u001b[1m\u001b[94m|\u001b[0m #[derive(Copy, Clone, PartialEq, Eq, PartialOrd, Ord, Hash)]\n    \u001b[1m\u001b[94m|\u001b[0m   \u001b[1m\u001b[91m^^^^^^\u001b[0m\n\n"}
{"$message_type":"diagnostic","message":"cannot find attribute `derive` in this scope","code":null,"level":"error","spans":[{"file_name":"/home/jkfussy/.cargo/registry/src/index.crates.io-1949cf8c6b5b557f/cassowary-0.3.0/src/lib.rs","byte_start":15737,"byte_end":15743,"line_start":394,"line_end":394,"column_start":3,"column_end":9,"is_primary":true,"text":[{"text":"#[derive(Clone, Debug)]","highlight_start":3,"highlight_end":9}],"label":null,"suggested_replacement":null,"suggestion_applicability":null,"expansion":null}],"children":[],"rendered":"\u001b[1m\u001b[91merror\u001b[0m\u001b[1m: cannot find attribute `derive` in this scope\u001b[0m\n   \u001b[1m\u001b[94m--> \u001b[0m/home/jkfussy/.cargo/registry/src/index.crates.io-1949cf8c6b5b557f/cassowary-0.3.0/src/lib.rs:394:3\n    \u001b[1m\u001b[94m|\u001b[0m\n\u001b[1m\u001b[94m394\u001b[0m \u001b[1m\u001b[94m|\u001b[0m #[derive(Clone, Debug)]\n    \u001b[1m\u001b[94m|\u001b[0m   \u001b[1m\u001b[91m^^^^^^\u001b[0m\n\n"}
{"$message_type":"diagnostic","message":"cannot find attribute `derive` in this scope","code":null,"level":"error","spans":[{"file_name":"/home/jkfussy/.cargo/registry/src/index.crates.io-1949cf8c6b5b557f/cassowary-0.3.0/src/lib.rs","byte_start":15481,"byte_end":15487,"line_start":385,"line_end":385,"column_start":3,"column_end":9,"is_primary":true,"text":[{"text":"#[derive(Debug)]","highlight_start":3,"highlight_end":9}],"label":null,"suggested_replacement":null,"suggestion_applicability":null,"expansion":null}],"children":[],"rendered":"\u001b[1m\u001b[91merror\u001b[0m\u001b[1m: cannot find attribute `derive` in this scope\u001b[0m\n   \u001b[1m\u001b[94m--> \u001b[0m/home/jkfussy/.cargo/registry/src/index.crates.io-1949cf8c6b5b557f/cassowary-0.3.0/src/lib.rs:385:3\n    \u001b[1m\u001b[94m|\u001b[0m\n\u001b[1m\u001b[94m385\u001b[0m \u001b[1m\u001b[94m|\u001b[0m #[derive(Debug)]\n    \u001b[1m\u001b[94m|\u001b[0m   \u001b[1m\u001b[91m^^^^^^\u001b[0m\n\n"}
{"$message_type":"diagnostic","message":"cannot find macro `write` in this scope","code":null,"level":"error","spans":[{"file_name":"/home/jkfussy/.cargo/registry/src/index.crates.io-1949cf8c6b5b557f/cassowary-0.3.0/src/lib.rs","byte_start":15417,"byte_end":15422,"line_start":379,"line_end":379,"column_start":51,"column_end":56,"is_primary":true,"text":[{"text":"            RelationalOperator::GreaterOrEqual => write!(fmt, \">=\") ?,","highlight_start":51,"highlight_end":56}],"label":null,"suggested_replacement":null,"suggestion_applicability":null,"expansion":null}],"children":[],"rendered":"\u001b[1m\u001b[91merror\u001b[0m\u001b[1m: cannot find macro `write` in this scope\u001b[0m\n   \u001b[1m\u001b[94m--> \u001b[0m/home/jkfussy/.cargo/registry/src/index.crates.io-1949cf8c6b5b557f/cassowary-0.3.0/src/lib.rs:379:51\n    \u001b[1m\u001b[94m|\u001b[0m\n\u001b[1m\u001b[94m379\u001b[0m \u001b[1m\u001b[94m|\u001b[0m             RelationalOperator::GreaterOrEqual => write!(fmt, \">=\") ?,\n    \u001b[1m\u001b[94m|\u001b[0m                                                   \u001b[1m\u001b[91m^^^^^\u001b[0m\n\n"}
{"$message_type":"diagnostic","message":"cannot find macro `write` in this scope","code":null,"level":"error","spans":[{"file_name":"/home/jkfussy/.cargo/registry/src/index.crates.io-1949cf8c6b5b557f/cassowary-0.3.0/src/lib.rs","byte_start":15345,"byte_end":15350,"line_start":378,"line_end":378,"column_start":42,"column_end":47,"is_primary":true,"text":[{"text":"            RelationalOperator::Equal => write!(fmt, \"==\") ?,","highlight_start":42,"highlight_end":47}],"label":null,"suggested_replacement":null,"suggestion_applicability":null,"expansion":null}],"children":[],"rendered":"\u001b[1m\u001b[91merror\u001b[0m\u001b[1m: cannot find macro `write` in this scope\u001b[0m\n   \u001b[1m\u001b[94m--> \u001b[0m/home/jkfussy/.cargo/registry/src/index.crates.io-1949cf8c6b5b557f/cassowary-0.3.0/src/lib.rs:378:42\n    \u001b[1m\u001b[94m|\u001b[0m\n\u001b[1m\u001b[94m378\u001b[0m \u001b[1m\u001b[94m|\u001b[0m             RelationalOperator::Equal => write!(fmt, \"==\") ?,\n    \u001b[1m\u001b[94m|\u001b[0m                                          \u001b[1m\u001b[91m^^^^^\u001b[0m\n\n"}
{"$message_type":"diagnostic","message":"cannot find macro `write` in this scope","code":null,"level":"error","spans":[{"file_name":"/home/jkfussy/.cargo/registry/src/index.crates.io-1949cf8c6b5b557f/cassowary-0.3.0/src/lib.rs","byte_start":15282,"byte_end":15287,"line_start":377,"line_end":377,"column_start":48,"column_end":53,"is_primary":true,"text":[{"text":"            RelationalOperator::LessOrEqual => write!(fmt, \"<=\") ?,","highlight_start":48,"highlight_end":53}],"label":null,"suggested_replacement":null,"suggestion_applicability":null,"expansion":null}],"children":[],"rendered":"\u001b[1m\u001b[91merror\u001b[0m\u001b[1m: cannot find macro `write` in this scope\u001b[0m\n   \u001b[1m\u001b[94m--> \u001b[0m/home/jkfussy/.cargo/registry/src/index.crates.io-1949cf8c6b5b557f/cassowary-0.3.0/src/lib.rs:377:48\n    \u001b[1m\u001b[94m|\u001b[0m\n\u001b[1m\u001b[94m377\u001b[0m \u001b[1m\u001b[94m|\u001b[0m             RelationalOperator::LessOrEqual => write!(fmt, \"<=\") ?,\n    \u001b[1m\u001b[94m|\u001b[0m                                                \u001b[1m\u001b[91m^^^^^\u001b[0m\n\n"}
{"$message_type":"diagnostic","message":"cannot find attribute `derive` in this scope","code":null,"level":"error","spans":[{"file_name":"/home/jkfussy/.cargo/registry/src/index.crates.io-1949cf8c6b5b557f/cassowary-0.3.0/src/lib.rs","byte_start":14896,"byte_end":14902,"line_start":364,"line_end":364,"column_start":3,"column_end":9,"is_primary":true,"text":[{"text":"#[derive(Copy, Clone, PartialEq, Eq, Hash, PartialOrd, Ord, Debug)]","highlight_start":3,"highlight_end":9}],"label":null,"suggested_replacement":null,"suggestion_applicability":null,"expansion":null}],"children":[],"rendered":"\u001b[1m\u001b[91merror\u001b[0m\u001b[1m: cannot find attribute `derive` in this scope\u001b[0m\n   \u001b[1m\u001b[94m--> \u001b[0m/home/jkfussy/.cargo/registry/src/index.crates.io-1949cf8c6b5b557f/cassowary-0.3.0/src/lib.rs:364:3\n    \u001b[1m\u001b[94m|\u001b[0m\n\u001b[1m\u001b[94m364\u001b[0m \u001b[1m\u001b[94m|\u001b[0m #[derive(Copy, Clone, PartialEq, Eq, Hash, PartialOrd, Ord, Debug)]\n    \u001b[1m\u001b[94m|\u001b[0m   \u001b[1m\u001b[91m^^^^^^\u001b[0m\n\n"}
{"$message_type":"diagnostic","message":"cannot find macro `vec` in this scope","code":null,"level":"error","spans":[{"file_name":"/home/jkfussy/.cargo/registry/src/index.crates.io-1949cf8c6b5b557f/cassowary-0.3.0/src/lib.rs","byte_start":11689,"byte_end":11692,"line_start":288,"line_end":288,"column_start":20,"column_end":23,"is_primary":true,"text":[{"text":"            terms: vec![term],","highlight_start":20,"highlight_end":23}],"label":null,"suggested_replacement":null,"suggestion_applicability":null,"expansion":null}],"children":[],"rendered":"\u001b[1m\u001b[91merror\u001b[0m\u001b[1m: cannot find macro `vec` in this scope\u001b[0m\n   \u001b[1m\u001b[94m--> \u001b[0m/home/jkfussy/.cargo/registry/src/index.crates.io-1949cf8c6b5b557f/cassowary-0.3.0/src/lib.rs:288:20\n    \u001b[1m\u001b[94m|\u001b[0m\n\u001b[1m\u001b[94m288\u001b[0m \u001b[1m\u001b[94m|\u001b[0m             terms: vec![term],\n    \u001b[1m\u001b[94m|\u001b[0m                    \u001b[1m\u001b[91m^^^\u001b[0m\n\n"}
{"$message_type":"diagnostic","message":"cannot find attribute `derive` in this scope","code":null,"level":"error","spans":[{"file_name":"/home/jkfussy/.cargo/registry/src/index.crates.io-1949cf8c6b5b557f/cassowary-0.3.0/src/lib.rs","byte_start":11075,"byte_end":11081,"line_start":270,"line_end":270,"column_start":3,"column_end":9,"is_primary":true,"text":[{"text":"#[derive(Clone, Debug)]","highlight_start":3,"highlight_end":9}],"label":null,"suggested_replacement":null,"suggestion_applicability":null,"expansion":null}],"children":[],"rendered":"\u001b[1m\u001b[91merror\u001b[0m\u001b[1m: cannot find attribute `derive` in this scope\u001b[0m\n   \u001b[1m\u001b[94m--> \u001b[0m/home/jkfussy/.cargo/registry/src/index.crates.io-1949cf8c6b5b557f/cassowary-0.3.0/src/lib.rs:270:3\n    \u001b[1m\u001b[94m|\u001b[0m\n\u001b[1m\u001b[94m270\u001b[0m \u001b[1m\u001b[94m|\u001b[0m #[derive(Clone, Debug)]\n    \u001b[1m\u001b[94m|\u001b[0m   \u001b[1m\u001b[91m^^^^^^\u001b[0m\n\n"}
{"$message_type":"diagnostic","message":"cannot find attribute `derive` in this scope","code":null,"level":"error","spans":[{"file_name":"/home/jkfussy/.cargo/registry/src/index.crates.io-1949cf8c6b5b557f/cassowary-0.3.0/src/lib.rs","byte_start":10504,"byte_end":10510,"line_start":252,"line_end":252,"column_start":3,"column_end":9,"is_primary":true,"text":[{"text":"#[derive(Copy, Clone, Debug)]","highlight_start":3,"highlight_end":9}],"label":null,"suggested_replacement":null,"suggestion_applicability":null,"expansion":null}],"children":[],"rendered":"\u001b[1m\u001b[91merror\u001b[0m\u001b[1m: cannot find attribute `derive` in this scope\u001b[0m\n   \u001b[1m\u001b[94m--> \u001b[0m/home/jkfussy/.cargo/registry/src/index.crates.io-1949cf8c6b5b557f/cassowary-0.3.0/src/lib.rs:252:3\n    \u001b[1m\u001b[94m|\u001b[0m\n\u001b[1m\u001b[94m252\u001b[0m \u001b[1m\u001b[94m|\u001b[0m #[derive(Copy, Clone, Debug)]\n    \u001b[1m\u001b[94m|\u001b[0m   \u001b[1m\u001b[91m^^^^^^\u001b[0m\n\n"}
{"$message_type":"diagnostic","message":"cannot find attribute `derive` in this scope","code":null,"level":"error","spans":[{"file_name":"/home/jkfussy/.cargo/registry/src/index.crates.io-1949cf8c6b5b557f/cassowary-0.3.0/src/lib.rs","byte_start":10068,"byte_end":10074,"line_start":240,"line_end":240,"column_start":3,"column_end":9,"is_primary":true,"text":[{"text":"#[derive(Copy, Clone, Hash, PartialEq, Eq, PartialOrd, Ord, Debug)]","highlight_start":3,"highlight_end":9}],"label":null,"suggested_replacement":null,"suggestion_applicability":null,"expansion":null}],"children":[],"rendered":"\u001b[1m\u001b[91merror\u001b[0m\u001b[1m: cannot find attribute `derive` in this scope\u001b[0m\n   \u001b[1m\u001b[94m--> \u001b[0m/home/jkfussy/.cargo/registry/src/index.crates.io-1949cf8c6b5b557f/cassowary-0.3.0/src/lib.rs:240:3\n    \u001b[1m\u001b[94m|\u001b[0m\n\u001b[1m\u001b[94m240\u001b[0m \u001b[1m\u001b[94m|\u001b[0m #[derive(Copy, Clone, Hash, PartialEq, Eq, PartialOrd, Ord, Debug)]\n    \u001b[1m\u001b[94m|\u001b[0m   \u001b[1m\u001b[91m^^^^^^\u001b[0m\n\n"}
{"$message_type":"diagnostic","message":"cannot find macro `vec` in this scope","code":null,"level":"error","spans":[{"file_name":"/home/jkfussy/.cargo/registry/src/index.crates.io-1949cf8c6b5b557f/cassowary-0.3.0/src/operators.rs","byte_start":9344,"byte_end":9347,"line_start":398,"line_end":398,"column_start":25,"column_end":28,"is_primary":true,"text":[{"text":"        Expression::new(vec![self, -t], 0.0)","highlight_start":25,"highlight_end":28}],"label":null,"suggested_replacement":null,"suggestion_applicability":null,"expansion":null}],"children":[],"rendered":"\u001b[1m\u001b[91merror\u001b[0m\u001b[1m: cannot find macro `vec` in this scope\u001b[0m\n   \u001b[1m\u001b[94m--> \u001b[0m/home/jkfussy/.cargo/registry/src/index.crates.io-1949cf8c6b5b557f/cassowary-0.3.0/src/operators.rs:398:25\n    \u001b[1m\u001b[94m|\u001b[0m\n\u001b[1m\u001b[94m398\u001b[0m \u001b[1m\u001b[94m|\u001b[0m         Expression::new(vec![self, -t], 0.0)\n    \u001b[1m\u001b[94m|\u001b[0m                         \u001b[1m\u001b[91m^^^\u001b[0m\n\n"}
{"$message_type":"diagnostic","message":"cannot find macro `vec` in this scope","code":null,"level":"error","spans":[{"file_name":"/home/jkfussy/.cargo/registry/src/index.crates.io-1949cf8c6b5b557f/cassowary-0.3.0/src/operators.rs","byte_start":9038,"byte_end":9041,"line_start":384,"line_end":384,"column_start":25,"column_end":28,"is_primary":true,"text":[{"text":"        Expression::new(vec![-t], self)","highlight_start":25,"highlight_end":28}],"label":null,"suggested_replacement":null,"suggestion_applicability":null,"expansion":null}],"children":[],"rendered":"\u001b[1m\u001b[91merror\u001b[0m\u001b[1m: cannot find macro `vec` in this scope\u001b[0m\n   \u001b[1m\u001b[94m--> \u001b[0m/home/jkfussy/.cargo/registry/src/index.crates.io-1949cf8c6b5b557f/cassowary-0.3.0/src/operators.rs:384:25\n    \u001b[1m\u001b[94m|\u001b[0m\n\u001b[1m\u001b[94m384\u001b[0m \u001b[1m\u001b[94m|\u001b[0m         Expression::new(vec![-t], self)\n    \u001b[1m\u001b[94m|\u001b[0m                         \u001b[1m\u001b[91m^^^\u001b[0m\n\n"}
{"$message_type":"diagnostic","message":"cannot find macro `vec` in this scope","code":null,"level":"error","spans":[{"file_name":"/home/jkfussy/.cargo/registry/src/index.crates.io-1949cf8c6b5b557f/cassowary-0.3.0/src/operators.rs","byte_start":8736,"byte_end":8739,"line_start":370,"line_end":370,"column_start":25,"column_end":28,"is_primary":true,"text":[{"text":"        Expression::new(vec![self], -v)","highlight_start":25,"highlight_end":28}],"label":null,"suggested_replacement":null,"suggestion_applicability":null,"expansion":null}],"children":[],"rendered":"\u001b[1m\u001b[91merror\u001b[0m\u001b[1m: cannot find macro `vec` in this scope\u001b[0m\n   \u001b[1m\u001b[94m--> \u001b[0m/home/jkfussy/.cargo/registry/src/index.crates.io-1949cf8c6b5b557f/cassowary-0.3.0/src/operators.rs:370:25\n    \u001b[1m\u001b[94m|\u001b[0m\n\u001b[1m\u001b[94m370\u001b[0m \u001b[1m\u001b[94m|\u001b[0m         Expression::new(vec![self], -v)\n    \u001b[1m\u001b[94m|\u001b[0m                         \u001b[1m\u001b[91m^^^\u001b[0m\n\n"}
{"$message_type":"diagnostic","message":"cannot find macro `vec` in this scope","code":null,"level":"error","spans":[{"file_name":"/home/jkfussy/.cargo/registry/src/index.crates.io-1949cf8c6b5b557f/cassowary-0.3.0/src/operators.rs","byte_start":8074,"byte_end":8077,"line_start":339,"line_end":339,"column_start":25,"column_end":28,"is_primary":true,"text":[{"text":"        Expression::new(vec![self, t], 0.0)","highlight_start":25,"highlight_end":28}],"label":null,"suggested_replacement":null,"suggestion_applicability":null,"expansion":null}],"children":[],"rendered":"\u001b[1m\u001b[91merror\u001b[0m\u001b[1m: cannot find macro `vec` in this scope\u001b[0m\n   \u001b[1m\u001b[94m--> \u001b[0m/home/jkfussy/.cargo/registry/src/index.crates.io-1949cf8c6b5b557f/cassowary-0.3.0/src/operators.rs:339:25\n    \u001b[1m\u001b[94m|\u001b[0m\n\u001b[1m\u001b[94m339\u001b[0m \u001b[1m\u001b[94m|\u001b[0m         Expression::new(vec![self, t], 0.0)\n    \u001b[1m\u001b[94m|\u001b[0m                         \u001b[1m\u001b[91m^^^\u001b[0m\n\n"}
{"$message_type":"diagnostic","message":"cannot find macro `vec` in this scope","code":null,"level":"error","spans":[{"file_name":"/home/jkfussy/.cargo/registry/src/index.crates.io-1949cf8c6b5b557f/cassowary-0.3.0/src/operators.rs","byte_start":7769,"byte_end":7772,"line_start":325,"line_end":325,"column_start":25,"column_end":28,"is_primary":true,"text":[{"text":"        Expression::new(vec![t], self)","highlight_start":25,"highlight_end":28}],"label":null,"suggested_replacement":null,"suggestion_applicability":null,"expansion":null}],"children":[],"rendered":"\u001b[1m\u001b[91merror\u001b[0m\u001b[1m: cannot find macro `vec` in this scope\u001b[0m\n   \u001b[1m\u001b[94m--> \u001b[0m/home/jkfussy/.cargo/registry/src/index.crates.io-1949cf8c6b5b557f/cassowary-0.3.0/src/operators.rs:325:25\n    \u001b[1m\u001b[94m|\u001b[0m\n\u001b[1m\u001b[94m325\u001b[0m \u001b[1m\u001b[94m|\u001b[0m         Expression::new(vec![t], self)\n    \u001b[1m\u001b[94m|\u001b[0m                         \u001b[1m\u001b[91m^^^\u001b[0m\n\n"}
{"$message_type":"diagnostic","message":"cannot find macro `vec` in this scope","code":null,"level":"error","spans":[{"file_name":"/home/jkfussy/.cargo/registry/src/index.crates.io-1949cf8c6b5b557f/cassowary-0.3.0/src/operators.rs","byte_start":7468,"byte_end":7471,"line_start":311,"line_end":311,"column_start":25,"column_end":28,"is_primary":true,"text":[{"text":"        Expression::new(vec![self], v)","highlight_start":25,"highlight_end":28}],"label":null,"suggested_replacement":null,"suggestion_applicability":null,"expansion":null}],"children":[],"rendered":"\u001b[1m\u001b[91merror\u001b[0m\u001b[1m: cannot find macro `vec` in this scope\u001b[0m\n   \u001b[1m\u001b[94m--> \u001b[0m/home/jkfussy/.cargo/registry/src/index.crates.io-1949cf8c6b5b557f/cassowary-0.3.0/src/operators.rs:311:25\n    \u001b[1m\u001b[94m|\u001b[0m\n\u001b[1m\u001b[94m311\u001b[0m \u001b[1m\u001b[94m|\u001b[0m         Expression::new(vec![self], v)\n    \u001b[1m\u001b[94m|\u001b[0m                         \u001b[1m\u001b[91m^^^\u001b[0m\n\n"}
{"$message_type":"diagnostic","message":"cannot find macro `vec` in this scope","code":null,"level":"error","spans":[{"file_name":"/home/jkfussy/.cargo/registry/src/index.crates.io-1949cf8c6b5b557f/cassowary-0.3.0/src/operators.rs","byte_start":5175,"byte_end":5178,"line_start":198,"line_end":198,"column_start":25,"column_end":28,"is_primary":true,"text":[{"text":"        Expression::new(vec![self, Term::new(v, -1.0)], 0.0)","highlight_start":25,"highlight_end":28}],"label":null,"suggested_replacement":null,"suggestion_applicability":null,"expansion":null}],"children":[],"rendered":"\u001b[1m\u001b[91merror\u001b[0m\u001b[1m: cannot find macro `vec` in this scope\u001b[0m\n   \u001b[1m\u001b[94m--> \u001b[0m/home/jkfussy/.cargo/registry/src/index.crates.io-1949cf8c6b5b557f/cassowary-0.3.0/src/operators.rs:198:25\n    \u001b[1m\u001b[94m|\u001b[0m\n\u001b[1m\u001b[94m198\u001b[0m \u001b[1m\u001b[94m|\u001b[0m         Expression::new(vec![self, Term::new(v, -1.0)], 0.0)\n    \u001b[1m\u001b[94m|\u001b[0m                         \u001b[1m\u001b[91m^^^\u001b[0m\n\n"}
{"$message_type":"diagnostic","message":"cannot find macro `vec` in this scope","code":null,"level":"error","spans":[{"file_name":"/home/jkfussy/.cargo/registry/src/index.crates.io-1949cf8c6b5b557f/cassowary-0.3.0/src/operators.rs","byte_start":4987,"byte_end":4990,"line_start":191,"line_end":191,"column_start":25,"column_end":28,"is_primary":true,"text":[{"text":"        Expression::new(vec![Term::new(self, 1.0), -t], 0.0)","highlight_start":25,"highlight_end":28}],"label":null,"suggested_replacement":null,"suggestion_applicability":null,"expansion":null}],"children":[],"rendered":"\u001b[1m\u001b[91merror\u001b[0m\u001b[1m: cannot find macro `vec` in this scope\u001b[0m\n   \u001b[1m\u001b[94m--> \u001b[0m/home/jkfussy/.cargo/registry/src/index.crates.io-1949cf8c6b5b557f/cassowary-0.3.0/src/operators.rs:191:25\n    \u001b[1m\u001b[94m|\u001b[0m\n\u001b[1m\u001b[94m191\u001b[0m \u001b[1m\u001b[94m|\u001b[0m         Expression::new(vec![Term::new(self, 1.0), -t], 0.0)\n    \u001b[1m\u001b[94m|\u001b[0m                         \u001b[1m\u001b[91m^^^\u001b[0m\n\n"}
{"$message_type":"diagnostic","message":"cannot find macro `vec` in this scope","code":null,"level":"error","spans":[{"file_name":"/home/jkfussy/.cargo/registry/src/index.crates.io-1949cf8c6b5b557f/cassowary-0.3.0/src/operators.rs","byte_start":4787,"byte_end":4790,"line_start":184,"line_end":184,"column_start":25,"column_end":28,"is_primary":true,"text":[{"text":"        Expression::new(vec![Term::new(self, 1.0), Term::new(v, -1.0)], 0.0)","highlight_start":25,"highlight_end":28}],"label":null,"suggested_replacement":null,"suggestion_applicability":null,"expansion":null}],"children":[],"rendered":"\u001b[1m\u001b[91merror\u001b[0m\u001b[1m: cannot find macro `vec` in this scope\u001b[0m\n   \u001b[1m\u001b[94m--> \u001b[0m/home/jkfussy/.cargo/registry/src/index.crates.io-1949cf8c6b5b557f/cassowary-0.3.0/src/operators.rs:184:25\n    \u001b[1m\u001b[94m|\u001b[0m\n\u001b[1m\u001b[94m184\u001b[0m \u001b[1m\u001b[94m|\u001b[0m         Expression::new(vec![Term::new(self, 1.0), Term::new(v, -1.0)], 0.0)\n    \u001b[1m\u001b[94m|\u001b[0m                         \u001b[1m\u001b[91m^^^\u001b[0m\n\n"}
{"$message_type":"diagnostic","message":"cannot find macro `vec` in this scope","code":null,"level":"error","spans":[{"file_name":"/home/jkfussy/.cargo/registry/src/index.crates.io-1949cf8c6b5b557f/cassowary-0.3.0/src/operators.rs","byte_start":4445,"byte_end":4448,"line_start":170,"line_end":170,"column_start":25,"column_end":28,"is_primary":true,"text":[{"text":"        Expression::new(vec![Term::new(v, -1.0)], self)","highlight_start":25,"highlight_end":28}],"label":null,"suggested_replacement":null,"suggestion_applicability":null,"expansion":null}],"children":[],"rendered":"\u001b[1m\u001b[91merror\u001b[0m\u001b[1m: cannot find macro `vec` in this scope\u001b[0m\n   \u001b[1m\u001b[94m--> \u001b[0m/home/jkfussy/.cargo/registry/src/index.crates.io-1949cf8c6b5b557f/cassowary-0.3.0/src/operators.rs:170:25\n    \u001b[1m\u001b[94m|\u001b[0m\n\u001b[1m\u001b[94m170\u001b[0m \u001b[1m\u001b[94m|\u001b[0m         Expression::new(vec![Term::new(v, -1.0)], self)\n    \u001b[1m\u001b[94m|\u001b[0m                         \u001b[1m\u001b[91m^^^\u001b[0m\n\n"}
{"$message_type":"diagnostic","message":"cannot find macro `vec` in this scope","code":null,"level":"error","spans":[{"file_name":"/home/jkfussy/.cargo/registry/src/index.crates.io-1949cf8c6b5b557f/cassowary-0.3.0/src/operators.rs","byte_start":4115,"byte_end":4118,"line_start":156,"line_end":156,"column_start":25,"column_end":28,"is_primary":true,"text":[{"text":"        Expression::new(vec![Term::new(self, 1.0)], -v)","highlight_start":25,"highlight_end":28}],"label":null,"suggested_replacement":null,"suggestion_applicability":null,"expansion":null}],"children":[],"rendered":"\u001b[1m\u001b[91merror\u001b[0m\u001b[1m: cannot find macro `vec` in this scope\u001b[0m\n   \u001b[1m\u001b[94m--> \u001b[0m/home/jkfussy/.cargo/registry/src/index.crates.io-1949cf8c6b5b557f/cassowary-0.3.0/src/operators.rs:156:25\n    \u001b[1m\u001b[94m|\u001b[0m\n\u001b[1m\u001b[94m156\u001b[0m \u001b[1m\u001b[94m|\u001b[0m         Expression::new(vec![Term::new(self, 1.0)], -v)\n    \u001b[1m\u001b[94m|\u001b[0m                         \u001b[1m\u001b[91m^^^\u001b[0m\n\n"}
{"$message_type":"diagnostic","message":"cannot find macro `vec` in this scope","code":null,"level":"error","spans":[{"file_name":"/home/jkfussy/.cargo/registry/src/index.crates.io-1949cf8c6b5b557f/cassowary-0.3.0/src/operators.rs","byte_start":3419,"byte_end":3422,"line_start":126,"line_end":126,"column_start":25,"column_end":28,"is_primary":true,"text":[{"text":"        Expression::new(vec![self, Term::new(v, 1.0)], 0.0)","highlight_start":25,"highlight_end":28}],"label":null,"suggested_replacement":null,"suggestion_applicability":null,"expansion":null}],"children":[],"rendered":"\u001b[1m\u001b[91merror\u001b[0m\u001b[1m: cannot find macro `vec` in this scope\u001b[0m\n   \u001b[1m\u001b[94m--> \u001b[0m/home/jkfussy/.cargo/registry/src/index.crates.io-1949cf8c6b5b557f/cassowary-0.3.0/src/operators.rs:126:25\n    \u001b[1m\u001b[94m|\u001b[0m\n\u001b[1m\u001b[94m126\u001b[0m \u001b[1m\u001b[94m|\u001b[0m         Expression::new(vec![self, Term::new(v, 1.0)], 0.0)\n    \u001b[1m\u001b[94m|\u001b[0m                         \u001b[1m\u001b[91m^^^\u001b[0m\n\n"}
{"$message_type":"diagnostic","message":"cannot find macro `vec` in this scope","code":null,"level":"error","spans":[{"file_name":"/home/jkfussy/.cargo/registry/src/index.crates.io-1949cf8c6b5b557f/cassowary-0.3.0/src/operators.rs","byte_start":3232,"byte_end":3235,"line_start":119,"line_end":119,"column_start":25,"column_end":28,"is_primary":true,"text":[{"text":"        Expression::new(vec![Term::new(self, 1.0), t], 0.0)","highlight_start":25,"highlight_end":28}],"label":null,"suggested_replacement":null,"suggestion_applicability":null,"expansion":null}],"children":[],"rendered":"\u001b[1m\u001b[91merror\u001b[0m\u001b[1m: cannot find macro `vec` in this scope\u001b[0m\n   \u001b[1m\u001b[94m--> \u001b[0m/home/jkfussy/.cargo/registry/src/index.crates.io-1949cf8c6b5b557f/cassowary-0.3.0/src/operators.rs:119:25\n    \u001b[1m\u001b[94m|\u001b[0m\n\u001b[1m\u001b[94m119\u001b[0m \u001b[1m\u001b[94m|\u001b[0m         Expression::new(vec![Term::new(self, 1.0), t], 0.0)\n    \u001b[1m\u001b[94m|\u001b[0m                         \u001b[1m\u001b[91m^^^\u001b[0m\n\n"}
{"$message_type":"diagnostic","message":"cannot find macro `vec` in this scope","code":null,"level":"error","spans":[{"file_name":"/home/jkfussy/.cargo/registry/src/index.crates.io-1949cf8c6b5b557f/cassowary-0.3.0/src/operators.rs","byte_start":3033,"byte_end":3036,"line_start":112,"line_end":112,"column_start":25,"column_end":28,"is_primary":true,"text":[{"text":"        Expression::new(vec![Term::new(self, 1.0), Term::new(v, 1.0)], 0.0)","highlight_start":25,"highlight_end":28}],"label":null,"suggested_replacement":null,"suggestion_applicability":null,"expansion":null}],"children":[],"rendered":"\u001b[1m\u001b[91merror\u001b[0m\u001b[1m: cannot find macro `vec` in this scope\u001b[0m\n   \u001b[1m\u001b[94m--> \u001b[0m/home/jkfussy/.cargo/registry/src/index.crates.io-1949cf8c6b5b557f/cassowary-0.3.0/src/operators.rs:112:25\n    \u001b[1m\u001b[94m|\u001b[0m\n\u001b[1m\u001b[94m112\u001b[0m \u001b[1m\u001b[94m|\u001b[0m         Expression::new(vec![Term::new(self, 1.0), Term::new(v, 1.0)], 0.0)\n    \u001b[1m\u001b[94m|\u001b[0m                         \u001b[1m\u001b[91m^^^\u001b[0m\n\n"}
{"$message_type":"diagnostic","message":"cannot find macro `vec` in this scope","code":null,"level":"error","spans":[{"file_name":"/home/jkfussy/.cargo/registry/src/index.crates.io-1949cf8c6b5b557f/cassowary-0.3.0/src/operators.rs","byte_start":2692,"byte_end":2695,"line_start":98,"line_end":98,"column_start":25,"column_end":28,"is_primary":true,"text":[{"text":"        Expression::new(vec![Term::new(v, 1.0)], self)","highlight_start":25,"highlight_end":28}],"label":null,"suggested_replacement":null,"suggestion_applicability":null,"expansion":null}],"children":[],"rendered":"\u001b[1m\u001b[91merror\u001b[0m\u001b[1m: cannot find macro `vec` in this scope\u001b[0m\n  \u001b[1m\u001b[94m--> \u001b[0m/home/jkfussy/.cargo/registry/src/index.crates.io-1949cf8c6b5b557f/cassowary-0.3.0/src/operators.rs:98:25\n   \u001b[1m\u001b[94m|\u001b[0m\n\u001b[1m\u001b[94m98\u001b[0m \u001b[1m\u001b[94m|\u001b[0m         Expression::new(vec![Term::new(v, 1.0)], self)\n   \u001b[1m\u001b[94m|\u001b[0m                         \u001b[1m\u001b[91m^^^\u001b[0m\n\n"}
{"$message_type":"diagnostic","message":"cannot find macro `vec` in this scope","code":null,"level":"error","spans":[{"file_name":"/home/jkfussy/.cargo/registry/src/index.crates.io-1949cf8c6b5b557f/cassowary-0.3.0/src/operators.rs","byte_start":2363,"byte_end":2366,"line_start":84,"line_end":84,"column_start":25,"column_end":28,"is_primary":true,"text":[{"text":"        Expression::new(vec![Term::new(self, 1.0)], v)","highlight_start":25,"highlight_end":28}],"label":null,"suggested_replacement":null,"suggestion_applicability":null,"expansion":null}],"children":[],"rendered":"\u001b[1m\u001b[91merror\u001b[0m\u001b[1m: cannot find macro `vec` in this scope\u001b[0m\n  \u001b[1m\u001b[94m--> \u001b[0m/home/jkfussy/.cargo/registry/src/index.crates.io-1949cf8c6b5b557f/cassowary-0.3.0/src/operators.rs:84:25\n   \u001b[1m\u001b[94m|\u001b[0m\n\u001b[1m\u001b[94m84\u001b[0m \u001b[1m\u001b[94m|\u001b[0m         Expression::new(vec![Term::new(self, 1.0)], v)\n   \u001b[1m\u001b[94m|\u001b[0m                         \u001b[1m\u001b[91m^^^\u001b[0m\n\n"}
{"$message_type":"diagnostic","message":"cannot find macro `try` in this scope","code":null,"level":"error","spans":[{"file_name":"/home/jkfussy/.cargo/registry/src/index.crates.io-1949cf8c6b5b557f/cassowary-0.3.0/src/solver_impl.rs","byte_start":23296,"byte_end":23299,"line_start":560,"line_end":560,"column_start":38,"column_end":41,"is_primary":true,"text":[{"text":"            let (leaving, mut row) = try!(self.get_leaving_row(entering)","highlight_start":38,"highlight_end":41}],"label":null,"suggested_replacement":null,"suggestion_applicability":null,"expansion":null}],"children":[],"rendered":"\u001b[1m\u001b[91merror\u001b[0m\u001b[1m: cannot find macro `try` in this scope\u001b[0m\n   \u001b[1m\u001b[94m--> \u001b[0m/home/jkfussy/.cargo/registry/src/index.crates.io-1949cf8c6b5b557f/cassowary-0.3.0/src/solver_impl.rs:560:38\n    \u001b[1m\u001b[94m|\u001b[0m\n\u001b[1m\u001b[94m560\u001b[0m \u001b[1m\u001b[94m|\u001b[0m             let (leaving, mut row) = try!(self.get_leaving_row(entering)\n    \u001b[1m\u001b[94m|\u001b[0m                                      \u001b[1m\u001b[91m^^^\u001b[0m\n\n"}
{"$message_type":"diagnostic","message":"cannot find macro `try` in this scope","code":null,"level":"error","spans":[{"file_name":"/home/jkfussy/.cargo/registry/src/index.crates.io-1949cf8c6b5b557f/cassowary-0.3.0/src/solver_impl.rs","byte_start":20547,"byte_end":20550,"line_start":497,"line_end":497,"column_start":9,"column_end":12,"is_primary":true,"text":[{"text":"        try!(self.optimise(&artificial));","highlight_start":9,"highlight_end":12}],"label":null,"suggested_replacement":null,"suggestion_applicability":null,"expansion":null}],"children":[],"rendered":"\u001b[1m\u001b[91merror\u001b[0m\u001b[1m: cannot find macro `try` in this scope\u001b[0m\n   \u001b[1m\u001b[94m--> \u001b[0m/home/jkfussy/.cargo/registry/src/index.crates.io-1949cf8c6b5b557f/cassowary-0.3.0/src/solver_impl.rs:497:9\n    \u001b[1m\u001b[94m|\u001b[0m\n\u001b[1m\u001b[94m497\u001b[0m \u001b[1m\u001b[94m|\u001b[0m         try!(self.optimise(&artificial));\n    \u001b[1m\u001b[94m|\u001b[0m         \u001b[1m\u001b[91m^^^\u001b[0m\n\n"}
{"$message_type":"diagnostic","message":"cannot find macro `try` in this scope","code":null,"level":"error","spans":[{"file_name":"/home/jkfussy/.cargo/registry/src/index.crates.io-1949cf8c6b5b557f/cassowary-0.3.0/src/solver_impl.rs","byte_start":11782,"byte_end":11785,"line_start":286,"line_end":286,"column_start":9,"column_end":12,"is_primary":true,"text":[{"text":"        try!(self.dual_optimise().map_err(|e| SuggestValueError::InternalSolverError(e.0)));","highlight_start":9,"highlight_end":12}],"label":null,"suggested_replacement":null,"suggestion_applicability":null,"expansion":null}],"children":[],"rendered":"\u001b[1m\u001b[91merror\u001b[0m\u001b[1m: cannot find macro `try` in this scope\u001b[0m\n   \u001b[1m\u001b[94m--> \u001b[0m/home/jkfussy/.cargo/registry/src/index.crates.io-1949cf8c6b5b557f/cassowary-0.3.0/src/solver_impl.rs:286:9\n    \u001b[1m\u001b[94m|\u001b[0m\n\u001b[1m\u001b[94m286\u001b[0m \u001b[1m\u001b[94m|\u001b[0m         try!(self.dual_optimise().map_err(|e| SuggestValueError::InternalSolverError(e.0)));\n    \u001b[1m\u001b[94m|\u001b[0m         \u001b[1m\u001b[91m^^^\u001b[0m\n\n"}
{"$message_type":"diagnostic","message":"cannot find macro `try` in this scope","code":null,"level":"error","spans":[{"file_name":"/home/jkfussy/.cargo/registry/src/index.crates.io-1949cf8c6b5b557f/cassowary-0.3.0/src/solver_impl.rs","byte_start":9743,"byte_end":9746,"line_start":239,"line_end":239,"column_start":24,"column_end":27,"is_primary":true,"text":[{"text":"            let info = try!(self.edits.get_mut(&variable).ok_or(SuggestValueError::UnknownEditVariable));","highlight_start":24,"highlight_end":27}],"label":null,"suggested_replacement":null,"suggestion_applicability":null,"expansion":null}],"children":[],"rendered":"\u001b[1m\u001b[91merror\u001b[0m\u001b[1m: cannot find macro `try` in this scope\u001b[0m\n   \u001b[1m\u001b[94m--> \u001b[0m/home/jkfussy/.cargo/registry/src/index.crates.io-1949cf8c6b5b557f/cassowary-0.3.0/src/solver_impl.rs:239:24\n    \u001b[1m\u001b[94m|\u001b[0m\n\u001b[1m\u001b[94m239\u001b[0m \u001b[1m\u001b[94m|\u001b[0m             let info = try!(self.edits.get_mut(&variable).ok_or(SuggestValueError::UnknownEditVariable));\n    \u001b[1m\u001b[94m|\u001b[0m                        \u001b[1m\u001b[91m^^^\u001b[0m\n\n"}
{"$message_type":"diagnostic","message":"cannot find macro `try` in this scope","code":null,"level":"error","spans":[{"file_name":"/home/jkfussy/.cargo/registry/src/index.crates.io-1949cf8c6b5b557f/cassowary-0.3.0/src/solver_impl.rs","byte_start":8631,"byte_end":8634,"line_start":215,"line_end":215,"column_start":13,"column_end":16,"is_primary":true,"text":[{"text":"            try!(self.remove_constraint(&constraint)","highlight_start":13,"highlight_end":16}],"label":null,"suggested_replacement":null,"suggestion_applicability":null,"expansion":null}],"children":[],"rendered":"\u001b[1m\u001b[91merror\u001b[0m\u001b[1m: cannot find macro `try` in this scope\u001b[0m\n   \u001b[1m\u001b[94m--> \u001b[0m/home/jkfussy/.cargo/registry/src/index.crates.io-1949cf8c6b5b557f/cassowary-0.3.0/src/solver_impl.rs:215:13\n    \u001b[1m\u001b[94m|\u001b[0m\n\u001b[1m\u001b[94m215\u001b[0m \u001b[1m\u001b[94m|\u001b[0m             try!(self.remove_constraint(&constraint)\n    \u001b[1m\u001b[94m|\u001b[0m             \u001b[1m\u001b[91m^^^\u001b[0m\n\n"}
{"$message_type":"diagnostic","message":"cannot find macro `try` in this scope","code":null,"level":"error","spans":[{"file_name":"/home/jkfussy/.cargo/registry/src/index.crates.io-1949cf8c6b5b557f/cassowary-0.3.0/src/solver_impl.rs","byte_start":6298,"byte_end":6301,"line_start":163,"line_end":163,"column_start":9,"column_end":12,"is_primary":true,"text":[{"text":"        try!(self.optimise(&objective).map_err(|e| RemoveConstraintError::InternalSolverError(e.0)));","highlight_start":9,"highlight_end":12}],"label":null,"suggested_replacement":null,"suggestion_applicability":null,"expansion":null}],"children":[],"rendered":"\u001b[1m\u001b[91merror\u001b[0m\u001b[1m: cannot find macro `try` in this scope\u001b[0m\n   \u001b[1m\u001b[94m--> \u001b[0m/home/jkfussy/.cargo/registry/src/index.crates.io-1949cf8c6b5b557f/cassowary-0.3.0/src/solver_impl.rs:163:9\n    \u001b[1m\u001b[94m|\u001b[0m\n\u001b[1m\u001b[94m163\u001b[0m \u001b[1m\u001b[94m|\u001b[0m         try!(self.optimise(&objective).map_err(|e| RemoveConstraintError::InternalSolverError(e.0)));\n    \u001b[1m\u001b[94m|\u001b[0m         \u001b[1m\u001b[91m^^^\u001b[0m\n\n"}
{"$message_type":"diagnostic","message":"cannot find macro `try` in this scope","code":null,"level":"error","spans":[{"file_name":"/home/jkfussy/.cargo/registry/src/index.crates.io-1949cf8c6b5b557f/cassowary-0.3.0/src/solver_impl.rs","byte_start":5672,"byte_end":5675,"line_start":151,"line_end":151,"column_start":38,"column_end":41,"is_primary":true,"text":[{"text":"            let (leaving, mut row) = try!(self.get_marker_leaving_row(tag.marker)","highlight_start":38,"highlight_end":41}],"label":null,"suggested_replacement":null,"suggestion_applicability":null,"expansion":null}],"children":[],"rendered":"\u001b[1m\u001b[91merror\u001b[0m\u001b[1m: cannot find macro `try` in this scope\u001b[0m\n   \u001b[1m\u001b[94m--> \u001b[0m/home/jkfussy/.cargo/registry/src/index.crates.io-1949cf8c6b5b557f/cassowary-0.3.0/src/solver_impl.rs:151:38\n    \u001b[1m\u001b[94m|\u001b[0m\n\u001b[1m\u001b[94m151\u001b[0m \u001b[1m\u001b[94m|\u001b[0m             let (leaving, mut row) = try!(self.get_marker_leaving_row(tag.marker)\n    \u001b[1m\u001b[94m|\u001b[0m                                      \u001b[1m\u001b[91m^^^\u001b[0m\n\n"}
{"$message_type":"diagnostic","message":"cannot find macro `try` in this scope","code":null,"level":"error","spans":[{"file_name":"/home/jkfussy/.cargo/registry/src/index.crates.io-1949cf8c6b5b557f/cassowary-0.3.0/src/solver_impl.rs","byte_start":5115,"byte_end":5118,"line_start":141,"line_end":141,"column_start":19,"column_end":22,"is_primary":true,"text":[{"text":"        let tag = try!(self.cns.remove(constraint).ok_or(RemoveConstraintError::UnknownConstraint));","highlight_start":19,"highlight_end":22}],"label":null,"suggested_replacement":null,"suggestion_applicability":null,"expansion":null}],"children":[],"rendered":"\u001b[1m\u001b[91merror\u001b[0m\u001b[1m: cannot find macro `try` in this scope\u001b[0m\n   \u001b[1m\u001b[94m--> \u001b[0m/home/jkfussy/.cargo/registry/src/index.crates.io-1949cf8c6b5b557f/cassowary-0.3.0/src/solver_impl.rs:141:19\n    \u001b[1m\u001b[94m|\u001b[0m\n\u001b[1m\u001b[94m141\u001b[0m \u001b[1m\u001b[94m|\u001b[0m         let tag = try!(self.cns.remove(constraint).ok_or(RemoveConstraintError::UnknownConstraint));\n    \u001b[1m\u001b[94m|\u001b[0m                   \u001b[1m\u001b[91m^^^\u001b[0m\n\n"}
{"$message_type":"diagnostic","message":"cannot find macro `try` in this scope","code":null,"level":"error","spans":[{"file_name":"/home/jkfussy/.cargo/registry/src/index.crates.io-1949cf8c6b5b557f/cassowary-0.3.0/src/solver_impl.rs","byte_start":4829,"byte_end":4832,"line_start":135,"line_end":135,"column_start":9,"column_end":12,"is_primary":true,"text":[{"text":"        try!(self.optimise(&objective).map_err(|e| AddConstraintError::InternalSolverError(e.0)));","highlight_start":9,"highlight_end":12}],"label":null,"suggested_replacement":null,"suggestion_applicability":null,"expansion":null}],"children":[],"rendered":"\u001b[1m\u001b[91merror\u001b[0m\u001b[1m: cannot find macro `try` in this scope\u001b[0m\n   \u001b[1m\u001b[94m--> \u001b[0m/home/jkfussy/.cargo/registry/src/index.crates.io-1949cf8c6b5b557f/cassowary-0.3.0/src/solver_impl.rs:135:9\n    \u001b[1m\u001b[94m|\u001b[0m\n\u001b[1m\u001b[94m135\u001b[0m \u001b[1m\u001b[94m|\u001b[0m         try!(self.optimise(&objective).map_err(|e| AddConstraintError::InternalSolverError(e.0)));\n    \u001b[1m\u001b[94m|\u001b[0m         \u001b[1m\u001b[91m^^^\u001b[0m\n\n"}
{"$message_type":"diagnostic","message":"cannot find macro `try` in this scope","code":null,"level":"error","spans":[{"file_name":"/home/jkfussy/.cargo/registry/src/index.crates.io-1949cf8c6b5b557f/cassowary-0.3.0/src/solver_impl.rs","byte_start":3950,"byte_end":3953,"line_start":115,"line_end":115,"column_start":17,"column_end":20,"is_primary":true,"text":[{"text":"            if !try!(self.add_with_artificial_variable(&row)","highlight_start":17,"highlight_end":20}],"label":null,"suggested_replacement":null,"suggestion_applicability":null,"expansion":null}],"children":[],"rendered":"\u001b[1m\u001b[91merror\u001b[0m\u001b[1m: cannot find macro `try` in this scope\u001b[0m\n   \u001b[1m\u001b[94m--> \u001b[0m/home/jkfussy/.cargo/registry/src/index.crates.io-1949cf8c6b5b557f/cassowary-0.3.0/src/solver_impl.rs:115:17\n    \u001b[1m\u001b[94m|\u001b[0m\n\u001b[1m\u001b[94m115\u001b[0m \u001b[1m\u001b[94m|\u001b[0m             if !try!(self.add_with_artificial_variable(&row)\n    \u001b[1m\u001b[94m|\u001b[0m                 \u001b[1m\u001b[91m^^^\u001b[0m\n\n"}
{"$message_type":"diagnostic","message":"cannot find macro `try` in this scope","code":null,"level":"error","spans":[{"file_name":"/home/jkfussy/.cargo/registry/src/index.crates.io-1949cf8c6b5b557f/cassowary-0.3.0/src/solver_impl.rs","byte_start":2076,"byte_end":2079,"line_start":77,"line_end":77,"column_start":13,"column_end":16,"is_primary":true,"text":[{"text":"            try!(self.add_constraint(constraint.clone()));","highlight_start":13,"highlight_end":16}],"label":null,"suggested_replacement":null,"suggestion_applicability":null,"expansion":null}],"children":[],"rendered":"\u001b[1m\u001b[91merror\u001b[0m\u001b[1m: cannot find macro `try` in this scope\u001b[0m\n  \u001b[1m\u001b[94m--> \u001b[0m/home/jkfussy/.cargo/registry/src/index.crates.io-1949cf8c6b5b557f/cassowary-0.3.0/src/solver_impl.rs:77:13\n   \u001b[1m\u001b[94m|\u001b[0m\n\u001b[1m\u001b[94m77\u001b[0m \u001b[1m\u001b[94m|\u001b[0m             try!(self.add_constraint(constraint.clone()));\n   \u001b[1m\u001b[94m|\u001b[0m             \u001b[1m\u001b[91m^^^\u001b[0m\n\n"}
{"$message_type":"diagnostic","message":"cannot find attribute `derive` in this scope","code":null,"level":"error","spans":[{"file_name":"/home/jkfussy/.cargo/registry/src/index.crates.io-1949cf8c6b5b557f/cassowary-0.3.0/src/solver_impl.rs","byte_start":536,"byte_end":542,"line_start":30,"line_end":30,"column_start":3,"column_end":9,"is_primary":true,"text":[{"text":"#[derive(Clone)]","highlight_start":3,"highlight_end":9}],"label":null,"suggested_replacement":null,"suggestion_applicability":null,"expansion":null}],"children":[],"rendered":"\u001b[1m\u001b[91merror\u001b[0m\u001b[1m: cannot find attribute `derive` in this scope\u001b[0m\n  \u001b[1m\u001b[94m--> \u001b[0m/home/jkfussy/.cargo/registry/src/index.crates.io-1949cf8c6b5b557f/cassowary-0.3.0/src/solver_impl.rs:30:3\n   \u001b[1m\u001b[94m|\u001b[0m\n\u001b[1m\u001b[94m30\u001b[0m \u001b[1m\u001b[94m|\u001b[0m #[derive(Clone)]\n   \u001b[1m\u001b[94m|\u001b[0m   \u001b[1m\u001b[91m^^^^^^\u001b[0m\n\n"}
{"$message_type":"diagnostic","message":"cannot find attribute `derive` in this scope","code":null,"level":"error","spans":[{"file_name":"/home/jkfussy/.cargo/registry/src/index.crates.io-1949cf8c6b5b557f/cassowary-0.3.0/src/solver_impl.rs","byte_start":453,"byte_end":459,"line_start":24,"line_end":24,"column_start":3,"column_end":9,"is_primary":true,"text":[{"text":"#[derive(Copy, Clone)]","highlight_start":3,"highlight_end":9}],"label":null,"suggested_replacement":null,"suggestion_applicability":null,"expansion":null}],"children":[],"rendered":"\u001b[1m\u001b[91merror\u001b[0m\u001b[1m: cannot find attribute `derive` in this scope\u001b[0m\n  \u001b[1m\u001b[94m--> \u001b[0m/home/jkfussy/.cargo/registry/src/index.crates.io-1949cf8c6b5b557f/cassowary-0.3.0/src/solver_impl.rs:24:3\n   \u001b[1m\u001b[94m|\u001b[0m\n\u001b[1m\u001b[94m24\u001b[0m \u001b[1m\u001b[94m|\u001b[0m #[derive(Copy, Clone)]\n   \u001b[1m\u001b[94m|\u001b[0m   \u001b[1m\u001b[91m^^^^^^\u001b[0m\n\n"}
{"$message_type":"diagnostic","message":"cannot find type `Vec` in this scope","code":{"code":"E0412","explanation":"A used type name is not in scope.\n\nErroneous code examples:\n\n```compile_fail,E0412\nimpl Something {} // error: type name `Something` is not in scope\n\n// or:\n\ntrait Foo {\n    fn bar(N); // error: type name `N` is not in scope\n}\n\n// or:\n\nfn foo(x: T) {} // type name `T` is not in scope\n```\n\nTo fix this error, please verify you didn't misspell the type name, you did\ndeclare it or imported it into the scope. Examples:\n\n```\nstruct Something;\n\nimpl Something {} // ok!\n\n// or:\n\ntrait Foo {\n    type N;\n\n    fn bar(_: Self::N); // ok!\n}\n\n// or:\n\nfn foo<T>(x: T) {} // ok!\n```\n\nAnother case that causes this error is when a type is imported into a parent\nmodule. To fix this, you can follow the suggestion and use File directly or\n`use super::File;` which will import the types from the parent namespace. An\nexample that causes this error is below:\n\n```compile_fail,E0412\nuse std::fs::File;\n\nmod foo {\n    fn some_function(f: File) {}\n}\n```\n\n```\nuse std::fs::File;\n\nmod foo {\n    // either\n    use super::File;\n    // or\n    // use std::fs::File;\n    fn foo(f: File) {}\n}\n# fn main() {} // don't insert it for us; that'll break imports\n```\n"},"level":"error","spans":[{"file_name":"/home/jkfussy/.cargo/registry/src/index.crates.io-1949cf8c6b5b557f/cassowary-0.3.0/src/solver_impl.rs","byte_start":939,"byte_end":942,"line_start":42,"line_end":42,"column_start":21,"column_end":24,"is_primary":true,"text":[{"text":"    public_changes: Vec<(Variable, f64)>,","highlight_start":21,"highlight_end":24}],"label":"not found in this scope","suggested_replacement":null,"suggestion_applicability":null,"expansion":null}],"children":[],"rendered":"\u001b[1m\u001b[91merror[E0412]\u001b[0m\u001b[1m: cannot find type `Vec` in this scope\u001b[0m\n  \u001b[1m\u001b[94m--> \u001b[0m/home/jkfussy/.cargo/registry/src/index.crates.io-1949cf8c6b5b557f/cassowary-0.3.0/src/solver_impl.rs:42:21\n   \u001b[1m\u001b[94m|\u001b[0m\n\u001b[1m\u001b[94m42\u001b[0m \u001b[1m\u001b[94m|\u001b[0m     public_changes: Vec<(Variable, f64)>,\n   \u001b[1m\u001b[94m|\u001b[0m                     \u001b[1m\u001b[91m^^^\u001b[0m \u001b[1m\u001b[91mnot found in this scope\u001b[0m\n\n"}
{"$message_type":"diagnostic","message":"cannot find type `Box` in this scope","code":{"code":"E0412","explanation":"A used type name is not in scope.\n\nErroneous code examples:\n\n```compile_fail,E0412\nimpl Something {} // error: type name `Something` is not in scope\n\n// or:\n\ntrait Foo {\n    fn bar(N); // error: type name `N` is not in scope\n}\n\n// or:\n\nfn foo(x: T) {} // type name `T` is not in scope\n```\n\nTo fix this error, please verify you didn't misspell the type name, you did\ndeclare it or imported it into the scope. Examples:\n\n```\nstruct Something;\n\nimpl Something {} // ok!\n\n// or:\n\ntrait Foo {\n    type N;\n\n    fn bar(_: Self::N); // ok!\n}\n\n// or:\n\nfn foo<T>(x: T) {} // ok!\n```\n\nAnother case that causes this error is when a type is imported into a parent\nmodule. To fix this, you can follow the suggestion and use File directly or\n`use super::File;` which will import the types from the parent namespace. An\nexample that causes this error is below:\n\n```compile_fail,E0412\nuse std::fs::File;\n\nmod foo {\n    fn some_function(f: File) {}\n}\n```\n\n```\nuse std::fs::File;\n\nmod foo {\n    // either\n    use super::File;\n    // or\n    // use std::fs::File;\n    fn foo(f: File) {}\n}\n# fn main() {} // don't insert it for us; that'll break imports\n```\n"},"level":"error","spans":[{"file_name":"/home/jkfussy/.cargo/registry/src/index.crates.io-1949cf8c6b5b557f/cassowary-0.3.0/src/solver_impl.rs","byte_start":1054,"byte_end":1057,"line_start":45,"line_end":45,"column_start":27,"column_end":30,"is_primary":true,"text":[{"text":"    rows: HashMap<Symbol, Box<Row>>,","highlight_start":27,"highlight_end":30}],"label":"not found in this scope","suggested_replacement":null,"suggestion_applicability":null,"expansion":null}],"children":[],"rendered":"\u001b[1m\u001b[91merror[E0412]\u001b[0m\u001b[1m: cannot find type `Box` in this scope\u001b[0m\n  \u001b[1m\u001b[94m--> \u001b[0m/home/jkfussy/.cargo/registry/src/index.crates.io-1949cf8c6b5b557f/cassowary-0.3.0/src/solver_impl.rs:45:27\n   \u001b[1m\u001b[94m|\u001b[0m\n\u001b[1m\u001b[94m45\u001b[0m \u001b[1m\u001b[94m|\u001b[0m     rows: HashMap<Symbol, Box<Row>>,\n   \u001b[1m\u001b[94m|\u001b[0m                           \u001b[1m\u001b[91m^^^\u001b[0m \u001b[1m\u001b[91mnot found in this scope\u001b[0m\n\n"}
{"$message_type":"diagnostic","message":"cannot find type `Vec` in this scope","code":{"code":"E0412","explanation":"A used type name is not in scope.\n\nErroneous code examples:\n\n```compile_fail,E0412\nimpl Something {} // error: type name `Something` is not in scope\n\n// or:\n\ntrait Foo {\n    fn bar(N); // error: type name `N` is not in scope\n}\n\n// or:\n\nfn foo(x: T) {} // type name `T` is not in scope\n```\n\nTo fix this error, please verify you didn't misspell the type name, you did\ndeclare it or imported it into the scope. Examples:\n\n```\nstruct Something;\n\nimpl Something {} // ok!\n\n// or:\n\ntrait Foo {\n    type N;\n\n    fn bar(_: Self::N); // ok!\n}\n\n// or:\n\nfn foo<T>(x: T) {} // ok!\n```\n\nAnother case that causes this error is when a type is imported into a parent\nmodule. To fix this, you can follow the suggestion and use File directly or\n`use super::File;` which will import the types from the parent namespace. An\nexample that causes this error is below:\n\n```compile_fail,E0412\nuse std::fs::File;\n\nmod foo {\n    fn some_function(f: File) {}\n}\n```\n\n```\nuse std::fs::File;\n\nmod foo {\n    // either\n    use super::File;\n    // or\n    // use std::fs::File;\n    fn foo(f: File) {}\n}\n# fn main() {} // don't insert it for us; that'll break imports\n```\n"},"level":"error","spans":[{"file_name":"/home/jkfussy/.cargo/registry/src/index.crates.io-1949cf8c6b5b557f/cassowary-0.3.0/src/solver_impl.rs","byte_start":1128,"byte_end":1131,"line_start":47,"line_end":47,"column_start":22,"column_end":25,"is_primary":true,"text":[{"text":"    infeasible_rows: Vec<Symbol>, // never contains external symbols","highlight_start":22,"highlight_end":25}],"label":"not found in this scope","suggested_replacement":null,"suggestion_applicability":null,"expansion":null}],"children":[],"rendered":"\u001b[1m\u001b[91merror[E0412]\u001b[0m\u001b[1m: cannot find type `Vec` in this scope\u001b[0m\n  \u001b[1m\u001b[94m--> \u001b[0m/home/jkfussy/.cargo/registry/src/index.crates.io-1949cf8c6b5b557f/cassowary-0.3.0/src/solver_impl.rs:47:22\n   \u001b[1m\u001b[94m|\u001b[0m\n\u001b[1m\u001b[94m47\u001b[0m \u001b[1m\u001b[94m|\u001b[0m     infeasible_rows: Vec<Symbol>, // never contains external symbols\n   \u001b[1m\u001b[94m|\u001b[0m                      \u001b[1m\u001b[91m^^^\u001b[0m \u001b[1m\u001b[91mnot found in this scope\u001b[0m\n\n"}
{"$message_type":"diagnostic","message":"cannot find type `Option` in this scope","code":{"code":"E0412","explanation":"A used type name is not in scope.\n\nErroneous code examples:\n\n```compile_fail,E0412\nimpl Something {} // error: type name `Something` is not in scope\n\n// or:\n\ntrait Foo {\n    fn bar(N); // error: type name `N` is not in scope\n}\n\n// or:\n\nfn foo(x: T) {} // type name `T` is not in scope\n```\n\nTo fix this error, please verify you didn't misspell the type name, you did\ndeclare it or imported it into the scope. Examples:\n\n```\nstruct Something;\n\nimpl Something {} // ok!\n\n// or:\n\ntrait Foo {\n    type N;\n\n    fn bar(_: Self::N); // ok!\n}\n\n// or:\n\nfn foo<T>(x: T) {} // ok!\n```\n\nAnother case that causes this error is when a type is imported into a parent\nmodule. To fix this, you can follow the suggestion and use File directly or\n`use super::File;` which will import the types from the parent namespace. An\nexample that causes this error is below:\n\n```compile_fail,E0412\nuse std::fs::File;\n\nmod foo {\n    fn some_function(f: File) {}\n}\n```\n\n```\nuse std::fs::File;\n\nmod foo {\n    // either\n    use super::File;\n    // or\n    // use std::fs::File;\n    fn foo(f: File) {}\n}\n# fn main() {} // don't insert it for us; that'll break imports\n```\n"},"level":"error","spans":[{"file_name":"/home/jkfussy/.cargo/registry/src/index.crates.io-1949cf8c6b5b557f/cassowary-0.3.0/src/solver_impl.rs","byte_start":1227,"byte_end":1233,"line_start":49,"line_end":49,"column_start":17,"column_end":23,"is_primary":true,"text":[{"text":"    artificial: Option<Rc<RefCell<Row>>>,","highlight_start":17,"highlight_end":23}],"label":"not found in this scope","suggested_replacement":null,"suggestion_applicability":null,"expansion":null}],"children":[],"rendered":"\u001b[1m\u001b[91merror[E0412]\u001b[0m\u001b[1m: cannot find type `Option` in this scope\u001b[0m\n  \u001b[1m\u001b[94m--> \u001b[0m/home/jkfussy/.cargo/registry/src/index.crates.io-1949cf8c6b5b557f/cassowary-0.3.0/src/solver_impl.rs:49:17\n   \u001b[1m\u001b[94m|\u001b[0m\n\u001b[1m\u001b[94m49\u001b[0m \u001b[1m\u001b[94m|\u001b[0m     artificial: Option<Rc<RefCell<Row>>>,\n   \u001b[1m\u001b[94m|\u001b[0m                 \u001b[1m\u001b[91m^^^^^^\u001b[0m \u001b[1m\u001b[91mnot found in this scope\u001b[0m\n\n"}
{"$message_type":"diagnostic","message":"cannot find value `None` in this scope","code":{"code":"E0425","explanation":"An unresolved name was used.\n\nErroneous code examples:\n\n```compile_fail,E0425\nsomething_that_doesnt_exist::foo;\n// error: unresolved name `something_that_doesnt_exist::foo`\n\n// or:\n\ntrait Foo {\n    fn bar() {\n        Self; // error: unresolved name `Self`\n    }\n}\n\n// or:\n\nlet x = unknown_variable;  // error: unresolved name `unknown_variable`\n```\n\nPlease verify that the name wasn't misspelled and ensure that the\nidentifier being referred to is valid for the given situation. Example:\n\n```\nenum something_that_does_exist {\n    Foo,\n}\n```\n\nOr:\n\n```\nmod something_that_does_exist {\n    pub static foo : i32 = 0i32;\n}\n\nsomething_that_does_exist::foo; // ok!\n```\n\nOr:\n\n```\nlet unknown_variable = 12u32;\nlet x = unknown_variable; // ok!\n```\n\nIf the item is not defined in the current module, it must be imported using a\n`use` statement, like so:\n\n```\n# mod foo { pub fn bar() {} }\n# fn main() {\nuse foo::bar;\nbar();\n# }\n```\n\nIf the item you are importing is not defined in some super-module of the\ncurrent module, then it must also be declared as public (e.g., `pub fn`).\n"},"level":"error","spans":[{"file_name":"/home/jkfussy/.cargo/registry/src/index.crates.io-1949cf8c6b5b557f/cassowary-0.3.0/src/solver_impl.rs","byte_start":1813,"byte_end":1817,"line_start":67,"line_end":67,"column_start":25,"column_end":29,"is_primary":true,"text":[{"text":"            artificial: None,","highlight_start":25,"highlight_end":29}],"label":"not found in this scope","suggested_replacement":null,"suggestion_applicability":null,"expansion":null}],"children":[],"rendered":"\u001b[1m\u001b[91merror[E0425]\u001b[0m\u001b[1m: cannot find value `None` in this scope\u001b[0m\n  \u001b[1m\u001b[94m--> \u001b[0m/home/jkfussy/.cargo/registry/src/index.crates.io-1949cf8c6b5b557f/cassowary-0.3.0/src/solver_impl.rs:67:25\n   \u001b[1m\u001b[94m|\u001b[0m\n\u001b[1m\u001b[94m67\u001b[0m \u001b[1m\u001b[94m|\u001b[0m             artificial: None,\n   \u001b[1m\u001b[94m|\u001b[0m                         \u001b[1m\u001b[91m^^^^\u001b[0m \u001b[1m\u001b[91mnot found in this scope\u001b[0m\n\n"}
{"$message_type":"diagnostic","message":"cannot find trait `IntoIterator` in this scope","code":{"code":"E0405","explanation":"The code refers to a trait that is not in scope.\n\nErroneous code example:\n\n```compile_fail,E0405\nstruct Foo;\n\nimpl SomeTrait for Foo {} // error: trait `SomeTrait` is not in scope\n```\n\nPlease verify that the name of the trait wasn't misspelled and ensure that it\nwas imported. Example:\n\n```\n# #[cfg(for_demonstration_only)]\n// solution 1:\nuse some_file::SomeTrait;\n\n// solution 2:\ntrait SomeTrait {\n    // some functions\n}\n\nstruct Foo;\n\nimpl SomeTrait for Foo { // ok!\n    // implements functions\n}\n```\n"},"level":"error","spans":[{"file_name":"/home/jkfussy/.cargo/registry/src/index.crates.io-1949cf8c6b5b557f/cassowary-0.3.0/src/solver_impl.rs","byte_start":1898,"byte_end":1910,"line_start":72,"line_end":72,"column_start":35,"column_end":47,"is_primary":true,"text":[{"text":"    pub fn add_constraints<'a, I: IntoIterator<Item = &'a Constraint>>(","highlight_start":35,"highlight_end":47}],"label":"not found in this scope","suggested_replacement":null,"suggestion_applicability":null,"expansion":null}],"children":[],"rendered":"\u001b[1m\u001b[91merror[E0405]\u001b[0m\u001b[1m: cannot find trait `IntoIterator` in this scope\u001b[0m\n  \u001b[1m\u001b[94m--> \u001b[0m/home/jkfussy/.cargo/registry/src/index.crates.io-1949cf8c6b5b557f/cassowary-0.3.0/src/solver_impl.rs:72:35\n   \u001b[1m\u001b[94m|\u001b[0m\n\u001b[1m\u001b[94m72\u001b[0m \u001b[1m\u001b[94m|\u001b[0m     pub fn add_constraints<'a, I: IntoIterator<Item = &'a Constraint>>(\n   \u001b[1m\u001b[94m|\u001b[0m                                   \u001b[1m\u001b[91m^^^^^^^^^^^^\u001b[0m \u001b[1m\u001b[91mnot found in this scope\u001b[0m\n\n"}
{"$message_type":"diagnostic","message":"cannot find type `Result` in this scope","code":{"code":"E0412","explanation":"A used type name is not in scope.\n\nErroneous code examples:\n\n```compile_fail,E0412\nimpl Something {} // error: type name `Something` is not in scope\n\n// or:\n\ntrait Foo {\n    fn bar(N); // error: type name `N` is not in scope\n}\n\n// or:\n\nfn foo(x: T) {} // type name `T` is not in scope\n```\n\nTo fix this error, please verify you didn't misspell the type name, you did\ndeclare it or imported it into the scope. Examples:\n\n```\nstruct Something;\n\nimpl Something {} // ok!\n\n// or:\n\ntrait Foo {\n    type N;\n\n    fn bar(_: Self::N); // ok!\n}\n\n// or:\n\nfn foo<T>(x: T) {} // ok!\n```\n\nAnother case that causes this error is when a type is imported into a parent\nmodule. To fix this, you can follow the suggestion and use File directly or\n`use super::File;` which will import the types from the parent namespace. An\nexample that causes this error is below:\n\n```compile_fail,E0412\nuse std::fs::File;\n\nmod foo {\n    fn some_function(f: File) {}\n}\n```\n\n```\nuse std::fs::File;\n\nmod foo {\n    // either\n    use super::File;\n    // or\n    // use std::fs::File;\n    fn foo(f: File) {}\n}\n# fn main() {} // don't insert it for us; that'll break imports\n```\n"},"level":"error","spans":[{"file_name":"/home/jkfussy/.cargo/registry/src/index.crates.io-1949cf8c6b5b557f/cassowary-0.3.0/src/solver_impl.rs","byte_start":1984,"byte_end":1990,"line_start":74,"line_end":74,"column_start":28,"column_end":34,"is_primary":true,"text":[{"text":"        constraints: I) -> Result<(), AddConstraintError>","highlight_start":28,"highlight_end":34}],"label":"not found in this scope","suggested_replacement":null,"suggestion_applicability":null,"expansion":null}],"children":[],"rendered":"\u001b[1m\u001b[91merror[E0412]\u001b[0m\u001b[1m: cannot find type `Result` in this scope\u001b[0m\n  \u001b[1m\u001b[94m--> \u001b[0m/home/jkfussy/.cargo/registry/src/index.crates.io-1949cf8c6b5b557f/cassowary-0.3.0/src/solver_impl.rs:74:28\n   \u001b[1m\u001b[94m|\u001b[0m\n\u001b[1m\u001b[94m74\u001b[0m \u001b[1m\u001b[94m|\u001b[0m         constraints: I) -> Result<(), AddConstraintError>\n   \u001b[1m\u001b[94m|\u001b[0m                            \u001b[1m\u001b[91m^^^^^^\u001b[0m \u001b[1m\u001b[91mnot found in this scope\u001b[0m\n\n"}
{"$message_type":"diagnostic","message":"cannot find type `Result` in this scope","code":{"code":"E0412","explanation":"A used type name is not in scope.\n\nErroneous code examples:\n\n```compile_fail,E0412\nimpl Something {} // error: type name `Something` is not in scope\n\n// or:\n\ntrait Foo {\n    fn bar(N); // error: type name `N` is not in scope\n}\n\n// or:\n\nfn foo(x: T) {} // type name `T` is not in scope\n```\n\nTo fix this error, please verify you didn't misspell the type name, you did\ndeclare it or imported it into the scope. Examples:\n\n```\nstruct Something;\n\nimpl Something {} // ok!\n\n// or:\n\ntrait Foo {\n    type N;\n\n    fn bar(_: Self::N); // ok!\n}\n\n// or:\n\nfn foo<T>(x: T) {} // ok!\n```\n\nAnother case that causes this error is when a type is imported into a parent\nmodule. To fix this, you can follow the suggestion and use File directly or\n`use super::File;` which will import the types from the parent namespace. An\nexample that causes this error is below:\n\n```compile_fail,E0412\nuse std::fs::File;\n\nmod foo {\n    fn some_function(f: File) {}\n}\n```\n\n```\nuse std::fs::File;\n\nmod foo {\n    // either\n    use super::File;\n    // or\n    // use std::fs::File;\n    fn foo(f: File) {}\n}\n# fn main() {} // don't insert it for us; that'll break imports\n```\n"},"level":"error","spans":[{"file_name":"/home/jkfussy/.cargo/registry/src/index.crates.io-1949cf8c6b5b557f/cassowary-0.3.0/src/solver_impl.rs","byte_start":2265,"byte_end":2271,"line_start":83,"line_end":83,"column_start":65,"column_end":71,"is_primary":true,"text":[{"text":"    pub fn add_constraint(&mut self, constraint: Constraint) -> Result<(), AddConstraintError> {","highlight_start":65,"highlight_end":71}],"label":"not found in this scope","suggested_replacement":null,"suggestion_applicability":null,"expansion":null}],"children":[],"rendered":"\u001b[1m\u001b[91merror[E0412]\u001b[0m\u001b[1m: cannot find type `Result` in this scope\u001b[0m\n  \u001b[1m\u001b[94m--> \u001b[0m/home/jkfussy/.cargo/registry/src/index.crates.io-1949cf8c6b5b557f/cassowary-0.3.0/src/solver_impl.rs:83:65\n   \u001b[1m\u001b[94m|\u001b[0m\n\u001b[1m\u001b[94m83\u001b[0m \u001b[1m\u001b[94m|\u001b[0m     pub fn add_constraint(&mut self, constraint: Constraint) -> Result<(), AddConstraintError> {\n   \u001b[1m\u001b[94m|\u001b[0m                                                                 \u001b[1m\u001b[91m^^^^^^\u001b[0m \u001b[1m\u001b[91mnot found in this scope\u001b[0m\n\n"}
{"$message_type":"diagnostic","message":"cannot find type `Result` in this scope","code":{"code":"E0412","explanation":"A used type name is not in scope.\n\nErroneous code examples:\n\n```compile_fail,E0412\nimpl Something {} // error: type name `Something` is not in scope\n\n// or:\n\ntrait Foo {\n    fn bar(N); // error: type name `N` is not in scope\n}\n\n// or:\n\nfn foo(x: T) {} // type name `T` is not in scope\n```\n\nTo fix this error, please verify you didn't misspell the type name, you did\ndeclare it or imported it into the scope. Examples:\n\n```\nstruct Something;\n\nimpl Something {} // ok!\n\n// or:\n\ntrait Foo {\n    type N;\n\n    fn bar(_: Self::N); // ok!\n}\n\n// or:\n\nfn foo<T>(x: T) {} // ok!\n```\n\nAnother case that causes this error is when a type is imported into a parent\nmodule. To fix this, you can follow the suggestion and use File directly or\n`use super::File;` which will import the types from the parent namespace. An\nexample that causes this error is below:\n\n```compile_fail,E0412\nuse std::fs::File;\n\nmod foo {\n    fn some_function(f: File) {}\n}\n```\n\n```\nuse std::fs::File;\n\nmod foo {\n    // either\n    use super::File;\n    // or\n    // use std::fs::File;\n    fn foo(f: File) {}\n}\n# fn main() {} // don't insert it for us; that'll break imports\n```\n"},"level":"error","spans":[{"file_name":"/home/jkfussy/.cargo/registry/src/index.crates.io-1949cf8c6b5b557f/cassowary-0.3.0/src/solver_impl.rs","byte_start":5060,"byte_end":5066,"line_start":140,"line_end":140,"column_start":69,"column_end":75,"is_primary":true,"text":[{"text":"    pub fn remove_constraint(&mut self, constraint: &Constraint) -> Result<(), RemoveConstraintError> {","highlight_start":69,"highlight_end":75}],"label":"not found in this scope","suggested_replacement":null,"suggestion_applicability":null,"expansion":null}],"children":[],"rendered":"\u001b[1m\u001b[91merror[E0412]\u001b[0m\u001b[1m: cannot find type `Result` in this scope\u001b[0m\n   \u001b[1m\u001b[94m--> \u001b[0m/home/jkfussy/.cargo/registry/src/index.crates.io-1949cf8c6b5b557f/cassowary-0.3.0/src/solver_impl.rs:140:69\n    \u001b[1m\u001b[94m|\u001b[0m\n\u001b[1m\u001b[94m140\u001b[0m \u001b[1m\u001b[94m|\u001b[0m     pub fn remove_constraint(&mut self, constraint: &Constraint) -> Result<(), RemoveConstraintError> {\n    \u001b[1m\u001b[94m|\u001b[0m                                                                     \u001b[1m\u001b[91m^^^^^^\u001b[0m \u001b[1m\u001b[91mnot found in this scope\u001b[0m\n\n"}
{"$message_type":"diagnostic","message":"cannot find tuple struct or tuple variant `Some` in this scope","code":{"code":"E0531","explanation":"An unknown tuple struct/variant has been used.\n\nErroneous code example:\n\n```compile_fail,E0531\nlet Type(x) = Type(12); // error!\nmatch Bar(12) {\n    Bar(x) => {} // error!\n    _ => {}\n}\n```\n\nIn most cases, it's either a forgotten import or a typo. However, let's look at\nhow you can have such a type:\n\n```edition2018\nstruct Type(u32); // this is a tuple struct\n\nenum Foo {\n    Bar(u32), // this is a tuple variant\n}\n\nuse Foo::*; // To use Foo's variant directly, we need to import them in\n            // the scope.\n```\n\nEither way, it should work fine with our previous code:\n\n```edition2018\nstruct Type(u32);\n\nenum Foo {\n    Bar(u32),\n}\nuse Foo::*;\n\nlet Type(x) = Type(12); // ok!\nmatch Type(12) {\n    Type(x) => {} // ok!\n    _ => {}\n}\n```\n"},"level":"error","spans":[{"file_name":"/home/jkfussy/.cargo/registry/src/index.crates.io-1949cf8c6b5b557f/cassowary-0.3.0/src/solver_impl.rs","byte_start":6744,"byte_end":6748,"line_start":170,"line_end":170,"column_start":24,"column_end":28,"is_primary":true,"text":[{"text":"                if let Some(&mut (_, _, ref mut count)) = self.var_data.get_mut(&term.variable) {","highlight_start":24,"highlight_end":28}],"label":"not found in this scope","suggested_replacement":null,"suggestion_applicability":null,"expansion":null}],"children":[],"rendered":"\u001b[1m\u001b[91merror[E0531]\u001b[0m\u001b[1m: cannot find tuple struct or tuple variant `Some` in this scope\u001b[0m\n   \u001b[1m\u001b[94m--> \u001b[0m/home/jkfussy/.cargo/registry/src/index.crates.io-1949cf8c6b5b557f/cassowary-0.3.0/src/solver_impl.rs:170:24\n    \u001b[1m\u001b[94m|\u001b[0m\n\u001b[1m\u001b[94m170\u001b[0m \u001b[1m\u001b[94m|\u001b[0m                 if let Some(&mut (_, _, ref mut count)) = self.var_data.get_mut(&term.variable) {\n    \u001b[1m\u001b[94m|\u001b[0m                        \u001b[1m\u001b[91m^^^^\u001b[0m \u001b[1m\u001b[91mnot found in this scope\u001b[0m\n\n"}
{"$message_type":"diagnostic","message":"cannot find type `Result` in this scope","code":{"code":"E0412","explanation":"A used type name is not in scope.\n\nErroneous code examples:\n\n```compile_fail,E0412\nimpl Something {} // error: type name `Something` is not in scope\n\n// or:\n\ntrait Foo {\n    fn bar(N); // error: type name `N` is not in scope\n}\n\n// or:\n\nfn foo(x: T) {} // type name `T` is not in scope\n```\n\nTo fix this error, please verify you didn't misspell the type name, you did\ndeclare it or imported it into the scope. Examples:\n\n```\nstruct Something;\n\nimpl Something {} // ok!\n\n// or:\n\ntrait Foo {\n    type N;\n\n    fn bar(_: Self::N); // ok!\n}\n\n// or:\n\nfn foo<T>(x: T) {} // ok!\n```\n\nAnother case that causes this error is when a type is imported into a parent\nmodule. To fix this, you can follow the suggestion and use File directly or\n`use super::File;` which will import the types from the parent namespace. An\nexample that causes this error is below:\n\n```compile_fail,E0412\nuse std::fs::File;\n\nmod foo {\n    fn some_function(f: File) {}\n}\n```\n\n```\nuse std::fs::File;\n\nmod foo {\n    // either\n    use super::File;\n    // or\n    // use std::fs::File;\n    fn foo(f: File) {}\n}\n# fn main() {} // don't insert it for us; that'll break imports\n```\n"},"level":"error","spans":[{"file_name":"/home/jkfussy/.cargo/registry/src/index.crates.io-1949cf8c6b5b557f/cassowary-0.3.0/src/solver_impl.rs","byte_start":7628,"byte_end":7634,"line_start":192,"line_end":192,"column_start":72,"column_end":78,"is_primary":true,"text":[{"text":"    pub fn add_edit_variable(&mut self, v: Variable, strength: f64) -> Result<(), AddEditVariableError> {","highlight_start":72,"highlight_end":78}],"label":"not found in this scope","suggested_replacement":null,"suggestion_applicability":null,"expansion":null}],"children":[],"rendered":"\u001b[1m\u001b[91merror[E0412]\u001b[0m\u001b[1m: cannot find type `Result` in this scope\u001b[0m\n   \u001b[1m\u001b[94m--> \u001b[0m/home/jkfussy/.cargo/registry/src/index.crates.io-1949cf8c6b5b557f/cassowary-0.3.0/src/solver_impl.rs:192:72\n    \u001b[1m\u001b[94m|\u001b[0m\n\u001b[1m\u001b[94m192\u001b[0m \u001b[1m\u001b[94m|\u001b[0m     pub fn add_edit_variable(&mut self, v: Variable, strength: f64) -> Result<(), AddEditVariableError> {\n    \u001b[1m\u001b[94m|\u001b[0m                                                                        \u001b[1m\u001b[91m^^^^^^\u001b[0m \u001b[1m\u001b[91mnot found in this scope\u001b[0m\n\n"}
{"$message_type":"diagnostic","message":"cannot find type `Result` in this scope","code":{"code":"E0412","explanation":"A used type name is not in scope.\n\nErroneous code examples:\n\n```compile_fail,E0412\nimpl Something {} // error: type name `Something` is not in scope\n\n// or:\n\ntrait Foo {\n    fn bar(N); // error: type name `N` is not in scope\n}\n\n// or:\n\nfn foo(x: T) {} // type name `T` is not in scope\n```\n\nTo fix this error, please verify you didn't misspell the type name, you did\ndeclare it or imported it into the scope. Examples:\n\n```\nstruct Something;\n\nimpl Something {} // ok!\n\n// or:\n\ntrait Foo {\n    type N;\n\n    fn bar(_: Self::N); // ok!\n}\n\n// or:\n\nfn foo<T>(x: T) {} // ok!\n```\n\nAnother case that causes this error is when a type is imported into a parent\nmodule. To fix this, you can follow the suggestion and use File directly or\n`use super::File;` which will import the types from the parent namespace. An\nexample that causes this error is below:\n\n```compile_fail,E0412\nuse std::fs::File;\n\nmod foo {\n    fn some_function(f: File) {}\n}\n```\n\n```\nuse std::fs::File;\n\nmod foo {\n    // either\n    use super::File;\n    // or\n    // use std::fs::File;\n    fn foo(f: File) {}\n}\n# fn main() {} // don't insert it for us; that'll break imports\n```\n"},"level":"error","spans":[{"file_name":"/home/jkfussy/.cargo/registry/src/index.crates.io-1949cf8c6b5b557f/cassowary-0.3.0/src/solver_impl.rs","byte_start":8499,"byte_end":8505,"line_start":213,"line_end":213,"column_start":60,"column_end":66,"is_primary":true,"text":[{"text":"    pub fn remove_edit_variable(&mut self, v: Variable) -> Result<(), RemoveEditVariableError> {","highlight_start":60,"highlight_end":66}],"label":"not found in this scope","suggested_replacement":null,"suggestion_applicability":null,"expansion":null}],"children":[],"rendered":"\u001b[1m\u001b[91merror[E0412]\u001b[0m\u001b[1m: cannot find type `Result` in this scope\u001b[0m\n   \u001b[1m\u001b[94m--> \u001b[0m/home/jkfussy/.cargo/registry/src/index.crates.io-1949cf8c6b5b557f/cassowary-0.3.0/src/solver_impl.rs:213:60\n    \u001b[1m\u001b[94m|\u001b[0m\n\u001b[1m\u001b[94m213\u001b[0m \u001b[1m\u001b[94m|\u001b[0m     pub fn remove_edit_variable(&mut self, v: Variable) -> Result<(), RemoveEditVariableError> {\n    \u001b[1m\u001b[94m|\u001b[0m                                                            \u001b[1m\u001b[91m^^^^^^\u001b[0m \u001b[1m\u001b[91mnot found in this scope\u001b[0m\n\n"}
{"$message_type":"diagnostic","message":"cannot find tuple struct or tuple variant `Some` in this scope","code":{"code":"E0531","explanation":"An unknown tuple struct/variant has been used.\n\nErroneous code example:\n\n```compile_fail,E0531\nlet Type(x) = Type(12); // error!\nmatch Bar(12) {\n    Bar(x) => {} // error!\n    _ => {}\n}\n```\n\nIn most cases, it's either a forgotten import or a typo. However, let's look at\nhow you can have such a type:\n\n```edition2018\nstruct Type(u32); // this is a tuple struct\n\nenum Foo {\n    Bar(u32), // this is a tuple variant\n}\n\nuse Foo::*; // To use Foo's variant directly, we need to import them in\n            // the scope.\n```\n\nEither way, it should work fine with our previous code:\n\n```edition2018\nstruct Type(u32);\n\nenum Foo {\n    Bar(u32),\n}\nuse Foo::*;\n\nlet Type(x) = Type(12); // ok!\nmatch Type(12) {\n    Type(x) => {} // ok!\n    _ => {}\n}\n```\n"},"level":"error","spans":[{"file_name":"/home/jkfussy/.cargo/registry/src/index.crates.io-1949cf8c6b5b557f/cassowary-0.3.0/src/solver_impl.rs","byte_start":8553,"byte_end":8557,"line_start":214,"line_end":214,"column_start":16,"column_end":20,"is_primary":true,"text":[{"text":"        if let Some(constraint) = self.edits.remove(&v).map(|e| e.constraint) {","highlight_start":16,"highlight_end":20}],"label":"not found in this scope","suggested_replacement":null,"suggestion_applicability":null,"expansion":null}],"children":[],"rendered":"\u001b[1m\u001b[91merror[E0531]\u001b[0m\u001b[1m: cannot find tuple struct or tuple variant `Some` in this scope\u001b[0m\n   \u001b[1m\u001b[94m--> \u001b[0m/home/jkfussy/.cargo/registry/src/index.crates.io-1949cf8c6b5b557f/cassowary-0.3.0/src/solver_impl.rs:214:16\n    \u001b[1m\u001b[94m|\u001b[0m\n\u001b[1m\u001b[94m214\u001b[0m \u001b[1m\u001b[94m|\u001b[0m         if let Some(constraint) = self.edits.remove(&v).map(|e| e.constraint) {\n    \u001b[1m\u001b[94m|\u001b[0m                \u001b[1m\u001b[91m^^^^\u001b[0m \u001b[1m\u001b[91mnot found in this scope\u001b[0m\n\n"}
{"$message_type":"diagnostic","message":"cannot find type `Result` in this scope","code":{"code":"E0412","explanation":"A used type name is not in scope.\n\nErroneous code examples:\n\n```compile_fail,E0412\nimpl Something {} // error: type name `Something` is not in scope\n\n// or:\n\ntrait Foo {\n    fn bar(N); // error: type name `N` is not in scope\n}\n\n// or:\n\nfn foo(x: T) {} // type name `T` is not in scope\n```\n\nTo fix this error, please verify you didn't misspell the type name, you did\ndeclare it or imported it into the scope. Examples:\n\n```\nstruct Something;\n\nimpl Something {} // ok!\n\n// or:\n\ntrait Foo {\n    type N;\n\n    fn bar(_: Self::N); // ok!\n}\n\n// or:\n\nfn foo<T>(x: T) {} // ok!\n```\n\nAnother case that causes this error is when a type is imported into a parent\nmodule. To fix this, you can follow the suggestion and use File directly or\n`use super::File;` which will import the types from the parent namespace. An\nexample that causes this error is below:\n\n```compile_fail,E0412\nuse std::fs::File;\n\nmod foo {\n    fn some_function(f: File) {}\n}\n```\n\n```\nuse std::fs::File;\n\nmod foo {\n    // either\n    use super::File;\n    // or\n    // use std::fs::File;\n    fn foo(f: File) {}\n}\n# fn main() {} // don't insert it for us; that'll break imports\n```\n"},"level":"error","spans":[{"file_name":"/home/jkfussy/.cargo/registry/src/index.crates.io-1949cf8c6b5b557f/cassowary-0.3.0/src/solver_impl.rs","byte_start":9629,"byte_end":9635,"line_start":237,"line_end":237,"column_start":72,"column_end":78,"is_primary":true,"text":[{"text":"    pub fn suggest_value(&mut self, variable: Variable, value: f64) -> Result<(), SuggestValueError> {","highlight_start":72,"highlight_end":78}],"label":"not found in this scope","suggested_replacement":null,"suggestion_applicability":null,"expansion":null}],"children":[],"rendered":"\u001b[1m\u001b[91merror[E0412]\u001b[0m\u001b[1m: cannot find type `Result` in this scope\u001b[0m\n   \u001b[1m\u001b[94m--> \u001b[0m/home/jkfussy/.cargo/registry/src/index.crates.io-1949cf8c6b5b557f/cassowary-0.3.0/src/solver_impl.rs:237:72\n    \u001b[1m\u001b[94m|\u001b[0m\n\u001b[1m\u001b[94m237\u001b[0m \u001b[1m\u001b[94m|\u001b[0m     pub fn suggest_value(&mut self, variable: Variable, value: f64) -> Result<(), SuggestValueError> {\n    \u001b[1m\u001b[94m|\u001b[0m                                                                        \u001b[1m\u001b[91m^^^^^^\u001b[0m \u001b[1m\u001b[91mnot found in this scope\u001b[0m\n\n"}
{"$message_type":"diagnostic","message":"cannot find tuple struct or tuple variant `Some` in this scope","code":{"code":"E0531","explanation":"An unknown tuple struct/variant has been used.\n\nErroneous code example:\n\n```compile_fail,E0531\nlet Type(x) = Type(12); // error!\nmatch Bar(12) {\n    Bar(x) => {} // error!\n    _ => {}\n}\n```\n\nIn most cases, it's either a forgotten import or a typo. However, let's look at\nhow you can have such a type:\n\n```edition2018\nstruct Type(u32); // this is a tuple struct\n\nenum Foo {\n    Bar(u32), // this is a tuple variant\n}\n\nuse Foo::*; // To use Foo's variant directly, we need to import them in\n            // the scope.\n```\n\nEither way, it should work fine with our previous code:\n\n```edition2018\nstruct Type(u32);\n\nenum Foo {\n    Bar(u32),\n}\nuse Foo::*;\n\nlet Type(x) = Type(12); // ok!\nmatch Type(12) {\n    Type(x) => {} // ok!\n    _ => {}\n}\n```\n"},"level":"error","spans":[{"file_name":"/home/jkfussy/.cargo/registry/src/index.crates.io-1949cf8c6b5b557f/cassowary-0.3.0/src/solver_impl.rs","byte_start":12732,"byte_end":12736,"line_start":311,"line_end":311,"column_start":20,"column_end":24,"is_primary":true,"text":[{"text":"            if let Some(var_data) = self.var_data.get_mut(&v) {","highlight_start":20,"highlight_end":24}],"label":"not found in this scope","suggested_replacement":null,"suggestion_applicability":null,"expansion":null}],"children":[],"rendered":"\u001b[1m\u001b[91merror[E0531]\u001b[0m\u001b[1m: cannot find tuple struct or tuple variant `Some` in this scope\u001b[0m\n   \u001b[1m\u001b[94m--> \u001b[0m/home/jkfussy/.cargo/registry/src/index.crates.io-1949cf8c6b5b557f/cassowary-0.3.0/src/solver_impl.rs:311:20\n    \u001b[1m\u001b[94m|\u001b[0m\n\u001b[1m\u001b[94m311\u001b[0m \u001b[1m\u001b[94m|\u001b[0m             if let Some(var_data) = self.var_data.get_mut(&v) {\n    \u001b[1m\u001b[94m|\u001b[0m                    \u001b[1m\u001b[91m^^^^\u001b[0m \u001b[1m\u001b[91mnot found in this scope\u001b[0m\n\n"}
{"$message_type":"diagnostic","message":"cannot find value `None` in this scope","code":{"code":"E0425","explanation":"An unresolved name was used.\n\nErroneous code examples:\n\n```compile_fail,E0425\nsomething_that_doesnt_exist::foo;\n// error: unresolved name `something_that_doesnt_exist::foo`\n\n// or:\n\ntrait Foo {\n    fn bar() {\n        Self; // error: unresolved name `Self`\n    }\n}\n\n// or:\n\nlet x = unknown_variable;  // error: unresolved name `unknown_variable`\n```\n\nPlease verify that the name wasn't misspelled and ensure that the\nidentifier being referred to is valid for the given situation. Example:\n\n```\nenum something_that_does_exist {\n    Foo,\n}\n```\n\nOr:\n\n```\nmod something_that_does_exist {\n    pub static foo : i32 = 0i32;\n}\n\nsomething_that_does_exist::foo; // ok!\n```\n\nOr:\n\n```\nlet unknown_variable = 12u32;\nlet x = unknown_variable; // ok!\n```\n\nIf the item is not defined in the current module, it must be imported using a\n`use` statement, like so:\n\n```\n# mod foo { pub fn bar() {} }\n# fn main() {\nuse foo::bar;\nbar();\n# }\n```\n\nIf the item you are importing is not defined in some super-module of the\ncurrent module, then it must also be declared as public (e.g., `pub fn`).\n"},"level":"error","spans":[{"file_name":"/home/jkfussy/.cargo/registry/src/index.crates.io-1949cf8c6b5b557f/cassowary-0.3.0/src/solver_impl.rs","byte_start":13939,"byte_end":13943,"line_start":340,"line_end":340,"column_start":27,"column_end":31,"is_primary":true,"text":[{"text":"        self.artificial = None;","highlight_start":27,"highlight_end":31}],"label":"not found in this scope","suggested_replacement":null,"suggestion_applicability":null,"expansion":null}],"children":[],"rendered":"\u001b[1m\u001b[91merror[E0425]\u001b[0m\u001b[1m: cannot find value `None` in this scope\u001b[0m\n   \u001b[1m\u001b[94m--> \u001b[0m/home/jkfussy/.cargo/registry/src/index.crates.io-1949cf8c6b5b557f/cassowary-0.3.0/src/solver_impl.rs:340:27\n    \u001b[1m\u001b[94m|\u001b[0m\n\u001b[1m\u001b[94m340\u001b[0m \u001b[1m\u001b[94m|\u001b[0m         self.artificial = None;\n    \u001b[1m\u001b[94m|\u001b[0m                           \u001b[1m\u001b[91m^^^^\u001b[0m \u001b[1m\u001b[91mnot found in this scope\u001b[0m\n\n"}
{"$message_type":"diagnostic","message":"cannot find type `Box` in this scope","code":{"code":"E0412","explanation":"A used type name is not in scope.\n\nErroneous code examples:\n\n```compile_fail,E0412\nimpl Something {} // error: type name `Something` is not in scope\n\n// or:\n\ntrait Foo {\n    fn bar(N); // error: type name `N` is not in scope\n}\n\n// or:\n\nfn foo(x: T) {} // type name `T` is not in scope\n```\n\nTo fix this error, please verify you didn't misspell the type name, you did\ndeclare it or imported it into the scope. Examples:\n\n```\nstruct Something;\n\nimpl Something {} // ok!\n\n// or:\n\ntrait Foo {\n    type N;\n\n    fn bar(_: Self::N); // ok!\n}\n\n// or:\n\nfn foo<T>(x: T) {} // ok!\n```\n\nAnother case that causes this error is when a type is imported into a parent\nmodule. To fix this, you can follow the suggestion and use File directly or\n`use super::File;` which will import the types from the parent namespace. An\nexample that causes this error is below:\n\n```compile_fail,E0412\nuse std::fs::File;\n\nmod foo {\n    fn some_function(f: File) {}\n}\n```\n\n```\nuse std::fs::File;\n\nmod foo {\n    // either\n    use super::File;\n    // or\n    // use std::fs::File;\n    fn foo(f: File) {}\n}\n# fn main() {} // don't insert it for us; that'll break imports\n```\n"},"level":"error","spans":[{"file_name":"/home/jkfussy/.cargo/registry/src/index.crates.io-1949cf8c6b5b557f/cassowary-0.3.0/src/solver_impl.rs","byte_start":15450,"byte_end":15453,"line_start":375,"line_end":375,"column_start":59,"column_end":62,"is_primary":true,"text":[{"text":"    fn create_row(&mut self, constraint: &Constraint) -> (Box<Row>, Tag) {","highlight_start":59,"highlight_end":62}],"label":"not found in this scope","suggested_replacement":null,"suggestion_applicability":null,"expansion":null}],"children":[],"rendered":"\u001b[1m\u001b[91merror[E0412]\u001b[0m\u001b[1m: cannot find type `Box` in this scope\u001b[0m\n   \u001b[1m\u001b[94m--> \u001b[0m/home/jkfussy/.cargo/registry/src/index.crates.io-1949cf8c6b5b557f/cassowary-0.3.0/src/solver_impl.rs:375:59\n    \u001b[1m\u001b[94m|\u001b[0m\n\u001b[1m\u001b[94m375\u001b[0m \u001b[1m\u001b[94m|\u001b[0m     fn create_row(&mut self, constraint: &Constraint) -> (Box<Row>, Tag) {\n    \u001b[1m\u001b[94m|\u001b[0m                                                           \u001b[1m\u001b[91m^^^\u001b[0m \u001b[1m\u001b[91mnot found in this scope\u001b[0m\n\n"}
{"$message_type":"diagnostic","message":"cannot find tuple struct or tuple variant `Some` in this scope","code":{"code":"E0531","explanation":"An unknown tuple struct/variant has been used.\n\nErroneous code example:\n\n```compile_fail,E0531\nlet Type(x) = Type(12); // error!\nmatch Bar(12) {\n    Bar(x) => {} // error!\n    _ => {}\n}\n```\n\nIn most cases, it's either a forgotten import or a typo. However, let's look at\nhow you can have such a type:\n\n```edition2018\nstruct Type(u32); // this is a tuple struct\n\nenum Foo {\n    Bar(u32), // this is a tuple variant\n}\n\nuse Foo::*; // To use Foo's variant directly, we need to import them in\n            // the scope.\n```\n\nEither way, it should work fine with our previous code:\n\n```edition2018\nstruct Type(u32);\n\nenum Foo {\n    Bar(u32),\n}\nuse Foo::*;\n\nlet Type(x) = Type(12); // ok!\nmatch Type(12) {\n    Type(x) => {} // ok!\n    _ => {}\n}\n```\n"},"level":"error","spans":[{"file_name":"/home/jkfussy/.cargo/registry/src/index.crates.io-1949cf8c6b5b557f/cassowary-0.3.0/src/solver_impl.rs","byte_start":15791,"byte_end":15795,"line_start":382,"line_end":382,"column_start":24,"column_end":28,"is_primary":true,"text":[{"text":"                if let Some(other_row) = self.rows.get(&symbol) {","highlight_start":24,"highlight_end":28}],"label":"not found in this scope","suggested_replacement":null,"suggestion_applicability":null,"expansion":null}],"children":[],"rendered":"\u001b[1m\u001b[91merror[E0531]\u001b[0m\u001b[1m: cannot find tuple struct or tuple variant `Some` in this scope\u001b[0m\n   \u001b[1m\u001b[94m--> \u001b[0m/home/jkfussy/.cargo/registry/src/index.crates.io-1949cf8c6b5b557f/cassowary-0.3.0/src/solver_impl.rs:382:24\n    \u001b[1m\u001b[94m|\u001b[0m\n\u001b[1m\u001b[94m382\u001b[0m \u001b[1m\u001b[94m|\u001b[0m                 if let Some(other_row) = self.rows.get(&symbol) {\n    \u001b[1m\u001b[94m|\u001b[0m                        \u001b[1m\u001b[91m^^^^\u001b[0m \u001b[1m\u001b[91mnot found in this scope\u001b[0m\n\n"}
{"$message_type":"diagnostic","message":"cannot find type `Result` in this scope","code":{"code":"E0412","explanation":"A used type name is not in scope.\n\nErroneous code examples:\n\n```compile_fail,E0412\nimpl Something {} // error: type name `Something` is not in scope\n\n// or:\n\ntrait Foo {\n    fn bar(N); // error: type name `N` is not in scope\n}\n\n// or:\n\nfn foo(x: T) {} // type name `T` is not in scope\n```\n\nTo fix this error, please verify you didn't misspell the type name, you did\ndeclare it or imported it into the scope. Examples:\n\n```\nstruct Something;\n\nimpl Something {} // ok!\n\n// or:\n\ntrait Foo {\n    type N;\n\n    fn bar(_: Self::N); // ok!\n}\n\n// or:\n\nfn foo<T>(x: T) {} // ok!\n```\n\nAnother case that causes this error is when a type is imported into a parent\nmodule. To fix this, you can follow the suggestion and use File directly or\n`use super::File;` which will import the types from the parent namespace. An\nexample that causes this error is below:\n\n```compile_fail,E0412\nuse std::fs::File;\n\nmod foo {\n    fn some_function(f: File) {}\n}\n```\n\n```\nuse std::fs::File;\n\nmod foo {\n    // either\n    use super::File;\n    // or\n    // use std::fs::File;\n    fn foo(f: File) {}\n}\n# fn main() {} // don't insert it for us; that'll break imports\n```\n"},"level":"error","spans":[{"file_name":"/home/jkfussy/.cargo/registry/src/index.crates.io-1949cf8c6b5b557f/cassowary-0.3.0/src/solver_impl.rs","byte_start":20020,"byte_end":20026,"line_start":487,"line_end":487,"column_start":62,"column_end":68,"is_primary":true,"text":[{"text":"    fn add_with_artificial_variable(&mut self, row: &Row) -> Result<bool, InternalSolverError> {","highlight_start":62,"highlight_end":68}],"label":"not found in this scope","suggested_replacement":null,"suggestion_applicability":null,"expansion":null}],"children":[],"rendered":"\u001b[1m\u001b[91merror[E0412]\u001b[0m\u001b[1m: cannot find type `Result` in this scope\u001b[0m\n   \u001b[1m\u001b[94m--> \u001b[0m/home/jkfussy/.cargo/registry/src/index.crates.io-1949cf8c6b5b557f/cassowary-0.3.0/src/solver_impl.rs:487:62\n    \u001b[1m\u001b[94m|\u001b[0m\n\u001b[1m\u001b[94m487\u001b[0m \u001b[1m\u001b[94m|\u001b[0m     fn add_with_artificial_variable(&mut self, row: &Row) -> Result<bool, InternalSolverError> {\n    \u001b[1m\u001b[94m|\u001b[0m                                                              \u001b[1m\u001b[91m^^^^^^\u001b[0m \u001b[1m\u001b[91mnot found in this scope\u001b[0m\n\n"}
{"$message_type":"diagnostic","message":"cannot find value `None` in this scope","code":{"code":"E0425","explanation":"An unresolved name was used.\n\nErroneous code examples:\n\n```compile_fail,E0425\nsomething_that_doesnt_exist::foo;\n// error: unresolved name `something_that_doesnt_exist::foo`\n\n// or:\n\ntrait Foo {\n    fn bar() {\n        Self; // error: unresolved name `Self`\n    }\n}\n\n// or:\n\nlet x = unknown_variable;  // error: unresolved name `unknown_variable`\n```\n\nPlease verify that the name wasn't misspelled and ensure that the\nidentifier being referred to is valid for the given situation. Example:\n\n```\nenum something_that_does_exist {\n    Foo,\n}\n```\n\nOr:\n\n```\nmod something_that_does_exist {\n    pub static foo : i32 = 0i32;\n}\n\nsomething_that_does_exist::foo; // ok!\n```\n\nOr:\n\n```\nlet unknown_variable = 12u32;\nlet x = unknown_variable; // ok!\n```\n\nIf the item is not defined in the current module, it must be imported using a\n`use` statement, like so:\n\n```\n# mod foo { pub fn bar() {} }\n# fn main() {\nuse foo::bar;\nbar();\n# }\n```\n\nIf the item you are importing is not defined in some super-module of the\ncurrent module, then it must also be declared as public (e.g., `pub fn`).\n"},"level":"error","spans":[{"file_name":"/home/jkfussy/.cargo/registry/src/index.crates.io-1949cf8c6b5b557f/cassowary-0.3.0/src/solver_impl.rs","byte_start":20672,"byte_end":20676,"line_start":499,"line_end":499,"column_start":27,"column_end":31,"is_primary":true,"text":[{"text":"        self.artificial = None;","highlight_start":27,"highlight_end":31}],"label":"not found in this scope","suggested_replacement":null,"suggestion_applicability":null,"expansion":null}],"children":[],"rendered":"\u001b[1m\u001b[91merror[E0425]\u001b[0m\u001b[1m: cannot find value `None` in this scope\u001b[0m\n   \u001b[1m\u001b[94m--> \u001b[0m/home/jkfussy/.cargo/registry/src/index.crates.io-1949cf8c6b5b557f/cassowary-0.3.0/src/solver_impl.rs:499:27\n    \u001b[1m\u001b[94m|\u001b[0m\n\u001b[1m\u001b[94m499\u001b[0m \u001b[1m\u001b[94m|\u001b[0m         self.artificial = None;\n    \u001b[1m\u001b[94m|\u001b[0m                           \u001b[1m\u001b[91m^^^^\u001b[0m \u001b[1m\u001b[91mnot found in this scope\u001b[0m\n\n"}
{"$message_type":"diagnostic","message":"cannot find tuple struct or tuple variant `Some` in this scope","code":{"code":"E0531","explanation":"An unknown tuple struct/variant has been used.\n\nErroneous code example:\n\n```compile_fail,E0531\nlet Type(x) = Type(12); // error!\nmatch Bar(12) {\n    Bar(x) => {} // error!\n    _ => {}\n}\n```\n\nIn most cases, it's either a forgotten import or a typo. However, let's look at\nhow you can have such a type:\n\n```edition2018\nstruct Type(u32); // this is a tuple struct\n\nenum Foo {\n    Bar(u32), // this is a tuple variant\n}\n\nuse Foo::*; // To use Foo's variant directly, we need to import them in\n            // the scope.\n```\n\nEither way, it should work fine with our previous code:\n\n```edition2018\nstruct Type(u32);\n\nenum Foo {\n    Bar(u32),\n}\nuse Foo::*;\n\nlet Type(x) = Type(12); // ok!\nmatch Type(12) {\n    Type(x) => {} // ok!\n    _ => {}\n}\n```\n"},"level":"error","spans":[{"file_name":"/home/jkfussy/.cargo/registry/src/index.crates.io-1949cf8c6b5b557f/cassowary-0.3.0/src/solver_impl.rs","byte_start":20833,"byte_end":20837,"line_start":503,"line_end":503,"column_start":16,"column_end":20,"is_primary":true,"text":[{"text":"        if let Some(mut row) = self.rows.remove(&art) {","highlight_start":16,"highlight_end":20}],"label":"not found in this scope","suggested_replacement":null,"suggestion_applicability":null,"expansion":null}],"children":[],"rendered":"\u001b[1m\u001b[91merror[E0531]\u001b[0m\u001b[1m: cannot find tuple struct or tuple variant `Some` in this scope\u001b[0m\n   \u001b[1m\u001b[94m--> \u001b[0m/home/jkfussy/.cargo/registry/src/index.crates.io-1949cf8c6b5b557f/cassowary-0.3.0/src/solver_impl.rs:503:16\n    \u001b[1m\u001b[94m|\u001b[0m\n\u001b[1m\u001b[94m503\u001b[0m \u001b[1m\u001b[94m|\u001b[0m         if let Some(mut row) = self.rows.remove(&art) {\n    \u001b[1m\u001b[94m|\u001b[0m                \u001b[1m\u001b[91m^^^^\u001b[0m \u001b[1m\u001b[91mnot found in this scope\u001b[0m\n\n"}
{"$message_type":"diagnostic","message":"cannot find tuple struct or tuple variant `Some` in this scope","code":{"code":"E0531","explanation":"An unknown tuple struct/variant has been used.\n\nErroneous code example:\n\n```compile_fail,E0531\nlet Type(x) = Type(12); // error!\nmatch Bar(12) {\n    Bar(x) => {} // error!\n    _ => {}\n}\n```\n\nIn most cases, it's either a forgotten import or a typo. However, let's look at\nhow you can have such a type:\n\n```edition2018\nstruct Type(u32); // this is a tuple struct\n\nenum Foo {\n    Bar(u32), // this is a tuple variant\n}\n\nuse Foo::*; // To use Foo's variant directly, we need to import them in\n            // the scope.\n```\n\nEither way, it should work fine with our previous code:\n\n```edition2018\nstruct Type(u32);\n\nenum Foo {\n    Bar(u32),\n}\nuse Foo::*;\n\nlet Type(x) = Type(12); // ok!\nmatch Type(12) {\n    Type(x) => {} // ok!\n    _ => {}\n}\n```\n"},"level":"error","spans":[{"file_name":"/home/jkfussy/.cargo/registry/src/index.crates.io-1949cf8c6b5b557f/cassowary-0.3.0/src/solver_impl.rs","byte_start":22637,"byte_end":22641,"line_start":545,"line_end":545,"column_start":16,"column_end":20,"is_primary":true,"text":[{"text":"        if let Some(artificial) = self.artificial.as_ref() {","highlight_start":16,"highlight_end":20}],"label":"not found in this scope","suggested_replacement":null,"suggestion_applicability":null,"expansion":null}],"children":[],"rendered":"\u001b[1m\u001b[91merror[E0531]\u001b[0m\u001b[1m: cannot find tuple struct or tuple variant `Some` in this scope\u001b[0m\n   \u001b[1m\u001b[94m--> \u001b[0m/home/jkfussy/.cargo/registry/src/index.crates.io-1949cf8c6b5b557f/cassowary-0.3.0/src/solver_impl.rs:545:16\n    \u001b[1m\u001b[94m|\u001b[0m\n\u001b[1m\u001b[94m545\u001b[0m \u001b[1m\u001b[94m|\u001b[0m         if let Some(artificial) = self.artificial.as_ref() {\n    \u001b[1m\u001b[94m|\u001b[0m                \u001b[1m\u001b[91m^^^^\u001b[0m \u001b[1m\u001b[91mnot found in this scope\u001b[0m\n\n"}
{"$message_type":"diagnostic","message":"cannot find type `Result` in this scope","code":{"code":"E0412","explanation":"A used type name is not in scope.\n\nErroneous code examples:\n\n```compile_fail,E0412\nimpl Something {} // error: type name `Something` is not in scope\n\n// or:\n\ntrait Foo {\n    fn bar(N); // error: type name `N` is not in scope\n}\n\n// or:\n\nfn foo(x: T) {} // type name `T` is not in scope\n```\n\nTo fix this error, please verify you didn't misspell the type name, you did\ndeclare it or imported it into the scope. Examples:\n\n```\nstruct Something;\n\nimpl Something {} // ok!\n\n// or:\n\ntrait Foo {\n    type N;\n\n    fn bar(_: Self::N); // ok!\n}\n\n// or:\n\nfn foo<T>(x: T) {} // ok!\n```\n\nAnother case that causes this error is when a type is imported into a parent\nmodule. To fix this, you can follow the suggestion and use File directly or\n`use super::File;` which will import the types from the parent namespace. An\nexample that causes this error is below:\n\n```compile_fail,E0412\nuse std::fs::File;\n\nmod foo {\n    fn some_function(f: File) {}\n}\n```\n\n```\nuse std::fs::File;\n\nmod foo {\n    // either\n    use super::File;\n    // or\n    // use std::fs::File;\n    fn foo(f: File) {}\n}\n# fn main() {} // don't insert it for us; that'll break imports\n```\n"},"level":"error","spans":[{"file_name":"/home/jkfussy/.cargo/registry/src/index.crates.io-1949cf8c6b5b557f/cassowary-0.3.0/src/solver_impl.rs","byte_start":23025,"byte_end":23031,"line_start":554,"line_end":554,"column_start":57,"column_end":63,"is_primary":true,"text":[{"text":"    fn optimise(&mut self, objective: &RefCell<Row>) -> Result<(), InternalSolverError> {","highlight_start":57,"highlight_end":63}],"label":"not found in this scope","suggested_replacement":null,"suggestion_applicability":null,"expansion":null}],"children":[],"rendered":"\u001b[1m\u001b[91merror[E0412]\u001b[0m\u001b[1m: cannot find type `Result` in this scope\u001b[0m\n   \u001b[1m\u001b[94m--> \u001b[0m/home/jkfussy/.cargo/registry/src/index.crates.io-1949cf8c6b5b557f/cassowary-0.3.0/src/solver_impl.rs:554:57\n    \u001b[1m\u001b[94m|\u001b[0m\n\u001b[1m\u001b[94m554\u001b[0m \u001b[1m\u001b[94m|\u001b[0m     fn optimise(&mut self, objective: &RefCell<Row>) -> Result<(), InternalSolverError> {\n    \u001b[1m\u001b[94m|\u001b[0m                                                         \u001b[1m\u001b[91m^^^^^^\u001b[0m \u001b[1m\u001b[91mnot found in this scope\u001b[0m\n\n"}
{"$message_type":"diagnostic","message":"cannot find type `Result` in this scope","code":{"code":"E0412","explanation":"A used type name is not in scope.\n\nErroneous code examples:\n\n```compile_fail,E0412\nimpl Something {} // error: type name `Something` is not in scope\n\n// or:\n\ntrait Foo {\n    fn bar(N); // error: type name `N` is not in scope\n}\n\n// or:\n\nfn foo(x: T) {} // type name `T` is not in scope\n```\n\nTo fix this error, please verify you didn't misspell the type name, you did\ndeclare it or imported it into the scope. Examples:\n\n```\nstruct Something;\n\nimpl Something {} // ok!\n\n// or:\n\ntrait Foo {\n    type N;\n\n    fn bar(_: Self::N); // ok!\n}\n\n// or:\n\nfn foo<T>(x: T) {} // ok!\n```\n\nAnother case that causes this error is when a type is imported into a parent\nmodule. To fix this, you can follow the suggestion and use File directly or\n`use super::File;` which will import the types from the parent namespace. An\nexample that causes this error is below:\n\n```compile_fail,E0412\nuse std::fs::File;\n\nmod foo {\n    fn some_function(f: File) {}\n}\n```\n\n```\nuse std::fs::File;\n\nmod foo {\n    // either\n    use super::File;\n    // or\n    // use std::fs::File;\n    fn foo(f: File) {}\n}\n# fn main() {} // don't insert it for us; that'll break imports\n```\n"},"level":"error","spans":[{"file_name":"/home/jkfussy/.cargo/registry/src/index.crates.io-1949cf8c6b5b557f/cassowary-0.3.0/src/solver_impl.rs","byte_start":24204,"byte_end":24210,"line_start":579,"line_end":579,"column_start":36,"column_end":42,"is_primary":true,"text":[{"text":"    fn dual_optimise(&mut self) -> Result<(), InternalSolverError> {","highlight_start":36,"highlight_end":42}],"label":"not found in this scope","suggested_replacement":null,"suggestion_applicability":null,"expansion":null}],"children":[],"rendered":"\u001b[1m\u001b[91merror[E0412]\u001b[0m\u001b[1m: cannot find type `Result` in this scope\u001b[0m\n   \u001b[1m\u001b[94m--> \u001b[0m/home/jkfussy/.cargo/registry/src/index.crates.io-1949cf8c6b5b557f/cassowary-0.3.0/src/solver_impl.rs:579:36\n    \u001b[1m\u001b[94m|\u001b[0m\n\u001b[1m\u001b[94m579\u001b[0m \u001b[1m\u001b[94m|\u001b[0m     fn dual_optimise(&mut self) -> Result<(), InternalSolverError> {\n    \u001b[1m\u001b[94m|\u001b[0m                                    \u001b[1m\u001b[91m^^^^^^\u001b[0m \u001b[1m\u001b[91mnot found in this scope\u001b[0m\n\n"}
{"$message_type":"diagnostic","message":"cannot find value `None` in this scope","code":{"code":"E0425","explanation":"An unresolved name was used.\n\nErroneous code examples:\n\n```compile_fail,E0425\nsomething_that_doesnt_exist::foo;\n// error: unresolved name `something_that_doesnt_exist::foo`\n\n// or:\n\ntrait Foo {\n    fn bar() {\n        Self; // error: unresolved name `Self`\n    }\n}\n\n// or:\n\nlet x = unknown_variable;  // error: unresolved name `unknown_variable`\n```\n\nPlease verify that the name wasn't misspelled and ensure that the\nidentifier being referred to is valid for the given situation. Example:\n\n```\nenum something_that_does_exist {\n    Foo,\n}\n```\n\nOr:\n\n```\nmod something_that_does_exist {\n    pub static foo : i32 = 0i32;\n}\n\nsomething_that_does_exist::foo; // ok!\n```\n\nOr:\n\n```\nlet unknown_variable = 12u32;\nlet x = unknown_variable; // ok!\n```\n\nIf the item is not defined in the current module, it must be imported using a\n`use` statement, like so:\n\n```\n# mod foo { pub fn bar() {} }\n# fn main() {\nuse foo::bar;\nbar();\n# }\n```\n\nIf the item you are importing is not defined in some super-module of the\ncurrent module, then it must also be declared as public (e.g., `pub fn`).\n"},"level":"error","spans":[{"file_name":"/home/jkfussy/.cargo/registry/src/index.crates.io-1949cf8c6b5b557f/cassowary-0.3.0/src/solver_impl.rs","byte_start":24574,"byte_end":24578,"line_start":587,"line_end":587,"column_start":21,"column_end":25,"is_primary":true,"text":[{"text":"                    None","highlight_start":21,"highlight_end":25}],"label":"not found in this scope","suggested_replacement":null,"suggestion_applicability":null,"expansion":null}],"children":[],"rendered":"\u001b[1m\u001b[91merror[E0425]\u001b[0m\u001b[1m: cannot find value `None` in this scope\u001b[0m\n   \u001b[1m\u001b[94m--> \u001b[0m/home/jkfussy/.cargo/registry/src/index.crates.io-1949cf8c6b5b557f/cassowary-0.3.0/src/solver_impl.rs:587:21\n    \u001b[1m\u001b[94m|\u001b[0m\n\u001b[1m\u001b[94m587\u001b[0m \u001b[1m\u001b[94m|\u001b[0m                     None\n    \u001b[1m\u001b[94m|\u001b[0m                     \u001b[1m\u001b[91m^^^^\u001b[0m \u001b[1m\u001b[91mnot found in this scope\u001b[0m\n\n"}
{"$message_type":"diagnostic","message":"cannot find value `None` in this scope","code":{"code":"E0425","explanation":"An unresolved name was used.\n\nErroneous code examples:\n\n```compile_fail,E0425\nsomething_that_doesnt_exist::foo;\n// error: unresolved name `something_that_doesnt_exist::foo`\n\n// or:\n\ntrait Foo {\n    fn bar() {\n        Self; // error: unresolved name `Self`\n    }\n}\n\n// or:\n\nlet x = unknown_variable;  // error: unresolved name `unknown_variable`\n```\n\nPlease verify that the name wasn't misspelled and ensure that the\nidentifier being referred to is valid for the given situation. Example:\n\n```\nenum something_that_does_exist {\n    Foo,\n}\n```\n\nOr:\n\n```\nmod something_that_does_exist {\n    pub static foo : i32 = 0i32;\n}\n\nsomething_that_does_exist::foo; // ok!\n```\n\nOr:\n\n```\nlet unknown_variable = 12u32;\nlet x = unknown_variable; // ok!\n```\n\nIf the item is not defined in the current module, it must be imported using a\n`use` statement, like so:\n\n```\n# mod foo { pub fn bar() {} }\n# fn main() {\nuse foo::bar;\nbar();\n# }\n```\n\nIf the item you are importing is not defined in some super-module of the\ncurrent module, then it must also be declared as public (e.g., `pub fn`).\n"},"level":"error","spans":[{"file_name":"/home/jkfussy/.cargo/registry/src/index.crates.io-1949cf8c6b5b557f/cassowary-0.3.0/src/solver_impl.rs","byte_start":24637,"byte_end":24641,"line_start":590,"line_end":590,"column_start":17,"column_end":21,"is_primary":true,"text":[{"text":"                None","highlight_start":17,"highlight_end":21}],"label":"not found in this scope","suggested_replacement":null,"suggestion_applicability":null,"expansion":null}],"children":[],"rendered":"\u001b[1m\u001b[91merror[E0425]\u001b[0m\u001b[1m: cannot find value `None` in this scope\u001b[0m\n   \u001b[1m\u001b[94m--> \u001b[0m/home/jkfussy/.cargo/registry/src/index.crates.io-1949cf8c6b5b557f/cassowary-0.3.0/src/solver_impl.rs:590:17\n    \u001b[1m\u001b[94m|\u001b[0m\n\u001b[1m\u001b[94m590\u001b[0m \u001b[1m\u001b[94m|\u001b[0m                 None\n    \u001b[1m\u001b[94m|\u001b[0m                 \u001b[1m\u001b[91m^^^^\u001b[0m \u001b[1m\u001b[91mnot found in this scope\u001b[0m\n\n"}
{"$message_type":"diagnostic","message":"cannot find tuple struct or tuple variant `Some` in this scope","code":{"code":"E0531","explanation":"An unknown tuple struct/variant has been used.\n\nErroneous code example:\n\n```compile_fail,E0531\nlet Type(x) = Type(12); // error!\nmatch Bar(12) {\n    Bar(x) => {} // error!\n    _ => {}\n}\n```\n\nIn most cases, it's either a forgotten import or a typo. However, let's look at\nhow you can have such a type:\n\n```edition2018\nstruct Type(u32); // this is a tuple struct\n\nenum Foo {\n    Bar(u32), // this is a tuple variant\n}\n\nuse Foo::*; // To use Foo's variant directly, we need to import them in\n            // the scope.\n```\n\nEither way, it should work fine with our previous code:\n\n```edition2018\nstruct Type(u32);\n\nenum Foo {\n    Bar(u32),\n}\nuse Foo::*;\n\nlet Type(x) = Type(12); // ok!\nmatch Type(12) {\n    Type(x) => {} // ok!\n    _ => {}\n}\n```\n"},"level":"error","spans":[{"file_name":"/home/jkfussy/.cargo/registry/src/index.crates.io-1949cf8c6b5b557f/cassowary-0.3.0/src/solver_impl.rs","byte_start":24678,"byte_end":24682,"line_start":592,"line_end":592,"column_start":20,"column_end":24,"is_primary":true,"text":[{"text":"            if let Some(mut row) = row {","highlight_start":20,"highlight_end":24}],"label":"not found in this scope","suggested_replacement":null,"suggestion_applicability":null,"expansion":null}],"children":[],"rendered":"\u001b[1m\u001b[91merror[E0531]\u001b[0m\u001b[1m: cannot find tuple struct or tuple variant `Some` in this scope\u001b[0m\n   \u001b[1m\u001b[94m--> \u001b[0m/home/jkfussy/.cargo/registry/src/index.crates.io-1949cf8c6b5b557f/cassowary-0.3.0/src/solver_impl.rs:592:20\n    \u001b[1m\u001b[94m|\u001b[0m\n\u001b[1m\u001b[94m592\u001b[0m \u001b[1m\u001b[94m|\u001b[0m             if let Some(mut row) = row {\n    \u001b[1m\u001b[94m|\u001b[0m                    \u001b[1m\u001b[91m^^^^\u001b[0m \u001b[1m\u001b[91mnot found in this scope\u001b[0m\n\n"}
{"$message_type":"diagnostic","message":"cannot find type `Option` in this scope","code":{"code":"E0412","explanation":"A used type name is not in scope.\n\nErroneous code examples:\n\n```compile_fail,E0412\nimpl Something {} // error: type name `Something` is not in scope\n\n// or:\n\ntrait Foo {\n    fn bar(N); // error: type name `N` is not in scope\n}\n\n// or:\n\nfn foo(x: T) {} // type name `T` is not in scope\n```\n\nTo fix this error, please verify you didn't misspell the type name, you did\ndeclare it or imported it into the scope. Examples:\n\n```\nstruct Something;\n\nimpl Something {} // ok!\n\n// or:\n\ntrait Foo {\n    type N;\n\n    fn bar(_: Self::N); // ok!\n}\n\n// or:\n\nfn foo<T>(x: T) {} // ok!\n```\n\nAnother case that causes this error is when a type is imported into a parent\nmodule. To fix this, you can follow the suggestion and use File directly or\n`use super::File;` which will import the types from the parent namespace. An\nexample that causes this error is below:\n\n```compile_fail,E0412\nuse std::fs::File;\n\nmod foo {\n    fn some_function(f: File) {}\n}\n```\n\n```\nuse std::fs::File;\n\nmod foo {\n    // either\n    use super::File;\n    // or\n    // use std::fs::File;\n    fn foo(f: File) {}\n}\n# fn main() {} // don't insert it for us; that'll break imports\n```\n"},"level":"error","spans":[{"file_name":"/home/jkfussy/.cargo/registry/src/index.crates.io-1949cf8c6b5b557f/cassowary-0.3.0/src/solver_impl.rs","byte_start":28025,"byte_end":28031,"line_start":671,"line_end":671,"column_start":56,"column_end":62,"is_primary":true,"text":[{"text":"    fn get_leaving_row(&mut self, entering: Symbol) -> Option<(Symbol, Box<Row>)> {","highlight_start":56,"highlight_end":62}],"label":"not found in this scope","suggested_replacement":null,"suggestion_applicability":null,"expansion":null}],"children":[],"rendered":"\u001b[1m\u001b[91merror[E0412]\u001b[0m\u001b[1m: cannot find type `Option` in this scope\u001b[0m\n   \u001b[1m\u001b[94m--> \u001b[0m/home/jkfussy/.cargo/registry/src/index.crates.io-1949cf8c6b5b557f/cassowary-0.3.0/src/solver_impl.rs:671:56\n    \u001b[1m\u001b[94m|\u001b[0m\n\u001b[1m\u001b[94m671\u001b[0m \u001b[1m\u001b[94m|\u001b[0m     fn get_leaving_row(&mut self, entering: Symbol) -> Option<(Symbol, Box<Row>)> {\n    \u001b[1m\u001b[94m|\u001b[0m                                                        \u001b[1m\u001b[91m^^^^^^\u001b[0m \u001b[1m\u001b[91mnot found in this scope\u001b[0m\n\n"}
{"$message_type":"diagnostic","message":"cannot find type `Box` in this scope","code":{"code":"E0412","explanation":"A used type name is not in scope.\n\nErroneous code examples:\n\n```compile_fail,E0412\nimpl Something {} // error: type name `Something` is not in scope\n\n// or:\n\ntrait Foo {\n    fn bar(N); // error: type name `N` is not in scope\n}\n\n// or:\n\nfn foo(x: T) {} // type name `T` is not in scope\n```\n\nTo fix this error, please verify you didn't misspell the type name, you did\ndeclare it or imported it into the scope. Examples:\n\n```\nstruct Something;\n\nimpl Something {} // ok!\n\n// or:\n\ntrait Foo {\n    type N;\n\n    fn bar(_: Self::N); // ok!\n}\n\n// or:\n\nfn foo<T>(x: T) {} // ok!\n```\n\nAnother case that causes this error is when a type is imported into a parent\nmodule. To fix this, you can follow the suggestion and use File directly or\n`use super::File;` which will import the types from the parent namespace. An\nexample that causes this error is below:\n\n```compile_fail,E0412\nuse std::fs::File;\n\nmod foo {\n    fn some_function(f: File) {}\n}\n```\n\n```\nuse std::fs::File;\n\nmod foo {\n    // either\n    use super::File;\n    // or\n    // use std::fs::File;\n    fn foo(f: File) {}\n}\n# fn main() {} // don't insert it for us; that'll break imports\n```\n"},"level":"error","spans":[{"file_name":"/home/jkfussy/.cargo/registry/src/index.crates.io-1949cf8c6b5b557f/cassowary-0.3.0/src/solver_impl.rs","byte_start":28041,"byte_end":28044,"line_start":671,"line_end":671,"column_start":72,"column_end":75,"is_primary":true,"text":[{"text":"    fn get_leaving_row(&mut self, entering: Symbol) -> Option<(Symbol, Box<Row>)> {","highlight_start":72,"highlight_end":75}],"label":"not found in this scope","suggested_replacement":null,"suggestion_applicability":null,"expansion":null}],"children":[],"rendered":"\u001b[1m\u001b[91merror[E0412]\u001b[0m\u001b[1m: cannot find type `Box` in this scope\u001b[0m\n   \u001b[1m\u001b[94m--> \u001b[0m/home/jkfussy/.cargo/registry/src/index.crates.io-1949cf8c6b5b557f/cassowary-0.3.0/src/solver_impl.rs:671:72\n    \u001b[1m\u001b[94m|\u001b[0m\n\u001b[1m\u001b[94m671\u001b[0m \u001b[1m\u001b[94m|\u001b[0m     fn get_leaving_row(&mut self, entering: Symbol) -> Option<(Symbol, Box<Row>)> {\n    \u001b[1m\u001b[94m|\u001b[0m                                                                        \u001b[1m\u001b[91m^^^\u001b[0m \u001b[1m\u001b[91mnot found in this scope\u001b[0m\n\n"}
{"$message_type":"diagnostic","message":"cannot find value `None` in this scope","code":{"code":"E0425","explanation":"An unresolved name was used.\n\nErroneous code examples:\n\n```compile_fail,E0425\nsomething_that_doesnt_exist::foo;\n// error: unresolved name `something_that_doesnt_exist::foo`\n\n// or:\n\ntrait Foo {\n    fn bar() {\n        Self; // error: unresolved name `Self`\n    }\n}\n\n// or:\n\nlet x = unknown_variable;  // error: unresolved name `unknown_variable`\n```\n\nPlease verify that the name wasn't misspelled and ensure that the\nidentifier being referred to is valid for the given situation. Example:\n\n```\nenum something_that_does_exist {\n    Foo,\n}\n```\n\nOr:\n\n```\nmod something_that_does_exist {\n    pub static foo : i32 = 0i32;\n}\n\nsomething_that_does_exist::foo; // ok!\n```\n\nOr:\n\n```\nlet unknown_variable = 12u32;\nlet x = unknown_variable; // ok!\n```\n\nIf the item is not defined in the current module, it must be imported using a\n`use` statement, like so:\n\n```\n# mod foo { pub fn bar() {} }\n# fn main() {\nuse foo::bar;\nbar();\n# }\n```\n\nIf the item you are importing is not defined in some super-module of the\ncurrent module, then it must also be declared as public (e.g., `pub fn`).\n"},"level":"error","spans":[{"file_name":"/home/jkfussy/.cargo/registry/src/index.crates.io-1949cf8c6b5b557f/cassowary-0.3.0/src/solver_impl.rs","byte_start":28126,"byte_end":28130,"line_start":673,"line_end":673,"column_start":25,"column_end":29,"is_primary":true,"text":[{"text":"        let mut found = None;","highlight_start":25,"highlight_end":29}],"label":"not found in this scope","suggested_replacement":null,"suggestion_applicability":null,"expansion":null}],"children":[],"rendered":"\u001b[1m\u001b[91merror[E0425]\u001b[0m\u001b[1m: cannot find value `None` in this scope\u001b[0m\n   \u001b[1m\u001b[94m--> \u001b[0m/home/jkfussy/.cargo/registry/src/index.crates.io-1949cf8c6b5b557f/cassowary-0.3.0/src/solver_impl.rs:673:25\n    \u001b[1m\u001b[94m|\u001b[0m\n\u001b[1m\u001b[94m673\u001b[0m \u001b[1m\u001b[94m|\u001b[0m         let mut found = None;\n    \u001b[1m\u001b[94m|\u001b[0m                         \u001b[1m\u001b[91m^^^^\u001b[0m \u001b[1m\u001b[91mnot found in this scope\u001b[0m\n\n"}
{"$message_type":"diagnostic","message":"cannot find type `Option` in this scope","code":{"code":"E0412","explanation":"A used type name is not in scope.\n\nErroneous code examples:\n\n```compile_fail,E0412\nimpl Something {} // error: type name `Something` is not in scope\n\n// or:\n\ntrait Foo {\n    fn bar(N); // error: type name `N` is not in scope\n}\n\n// or:\n\nfn foo(x: T) {} // type name `T` is not in scope\n```\n\nTo fix this error, please verify you didn't misspell the type name, you did\ndeclare it or imported it into the scope. Examples:\n\n```\nstruct Something;\n\nimpl Something {} // ok!\n\n// or:\n\ntrait Foo {\n    type N;\n\n    fn bar(_: Self::N); // ok!\n}\n\n// or:\n\nfn foo<T>(x: T) {} // ok!\n```\n\nAnother case that causes this error is when a type is imported into a parent\nmodule. To fix this, you can follow the suggestion and use File directly or\n`use super::File;` which will import the types from the parent namespace. An\nexample that causes this error is below:\n\n```compile_fail,E0412\nuse std::fs::File;\n\nmod foo {\n    fn some_function(f: File) {}\n}\n```\n\n```\nuse std::fs::File;\n\nmod foo {\n    // either\n    use super::File;\n    // or\n    // use std::fs::File;\n    fn foo(f: File) {}\n}\n# fn main() {} // don't insert it for us; that'll break imports\n```\n"},"level":"error","spans":[{"file_name":"/home/jkfussy/.cargo/registry/src/index.crates.io-1949cf8c6b5b557f/cassowary-0.3.0/src/solver_impl.rs","byte_start":29559,"byte_end":29565,"line_start":706,"line_end":706,"column_start":61,"column_end":67,"is_primary":true,"text":[{"text":"    fn get_marker_leaving_row(&mut self, marker: Symbol) -> Option<(Symbol, Box<Row>)> {","highlight_start":61,"highlight_end":67}],"label":"not found in this scope","suggested_replacement":null,"suggestion_applicability":null,"expansion":null}],"children":[],"rendered":"\u001b[1m\u001b[91merror[E0412]\u001b[0m\u001b[1m: cannot find type `Option` in this scope\u001b[0m\n   \u001b[1m\u001b[94m--> \u001b[0m/home/jkfussy/.cargo/registry/src/index.crates.io-1949cf8c6b5b557f/cassowary-0.3.0/src/solver_impl.rs:706:61\n    \u001b[1m\u001b[94m|\u001b[0m\n\u001b[1m\u001b[94m706\u001b[0m \u001b[1m\u001b[94m|\u001b[0m     fn get_marker_leaving_row(&mut self, marker: Symbol) -> Option<(Symbol, Box<Row>)> {\n    \u001b[1m\u001b[94m|\u001b[0m                                                             \u001b[1m\u001b[91m^^^^^^\u001b[0m \u001b[1m\u001b[91mnot found in this scope\u001b[0m\n\n"}
{"$message_type":"diagnostic","message":"cannot find type `Box` in this scope","code":{"code":"E0412","explanation":"A used type name is not in scope.\n\nErroneous code examples:\n\n```compile_fail,E0412\nimpl Something {} // error: type name `Something` is not in scope\n\n// or:\n\ntrait Foo {\n    fn bar(N); // error: type name `N` is not in scope\n}\n\n// or:\n\nfn foo(x: T) {} // type name `T` is not in scope\n```\n\nTo fix this error, please verify you didn't misspell the type name, you did\ndeclare it or imported it into the scope. Examples:\n\n```\nstruct Something;\n\nimpl Something {} // ok!\n\n// or:\n\ntrait Foo {\n    type N;\n\n    fn bar(_: Self::N); // ok!\n}\n\n// or:\n\nfn foo<T>(x: T) {} // ok!\n```\n\nAnother case that causes this error is when a type is imported into a parent\nmodule. To fix this, you can follow the suggestion and use File directly or\n`use super::File;` which will import the types from the parent namespace. An\nexample that causes this error is below:\n\n```compile_fail,E0412\nuse std::fs::File;\n\nmod foo {\n    fn some_function(f: File) {}\n}\n```\n\n```\nuse std::fs::File;\n\nmod foo {\n    // either\n    use super::File;\n    // or\n    // use std::fs::File;\n    fn foo(f: File) {}\n}\n# fn main() {} // don't insert it for us; that'll break imports\n```\n"},"level":"error","spans":[{"file_name":"/home/jkfussy/.cargo/registry/src/index.crates.io-1949cf8c6b5b557f/cassowary-0.3.0/src/solver_impl.rs","byte_start":29575,"byte_end":29578,"line_start":706,"line_end":706,"column_start":77,"column_end":80,"is_primary":true,"text":[{"text":"    fn get_marker_leaving_row(&mut self, marker: Symbol) -> Option<(Symbol, Box<Row>)> {","highlight_start":77,"highlight_end":80}],"label":"not found in this scope","suggested_replacement":null,"suggestion_applicability":null,"expansion":null}],"children":[],"rendered":"\u001b[1m\u001b[91merror[E0412]\u001b[0m\u001b[1m: cannot find type `Box` in this scope\u001b[0m\n   \u001b[1m\u001b[94m--> \u001b[0m/home/jkfussy/.cargo/registry/src/index.crates.io-1949cf8c6b5b557f/cassowary-0.3.0/src/solver_impl.rs:706:77\n    \u001b[1m\u001b[94m|\u001b[0m\n\u001b[1m\u001b[94m706\u001b[0m \u001b[1m\u001b[94m|\u001b[0m     fn get_marker_leaving_row(&mut self, marker: Symbol) -> Option<(Symbol, Box<Row>)> {\n    \u001b[1m\u001b[94m|\u001b[0m                                                                             \u001b[1m\u001b[91m^^^\u001b[0m \u001b[1m\u001b[91mnot found in this scope\u001b[0m\n\n"}
{"$message_type":"diagnostic","message":"cannot find value `None` in this scope","code":{"code":"E0425","explanation":"An unresolved name was used.\n\nErroneous code examples:\n\n```compile_fail,E0425\nsomething_that_doesnt_exist::foo;\n// error: unresolved name `something_that_doesnt_exist::foo`\n\n// or:\n\ntrait Foo {\n    fn bar() {\n        Self; // error: unresolved name `Self`\n    }\n}\n\n// or:\n\nlet x = unknown_variable;  // error: unresolved name `unknown_variable`\n```\n\nPlease verify that the name wasn't misspelled and ensure that the\nidentifier being referred to is valid for the given situation. Example:\n\n```\nenum something_that_does_exist {\n    Foo,\n}\n```\n\nOr:\n\n```\nmod something_that_does_exist {\n    pub static foo : i32 = 0i32;\n}\n\nsomething_that_does_exist::foo; // ok!\n```\n\nOr:\n\n```\nlet unknown_variable = 12u32;\nlet x = unknown_variable; // ok!\n```\n\nIf the item is not defined in the current module, it must be imported using a\n`use` statement, like so:\n\n```\n# mod foo { pub fn bar() {} }\n# fn main() {\nuse foo::bar;\nbar();\n# }\n```\n\nIf the item you are importing is not defined in some super-module of the\ncurrent module, then it must also be declared as public (e.g., `pub fn`).\n"},"level":"error","spans":[{"file_name":"/home/jkfussy/.cargo/registry/src/index.crates.io-1949cf8c6b5b557f/cassowary-0.3.0/src/solver_impl.rs","byte_start":29683,"byte_end":29687,"line_start":709,"line_end":709,"column_start":25,"column_end":29,"is_primary":true,"text":[{"text":"        let mut first = None;","highlight_start":25,"highlight_end":29}],"label":"not found in this scope","suggested_replacement":null,"suggestion_applicability":null,"expansion":null}],"children":[],"rendered":"\u001b[1m\u001b[91merror[E0425]\u001b[0m\u001b[1m: cannot find value `None` in this scope\u001b[0m\n   \u001b[1m\u001b[94m--> \u001b[0m/home/jkfussy/.cargo/registry/src/index.crates.io-1949cf8c6b5b557f/cassowary-0.3.0/src/solver_impl.rs:709:25\n    \u001b[1m\u001b[94m|\u001b[0m\n\u001b[1m\u001b[94m709\u001b[0m \u001b[1m\u001b[94m|\u001b[0m         let mut first = None;\n    \u001b[1m\u001b[94m|\u001b[0m                         \u001b[1m\u001b[91m^^^^\u001b[0m \u001b[1m\u001b[91mnot found in this scope\u001b[0m\n\n"}
{"$message_type":"diagnostic","message":"cannot find value `None` in this scope","code":{"code":"E0425","explanation":"An unresolved name was used.\n\nErroneous code examples:\n\n```compile_fail,E0425\nsomething_that_doesnt_exist::foo;\n// error: unresolved name `something_that_doesnt_exist::foo`\n\n// or:\n\ntrait Foo {\n    fn bar() {\n        Self; // error: unresolved name `Self`\n    }\n}\n\n// or:\n\nlet x = unknown_variable;  // error: unresolved name `unknown_variable`\n```\n\nPlease verify that the name wasn't misspelled and ensure that the\nidentifier being referred to is valid for the given situation. Example:\n\n```\nenum something_that_does_exist {\n    Foo,\n}\n```\n\nOr:\n\n```\nmod something_that_does_exist {\n    pub static foo : i32 = 0i32;\n}\n\nsomething_that_does_exist::foo; // ok!\n```\n\nOr:\n\n```\nlet unknown_variable = 12u32;\nlet x = unknown_variable; // ok!\n```\n\nIf the item is not defined in the current module, it must be imported using a\n`use` statement, like so:\n\n```\n# mod foo { pub fn bar() {} }\n# fn main() {\nuse foo::bar;\nbar();\n# }\n```\n\nIf the item you are importing is not defined in some super-module of the\ncurrent module, then it must also be declared as public (e.g., `pub fn`).\n"},"level":"error","spans":[{"file_name":"/home/jkfussy/.cargo/registry/src/index.crates.io-1949cf8c6b5b557f/cassowary-0.3.0/src/solver_impl.rs","byte_start":29715,"byte_end":29719,"line_start":710,"line_end":710,"column_start":26,"column_end":30,"is_primary":true,"text":[{"text":"        let mut second = None;","highlight_start":26,"highlight_end":30}],"label":"not found in this scope","suggested_replacement":null,"suggestion_applicability":null,"expansion":null}],"children":[],"rendered":"\u001b[1m\u001b[91merror[E0425]\u001b[0m\u001b[1m: cannot find value `None` in this scope\u001b[0m\n   \u001b[1m\u001b[94m--> \u001b[0m/home/jkfussy/.cargo/registry/src/index.crates.io-1949cf8c6b5b557f/cassowary-0.3.0/src/solver_impl.rs:710:26\n    \u001b[1m\u001b[94m|\u001b[0m\n\u001b[1m\u001b[94m710\u001b[0m \u001b[1m\u001b[94m|\u001b[0m         let mut second = None;\n    \u001b[1m\u001b[94m|\u001b[0m                          \u001b[1m\u001b[91m^^^^\u001b[0m \u001b[1m\u001b[91mnot found in this scope\u001b[0m\n\n"}
{"$message_type":"diagnostic","message":"cannot find value `None` in this scope","code":{"code":"E0425","explanation":"An unresolved name was used.\n\nErroneous code examples:\n\n```compile_fail,E0425\nsomething_that_doesnt_exist::foo;\n// error: unresolved name `something_that_doesnt_exist::foo`\n\n// or:\n\ntrait Foo {\n    fn bar() {\n        Self; // error: unresolved name `Self`\n    }\n}\n\n// or:\n\nlet x = unknown_variable;  // error: unresolved name `unknown_variable`\n```\n\nPlease verify that the name wasn't misspelled and ensure that the\nidentifier being referred to is valid for the given situation. Example:\n\n```\nenum something_that_does_exist {\n    Foo,\n}\n```\n\nOr:\n\n```\nmod something_that_does_exist {\n    pub static foo : i32 = 0i32;\n}\n\nsomething_that_does_exist::foo; // ok!\n```\n\nOr:\n\n```\nlet unknown_variable = 12u32;\nlet x = unknown_variable; // ok!\n```\n\nIf the item is not defined in the current module, it must be imported using a\n`use` statement, like so:\n\n```\n# mod foo { pub fn bar() {} }\n# fn main() {\nuse foo::bar;\nbar();\n# }\n```\n\nIf the item you are importing is not defined in some super-module of the\ncurrent module, then it must also be declared as public (e.g., `pub fn`).\n"},"level":"error","spans":[{"file_name":"/home/jkfussy/.cargo/registry/src/index.crates.io-1949cf8c6b5b557f/cassowary-0.3.0/src/solver_impl.rs","byte_start":29746,"byte_end":29750,"line_start":711,"line_end":711,"column_start":25,"column_end":29,"is_primary":true,"text":[{"text":"        let mut third = None;","highlight_start":25,"highlight_end":29}],"label":"not found in this scope","suggested_replacement":null,"suggestion_applicability":null,"expansion":null}],"children":[],"rendered":"\u001b[1m\u001b[91merror[E0425]\u001b[0m\u001b[1m: cannot find value `None` in this scope\u001b[0m\n   \u001b[1m\u001b[94m--> \u001b[0m/home/jkfussy/.cargo/registry/src/index.crates.io-1949cf8c6b5b557f/cassowary-0.3.0/src/solver_impl.rs:711:25\n    \u001b[1m\u001b[94m|\u001b[0m\n\u001b[1m\u001b[94m711\u001b[0m \u001b[1m\u001b[94m|\u001b[0m         let mut third = None;\n    \u001b[1m\u001b[94m|\u001b[0m                         \u001b[1m\u001b[91m^^^^\u001b[0m \u001b[1m\u001b[91mnot found in this scope\u001b[0m\n\n"}
{"$message_type":"diagnostic","message":"cannot find tuple struct or tuple variant `Some` in this scope","code":{"code":"E0531","explanation":"An unknown tuple struct/variant has been used.\n\nErroneous code example:\n\n```compile_fail,E0531\nlet Type(x) = Type(12); // error!\nmatch Bar(12) {\n    Bar(x) => {} // error!\n    _ => {}\n}\n```\n\nIn most cases, it's either a forgotten import or a typo. However, let's look at\nhow you can have such a type:\n\n```edition2018\nstruct Type(u32); // this is a tuple struct\n\nenum Foo {\n    Bar(u32), // this is a tuple variant\n}\n\nuse Foo::*; // To use Foo's variant directly, we need to import them in\n            // the scope.\n```\n\nEither way, it should work fine with our previous code:\n\n```edition2018\nstruct Type(u32);\n\nenum Foo {\n    Bar(u32),\n}\nuse Foo::*;\n\nlet Type(x) = Type(12); // ok!\nmatch Type(12) {\n    Type(x) => {} // ok!\n    _ => {}\n}\n```\n"},"level":"error","spans":[{"file_name":"/home/jkfussy/.cargo/registry/src/index.crates.io-1949cf8c6b5b557f/cassowary-0.3.0/src/solver_impl.rs","byte_start":31421,"byte_end":31425,"line_start":758,"line_end":758,"column_start":16,"column_end":20,"is_primary":true,"text":[{"text":"        if let Some(row) = self.rows.get(&marker) {","highlight_start":16,"highlight_end":20}],"label":"not found in this scope","suggested_replacement":null,"suggestion_applicability":null,"expansion":null}],"children":[],"rendered":"\u001b[1m\u001b[91merror[E0531]\u001b[0m\u001b[1m: cannot find tuple struct or tuple variant `Some` in this scope\u001b[0m\n   \u001b[1m\u001b[94m--> \u001b[0m/home/jkfussy/.cargo/registry/src/index.crates.io-1949cf8c6b5b557f/cassowary-0.3.0/src/solver_impl.rs:758:16\n    \u001b[1m\u001b[94m|\u001b[0m\n\u001b[1m\u001b[94m758\u001b[0m \u001b[1m\u001b[94m|\u001b[0m         if let Some(row) = self.rows.get(&marker) {\n    \u001b[1m\u001b[94m|\u001b[0m                \u001b[1m\u001b[91m^^^^\u001b[0m \u001b[1m\u001b[91mnot found in this scope\u001b[0m\n\n"}
{"$message_type":"diagnostic","message":"cannot find type `Vec` in this scope","code":{"code":"E0412","explanation":"A used type name is not in scope.\n\nErroneous code examples:\n\n```compile_fail,E0412\nimpl Something {} // error: type name `Something` is not in scope\n\n// or:\n\ntrait Foo {\n    fn bar(N); // error: type name `N` is not in scope\n}\n\n// or:\n\nfn foo(x: T) {} // type name `T` is not in scope\n```\n\nTo fix this error, please verify you didn't misspell the type name, you did\ndeclare it or imported it into the scope. Examples:\n\n```\nstruct Something;\n\nimpl Something {} // ok!\n\n// or:\n\ntrait Foo {\n    type N;\n\n    fn bar(_: Self::N); // ok!\n}\n\n// or:\n\nfn foo<T>(x: T) {} // ok!\n```\n\nAnother case that causes this error is when a type is imported into a parent\nmodule. To fix this, you can follow the suggestion and use File directly or\n`use super::File;` which will import the types from the parent namespace. An\nexample that causes this error is below:\n\n```compile_fail,E0412\nuse std::fs::File;\n\nmod foo {\n    fn some_function(f: File) {}\n}\n```\n\n```\nuse std::fs::File;\n\nmod foo {\n    // either\n    use super::File;\n    // or\n    // use std::fs::File;\n    fn foo(f: File) {}\n}\n# fn main() {} // don't insert it for us; that'll break imports\n```\n"},"level":"error","spans":[{"file_name":"/home/jkfussy/.cargo/registry/src/index.crates.io-1949cf8c6b5b557f/cassowary-0.3.0/src/lib.rs","byte_start":11138,"byte_end":11141,"line_start":272,"line_end":272,"column_start":16,"column_end":19,"is_primary":true,"text":[{"text":"    pub terms: Vec<Term>,","highlight_start":16,"highlight_end":19}],"label":"not found in this scope","suggested_replacement":null,"suggestion_applicability":null,"expansion":null}],"children":[],"rendered":"\u001b[1m\u001b[91merror[E0412]\u001b[0m\u001b[1m: cannot find type `Vec` in this scope\u001b[0m\n   \u001b[1m\u001b[94m--> \u001b[0m/home/jkfussy/.cargo/registry/src/index.crates.io-1949cf8c6b5b557f/cassowary-0.3.0/src/lib.rs:272:16\n    \u001b[1m\u001b[94m|\u001b[0m\n\u001b[1m\u001b[94m272\u001b[0m \u001b[1m\u001b[94m|\u001b[0m     pub terms: Vec<Term>,\n    \u001b[1m\u001b[94m|\u001b[0m                \u001b[1m\u001b[91m^^^\u001b[0m \u001b[1m\u001b[91mnot found in this scope\u001b[0m\n\n"}
{"$message_type":"diagnostic","message":"cannot find type `Vec` in this scope","code":{"code":"E0412","explanation":"A used type name is not in scope.\n\nErroneous code examples:\n\n```compile_fail,E0412\nimpl Something {} // error: type name `Something` is not in scope\n\n// or:\n\ntrait Foo {\n    fn bar(N); // error: type name `N` is not in scope\n}\n\n// or:\n\nfn foo(x: T) {} // type name `T` is not in scope\n```\n\nTo fix this error, please verify you didn't misspell the type name, you did\ndeclare it or imported it into the scope. Examples:\n\n```\nstruct Something;\n\nimpl Something {} // ok!\n\n// or:\n\ntrait Foo {\n    type N;\n\n    fn bar(_: Self::N); // ok!\n}\n\n// or:\n\nfn foo<T>(x: T) {} // ok!\n```\n\nAnother case that causes this error is when a type is imported into a parent\nmodule. To fix this, you can follow the suggestion and use File directly or\n`use super::File;` which will import the types from the parent namespace. An\nexample that causes this error is below:\n\n```compile_fail,E0412\nuse std::fs::File;\n\nmod foo {\n    fn some_function(f: File) {}\n}\n```\n\n```\nuse std::fs::File;\n\nmod foo {\n    // either\n    use super::File;\n    // or\n    // use std::fs::File;\n    fn foo(f: File) {}\n}\n# fn main() {} // don't insert it for us; that'll break imports\n```\n"},"level":"error","spans":[{"file_name":"/home/jkfussy/.cargo/registry/src/index.crates.io-1949cf8c6b5b557f/cassowary-0.3.0/src/lib.rs","byte_start":11888,"byte_end":11891,"line_start":293,"line_end":293,"column_start":23,"column_end":26,"is_primary":true,"text":[{"text":"    pub fn new(terms: Vec<Term>, constant: f64) -> Expression {","highlight_start":23,"highlight_end":26}],"label":"not found in this scope","suggested_replacement":null,"suggestion_applicability":null,"expansion":null}],"children":[],"rendered":"\u001b[1m\u001b[91merror[E0412]\u001b[0m\u001b[1m: cannot find type `Vec` in this scope\u001b[0m\n   \u001b[1m\u001b[94m--> \u001b[0m/home/jkfussy/.cargo/registry/src/index.crates.io-1949cf8c6b5b557f/cassowary-0.3.0/src/lib.rs:293:23\n    \u001b[1m\u001b[94m|\u001b[0m\n\u001b[1m\u001b[94m293\u001b[0m \u001b[1m\u001b[94m|\u001b[0m     pub fn new(terms: Vec<Term>, constant: f64) -> Expression {\n    \u001b[1m\u001b[94m|\u001b[0m                       \u001b[1m\u001b[91m^^^\u001b[0m \u001b[1m\u001b[91mnot found in this scope\u001b[0m\n\n"}
{"$message_type":"diagnostic","message":"cannot find trait `From` in this scope","code":{"code":"E0405","explanation":"The code refers to a trait that is not in scope.\n\nErroneous code example:\n\n```compile_fail,E0405\nstruct Foo;\n\nimpl SomeTrait for Foo {} // error: trait `SomeTrait` is not in scope\n```\n\nPlease verify that the name of the trait wasn't misspelled and ensure that it\nwas imported. Example:\n\n```\n# #[cfg(for_demonstration_only)]\n// solution 1:\nuse some_file::SomeTrait;\n\n// solution 2:\ntrait SomeTrait {\n    // some functions\n}\n\nstruct Foo;\n\nimpl SomeTrait for Foo { // ok!\n    // implements functions\n}\n```\n"},"level":"error","spans":[{"file_name":"/home/jkfussy/.cargo/registry/src/index.crates.io-1949cf8c6b5b557f/cassowary-0.3.0/src/lib.rs","byte_start":12255,"byte_end":12259,"line_start":308,"line_end":308,"column_start":6,"column_end":10,"is_primary":true,"text":[{"text":"impl From<f64> for Expression {","highlight_start":6,"highlight_end":10}],"label":"not found in this scope","suggested_replacement":null,"suggestion_applicability":null,"expansion":null}],"children":[],"rendered":"\u001b[1m\u001b[91merror[E0405]\u001b[0m\u001b[1m: cannot find trait `From` in this scope\u001b[0m\n   \u001b[1m\u001b[94m--> \u001b[0m/home/jkfussy/.cargo/registry/src/index.crates.io-1949cf8c6b5b557f/cassowary-0.3.0/src/lib.rs:308:6\n    \u001b[1m\u001b[94m|\u001b[0m\n\u001b[1m\u001b[94m308\u001b[0m \u001b[1m\u001b[94m|\u001b[0m impl From<f64> for Expression {\n    \u001b[1m\u001b[94m|\u001b[0m      \u001b[1m\u001b[91m^^^^\u001b[0m \u001b[1m\u001b[91mnot found in this scope\u001b[0m\n\n"}
{"$message_type":"diagnostic","message":"cannot find trait `From` in this scope","code":{"code":"E0405","explanation":"The code refers to a trait that is not in scope.\n\nErroneous code example:\n\n```compile_fail,E0405\nstruct Foo;\n\nimpl SomeTrait for Foo {} // error: trait `SomeTrait` is not in scope\n```\n\nPlease verify that the name of the trait wasn't misspelled and ensure that it\nwas imported. Example:\n\n```\n# #[cfg(for_demonstration_only)]\n// solution 1:\nuse some_file::SomeTrait;\n\n// solution 2:\ntrait SomeTrait {\n    // some functions\n}\n\nstruct Foo;\n\nimpl SomeTrait for Foo { // ok!\n    // implements functions\n}\n```\n"},"level":"error","spans":[{"file_name":"/home/jkfussy/.cargo/registry/src/index.crates.io-1949cf8c6b5b557f/cassowary-0.3.0/src/lib.rs","byte_start":12375,"byte_end":12379,"line_start":314,"line_end":314,"column_start":6,"column_end":10,"is_primary":true,"text":[{"text":"impl From<Variable> for Expression {","highlight_start":6,"highlight_end":10}],"label":"not found in this scope","suggested_replacement":null,"suggestion_applicability":null,"expansion":null}],"children":[],"rendered":"\u001b[1m\u001b[91merror[E0405]\u001b[0m\u001b[1m: cannot find trait `From` in this scope\u001b[0m\n   \u001b[1m\u001b[94m--> \u001b[0m/home/jkfussy/.cargo/registry/src/index.crates.io-1949cf8c6b5b557f/cassowary-0.3.0/src/lib.rs:314:6\n    \u001b[1m\u001b[94m|\u001b[0m\n\u001b[1m\u001b[94m314\u001b[0m \u001b[1m\u001b[94m|\u001b[0m impl From<Variable> for Expression {\n    \u001b[1m\u001b[94m|\u001b[0m      \u001b[1m\u001b[91m^^^^\u001b[0m \u001b[1m\u001b[91mnot found in this scope\u001b[0m\n\n"}
{"$message_type":"diagnostic","message":"cannot find trait `From` in this scope","code":{"code":"E0405","explanation":"The code refers to a trait that is not in scope.\n\nErroneous code example:\n\n```compile_fail,E0405\nstruct Foo;\n\nimpl SomeTrait for Foo {} // error: trait `SomeTrait` is not in scope\n```\n\nPlease verify that the name of the trait wasn't misspelled and ensure that it\nwas imported. Example:\n\n```\n# #[cfg(for_demonstration_only)]\n// solution 1:\nuse some_file::SomeTrait;\n\n// solution 2:\ntrait SomeTrait {\n    // some functions\n}\n\nstruct Foo;\n\nimpl SomeTrait for Foo { // ok!\n    // implements functions\n}\n```\n"},"level":"error","spans":[{"file_name":"/home/jkfussy/.cargo/registry/src/index.crates.io-1949cf8c6b5b557f/cassowary-0.3.0/src/lib.rs","byte_start":12517,"byte_end":12521,"line_start":320,"line_end":320,"column_start":6,"column_end":10,"is_primary":true,"text":[{"text":"impl From<Term> for Expression {","highlight_start":6,"highlight_end":10}],"label":"not found in this scope","suggested_replacement":null,"suggestion_applicability":null,"expansion":null}],"children":[],"rendered":"\u001b[1m\u001b[91merror[E0405]\u001b[0m\u001b[1m: cannot find trait `From` in this scope\u001b[0m\n   \u001b[1m\u001b[94m--> \u001b[0m/home/jkfussy/.cargo/registry/src/index.crates.io-1949cf8c6b5b557f/cassowary-0.3.0/src/lib.rs:320:6\n    \u001b[1m\u001b[94m|\u001b[0m\n\u001b[1m\u001b[94m320\u001b[0m \u001b[1m\u001b[94m|\u001b[0m impl From<Term> for Expression {\n    \u001b[1m\u001b[94m|\u001b[0m      \u001b[1m\u001b[91m^^^^\u001b[0m \u001b[1m\u001b[91mnot found in this scope\u001b[0m\n\n"}
{"$message_type":"diagnostic","message":"cannot find trait `PartialEq` in this scope","code":{"code":"E0405","explanation":"The code refers to a trait that is not in scope.\n\nErroneous code example:\n\n```compile_fail,E0405\nstruct Foo;\n\nimpl SomeTrait for Foo {} // error: trait `SomeTrait` is not in scope\n```\n\nPlease verify that the name of the trait wasn't misspelled and ensure that it\nwas imported. Example:\n\n```\n# #[cfg(for_demonstration_only)]\n// solution 1:\nuse some_file::SomeTrait;\n\n// solution 2:\ntrait SomeTrait {\n    // some functions\n}\n\nstruct Foo;\n\nimpl SomeTrait for Foo { // ok!\n    // implements functions\n}\n```\n"},"level":"error","spans":[{"file_name":"/home/jkfussy/.cargo/registry/src/index.crates.io-1949cf8c6b5b557f/cassowary-0.3.0/src/lib.rs","byte_start":16985,"byte_end":16994,"line_start":429,"line_end":429,"column_start":6,"column_end":15,"is_primary":true,"text":[{"text":"impl PartialEq for Constraint {","highlight_start":6,"highlight_end":15}],"label":"not found in this scope","suggested_replacement":null,"suggestion_applicability":null,"expansion":null}],"children":[],"rendered":"\u001b[1m\u001b[91merror[E0405]\u001b[0m\u001b[1m: cannot find trait `PartialEq` in this scope\u001b[0m\n   \u001b[1m\u001b[94m--> \u001b[0m/home/jkfussy/.cargo/registry/src/index.crates.io-1949cf8c6b5b557f/cassowary-0.3.0/src/lib.rs:429:6\n    \u001b[1m\u001b[94m|\u001b[0m\n\u001b[1m\u001b[94m429\u001b[0m \u001b[1m\u001b[94m|\u001b[0m impl PartialEq for Constraint {\n    \u001b[1m\u001b[94m|\u001b[0m      \u001b[1m\u001b[91m^^^^^^^^^\u001b[0m \u001b[1m\u001b[91mnot found in this scope\u001b[0m\n\n"}
{"$message_type":"diagnostic","message":"cannot find trait `Eq` in this scope","code":{"code":"E0405","explanation":"The code refers to a trait that is not in scope.\n\nErroneous code example:\n\n```compile_fail,E0405\nstruct Foo;\n\nimpl SomeTrait for Foo {} // error: trait `SomeTrait` is not in scope\n```\n\nPlease verify that the name of the trait wasn't misspelled and ensure that it\nwas imported. Example:\n\n```\n# #[cfg(for_demonstration_only)]\n// solution 1:\nuse some_file::SomeTrait;\n\n// solution 2:\ntrait SomeTrait {\n    // some functions\n}\n\nstruct Foo;\n\nimpl SomeTrait for Foo { // ok!\n    // implements functions\n}\n```\n"},"level":"error","spans":[{"file_name":"/home/jkfussy/.cargo/registry/src/index.crates.io-1949cf8c6b5b557f/cassowary-0.3.0/src/lib.rs","byte_start":17177,"byte_end":17179,"line_start":436,"line_end":436,"column_start":6,"column_end":8,"is_primary":true,"text":[{"text":"impl Eq for Constraint {}","highlight_start":6,"highlight_end":8}],"label":"not found in this scope","suggested_replacement":null,"suggestion_applicability":null,"expansion":null}],"children":[],"rendered":"\u001b[1m\u001b[91merror[E0405]\u001b[0m\u001b[1m: cannot find trait `Eq` in this scope\u001b[0m\n   \u001b[1m\u001b[94m--> \u001b[0m/home/jkfussy/.cargo/registry/src/index.crates.io-1949cf8c6b5b557f/cassowary-0.3.0/src/lib.rs:436:6\n    \u001b[1m\u001b[94m|\u001b[0m\n\u001b[1m\u001b[94m436\u001b[0m \u001b[1m\u001b[94m|\u001b[0m impl Eq for Constraint {}\n    \u001b[1m\u001b[94m|\u001b[0m      \u001b[1m\u001b[91m^^\u001b[0m \u001b[1m\u001b[91mnot found in this scope\u001b[0m\n\n"}
{"$message_type":"diagnostic","message":"cannot find trait `From` in this scope","code":{"code":"E0405","explanation":"The code refers to a trait that is not in scope.\n\nErroneous code example:\n\n```compile_fail,E0405\nstruct Foo;\n\nimpl SomeTrait for Foo {} // error: trait `SomeTrait` is not in scope\n```\n\nPlease verify that the name of the trait wasn't misspelled and ensure that it\nwas imported. Example:\n\n```\n# #[cfg(for_demonstration_only)]\n// solution 1:\nuse some_file::SomeTrait;\n\n// solution 2:\ntrait SomeTrait {\n    // some functions\n}\n\nstruct Foo;\n\nimpl SomeTrait for Foo { // ok!\n    // implements functions\n}\n```\n"},"level":"error","spans":[{"file_name":"/home/jkfussy/.cargo/registry/src/index.crates.io-1949cf8c6b5b557f/cassowary-0.3.0/src/lib.rs","byte_start":17512,"byte_end":17516,"line_start":448,"line_end":448,"column_start":6,"column_end":10,"is_primary":true,"text":[{"text":"impl From<WeightedRelation> for (RelationalOperator, f64) {","highlight_start":6,"highlight_end":10}],"label":"not found in this scope","suggested_replacement":null,"suggestion_applicability":null,"expansion":null}],"children":[],"rendered":"\u001b[1m\u001b[91merror[E0405]\u001b[0m\u001b[1m: cannot find trait `From` in this scope\u001b[0m\n   \u001b[1m\u001b[94m--> \u001b[0m/home/jkfussy/.cargo/registry/src/index.crates.io-1949cf8c6b5b557f/cassowary-0.3.0/src/lib.rs:448:6\n    \u001b[1m\u001b[94m|\u001b[0m\n\u001b[1m\u001b[94m448\u001b[0m \u001b[1m\u001b[94m|\u001b[0m impl From<WeightedRelation> for (RelationalOperator, f64) {\n    \u001b[1m\u001b[94m|\u001b[0m      \u001b[1m\u001b[91m^^^^\u001b[0m \u001b[1m\u001b[91mnot found in this scope\u001b[0m\n\n"}
{"$message_type":"diagnostic","message":"cannot find tuple struct or tuple variant `Some` in this scope","code":{"code":"E0531","explanation":"An unknown tuple struct/variant has been used.\n\nErroneous code example:\n\n```compile_fail,E0531\nlet Type(x) = Type(12); // error!\nmatch Bar(12) {\n    Bar(x) => {} // error!\n    _ => {}\n}\n```\n\nIn most cases, it's either a forgotten import or a typo. However, let's look at\nhow you can have such a type:\n\n```edition2018\nstruct Type(u32); // this is a tuple struct\n\nenum Foo {\n    Bar(u32), // this is a tuple variant\n}\n\nuse Foo::*; // To use Foo's variant directly, we need to import them in\n            // the scope.\n```\n\nEither way, it should work fine with our previous code:\n\n```edition2018\nstruct Type(u32);\n\nenum Foo {\n    Bar(u32),\n}\nuse Foo::*;\n\nlet Type(x) = Type(12); // ok!\nmatch Type(12) {\n    Type(x) => {} // ok!\n    _ => {}\n}\n```\n"},"level":"error","spans":[{"file_name":"/home/jkfussy/.cargo/registry/src/index.crates.io-1949cf8c6b5b557f/cassowary-0.3.0/src/lib.rs","byte_start":20642,"byte_end":20646,"line_start":561,"line_end":561,"column_start":16,"column_end":20,"is_primary":true,"text":[{"text":"        if let Some(coeff) = self.cells.remove(&s) {","highlight_start":16,"highlight_end":20}],"label":"not found in this scope","suggested_replacement":null,"suggestion_applicability":null,"expansion":null}],"children":[],"rendered":"\u001b[1m\u001b[91merror[E0531]\u001b[0m\u001b[1m: cannot find tuple struct or tuple variant `Some` in this scope\u001b[0m\n   \u001b[1m\u001b[94m--> \u001b[0m/home/jkfussy/.cargo/registry/src/index.crates.io-1949cf8c6b5b557f/cassowary-0.3.0/src/lib.rs:561:16\n    \u001b[1m\u001b[94m|\u001b[0m\n\u001b[1m\u001b[94m561\u001b[0m \u001b[1m\u001b[94m|\u001b[0m         if let Some(coeff) = self.cells.remove(&s) {\n    \u001b[1m\u001b[94m|\u001b[0m                \u001b[1m\u001b[91m^^^^\u001b[0m \u001b[1m\u001b[91mnot found in this scope\u001b[0m\n\n"}
{"$message_type":"diagnostic","message":"failed to resolve: use of undeclared type `Vec`","code":{"code":"E0433","explanation":"An undeclared crate, module, or type was used.\n\nErroneous code example:\n\n```compile_fail,E0433\nlet map = HashMap::new();\n// error: failed to resolve: use of undeclared type `HashMap`\n```\n\nPlease verify you didn't misspell the type/module's name or that you didn't\nforget to import it:\n\n```\nuse std::collections::HashMap; // HashMap has been imported.\nlet map: HashMap<u32, u32> = HashMap::new(); // So it can be used!\n```\n\nIf you've expected to use a crate name:\n\n```compile_fail\nuse ferris_wheel::BigO;\n// error: failed to resolve: use of undeclared module or unlinked crate\n```\n\nMake sure the crate has been added as a dependency in `Cargo.toml`.\n\nTo use a module from your current crate, add the `crate::` prefix to the path.\n"},"level":"error","spans":[{"file_name":"/home/jkfussy/.cargo/registry/src/index.crates.io-1949cf8c6b5b557f/cassowary-0.3.0/src/solver_impl.rs","byte_start":1521,"byte_end":1524,"line_start":60,"line_end":60,"column_start":29,"column_end":32,"is_primary":true,"text":[{"text":"            public_changes: Vec::new(),","highlight_start":29,"highlight_end":32}],"label":"use of undeclared type `Vec`","suggested_replacement":null,"suggestion_applicability":null,"expansion":null}],"children":[],"rendered":"\u001b[1m\u001b[91merror[E0433]\u001b[0m\u001b[1m: failed to resolve: use of undeclared type `Vec`\u001b[0m\n  \u001b[1m\u001b[94m--> \u001b[0m/home/jkfussy/.cargo/registry/src/index.crates.io-1949cf8c6b5b557f/cassowary-0.3.0/src/solver_impl.rs:60:29\n   \u001b[1m\u001b[94m|\u001b[0m\n\u001b[1m\u001b[94m60\u001b[0m \u001b[1m\u001b[94m|\u001b[0m             public_changes: Vec::new(),\n   \u001b[1m\u001b[94m|\u001b[0m                             \u001b[1m\u001b[91m^^^\u001b[0m \u001b[1m\u001b[91muse of undeclared type `Vec`\u001b[0m\n\n"}
{"$message_type":"diagnostic","message":"failed to resolve: use of undeclared type `Vec`","code":{"code":"E0433","explanation":"An undeclared crate, module, or type was used.\n\nErroneous code example:\n\n```compile_fail,E0433\nlet map = HashMap::new();\n// error: failed to resolve: use of undeclared type `HashMap`\n```\n\nPlease verify you didn't misspell the type/module's name or that you didn't\nforget to import it:\n\n```\nuse std::collections::HashMap; // HashMap has been imported.\nlet map: HashMap<u32, u32> = HashMap::new(); // So it can be used!\n```\n\nIf you've expected to use a crate name:\n\n```compile_fail\nuse ferris_wheel::BigO;\n// error: failed to resolve: use of undeclared module or unlinked crate\n```\n\nMake sure the crate has been added as a dependency in `Cargo.toml`.\n\nTo use a module from your current crate, add the `crate::` prefix to the path.\n"},"level":"error","spans":[{"file_name":"/home/jkfussy/.cargo/registry/src/index.crates.io-1949cf8c6b5b557f/cassowary-0.3.0/src/solver_impl.rs","byte_start":1714,"byte_end":1717,"line_start":65,"line_end":65,"column_start":30,"column_end":33,"is_primary":true,"text":[{"text":"            infeasible_rows: Vec::new(),","highlight_start":30,"highlight_end":33}],"label":"use of undeclared type `Vec`","suggested_replacement":null,"suggestion_applicability":null,"expansion":null}],"children":[],"rendered":"\u001b[1m\u001b[91merror[E0433]\u001b[0m\u001b[1m: failed to resolve: use of undeclared type `Vec`\u001b[0m\n  \u001b[1m\u001b[94m--> \u001b[0m/home/jkfussy/.cargo/registry/src/index.crates.io-1949cf8c6b5b557f/cassowary-0.3.0/src/solver_impl.rs:65:30\n   \u001b[1m\u001b[94m|\u001b[0m\n\u001b[1m\u001b[94m65\u001b[0m \u001b[1m\u001b[94m|\u001b[0m             infeasible_rows: Vec::new(),\n   \u001b[1m\u001b[94m|\u001b[0m                              \u001b[1m\u001b[91m^^^\u001b[0m \u001b[1m\u001b[91muse of undeclared type `Vec`\u001b[0m\n\n"}
{"$message_type":"diagnostic","message":"failed to resolve: use of undeclared type `Box`","code":{"code":"E0433","explanation":"An undeclared crate, module, or type was used.\n\nErroneous code example:\n\n```compile_fail,E0433\nlet map = HashMap::new();\n// error: failed to resolve: use of undeclared type `HashMap`\n```\n\nPlease verify you didn't misspell the type/module's name or that you didn't\nforget to import it:\n\n```\nuse std::collections::HashMap; // HashMap has been imported.\nlet map: HashMap<u32, u32> = HashMap::new(); // So it can be used!\n```\n\nIf you've expected to use a crate name:\n\n```compile_fail\nuse ferris_wheel::BigO;\n// error: failed to resolve: use of undeclared module or unlinked crate\n```\n\nMake sure the crate has been added as a dependency in `Cargo.toml`.\n\nTo use a module from your current crate, add the `crate::` prefix to the path.\n"},"level":"error","spans":[{"file_name":"/home/jkfussy/.cargo/registry/src/index.crates.io-1949cf8c6b5b557f/cassowary-0.3.0/src/solver_impl.rs","byte_start":18596,"byte_end":18599,"line_start":450,"line_end":450,"column_start":10,"column_end":13,"is_primary":true,"text":[{"text":"        (Box::new(row), tag)","highlight_start":10,"highlight_end":13}],"label":"use of undeclared type `Box`","suggested_replacement":null,"suggestion_applicability":null,"expansion":null}],"children":[],"rendered":"\u001b[1m\u001b[91merror[E0433]\u001b[0m\u001b[1m: failed to resolve: use of undeclared type `Box`\u001b[0m\n   \u001b[1m\u001b[94m--> \u001b[0m/home/jkfussy/.cargo/registry/src/index.crates.io-1949cf8c6b5b557f/cassowary-0.3.0/src/solver_impl.rs:450:10\n    \u001b[1m\u001b[94m|\u001b[0m\n\u001b[1m\u001b[94m450\u001b[0m \u001b[1m\u001b[94m|\u001b[0m         (Box::new(row), tag)\n    \u001b[1m\u001b[94m|\u001b[0m          \u001b[1m\u001b[91m^^^\u001b[0m \u001b[1m\u001b[91muse of undeclared type `Box`\u001b[0m\n\n"}
{"$message_type":"diagnostic","message":"failed to resolve: use of undeclared type `Box`","code":{"code":"E0433","explanation":"An undeclared crate, module, or type was used.\n\nErroneous code example:\n\n```compile_fail,E0433\nlet map = HashMap::new();\n// error: failed to resolve: use of undeclared type `HashMap`\n```\n\nPlease verify you didn't misspell the type/module's name or that you didn't\nforget to import it:\n\n```\nuse std::collections::HashMap; // HashMap has been imported.\nlet map: HashMap<u32, u32> = HashMap::new(); // So it can be used!\n```\n\nIf you've expected to use a crate name:\n\n```compile_fail\nuse ferris_wheel::BigO;\n// error: failed to resolve: use of undeclared module or unlinked crate\n```\n\nMake sure the crate has been added as a dependency in `Cargo.toml`.\n\nTo use a module from your current crate, add the `crate::` prefix to the path.\n"},"level":"error","spans":[{"file_name":"/home/jkfussy/.cargo/registry/src/index.crates.io-1949cf8c6b5b557f/cassowary-0.3.0/src/solver_impl.rs","byte_start":20241,"byte_end":20244,"line_start":491,"line_end":491,"column_start":31,"column_end":34,"is_primary":true,"text":[{"text":"        self.rows.insert(art, Box::new(row.clone()));","highlight_start":31,"highlight_end":34}],"label":"use of undeclared type `Box`","suggested_replacement":null,"suggestion_applicability":null,"expansion":null}],"children":[],"rendered":"\u001b[1m\u001b[91merror[E0433]\u001b[0m\u001b[1m: failed to resolve: use of undeclared type `Box`\u001b[0m\n   \u001b[1m\u001b[94m--> \u001b[0m/home/jkfussy/.cargo/registry/src/index.crates.io-1949cf8c6b5b557f/cassowary-0.3.0/src/solver_impl.rs:491:31\n    \u001b[1m\u001b[94m|\u001b[0m\n\u001b[1m\u001b[94m491\u001b[0m \u001b[1m\u001b[94m|\u001b[0m         self.rows.insert(art, Box::new(row.clone()));\n    \u001b[1m\u001b[94m|\u001b[0m                               \u001b[1m\u001b[91m^^^\u001b[0m \u001b[1m\u001b[91muse of undeclared type `Box`\u001b[0m\n\n"}
{"$message_type":"diagnostic","message":"failed to resolve: use of undeclared type `Vec`","code":{"code":"E0433","explanation":"An undeclared crate, module, or type was used.\n\nErroneous code example:\n\n```compile_fail,E0433\nlet map = HashMap::new();\n// error: failed to resolve: use of undeclared type `HashMap`\n```\n\nPlease verify you didn't misspell the type/module's name or that you didn't\nforget to import it:\n\n```\nuse std::collections::HashMap; // HashMap has been imported.\nlet map: HashMap<u32, u32> = HashMap::new(); // So it can be used!\n```\n\nIf you've expected to use a crate name:\n\n```compile_fail\nuse ferris_wheel::BigO;\n// error: failed to resolve: use of undeclared module or unlinked crate\n```\n\nMake sure the crate has been added as a dependency in `Cargo.toml`.\n\nTo use a module from your current crate, add the `crate::` prefix to the path.\n"},"level":"error","spans":[{"file_name":"/home/jkfussy/.cargo/registry/src/index.crates.io-1949cf8c6b5b557f/cassowary-0.3.0/src/lib.rs","byte_start":11390,"byte_end":11393,"line_start":280,"line_end":280,"column_start":20,"column_end":23,"is_primary":true,"text":[{"text":"            terms: Vec::new(),","highlight_start":20,"highlight_end":23}],"label":"use of undeclared type `Vec`","suggested_replacement":null,"suggestion_applicability":null,"expansion":null}],"children":[],"rendered":"\u001b[1m\u001b[91merror[E0433]\u001b[0m\u001b[1m: failed to resolve: use of undeclared type `Vec`\u001b[0m\n   \u001b[1m\u001b[94m--> \u001b[0m/home/jkfussy/.cargo/registry/src/index.crates.io-1949cf8c6b5b557f/cassowary-0.3.0/src/lib.rs:280:20\n    \u001b[1m\u001b[94m|\u001b[0m\n\u001b[1m\u001b[94m280\u001b[0m \u001b[1m\u001b[94m|\u001b[0m             terms: Vec::new(),\n    \u001b[1m\u001b[94m|\u001b[0m                    \u001b[1m\u001b[91m^^^\u001b[0m \u001b[1m\u001b[91muse of undeclared type `Vec`\u001b[0m\n\n"}
{"$message_type":"diagnostic","message":"cannot find function, tuple struct or tuple variant `Ok` in this scope","code":{"code":"E0425","explanation":"An unresolved name was used.\n\nErroneous code examples:\n\n```compile_fail,E0425\nsomething_that_doesnt_exist::foo;\n// error: unresolved name `something_that_doesnt_exist::foo`\n\n// or:\n\ntrait Foo {\n    fn bar() {\n        Self; // error: unresolved name `Self`\n    }\n}\n\n// or:\n\nlet x = unknown_variable;  // error: unresolved name `unknown_variable`\n```\n\nPlease verify that the name wasn't misspelled and ensure that the\nidentifier being referred to is valid for the given situation. Example:\n\n```\nenum something_that_does_exist {\n    Foo,\n}\n```\n\nOr:\n\n```\nmod something_that_does_exist {\n    pub static foo : i32 = 0i32;\n}\n\nsomething_that_does_exist::foo; // ok!\n```\n\nOr:\n\n```\nlet unknown_variable = 12u32;\nlet x = unknown_variable; // ok!\n```\n\nIf the item is not defined in the current module, it must be imported using a\n`use` statement, like so:\n\n```\n# mod foo { pub fn bar() {} }\n# fn main() {\nuse foo::bar;\nbar();\n# }\n```\n\nIf the item you are importing is not defined in some super-module of the\ncurrent module, then it must also be declared as public (e.g., `pub fn`).\n"},"level":"error","spans":[{"file_name":"/home/jkfussy/.cargo/registry/src/index.crates.io-1949cf8c6b5b557f/cassowary-0.3.0/src/solver_impl.rs","byte_start":2143,"byte_end":2145,"line_start":79,"line_end":79,"column_start":9,"column_end":11,"is_primary":true,"text":[{"text":"        Ok(())","highlight_start":9,"highlight_end":11}],"label":"not found in this scope","suggested_replacement":null,"suggestion_applicability":null,"expansion":null}],"children":[],"rendered":"\u001b[1m\u001b[91merror[E0425]\u001b[0m\u001b[1m: cannot find function, tuple struct or tuple variant `Ok` in this scope\u001b[0m\n  \u001b[1m\u001b[94m--> \u001b[0m/home/jkfussy/.cargo/registry/src/index.crates.io-1949cf8c6b5b557f/cassowary-0.3.0/src/solver_impl.rs:79:9\n   \u001b[1m\u001b[94m|\u001b[0m\n\u001b[1m\u001b[94m79\u001b[0m \u001b[1m\u001b[94m|\u001b[0m         Ok(())\n   \u001b[1m\u001b[94m|\u001b[0m         \u001b[1m\u001b[91m^^\u001b[0m \u001b[1m\u001b[91mnot found in this scope\u001b[0m\n\n"}
{"$message_type":"diagnostic","message":"cannot find function, tuple struct or tuple variant `Err` in this scope","code":{"code":"E0425","explanation":"An unresolved name was used.\n\nErroneous code examples:\n\n```compile_fail,E0425\nsomething_that_doesnt_exist::foo;\n// error: unresolved name `something_that_doesnt_exist::foo`\n\n// or:\n\ntrait Foo {\n    fn bar() {\n        Self; // error: unresolved name `Self`\n    }\n}\n\n// or:\n\nlet x = unknown_variable;  // error: unresolved name `unknown_variable`\n```\n\nPlease verify that the name wasn't misspelled and ensure that the\nidentifier being referred to is valid for the given situation. Example:\n\n```\nenum something_that_does_exist {\n    Foo,\n}\n```\n\nOr:\n\n```\nmod something_that_does_exist {\n    pub static foo : i32 = 0i32;\n}\n\nsomething_that_does_exist::foo; // ok!\n```\n\nOr:\n\n```\nlet unknown_variable = 12u32;\nlet x = unknown_variable; // ok!\n```\n\nIf the item is not defined in the current module, it must be imported using a\n`use` statement, like so:\n\n```\n# mod foo { pub fn bar() {} }\n# fn main() {\nuse foo::bar;\nbar();\n# }\n```\n\nIf the item you are importing is not defined in some super-module of the\ncurrent module, then it must also be declared as public (e.g., `pub fn`).\n"},"level":"error","spans":[{"file_name":"/home/jkfussy/.cargo/registry/src/index.crates.io-1949cf8c6b5b557f/cassowary-0.3.0/src/solver_impl.rs","byte_start":2367,"byte_end":2370,"line_start":85,"line_end":85,"column_start":20,"column_end":23,"is_primary":true,"text":[{"text":"            return Err(AddConstraintError::DuplicateConstraint);","highlight_start":20,"highlight_end":23}],"label":"not found in this scope","suggested_replacement":null,"suggestion_applicability":null,"expansion":null}],"children":[],"rendered":"\u001b[1m\u001b[91merror[E0425]\u001b[0m\u001b[1m: cannot find function, tuple struct or tuple variant `Err` in this scope\u001b[0m\n  \u001b[1m\u001b[94m--> \u001b[0m/home/jkfussy/.cargo/registry/src/index.crates.io-1949cf8c6b5b557f/cassowary-0.3.0/src/solver_impl.rs:85:20\n   \u001b[1m\u001b[94m|\u001b[0m\n\u001b[1m\u001b[94m85\u001b[0m \u001b[1m\u001b[94m|\u001b[0m             return Err(AddConstraintError::DuplicateConstraint);\n   \u001b[1m\u001b[94m|\u001b[0m                    \u001b[1m\u001b[91m^^^\u001b[0m \u001b[1m\u001b[91mnot found in this scope\u001b[0m\n\n"}
{"$message_type":"diagnostic","message":"cannot find function, tuple struct or tuple variant `Err` in this scope","code":{"code":"E0425","explanation":"An unresolved name was used.\n\nErroneous code examples:\n\n```compile_fail,E0425\nsomething_that_doesnt_exist::foo;\n// error: unresolved name `something_that_doesnt_exist::foo`\n\n// or:\n\ntrait Foo {\n    fn bar() {\n        Self; // error: unresolved name `Self`\n    }\n}\n\n// or:\n\nlet x = unknown_variable;  // error: unresolved name `unknown_variable`\n```\n\nPlease verify that the name wasn't misspelled and ensure that the\nidentifier being referred to is valid for the given situation. Example:\n\n```\nenum something_that_does_exist {\n    Foo,\n}\n```\n\nOr:\n\n```\nmod something_that_does_exist {\n    pub static foo : i32 = 0i32;\n}\n\nsomething_that_does_exist::foo; // ok!\n```\n\nOr:\n\n```\nlet unknown_variable = 12u32;\nlet x = unknown_variable; // ok!\n```\n\nIf the item is not defined in the current module, it must be imported using a\n`use` statement, like so:\n\n```\n# mod foo { pub fn bar() {} }\n# fn main() {\nuse foo::bar;\nbar();\n# }\n```\n\nIf the item you are importing is not defined in some super-module of the\ncurrent module, then it must also be declared as public (e.g., `pub fn`).\n"},"level":"error","spans":[{"file_name":"/home/jkfussy/.cargo/registry/src/index.crates.io-1949cf8c6b5b557f/cassowary-0.3.0/src/solver_impl.rs","byte_start":3539,"byte_end":3542,"line_start":105,"line_end":105,"column_start":24,"column_end":27,"is_primary":true,"text":[{"text":"                return Err(AddConstraintError::UnsatisfiableConstraint);","highlight_start":24,"highlight_end":27}],"label":"not found in this scope","suggested_replacement":null,"suggestion_applicability":null,"expansion":null}],"children":[],"rendered":"\u001b[1m\u001b[91merror[E0425]\u001b[0m\u001b[1m: cannot find function, tuple struct or tuple variant `Err` in this scope\u001b[0m\n   \u001b[1m\u001b[94m--> \u001b[0m/home/jkfussy/.cargo/registry/src/index.crates.io-1949cf8c6b5b557f/cassowary-0.3.0/src/solver_impl.rs:105:24\n    \u001b[1m\u001b[94m|\u001b[0m\n\u001b[1m\u001b[94m105\u001b[0m \u001b[1m\u001b[94m|\u001b[0m                 return Err(AddConstraintError::UnsatisfiableConstraint);\n    \u001b[1m\u001b[94m|\u001b[0m                        \u001b[1m\u001b[91m^^^\u001b[0m \u001b[1m\u001b[91mnot found in this scope\u001b[0m\n\n"}
{"$message_type":"diagnostic","message":"cannot find function, tuple struct or tuple variant `Err` in this scope","code":{"code":"E0425","explanation":"An unresolved name was used.\n\nErroneous code examples:\n\n```compile_fail,E0425\nsomething_that_doesnt_exist::foo;\n// error: unresolved name `something_that_doesnt_exist::foo`\n\n// or:\n\ntrait Foo {\n    fn bar() {\n        Self; // error: unresolved name `Self`\n    }\n}\n\n// or:\n\nlet x = unknown_variable;  // error: unresolved name `unknown_variable`\n```\n\nPlease verify that the name wasn't misspelled and ensure that the\nidentifier being referred to is valid for the given situation. Example:\n\n```\nenum something_that_does_exist {\n    Foo,\n}\n```\n\nOr:\n\n```\nmod something_that_does_exist {\n    pub static foo : i32 = 0i32;\n}\n\nsomething_that_does_exist::foo; // ok!\n```\n\nOr:\n\n```\nlet unknown_variable = 12u32;\nlet x = unknown_variable; // ok!\n```\n\nIf the item is not defined in the current module, it must be imported using a\n`use` statement, like so:\n\n```\n# mod foo { pub fn bar() {} }\n# fn main() {\nuse foo::bar;\nbar();\n# }\n```\n\nIf the item you are importing is not defined in some super-module of the\ncurrent module, then it must also be declared as public (e.g., `pub fn`).\n"},"level":"error","spans":[{"file_name":"/home/jkfussy/.cargo/registry/src/index.crates.io-1949cf8c6b5b557f/cassowary-0.3.0/src/solver_impl.rs","byte_start":4103,"byte_end":4106,"line_start":117,"line_end":117,"column_start":24,"column_end":27,"is_primary":true,"text":[{"text":"                return Err(AddConstraintError::UnsatisfiableConstraint);","highlight_start":24,"highlight_end":27}],"label":"not found in this scope","suggested_replacement":null,"suggestion_applicability":null,"expansion":null}],"children":[],"rendered":"\u001b[1m\u001b[91merror[E0425]\u001b[0m\u001b[1m: cannot find function, tuple struct or tuple variant `Err` in this scope\u001b[0m\n   \u001b[1m\u001b[94m--> \u001b[0m/home/jkfussy/.cargo/registry/src/index.crates.io-1949cf8c6b5b557f/cassowary-0.3.0/src/solver_impl.rs:117:24\n    \u001b[1m\u001b[94m|\u001b[0m\n\u001b[1m\u001b[94m117\u001b[0m \u001b[1m\u001b[94m|\u001b[0m                 return Err(AddConstraintError::UnsatisfiableConstraint);\n    \u001b[1m\u001b[94m|\u001b[0m                        \u001b[1m\u001b[91m^^^\u001b[0m \u001b[1m\u001b[91mnot found in this scope\u001b[0m\n\n"}
{"$message_type":"diagnostic","message":"cannot find function, tuple struct or tuple variant `Ok` in this scope","code":{"code":"E0425","explanation":"An unresolved name was used.\n\nErroneous code examples:\n\n```compile_fail,E0425\nsomething_that_doesnt_exist::foo;\n// error: unresolved name `something_that_doesnt_exist::foo`\n\n// or:\n\ntrait Foo {\n    fn bar() {\n        Self; // error: unresolved name `Self`\n    }\n}\n\n// or:\n\nlet x = unknown_variable;  // error: unresolved name `unknown_variable`\n```\n\nPlease verify that the name wasn't misspelled and ensure that the\nidentifier being referred to is valid for the given situation. Example:\n\n```\nenum something_that_does_exist {\n    Foo,\n}\n```\n\nOr:\n\n```\nmod something_that_does_exist {\n    pub static foo : i32 = 0i32;\n}\n\nsomething_that_does_exist::foo; // ok!\n```\n\nOr:\n\n```\nlet unknown_variable = 12u32;\nlet x = unknown_variable; // ok!\n```\n\nIf the item is not defined in the current module, it must be imported using a\n`use` statement, like so:\n\n```\n# mod foo { pub fn bar() {} }\n# fn main() {\nuse foo::bar;\nbar();\n# }\n```\n\nIf the item you are importing is not defined in some super-module of the\ncurrent module, then it must also be declared as public (e.g., `pub fn`).\n"},"level":"error","spans":[{"file_name":"/home/jkfussy/.cargo/registry/src/index.crates.io-1949cf8c6b5b557f/cassowary-0.3.0/src/solver_impl.rs","byte_start":4929,"byte_end":4931,"line_start":136,"line_end":136,"column_start":9,"column_end":11,"is_primary":true,"text":[{"text":"        Ok(())","highlight_start":9,"highlight_end":11}],"label":"not found in this scope","suggested_replacement":null,"suggestion_applicability":null,"expansion":null}],"children":[],"rendered":"\u001b[1m\u001b[91merror[E0425]\u001b[0m\u001b[1m: cannot find function, tuple struct or tuple variant `Ok` in this scope\u001b[0m\n   \u001b[1m\u001b[94m--> \u001b[0m/home/jkfussy/.cargo/registry/src/index.crates.io-1949cf8c6b5b557f/cassowary-0.3.0/src/solver_impl.rs:136:9\n    \u001b[1m\u001b[94m|\u001b[0m\n\u001b[1m\u001b[94m136\u001b[0m \u001b[1m\u001b[94m|\u001b[0m         Ok(())\n    \u001b[1m\u001b[94m|\u001b[0m         \u001b[1m\u001b[91m^^\u001b[0m \u001b[1m\u001b[91mnot found in this scope\u001b[0m\n\n"}
{"$message_type":"diagnostic","message":"cannot find function, tuple struct or tuple variant `Ok` in this scope","code":{"code":"E0425","explanation":"An unresolved name was used.\n\nErroneous code examples:\n\n```compile_fail,E0425\nsomething_that_doesnt_exist::foo;\n// error: unresolved name `something_that_doesnt_exist::foo`\n\n// or:\n\ntrait Foo {\n    fn bar() {\n        Self; // error: unresolved name `Self`\n    }\n}\n\n// or:\n\nlet x = unknown_variable;  // error: unresolved name `unknown_variable`\n```\n\nPlease verify that the name wasn't misspelled and ensure that the\nidentifier being referred to is valid for the given situation. Example:\n\n```\nenum something_that_does_exist {\n    Foo,\n}\n```\n\nOr:\n\n```\nmod something_that_does_exist {\n    pub static foo : i32 = 0i32;\n}\n\nsomething_that_does_exist::foo; // ok!\n```\n\nOr:\n\n```\nlet unknown_variable = 12u32;\nlet x = unknown_variable; // ok!\n```\n\nIf the item is not defined in the current module, it must be imported using a\n`use` statement, like so:\n\n```\n# mod foo { pub fn bar() {} }\n# fn main() {\nuse foo::bar;\nbar();\n# }\n```\n\nIf the item you are importing is not defined in some super-module of the\ncurrent module, then it must also be declared as public (e.g., `pub fn`).\n"},"level":"error","spans":[{"file_name":"/home/jkfussy/.cargo/registry/src/index.crates.io-1949cf8c6b5b557f/cassowary-0.3.0/src/solver_impl.rs","byte_start":7154,"byte_end":7156,"line_start":180,"line_end":180,"column_start":9,"column_end":11,"is_primary":true,"text":[{"text":"        Ok(())","highlight_start":9,"highlight_end":11}],"label":"not found in this scope","suggested_replacement":null,"suggestion_applicability":null,"expansion":null}],"children":[],"rendered":"\u001b[1m\u001b[91merror[E0425]\u001b[0m\u001b[1m: cannot find function, tuple struct or tuple variant `Ok` in this scope\u001b[0m\n   \u001b[1m\u001b[94m--> \u001b[0m/home/jkfussy/.cargo/registry/src/index.crates.io-1949cf8c6b5b557f/cassowary-0.3.0/src/solver_impl.rs:180:9\n    \u001b[1m\u001b[94m|\u001b[0m\n\u001b[1m\u001b[94m180\u001b[0m \u001b[1m\u001b[94m|\u001b[0m         Ok(())\n    \u001b[1m\u001b[94m|\u001b[0m         \u001b[1m\u001b[91m^^\u001b[0m \u001b[1m\u001b[91mnot found in this scope\u001b[0m\n\n"}
{"$message_type":"diagnostic","message":"cannot find function, tuple struct or tuple variant `Err` in this scope","code":{"code":"E0425","explanation":"An unresolved name was used.\n\nErroneous code examples:\n\n```compile_fail,E0425\nsomething_that_doesnt_exist::foo;\n// error: unresolved name `something_that_doesnt_exist::foo`\n\n// or:\n\ntrait Foo {\n    fn bar() {\n        Self; // error: unresolved name `Self`\n    }\n}\n\n// or:\n\nlet x = unknown_variable;  // error: unresolved name `unknown_variable`\n```\n\nPlease verify that the name wasn't misspelled and ensure that the\nidentifier being referred to is valid for the given situation. Example:\n\n```\nenum something_that_does_exist {\n    Foo,\n}\n```\n\nOr:\n\n```\nmod something_that_does_exist {\n    pub static foo : i32 = 0i32;\n}\n\nsomething_that_does_exist::foo; // ok!\n```\n\nOr:\n\n```\nlet unknown_variable = 12u32;\nlet x = unknown_variable; // ok!\n```\n\nIf the item is not defined in the current module, it must be imported using a\n`use` statement, like so:\n\n```\n# mod foo { pub fn bar() {} }\n# fn main() {\nuse foo::bar;\nbar();\n# }\n```\n\nIf the item you are importing is not defined in some super-module of the\ncurrent module, then it must also be declared as public (e.g., `pub fn`).\n"},"level":"error","spans":[{"file_name":"/home/jkfussy/.cargo/registry/src/index.crates.io-1949cf8c6b5b557f/cassowary-0.3.0/src/solver_impl.rs","byte_start":7725,"byte_end":7728,"line_start":194,"line_end":194,"column_start":20,"column_end":23,"is_primary":true,"text":[{"text":"            return Err(AddEditVariableError::DuplicateEditVariable);","highlight_start":20,"highlight_end":23}],"label":"not found in this scope","suggested_replacement":null,"suggestion_applicability":null,"expansion":null}],"children":[],"rendered":"\u001b[1m\u001b[91merror[E0425]\u001b[0m\u001b[1m: cannot find function, tuple struct or tuple variant `Err` in this scope\u001b[0m\n   \u001b[1m\u001b[94m--> \u001b[0m/home/jkfussy/.cargo/registry/src/index.crates.io-1949cf8c6b5b557f/cassowary-0.3.0/src/solver_impl.rs:194:20\n    \u001b[1m\u001b[94m|\u001b[0m\n\u001b[1m\u001b[94m194\u001b[0m \u001b[1m\u001b[94m|\u001b[0m             return Err(AddEditVariableError::DuplicateEditVariable);\n    \u001b[1m\u001b[94m|\u001b[0m                    \u001b[1m\u001b[91m^^^\u001b[0m \u001b[1m\u001b[91mnot found in this scope\u001b[0m\n\n"}
{"$message_type":"diagnostic","message":"cannot find function, tuple struct or tuple variant `Err` in this scope","code":{"code":"E0425","explanation":"An unresolved name was used.\n\nErroneous code examples:\n\n```compile_fail,E0425\nsomething_that_doesnt_exist::foo;\n// error: unresolved name `something_that_doesnt_exist::foo`\n\n// or:\n\ntrait Foo {\n    fn bar() {\n        Self; // error: unresolved name `Self`\n    }\n}\n\n// or:\n\nlet x = unknown_variable;  // error: unresolved name `unknown_variable`\n```\n\nPlease verify that the name wasn't misspelled and ensure that the\nidentifier being referred to is valid for the given situation. Example:\n\n```\nenum something_that_does_exist {\n    Foo,\n}\n```\n\nOr:\n\n```\nmod something_that_does_exist {\n    pub static foo : i32 = 0i32;\n}\n\nsomething_that_does_exist::foo; // ok!\n```\n\nOr:\n\n```\nlet unknown_variable = 12u32;\nlet x = unknown_variable; // ok!\n```\n\nIf the item is not defined in the current module, it must be imported using a\n`use` statement, like so:\n\n```\n# mod foo { pub fn bar() {} }\n# fn main() {\nuse foo::bar;\nbar();\n# }\n```\n\nIf the item you are importing is not defined in some super-module of the\ncurrent module, then it must also be declared as public (e.g., `pub fn`).\n"},"level":"error","spans":[{"file_name":"/home/jkfussy/.cargo/registry/src/index.crates.io-1949cf8c6b5b557f/cassowary-0.3.0/src/solver_impl.rs","byte_start":7905,"byte_end":7908,"line_start":198,"line_end":198,"column_start":20,"column_end":23,"is_primary":true,"text":[{"text":"            return Err(AddEditVariableError::BadRequiredStrength);","highlight_start":20,"highlight_end":23}],"label":"not found in this scope","suggested_replacement":null,"suggestion_applicability":null,"expansion":null}],"children":[],"rendered":"\u001b[1m\u001b[91merror[E0425]\u001b[0m\u001b[1m: cannot find function, tuple struct or tuple variant `Err` in this scope\u001b[0m\n   \u001b[1m\u001b[94m--> \u001b[0m/home/jkfussy/.cargo/registry/src/index.crates.io-1949cf8c6b5b557f/cassowary-0.3.0/src/solver_impl.rs:198:20\n    \u001b[1m\u001b[94m|\u001b[0m\n\u001b[1m\u001b[94m198\u001b[0m \u001b[1m\u001b[94m|\u001b[0m             return Err(AddEditVariableError::BadRequiredStrength);\n    \u001b[1m\u001b[94m|\u001b[0m                    \u001b[1m\u001b[91m^^^\u001b[0m \u001b[1m\u001b[91mnot found in this scope\u001b[0m\n\n"}
{"$message_type":"diagnostic","message":"cannot find function, tuple struct or tuple variant `Ok` in this scope","code":{"code":"E0425","explanation":"An unresolved name was used.\n\nErroneous code examples:\n\n```compile_fail,E0425\nsomething_that_doesnt_exist::foo;\n// error: unresolved name `something_that_doesnt_exist::foo`\n\n// or:\n\ntrait Foo {\n    fn bar() {\n        Self; // error: unresolved name `Self`\n    }\n}\n\n// or:\n\nlet x = unknown_variable;  // error: unresolved name `unknown_variable`\n```\n\nPlease verify that the name wasn't misspelled and ensure that the\nidentifier being referred to is valid for the given situation. Example:\n\n```\nenum something_that_does_exist {\n    Foo,\n}\n```\n\nOr:\n\n```\nmod something_that_does_exist {\n    pub static foo : i32 = 0i32;\n}\n\nsomething_that_does_exist::foo; // ok!\n```\n\nOr:\n\n```\nlet unknown_variable = 12u32;\nlet x = unknown_variable; // ok!\n```\n\nIf the item is not defined in the current module, it must be imported using a\n`use` statement, like so:\n\n```\n# mod foo { pub fn bar() {} }\n# fn main() {\nuse foo::bar;\nbar();\n# }\n```\n\nIf the item you are importing is not defined in some super-module of the\ncurrent module, then it must also be declared as public (e.g., `pub fn`).\n"},"level":"error","spans":[{"file_name":"/home/jkfussy/.cargo/registry/src/index.crates.io-1949cf8c6b5b557f/cassowary-0.3.0/src/solver_impl.rs","byte_start":8373,"byte_end":8375,"line_start":209,"line_end":209,"column_start":9,"column_end":11,"is_primary":true,"text":[{"text":"        Ok(())","highlight_start":9,"highlight_end":11}],"label":"not found in this scope","suggested_replacement":null,"suggestion_applicability":null,"expansion":null}],"children":[],"rendered":"\u001b[1m\u001b[91merror[E0425]\u001b[0m\u001b[1m: cannot find function, tuple struct or tuple variant `Ok` in this scope\u001b[0m\n   \u001b[1m\u001b[94m--> \u001b[0m/home/jkfussy/.cargo/registry/src/index.crates.io-1949cf8c6b5b557f/cassowary-0.3.0/src/solver_impl.rs:209:9\n    \u001b[1m\u001b[94m|\u001b[0m\n\u001b[1m\u001b[94m209\u001b[0m \u001b[1m\u001b[94m|\u001b[0m         Ok(())\n    \u001b[1m\u001b[94m|\u001b[0m         \u001b[1m\u001b[91m^^\u001b[0m \u001b[1m\u001b[91mnot found in this scope\u001b[0m\n\n"}
{"$message_type":"diagnostic","message":"cannot find function, tuple struct or tuple variant `Ok` in this scope","code":{"code":"E0425","explanation":"An unresolved name was used.\n\nErroneous code examples:\n\n```compile_fail,E0425\nsomething_that_doesnt_exist::foo;\n// error: unresolved name `something_that_doesnt_exist::foo`\n\n// or:\n\ntrait Foo {\n    fn bar() {\n        Self; // error: unresolved name `Self`\n    }\n}\n\n// or:\n\nlet x = unknown_variable;  // error: unresolved name `unknown_variable`\n```\n\nPlease verify that the name wasn't misspelled and ensure that the\nidentifier being referred to is valid for the given situation. Example:\n\n```\nenum something_that_does_exist {\n    Foo,\n}\n```\n\nOr:\n\n```\nmod something_that_does_exist {\n    pub static foo : i32 = 0i32;\n}\n\nsomething_that_does_exist::foo; // ok!\n```\n\nOr:\n\n```\nlet unknown_variable = 12u32;\nlet x = unknown_variable; // ok!\n```\n\nIf the item is not defined in the current module, it must be imported using a\n`use` statement, like so:\n\n```\n# mod foo { pub fn bar() {} }\n# fn main() {\nuse foo::bar;\nbar();\n# }\n```\n\nIf the item you are importing is not defined in some super-module of the\ncurrent module, then it must also be declared as public (e.g., `pub fn`).\n"},"level":"error","spans":[{"file_name":"/home/jkfussy/.cargo/registry/src/index.crates.io-1949cf8c6b5b557f/cassowary-0.3.0/src/solver_impl.rs","byte_start":9065,"byte_end":9067,"line_start":222,"line_end":222,"column_start":13,"column_end":15,"is_primary":true,"text":[{"text":"            Ok(())","highlight_start":13,"highlight_end":15}],"label":"not found in this scope","suggested_replacement":null,"suggestion_applicability":null,"expansion":null}],"children":[],"rendered":"\u001b[1m\u001b[91merror[E0425]\u001b[0m\u001b[1m: cannot find function, tuple struct or tuple variant `Ok` in this scope\u001b[0m\n   \u001b[1m\u001b[94m--> \u001b[0m/home/jkfussy/.cargo/registry/src/index.crates.io-1949cf8c6b5b557f/cassowary-0.3.0/src/solver_impl.rs:222:13\n    \u001b[1m\u001b[94m|\u001b[0m\n\u001b[1m\u001b[94m222\u001b[0m \u001b[1m\u001b[94m|\u001b[0m             Ok(())\n    \u001b[1m\u001b[94m|\u001b[0m             \u001b[1m\u001b[91m^^\u001b[0m \u001b[1m\u001b[91mnot found in this scope\u001b[0m\n\n"}
{"$message_type":"diagnostic","message":"cannot find function, tuple struct or tuple variant `Err` in this scope","code":{"code":"E0425","explanation":"An unresolved name was used.\n\nErroneous code examples:\n\n```compile_fail,E0425\nsomething_that_doesnt_exist::foo;\n// error: unresolved name `something_that_doesnt_exist::foo`\n\n// or:\n\ntrait Foo {\n    fn bar() {\n        Self; // error: unresolved name `Self`\n    }\n}\n\n// or:\n\nlet x = unknown_variable;  // error: unresolved name `unknown_variable`\n```\n\nPlease verify that the name wasn't misspelled and ensure that the\nidentifier being referred to is valid for the given situation. Example:\n\n```\nenum something_that_does_exist {\n    Foo,\n}\n```\n\nOr:\n\n```\nmod something_that_does_exist {\n    pub static foo : i32 = 0i32;\n}\n\nsomething_that_does_exist::foo; // ok!\n```\n\nOr:\n\n```\nlet unknown_variable = 12u32;\nlet x = unknown_variable; // ok!\n```\n\nIf the item is not defined in the current module, it must be imported using a\n`use` statement, like so:\n\n```\n# mod foo { pub fn bar() {} }\n# fn main() {\nuse foo::bar;\nbar();\n# }\n```\n\nIf the item you are importing is not defined in some super-module of the\ncurrent module, then it must also be declared as public (e.g., `pub fn`).\n"},"level":"error","spans":[{"file_name":"/home/jkfussy/.cargo/registry/src/index.crates.io-1949cf8c6b5b557f/cassowary-0.3.0/src/solver_impl.rs","byte_start":9103,"byte_end":9106,"line_start":224,"line_end":224,"column_start":13,"column_end":16,"is_primary":true,"text":[{"text":"            Err(RemoveEditVariableError::UnknownEditVariable)","highlight_start":13,"highlight_end":16}],"label":"not found in this scope","suggested_replacement":null,"suggestion_applicability":null,"expansion":null}],"children":[],"rendered":"\u001b[1m\u001b[91merror[E0425]\u001b[0m\u001b[1m: cannot find function, tuple struct or tuple variant `Err` in this scope\u001b[0m\n   \u001b[1m\u001b[94m--> \u001b[0m/home/jkfussy/.cargo/registry/src/index.crates.io-1949cf8c6b5b557f/cassowary-0.3.0/src/solver_impl.rs:224:13\n    \u001b[1m\u001b[94m|\u001b[0m\n\u001b[1m\u001b[94m224\u001b[0m \u001b[1m\u001b[94m|\u001b[0m             Err(RemoveEditVariableError::UnknownEditVariable)\n    \u001b[1m\u001b[94m|\u001b[0m             \u001b[1m\u001b[91m^^^\u001b[0m \u001b[1m\u001b[91mnot found in this scope\u001b[0m\n\n"}
{"$message_type":"diagnostic","message":"cannot find function, tuple struct or tuple variant `Ok` in this scope","code":{"code":"E0425","explanation":"An unresolved name was used.\n\nErroneous code examples:\n\n```compile_fail,E0425\nsomething_that_doesnt_exist::foo;\n// error: unresolved name `something_that_doesnt_exist::foo`\n\n// or:\n\ntrait Foo {\n    fn bar() {\n        Self; // error: unresolved name `Self`\n    }\n}\n\n// or:\n\nlet x = unknown_variable;  // error: unresolved name `unknown_variable`\n```\n\nPlease verify that the name wasn't misspelled and ensure that the\nidentifier being referred to is valid for the given situation. Example:\n\n```\nenum something_that_does_exist {\n    Foo,\n}\n```\n\nOr:\n\n```\nmod something_that_does_exist {\n    pub static foo : i32 = 0i32;\n}\n\nsomething_that_does_exist::foo; // ok!\n```\n\nOr:\n\n```\nlet unknown_variable = 12u32;\nlet x = unknown_variable; // ok!\n```\n\nIf the item is not defined in the current module, it must be imported using a\n`use` statement, like so:\n\n```\n# mod foo { pub fn bar() {} }\n# fn main() {\nuse foo::bar;\nbar();\n# }\n```\n\nIf the item you are importing is not defined in some super-module of the\ncurrent module, then it must also be declared as public (e.g., `pub fn`).\n"},"level":"error","spans":[{"file_name":"/home/jkfussy/.cargo/registry/src/index.crates.io-1949cf8c6b5b557f/cassowary-0.3.0/src/solver_impl.rs","byte_start":11883,"byte_end":11885,"line_start":287,"line_end":287,"column_start":16,"column_end":18,"is_primary":true,"text":[{"text":"        return Ok(());","highlight_start":16,"highlight_end":18}],"label":"not found in this scope","suggested_replacement":null,"suggestion_applicability":null,"expansion":null}],"children":[],"rendered":"\u001b[1m\u001b[91merror[E0425]\u001b[0m\u001b[1m: cannot find function, tuple struct or tuple variant `Ok` in this scope\u001b[0m\n   \u001b[1m\u001b[94m--> \u001b[0m/home/jkfussy/.cargo/registry/src/index.crates.io-1949cf8c6b5b557f/cassowary-0.3.0/src/solver_impl.rs:287:16\n    \u001b[1m\u001b[94m|\u001b[0m\n\u001b[1m\u001b[94m287\u001b[0m \u001b[1m\u001b[94m|\u001b[0m         return Ok(());\n    \u001b[1m\u001b[94m|\u001b[0m                \u001b[1m\u001b[91m^^\u001b[0m \u001b[1m\u001b[91mnot found in this scope\u001b[0m\n\n"}
{"$message_type":"diagnostic","message":"cannot find function, tuple struct or tuple variant `Some` in this scope","code":{"code":"E0425","explanation":"An unresolved name was used.\n\nErroneous code examples:\n\n```compile_fail,E0425\nsomething_that_doesnt_exist::foo;\n// error: unresolved name `something_that_doesnt_exist::foo`\n\n// or:\n\ntrait Foo {\n    fn bar() {\n        Self; // error: unresolved name `Self`\n    }\n}\n\n// or:\n\nlet x = unknown_variable;  // error: unresolved name `unknown_variable`\n```\n\nPlease verify that the name wasn't misspelled and ensure that the\nidentifier being referred to is valid for the given situation. Example:\n\n```\nenum something_that_does_exist {\n    Foo,\n}\n```\n\nOr:\n\n```\nmod something_that_does_exist {\n    pub static foo : i32 = 0i32;\n}\n\nsomething_that_does_exist::foo; // ok!\n```\n\nOr:\n\n```\nlet unknown_variable = 12u32;\nlet x = unknown_variable; // ok!\n```\n\nIf the item is not defined in the current module, it must be imported using a\n`use` statement, like so:\n\n```\n# mod foo { pub fn bar() {} }\n# fn main() {\nuse foo::bar;\nbar();\n# }\n```\n\nIf the item you are importing is not defined in some super-module of the\ncurrent module, then it must also be declared as public (e.g., `pub fn`).\n"},"level":"error","spans":[{"file_name":"/home/jkfussy/.cargo/registry/src/index.crates.io-1949cf8c6b5b557f/cassowary-0.3.0/src/solver_impl.rs","byte_start":20292,"byte_end":20296,"line_start":492,"line_end":492,"column_start":27,"column_end":31,"is_primary":true,"text":[{"text":"        self.artificial = Some(Rc::new(RefCell::new(row.clone())));","highlight_start":27,"highlight_end":31}],"label":"not found in this scope","suggested_replacement":null,"suggestion_applicability":null,"expansion":null}],"children":[],"rendered":"\u001b[1m\u001b[91merror[E0425]\u001b[0m\u001b[1m: cannot find function, tuple struct or tuple variant `Some` in this scope\u001b[0m\n   \u001b[1m\u001b[94m--> \u001b[0m/home/jkfussy/.cargo/registry/src/index.crates.io-1949cf8c6b5b557f/cassowary-0.3.0/src/solver_impl.rs:492:27\n    \u001b[1m\u001b[94m|\u001b[0m\n\u001b[1m\u001b[94m492\u001b[0m \u001b[1m\u001b[94m|\u001b[0m         self.artificial = Some(Rc::new(RefCell::new(row.clone())));\n    \u001b[1m\u001b[94m|\u001b[0m                           \u001b[1m\u001b[91m^^^^\u001b[0m \u001b[1m\u001b[91mnot found in this scope\u001b[0m\n\n"}
{"$message_type":"diagnostic","message":"cannot find function, tuple struct or tuple variant `Ok` in this scope","code":{"code":"E0425","explanation":"An unresolved name was used.\n\nErroneous code examples:\n\n```compile_fail,E0425\nsomething_that_doesnt_exist::foo;\n// error: unresolved name `something_that_doesnt_exist::foo`\n\n// or:\n\ntrait Foo {\n    fn bar() {\n        Self; // error: unresolved name `Self`\n    }\n}\n\n// or:\n\nlet x = unknown_variable;  // error: unresolved name `unknown_variable`\n```\n\nPlease verify that the name wasn't misspelled and ensure that the\nidentifier being referred to is valid for the given situation. Example:\n\n```\nenum something_that_does_exist {\n    Foo,\n}\n```\n\nOr:\n\n```\nmod something_that_does_exist {\n    pub static foo : i32 = 0i32;\n}\n\nsomething_that_does_exist::foo; // ok!\n```\n\nOr:\n\n```\nlet unknown_variable = 12u32;\nlet x = unknown_variable; // ok!\n```\n\nIf the item is not defined in the current module, it must be imported using a\n`use` statement, like so:\n\n```\n# mod foo { pub fn bar() {} }\n# fn main() {\nuse foo::bar;\nbar();\n# }\n```\n\nIf the item you are importing is not defined in some super-module of the\ncurrent module, then it must also be declared as public (e.g., `pub fn`).\n"},"level":"error","spans":[{"file_name":"/home/jkfussy/.cargo/registry/src/index.crates.io-1949cf8c6b5b557f/cassowary-0.3.0/src/solver_impl.rs","byte_start":20937,"byte_end":20939,"line_start":505,"line_end":505,"column_start":24,"column_end":26,"is_primary":true,"text":[{"text":"                return Ok(success);","highlight_start":24,"highlight_end":26}],"label":"not found in this scope","suggested_replacement":null,"suggestion_applicability":null,"expansion":null}],"children":[],"rendered":"\u001b[1m\u001b[91merror[E0425]\u001b[0m\u001b[1m: cannot find function, tuple struct or tuple variant `Ok` in this scope\u001b[0m\n   \u001b[1m\u001b[94m--> \u001b[0m/home/jkfussy/.cargo/registry/src/index.crates.io-1949cf8c6b5b557f/cassowary-0.3.0/src/solver_impl.rs:505:24\n    \u001b[1m\u001b[94m|\u001b[0m\n\u001b[1m\u001b[94m505\u001b[0m \u001b[1m\u001b[94m|\u001b[0m                 return Ok(success);\n    \u001b[1m\u001b[94m|\u001b[0m                        \u001b[1m\u001b[91m^^\u001b[0m \u001b[1m\u001b[91mnot found in this scope\u001b[0m\n\n"}
{"$message_type":"diagnostic","message":"cannot find function, tuple struct or tuple variant `Ok` in this scope","code":{"code":"E0425","explanation":"An unresolved name was used.\n\nErroneous code examples:\n\n```compile_fail,E0425\nsomething_that_doesnt_exist::foo;\n// error: unresolved name `something_that_doesnt_exist::foo`\n\n// or:\n\ntrait Foo {\n    fn bar() {\n        Self; // error: unresolved name `Self`\n    }\n}\n\n// or:\n\nlet x = unknown_variable;  // error: unresolved name `unknown_variable`\n```\n\nPlease verify that the name wasn't misspelled and ensure that the\nidentifier being referred to is valid for the given situation. Example:\n\n```\nenum something_that_does_exist {\n    Foo,\n}\n```\n\nOr:\n\n```\nmod something_that_does_exist {\n    pub static foo : i32 = 0i32;\n}\n\nsomething_that_does_exist::foo; // ok!\n```\n\nOr:\n\n```\nlet unknown_variable = 12u32;\nlet x = unknown_variable; // ok!\n```\n\nIf the item is not defined in the current module, it must be imported using a\n`use` statement, like so:\n\n```\n# mod foo { pub fn bar() {} }\n# fn main() {\nuse foo::bar;\nbar();\n# }\n```\n\nIf the item you are importing is not defined in some super-module of the\ncurrent module, then it must also be declared as public (e.g., `pub fn`).\n"},"level":"error","spans":[{"file_name":"/home/jkfussy/.cargo/registry/src/index.crates.io-1949cf8c6b5b557f/cassowary-0.3.0/src/solver_impl.rs","byte_start":21129,"byte_end":21131,"line_start":509,"line_end":509,"column_start":24,"column_end":26,"is_primary":true,"text":[{"text":"                return Ok(false); // unsatisfiable (will this ever happen?)","highlight_start":24,"highlight_end":26}],"label":"not found in this scope","suggested_replacement":null,"suggestion_applicability":null,"expansion":null}],"children":[],"rendered":"\u001b[1m\u001b[91merror[E0425]\u001b[0m\u001b[1m: cannot find function, tuple struct or tuple variant `Ok` in this scope\u001b[0m\n   \u001b[1m\u001b[94m--> \u001b[0m/home/jkfussy/.cargo/registry/src/index.crates.io-1949cf8c6b5b557f/cassowary-0.3.0/src/solver_impl.rs:509:24\n    \u001b[1m\u001b[94m|\u001b[0m\n\u001b[1m\u001b[94m509\u001b[0m \u001b[1m\u001b[94m|\u001b[0m                 return Ok(false); // unsatisfiable (will this ever happen?)\n    \u001b[1m\u001b[94m|\u001b[0m                        \u001b[1m\u001b[91m^^\u001b[0m \u001b[1m\u001b[91mnot found in this scope\u001b[0m\n\n"}
{"$message_type":"diagnostic","message":"cannot find function, tuple struct or tuple variant `Ok` in this scope","code":{"code":"E0425","explanation":"An unresolved name was used.\n\nErroneous code examples:\n\n```compile_fail,E0425\nsomething_that_doesnt_exist::foo;\n// error: unresolved name `something_that_doesnt_exist::foo`\n\n// or:\n\ntrait Foo {\n    fn bar() {\n        Self; // error: unresolved name `Self`\n    }\n}\n\n// or:\n\nlet x = unknown_variable;  // error: unresolved name `unknown_variable`\n```\n\nPlease verify that the name wasn't misspelled and ensure that the\nidentifier being referred to is valid for the given situation. Example:\n\n```\nenum something_that_does_exist {\n    Foo,\n}\n```\n\nOr:\n\n```\nmod something_that_does_exist {\n    pub static foo : i32 = 0i32;\n}\n\nsomething_that_does_exist::foo; // ok!\n```\n\nOr:\n\n```\nlet unknown_variable = 12u32;\nlet x = unknown_variable; // ok!\n```\n\nIf the item is not defined in the current module, it must be imported using a\n`use` statement, like so:\n\n```\n# mod foo { pub fn bar() {} }\n# fn main() {\nuse foo::bar;\nbar();\n# }\n```\n\nIf the item you are importing is not defined in some super-module of the\ncurrent module, then it must also be declared as public (e.g., `pub fn`).\n"},"level":"error","spans":[{"file_name":"/home/jkfussy/.cargo/registry/src/index.crates.io-1949cf8c6b5b557f/cassowary-0.3.0/src/solver_impl.rs","byte_start":21550,"byte_end":21552,"line_start":521,"line_end":521,"column_start":9,"column_end":11,"is_primary":true,"text":[{"text":"        Ok(success)","highlight_start":9,"highlight_end":11}],"label":"not found in this scope","suggested_replacement":null,"suggestion_applicability":null,"expansion":null}],"children":[],"rendered":"\u001b[1m\u001b[91merror[E0425]\u001b[0m\u001b[1m: cannot find function, tuple struct or tuple variant `Ok` in this scope\u001b[0m\n   \u001b[1m\u001b[94m--> \u001b[0m/home/jkfussy/.cargo/registry/src/index.crates.io-1949cf8c6b5b557f/cassowary-0.3.0/src/solver_impl.rs:521:9\n    \u001b[1m\u001b[94m|\u001b[0m\n\u001b[1m\u001b[94m521\u001b[0m \u001b[1m\u001b[94m|\u001b[0m         Ok(success)\n    \u001b[1m\u001b[94m|\u001b[0m         \u001b[1m\u001b[91m^^\u001b[0m \u001b[1m\u001b[91mnot found in this scope\u001b[0m\n\n"}
{"$message_type":"diagnostic","message":"cannot find function, tuple struct or tuple variant `Ok` in this scope","code":{"code":"E0425","explanation":"An unresolved name was used.\n\nErroneous code examples:\n\n```compile_fail,E0425\nsomething_that_doesnt_exist::foo;\n// error: unresolved name `something_that_doesnt_exist::foo`\n\n// or:\n\ntrait Foo {\n    fn bar() {\n        Self; // error: unresolved name `Self`\n    }\n}\n\n// or:\n\nlet x = unknown_variable;  // error: unresolved name `unknown_variable`\n```\n\nPlease verify that the name wasn't misspelled and ensure that the\nidentifier being referred to is valid for the given situation. Example:\n\n```\nenum something_that_does_exist {\n    Foo,\n}\n```\n\nOr:\n\n```\nmod something_that_does_exist {\n    pub static foo : i32 = 0i32;\n}\n\nsomething_that_does_exist::foo; // ok!\n```\n\nOr:\n\n```\nlet unknown_variable = 12u32;\nlet x = unknown_variable; // ok!\n```\n\nIf the item is not defined in the current module, it must be imported using a\n`use` statement, like so:\n\n```\n# mod foo { pub fn bar() {} }\n# fn main() {\nuse foo::bar;\nbar();\n# }\n```\n\nIf the item you are importing is not defined in some super-module of the\ncurrent module, then it must also be declared as public (e.g., `pub fn`).\n"},"level":"error","spans":[{"file_name":"/home/jkfussy/.cargo/registry/src/index.crates.io-1949cf8c6b5b557f/cassowary-0.3.0/src/solver_impl.rs","byte_start":23235,"byte_end":23237,"line_start":558,"line_end":558,"column_start":24,"column_end":26,"is_primary":true,"text":[{"text":"                return Ok(());","highlight_start":24,"highlight_end":26}],"label":"not found in this scope","suggested_replacement":null,"suggestion_applicability":null,"expansion":null}],"children":[],"rendered":"\u001b[1m\u001b[91merror[E0425]\u001b[0m\u001b[1m: cannot find function, tuple struct or tuple variant `Ok` in this scope\u001b[0m\n   \u001b[1m\u001b[94m--> \u001b[0m/home/jkfussy/.cargo/registry/src/index.crates.io-1949cf8c6b5b557f/cassowary-0.3.0/src/solver_impl.rs:558:24\n    \u001b[1m\u001b[94m|\u001b[0m\n\u001b[1m\u001b[94m558\u001b[0m \u001b[1m\u001b[94m|\u001b[0m                 return Ok(());\n    \u001b[1m\u001b[94m|\u001b[0m                        \u001b[1m\u001b[91m^^\u001b[0m \u001b[1m\u001b[91mnot found in this scope\u001b[0m\n\n"}
{"$message_type":"diagnostic","message":"cannot find function, tuple struct or tuple variant `Some` in this scope","code":{"code":"E0425","explanation":"An unresolved name was used.\n\nErroneous code examples:\n\n```compile_fail,E0425\nsomething_that_doesnt_exist::foo;\n// error: unresolved name `something_that_doesnt_exist::foo`\n\n// or:\n\ntrait Foo {\n    fn bar() {\n        Self; // error: unresolved name `Self`\n    }\n}\n\n// or:\n\nlet x = unknown_variable;  // error: unresolved name `unknown_variable`\n```\n\nPlease verify that the name wasn't misspelled and ensure that the\nidentifier being referred to is valid for the given situation. Example:\n\n```\nenum something_that_does_exist {\n    Foo,\n}\n```\n\nOr:\n\n```\nmod something_that_does_exist {\n    pub static foo : i32 = 0i32;\n}\n\nsomething_that_does_exist::foo; // ok!\n```\n\nOr:\n\n```\nlet unknown_variable = 12u32;\nlet x = unknown_variable; // ok!\n```\n\nIf the item is not defined in the current module, it must be imported using a\n`use` statement, like so:\n\n```\n# mod foo { pub fn bar() {} }\n# fn main() {\nuse foo::bar;\nbar();\n# }\n```\n\nIf the item you are importing is not defined in some super-module of the\ncurrent module, then it must also be declared as public (e.g., `pub fn`).\n"},"level":"error","spans":[{"file_name":"/home/jkfussy/.cargo/registry/src/index.crates.io-1949cf8c6b5b557f/cassowary-0.3.0/src/solver_impl.rs","byte_start":24506,"byte_end":24510,"line_start":585,"line_end":585,"column_start":21,"column_end":25,"is_primary":true,"text":[{"text":"                    Some(entry.remove())","highlight_start":21,"highlight_end":25}],"label":"not found in this scope","suggested_replacement":null,"suggestion_applicability":null,"expansion":null}],"children":[],"rendered":"\u001b[1m\u001b[91merror[E0425]\u001b[0m\u001b[1m: cannot find function, tuple struct or tuple variant `Some` in this scope\u001b[0m\n   \u001b[1m\u001b[94m--> \u001b[0m/home/jkfussy/.cargo/registry/src/index.crates.io-1949cf8c6b5b557f/cassowary-0.3.0/src/solver_impl.rs:585:21\n    \u001b[1m\u001b[94m|\u001b[0m\n\u001b[1m\u001b[94m585\u001b[0m \u001b[1m\u001b[94m|\u001b[0m                     Some(entry.remove())\n    \u001b[1m\u001b[94m|\u001b[0m                     \u001b[1m\u001b[91m^^^^\u001b[0m \u001b[1m\u001b[91mnot found in this scope\u001b[0m\n\n"}
{"$message_type":"diagnostic","message":"cannot find function, tuple struct or tuple variant `Err` in this scope","code":{"code":"E0425","explanation":"An unresolved name was used.\n\nErroneous code examples:\n\n```compile_fail,E0425\nsomething_that_doesnt_exist::foo;\n// error: unresolved name `something_that_doesnt_exist::foo`\n\n// or:\n\ntrait Foo {\n    fn bar() {\n        Self; // error: unresolved name `Self`\n    }\n}\n\n// or:\n\nlet x = unknown_variable;  // error: unresolved name `unknown_variable`\n```\n\nPlease verify that the name wasn't misspelled and ensure that the\nidentifier being referred to is valid for the given situation. Example:\n\n```\nenum something_that_does_exist {\n    Foo,\n}\n```\n\nOr:\n\n```\nmod something_that_does_exist {\n    pub static foo : i32 = 0i32;\n}\n\nsomething_that_does_exist::foo; // ok!\n```\n\nOr:\n\n```\nlet unknown_variable = 12u32;\nlet x = unknown_variable; // ok!\n```\n\nIf the item is not defined in the current module, it must be imported using a\n`use` statement, like so:\n\n```\n# mod foo { pub fn bar() {} }\n# fn main() {\nuse foo::bar;\nbar();\n# }\n```\n\nIf the item you are importing is not defined in some super-module of the\ncurrent module, then it must also be declared as public (e.g., `pub fn`).\n"},"level":"error","spans":[{"file_name":"/home/jkfussy/.cargo/registry/src/index.crates.io-1949cf8c6b5b557f/cassowary-0.3.0/src/solver_impl.rs","byte_start":24859,"byte_end":24862,"line_start":595,"line_end":595,"column_start":28,"column_end":31,"is_primary":true,"text":[{"text":"                    return Err(InternalSolverError(\"Dual optimise failed.\"));","highlight_start":28,"highlight_end":31}],"label":"not found in this scope","suggested_replacement":null,"suggestion_applicability":null,"expansion":null}],"children":[],"rendered":"\u001b[1m\u001b[91merror[E0425]\u001b[0m\u001b[1m: cannot find function, tuple struct or tuple variant `Err` in this scope\u001b[0m\n   \u001b[1m\u001b[94m--> \u001b[0m/home/jkfussy/.cargo/registry/src/index.crates.io-1949cf8c6b5b557f/cassowary-0.3.0/src/solver_impl.rs:595:28\n    \u001b[1m\u001b[94m|\u001b[0m\n\u001b[1m\u001b[94m595\u001b[0m \u001b[1m\u001b[94m|\u001b[0m                     return Err(InternalSolverError(\"Dual optimise failed.\"));\n    \u001b[1m\u001b[94m|\u001b[0m                            \u001b[1m\u001b[91m^^^\u001b[0m \u001b[1m\u001b[91mnot found in this scope\u001b[0m\n\n"}
{"$message_type":"diagnostic","message":"cannot find function, tuple struct or tuple variant `Ok` in this scope","code":{"code":"E0425","explanation":"An unresolved name was used.\n\nErroneous code examples:\n\n```compile_fail,E0425\nsomething_that_doesnt_exist::foo;\n// error: unresolved name `something_that_doesnt_exist::foo`\n\n// or:\n\ntrait Foo {\n    fn bar() {\n        Self; // error: unresolved name `Self`\n    }\n}\n\n// or:\n\nlet x = unknown_variable;  // error: unresolved name `unknown_variable`\n```\n\nPlease verify that the name wasn't misspelled and ensure that the\nidentifier being referred to is valid for the given situation. Example:\n\n```\nenum something_that_does_exist {\n    Foo,\n}\n```\n\nOr:\n\n```\nmod something_that_does_exist {\n    pub static foo : i32 = 0i32;\n}\n\nsomething_that_does_exist::foo; // ok!\n```\n\nOr:\n\n```\nlet unknown_variable = 12u32;\nlet x = unknown_variable; // ok!\n```\n\nIf the item is not defined in the current module, it must be imported using a\n`use` statement, like so:\n\n```\n# mod foo { pub fn bar() {} }\n# fn main() {\nuse foo::bar;\nbar();\n# }\n```\n\nIf the item you are importing is not defined in some super-module of the\ncurrent module, then it must also be declared as public (e.g., `pub fn`).\n"},"level":"error","spans":[{"file_name":"/home/jkfussy/.cargo/registry/src/index.crates.io-1949cf8c6b5b557f/cassowary-0.3.0/src/solver_impl.rs","byte_start":25392,"byte_end":25394,"line_start":607,"line_end":607,"column_start":9,"column_end":11,"is_primary":true,"text":[{"text":"        Ok(())","highlight_start":9,"highlight_end":11}],"label":"not found in this scope","suggested_replacement":null,"suggestion_applicability":null,"expansion":null}],"children":[],"rendered":"\u001b[1m\u001b[91merror[E0425]\u001b[0m\u001b[1m: cannot find function, tuple struct or tuple variant `Ok` in this scope\u001b[0m\n   \u001b[1m\u001b[94m--> \u001b[0m/home/jkfussy/.cargo/registry/src/index.crates.io-1949cf8c6b5b557f/cassowary-0.3.0/src/solver_impl.rs:607:9\n    \u001b[1m\u001b[94m|\u001b[0m\n\u001b[1m\u001b[94m607\u001b[0m \u001b[1m\u001b[94m|\u001b[0m         Ok(())\n    \u001b[1m\u001b[94m|\u001b[0m         \u001b[1m\u001b[91m^^\u001b[0m \u001b[1m\u001b[91mnot found in this scope\u001b[0m\n\n"}
{"$message_type":"diagnostic","message":"cannot find function, tuple struct or tuple variant `Some` in this scope","code":{"code":"E0425","explanation":"An unresolved name was used.\n\nErroneous code examples:\n\n```compile_fail,E0425\nsomething_that_doesnt_exist::foo;\n// error: unresolved name `something_that_doesnt_exist::foo`\n\n// or:\n\ntrait Foo {\n    fn bar() {\n        Self; // error: unresolved name `Self`\n    }\n}\n\n// or:\n\nlet x = unknown_variable;  // error: unresolved name `unknown_variable`\n```\n\nPlease verify that the name wasn't misspelled and ensure that the\nidentifier being referred to is valid for the given situation. Example:\n\n```\nenum something_that_does_exist {\n    Foo,\n}\n```\n\nOr:\n\n```\nmod something_that_does_exist {\n    pub static foo : i32 = 0i32;\n}\n\nsomething_that_does_exist::foo; // ok!\n```\n\nOr:\n\n```\nlet unknown_variable = 12u32;\nlet x = unknown_variable; // ok!\n```\n\nIf the item is not defined in the current module, it must be imported using a\n`use` statement, like so:\n\n```\n# mod foo { pub fn bar() {} }\n# fn main() {\nuse foo::bar;\nbar();\n# }\n```\n\nIf the item you are importing is not defined in some super-module of the\ncurrent module, then it must also be declared as public (e.g., `pub fn`).\n"},"level":"error","spans":[{"file_name":"/home/jkfussy/.cargo/registry/src/index.crates.io-1949cf8c6b5b557f/cassowary-0.3.0/src/solver_impl.rs","byte_start":28507,"byte_end":28511,"line_start":681,"line_end":681,"column_start":33,"column_end":37,"is_primary":true,"text":[{"text":"                        found = Some(*symbol);","highlight_start":33,"highlight_end":37}],"label":"not found in this scope","suggested_replacement":null,"suggestion_applicability":null,"expansion":null}],"children":[],"rendered":"\u001b[1m\u001b[91merror[E0425]\u001b[0m\u001b[1m: cannot find function, tuple struct or tuple variant `Some` in this scope\u001b[0m\n   \u001b[1m\u001b[94m--> \u001b[0m/home/jkfussy/.cargo/registry/src/index.crates.io-1949cf8c6b5b557f/cassowary-0.3.0/src/solver_impl.rs:681:33\n    \u001b[1m\u001b[94m|\u001b[0m\n\u001b[1m\u001b[94m681\u001b[0m \u001b[1m\u001b[94m|\u001b[0m                         found = Some(*symbol);\n    \u001b[1m\u001b[94m|\u001b[0m                                 \u001b[1m\u001b[91m^^^^\u001b[0m \u001b[1m\u001b[91mnot found in this scope\u001b[0m\n\n"}
{"$message_type":"diagnostic","message":"cannot find function, tuple struct or tuple variant `Some` in this scope","code":{"code":"E0425","explanation":"An unresolved name was used.\n\nErroneous code examples:\n\n```compile_fail,E0425\nsomething_that_doesnt_exist::foo;\n// error: unresolved name `something_that_doesnt_exist::foo`\n\n// or:\n\ntrait Foo {\n    fn bar() {\n        Self; // error: unresolved name `Self`\n    }\n}\n\n// or:\n\nlet x = unknown_variable;  // error: unresolved name `unknown_variable`\n```\n\nPlease verify that the name wasn't misspelled and ensure that the\nidentifier being referred to is valid for the given situation. Example:\n\n```\nenum something_that_does_exist {\n    Foo,\n}\n```\n\nOr:\n\n```\nmod something_that_does_exist {\n    pub static foo : i32 = 0i32;\n}\n\nsomething_that_does_exist::foo; // ok!\n```\n\nOr:\n\n```\nlet unknown_variable = 12u32;\nlet x = unknown_variable; // ok!\n```\n\nIf the item is not defined in the current module, it must be imported using a\n`use` statement, like so:\n\n```\n# mod foo { pub fn bar() {} }\n# fn main() {\nuse foo::bar;\nbar();\n# }\n```\n\nIf the item you are importing is not defined in some super-module of the\ncurrent module, then it must also be declared as public (e.g., `pub fn`).\n"},"level":"error","spans":[{"file_name":"/home/jkfussy/.cargo/registry/src/index.crates.io-1949cf8c6b5b557f/cassowary-0.3.0/src/solver_impl.rs","byte_start":29996,"byte_end":30000,"line_start":718,"line_end":718,"column_start":25,"column_end":29,"is_primary":true,"text":[{"text":"                third = Some(*symbol);","highlight_start":25,"highlight_end":29}],"label":"not found in this scope","suggested_replacement":null,"suggestion_applicability":null,"expansion":null}],"children":[],"rendered":"\u001b[1m\u001b[91merror[E0425]\u001b[0m\u001b[1m: cannot find function, tuple struct or tuple variant `Some` in this scope\u001b[0m\n   \u001b[1m\u001b[94m--> \u001b[0m/home/jkfussy/.cargo/registry/src/index.crates.io-1949cf8c6b5b557f/cassowary-0.3.0/src/solver_impl.rs:718:25\n    \u001b[1m\u001b[94m|\u001b[0m\n\u001b[1m\u001b[94m718\u001b[0m \u001b[1m\u001b[94m|\u001b[0m                 third = Some(*symbol);\n    \u001b[1m\u001b[94m|\u001b[0m                         \u001b[1m\u001b[91m^^^^\u001b[0m \u001b[1m\u001b[91mnot found in this scope\u001b[0m\n\n"}
{"$message_type":"diagnostic","message":"cannot find function, tuple struct or tuple variant `Some` in this scope","code":{"code":"E0425","explanation":"An unresolved name was used.\n\nErroneous code examples:\n\n```compile_fail,E0425\nsomething_that_doesnt_exist::foo;\n// error: unresolved name `something_that_doesnt_exist::foo`\n\n// or:\n\ntrait Foo {\n    fn bar() {\n        Self; // error: unresolved name `Self`\n    }\n}\n\n// or:\n\nlet x = unknown_variable;  // error: unresolved name `unknown_variable`\n```\n\nPlease verify that the name wasn't misspelled and ensure that the\nidentifier being referred to is valid for the given situation. Example:\n\n```\nenum something_that_does_exist {\n    Foo,\n}\n```\n\nOr:\n\n```\nmod something_that_does_exist {\n    pub static foo : i32 = 0i32;\n}\n\nsomething_that_does_exist::foo; // ok!\n```\n\nOr:\n\n```\nlet unknown_variable = 12u32;\nlet x = unknown_variable; // ok!\n```\n\nIf the item is not defined in the current module, it must be imported using a\n`use` statement, like so:\n\n```\n# mod foo { pub fn bar() {} }\n# fn main() {\nuse foo::bar;\nbar();\n# }\n```\n\nIf the item you are importing is not defined in some super-module of the\ncurrent module, then it must also be declared as public (e.g., `pub fn`).\n"},"level":"error","spans":[{"file_name":"/home/jkfussy/.cargo/registry/src/index.crates.io-1949cf8c6b5b557f/cassowary-0.3.0/src/solver_impl.rs","byte_start":30175,"byte_end":30179,"line_start":723,"line_end":723,"column_start":29,"column_end":33,"is_primary":true,"text":[{"text":"                    first = Some(*symbol);","highlight_start":29,"highlight_end":33}],"label":"not found in this scope","suggested_replacement":null,"suggestion_applicability":null,"expansion":null}],"children":[],"rendered":"\u001b[1m\u001b[91merror[E0425]\u001b[0m\u001b[1m: cannot find function, tuple struct or tuple variant `Some` in this scope\u001b[0m\n   \u001b[1m\u001b[94m--> \u001b[0m/home/jkfussy/.cargo/registry/src/index.crates.io-1949cf8c6b5b557f/cassowary-0.3.0/src/solver_impl.rs:723:29\n    \u001b[1m\u001b[94m|\u001b[0m\n\u001b[1m\u001b[94m723\u001b[0m \u001b[1m\u001b[94m|\u001b[0m                     first = Some(*symbol);\n    \u001b[1m\u001b[94m|\u001b[0m                             \u001b[1m\u001b[91m^^^^\u001b[0m \u001b[1m\u001b[91mnot found in this scope\u001b[0m\n\n"}
{"$message_type":"diagnostic","message":"cannot find function, tuple struct or tuple variant `Some` in this scope","code":{"code":"E0425","explanation":"An unresolved name was used.\n\nErroneous code examples:\n\n```compile_fail,E0425\nsomething_that_doesnt_exist::foo;\n// error: unresolved name `something_that_doesnt_exist::foo`\n\n// or:\n\ntrait Foo {\n    fn bar() {\n        Self; // error: unresolved name `Self`\n    }\n}\n\n// or:\n\nlet x = unknown_variable;  // error: unresolved name `unknown_variable`\n```\n\nPlease verify that the name wasn't misspelled and ensure that the\nidentifier being referred to is valid for the given situation. Example:\n\n```\nenum something_that_does_exist {\n    Foo,\n}\n```\n\nOr:\n\n```\nmod something_that_does_exist {\n    pub static foo : i32 = 0i32;\n}\n\nsomething_that_does_exist::foo; // ok!\n```\n\nOr:\n\n```\nlet unknown_variable = 12u32;\nlet x = unknown_variable; // ok!\n```\n\nIf the item is not defined in the current module, it must be imported using a\n`use` statement, like so:\n\n```\n# mod foo { pub fn bar() {} }\n# fn main() {\nuse foo::bar;\nbar();\n# }\n```\n\nIf the item you are importing is not defined in some super-module of the\ncurrent module, then it must also be declared as public (e.g., `pub fn`).\n"},"level":"error","spans":[{"file_name":"/home/jkfussy/.cargo/registry/src/index.crates.io-1949cf8c6b5b557f/cassowary-0.3.0/src/solver_impl.rs","byte_start":30362,"byte_end":30366,"line_start":729,"line_end":729,"column_start":30,"column_end":34,"is_primary":true,"text":[{"text":"                    second = Some(*symbol);","highlight_start":30,"highlight_end":34}],"label":"not found in this scope","suggested_replacement":null,"suggestion_applicability":null,"expansion":null}],"children":[],"rendered":"\u001b[1m\u001b[91merror[E0425]\u001b[0m\u001b[1m: cannot find function, tuple struct or tuple variant `Some` in this scope\u001b[0m\n   \u001b[1m\u001b[94m--> \u001b[0m/home/jkfussy/.cargo/registry/src/index.crates.io-1949cf8c6b5b557f/cassowary-0.3.0/src/solver_impl.rs:729:30\n    \u001b[1m\u001b[94m|\u001b[0m\n\u001b[1m\u001b[94m729\u001b[0m \u001b[1m\u001b[94m|\u001b[0m                     second = Some(*symbol);\n    \u001b[1m\u001b[94m|\u001b[0m                              \u001b[1m\u001b[91m^^^^\u001b[0m \u001b[1m\u001b[91mnot found in this scope\u001b[0m\n\n"}
{"$message_type":"diagnostic","message":"cannot find function, tuple struct or tuple variant `Ok` in this scope","code":{"code":"E0425","explanation":"An unresolved name was used.\n\nErroneous code examples:\n\n```compile_fail,E0425\nsomething_that_doesnt_exist::foo;\n// error: unresolved name `something_that_doesnt_exist::foo`\n\n// or:\n\ntrait Foo {\n    fn bar() {\n        Self; // error: unresolved name `Self`\n    }\n}\n\n// or:\n\nlet x = unknown_variable;  // error: unresolved name `unknown_variable`\n```\n\nPlease verify that the name wasn't misspelled and ensure that the\nidentifier being referred to is valid for the given situation. Example:\n\n```\nenum something_that_does_exist {\n    Foo,\n}\n```\n\nOr:\n\n```\nmod something_that_does_exist {\n    pub static foo : i32 = 0i32;\n}\n\nsomething_that_does_exist::foo; // ok!\n```\n\nOr:\n\n```\nlet unknown_variable = 12u32;\nlet x = unknown_variable; // ok!\n```\n\nIf the item is not defined in the current module, it must be imported using a\n`use` statement, like so:\n\n```\n# mod foo { pub fn bar() {} }\n# fn main() {\nuse foo::bar;\nbar();\n# }\n```\n\nIf the item you are importing is not defined in some super-module of the\ncurrent module, then it must also be declared as public (e.g., `pub fn`).\n"},"level":"error","spans":[{"file_name":"/home/jkfussy/.cargo/registry/src/index.crates.io-1949cf8c6b5b557f/cassowary-0.3.0/src/lib.rs","byte_start":15459,"byte_end":15461,"line_start":381,"line_end":381,"column_start":9,"column_end":11,"is_primary":true,"text":[{"text":"        Ok(())","highlight_start":9,"highlight_end":11}],"label":"not found in this scope","suggested_replacement":null,"suggestion_applicability":null,"expansion":null}],"children":[],"rendered":"\u001b[1m\u001b[91merror[E0425]\u001b[0m\u001b[1m: cannot find function, tuple struct or tuple variant `Ok` in this scope\u001b[0m\n   \u001b[1m\u001b[94m--> \u001b[0m/home/jkfussy/.cargo/registry/src/index.crates.io-1949cf8c6b5b557f/cassowary-0.3.0/src/lib.rs:381:9\n    \u001b[1m\u001b[94m|\u001b[0m\n\u001b[1m\u001b[94m381\u001b[0m \u001b[1m\u001b[94m|\u001b[0m         Ok(())\n    \u001b[1m\u001b[94m|\u001b[0m         \u001b[1m\u001b[91m^^\u001b[0m \u001b[1m\u001b[91mnot found in this scope\u001b[0m\n\n"}
{"$message_type":"diagnostic","message":"aborting due to 126 previous errors","code":null,"level":"error","spans":[],"children":[],"rendered":"\u001b[1m\u001b[91merror\u001b[0m\u001b[1m: aborting due to 126 previous errors\u001b[0m\n\n"}
{"$message_type":"diagnostic","message":"Some errors have detailed explanations: E0405, E0412, E0425, E0433, E0463, E0531.","code":null,"level":"failure-note","spans":[],"children":[],"rendered":"\u001b[1mSome errors have detailed explanations: E0405, E0412, E0425, E0433, E0463, E0531.\u001b[0m\n"}
{"$message_type":"diagnostic","message":"For more information about an error, try `rustc --explain E0405`.","code":null,"level":"failure-note","spans":[],"children":[],"rendered":"\u001b[1mFor more information about an error, try `rustc --explain E0405`.\u001b[0m\n"}
